[2025-02-03T21:14:47.441-0300] {processor.py:186} INFO - Started process (PID=275373) to work on /home/gnobisp/Documents/floder1/code-challenge/venv/lib/python3.10/site-packages/airflow/example_dags/subdags/subdag.py
[2025-02-03T21:14:47.443-0300] {processor.py:914} INFO - Processing file /home/gnobisp/Documents/floder1/code-challenge/venv/lib/python3.10/site-packages/airflow/example_dags/subdags/subdag.py for tasks to queue
[2025-02-03T21:14:47.450-0300] {logging_mixin.py:190} INFO - [2025-02-03T21:14:47.449-0300] {dagbag.py:588} INFO - Filling up the DagBag from /home/gnobisp/Documents/floder1/code-challenge/venv/lib/python3.10/site-packages/airflow/example_dags/subdags/subdag.py
[2025-02-03T21:14:47.456-0300] {processor.py:927} WARNING - No viable dags retrieved from /home/gnobisp/Documents/floder1/code-challenge/venv/lib/python3.10/site-packages/airflow/example_dags/subdags/subdag.py
[2025-02-03T21:14:47.486-0300] {processor.py:208} INFO - Processing /home/gnobisp/Documents/floder1/code-challenge/venv/lib/python3.10/site-packages/airflow/example_dags/subdags/subdag.py took 0.064 seconds
[2025-02-03T21:26:31.736-0300] {processor.py:186} INFO - Started process (PID=296003) to work on /home/gnobisp/Documents/floder1/code-challenge/venv/lib/python3.10/site-packages/airflow/example_dags/subdags/subdag.py
[2025-02-03T21:26:31.765-0300] {processor.py:914} INFO - Processing file /home/gnobisp/Documents/floder1/code-challenge/venv/lib/python3.10/site-packages/airflow/example_dags/subdags/subdag.py for tasks to queue
[2025-02-03T21:26:31.781-0300] {logging_mixin.py:190} INFO - [2025-02-03T21:26:31.779-0300] {dagbag.py:588} INFO - Filling up the DagBag from /home/gnobisp/Documents/floder1/code-challenge/venv/lib/python3.10/site-packages/airflow/example_dags/subdags/subdag.py
[2025-02-03T21:26:31.796-0300] {processor.py:927} WARNING - No viable dags retrieved from /home/gnobisp/Documents/floder1/code-challenge/venv/lib/python3.10/site-packages/airflow/example_dags/subdags/subdag.py
[2025-02-03T21:26:31.929-0300] {processor.py:208} INFO - Processing /home/gnobisp/Documents/floder1/code-challenge/venv/lib/python3.10/site-packages/airflow/example_dags/subdags/subdag.py took 0.226 seconds
[2025-02-03T21:32:11.595-0300] {processor.py:186} INFO - Started process (PID=305687) to work on /home/gnobisp/Documents/floder1/code-challenge/venv/lib/python3.10/site-packages/airflow/example_dags/subdags/subdag.py
[2025-02-03T21:32:11.604-0300] {processor.py:914} INFO - Processing file /home/gnobisp/Documents/floder1/code-challenge/venv/lib/python3.10/site-packages/airflow/example_dags/subdags/subdag.py for tasks to queue
[2025-02-03T21:32:11.621-0300] {logging_mixin.py:190} INFO - [2025-02-03T21:32:11.615-0300] {dagbag.py:588} INFO - Filling up the DagBag from /home/gnobisp/Documents/floder1/code-challenge/venv/lib/python3.10/site-packages/airflow/example_dags/subdags/subdag.py
[2025-02-03T21:32:11.638-0300] {processor.py:927} WARNING - No viable dags retrieved from /home/gnobisp/Documents/floder1/code-challenge/venv/lib/python3.10/site-packages/airflow/example_dags/subdags/subdag.py
[2025-02-03T21:32:11.764-0300] {processor.py:208} INFO - Processing /home/gnobisp/Documents/floder1/code-challenge/venv/lib/python3.10/site-packages/airflow/example_dags/subdags/subdag.py took 0.194 seconds
[2025-02-03T21:44:32.524-0300] {processor.py:186} INFO - Started process (PID=326612) to work on /home/gnobisp/Documents/floder1/code-challenge/venv/lib/python3.10/site-packages/airflow/example_dags/subdags/subdag.py
[2025-02-03T21:44:32.539-0300] {processor.py:914} INFO - Processing file /home/gnobisp/Documents/floder1/code-challenge/venv/lib/python3.10/site-packages/airflow/example_dags/subdags/subdag.py for tasks to queue
[2025-02-03T21:44:32.561-0300] {logging_mixin.py:190} INFO - [2025-02-03T21:44:32.554-0300] {dagbag.py:588} INFO - Filling up the DagBag from /home/gnobisp/Documents/floder1/code-challenge/venv/lib/python3.10/site-packages/airflow/example_dags/subdags/subdag.py
[2025-02-03T21:44:32.590-0300] {processor.py:927} WARNING - No viable dags retrieved from /home/gnobisp/Documents/floder1/code-challenge/venv/lib/python3.10/site-packages/airflow/example_dags/subdags/subdag.py
[2025-02-03T21:44:32.706-0300] {processor.py:208} INFO - Processing /home/gnobisp/Documents/floder1/code-challenge/venv/lib/python3.10/site-packages/airflow/example_dags/subdags/subdag.py took 0.229 seconds
[2025-02-03T21:45:31.623-0300] {processor.py:186} INFO - Started process (PID=328530) to work on /home/gnobisp/Documents/floder1/code-challenge/venv/lib/python3.10/site-packages/airflow/example_dags/subdags/subdag.py
[2025-02-03T21:45:31.635-0300] {processor.py:914} INFO - Processing file /home/gnobisp/Documents/floder1/code-challenge/venv/lib/python3.10/site-packages/airflow/example_dags/subdags/subdag.py for tasks to queue
[2025-02-03T21:45:31.645-0300] {logging_mixin.py:190} INFO - [2025-02-03T21:45:31.643-0300] {dagbag.py:588} INFO - Filling up the DagBag from /home/gnobisp/Documents/floder1/code-challenge/venv/lib/python3.10/site-packages/airflow/example_dags/subdags/subdag.py
[2025-02-03T21:45:31.654-0300] {processor.py:927} WARNING - No viable dags retrieved from /home/gnobisp/Documents/floder1/code-challenge/venv/lib/python3.10/site-packages/airflow/example_dags/subdags/subdag.py
[2025-02-03T21:45:31.693-0300] {processor.py:208} INFO - Processing /home/gnobisp/Documents/floder1/code-challenge/venv/lib/python3.10/site-packages/airflow/example_dags/subdags/subdag.py took 0.100 seconds
[2025-02-03T22:00:24.757-0300] {processor.py:186} INFO - Started process (PID=12330) to work on /home/gnobisp/Documents/floder1/code-challenge/venv/lib/python3.10/site-packages/airflow/example_dags/subdags/subdag.py
[2025-02-03T22:00:24.785-0300] {processor.py:914} INFO - Processing file /home/gnobisp/Documents/floder1/code-challenge/venv/lib/python3.10/site-packages/airflow/example_dags/subdags/subdag.py for tasks to queue
[2025-02-03T22:00:24.798-0300] {logging_mixin.py:190} INFO - [2025-02-03T22:00:24.795-0300] {dagbag.py:588} INFO - Filling up the DagBag from /home/gnobisp/Documents/floder1/code-challenge/venv/lib/python3.10/site-packages/airflow/example_dags/subdags/subdag.py
[2025-02-03T22:00:24.813-0300] {processor.py:927} WARNING - No viable dags retrieved from /home/gnobisp/Documents/floder1/code-challenge/venv/lib/python3.10/site-packages/airflow/example_dags/subdags/subdag.py
[2025-02-03T22:00:24.877-0300] {processor.py:208} INFO - Processing /home/gnobisp/Documents/floder1/code-challenge/venv/lib/python3.10/site-packages/airflow/example_dags/subdags/subdag.py took 0.175 seconds
[2025-02-03T22:13:15.680-0300] {processor.py:186} INFO - Started process (PID=33958) to work on /home/gnobisp/Documents/floder1/code-challenge/venv/lib/python3.10/site-packages/airflow/example_dags/subdags/subdag.py
[2025-02-03T22:13:15.697-0300] {processor.py:914} INFO - Processing file /home/gnobisp/Documents/floder1/code-challenge/venv/lib/python3.10/site-packages/airflow/example_dags/subdags/subdag.py for tasks to queue
[2025-02-03T22:13:15.706-0300] {logging_mixin.py:190} INFO - [2025-02-03T22:13:15.704-0300] {dagbag.py:588} INFO - Filling up the DagBag from /home/gnobisp/Documents/floder1/code-challenge/venv/lib/python3.10/site-packages/airflow/example_dags/subdags/subdag.py
[2025-02-03T22:13:15.715-0300] {processor.py:927} WARNING - No viable dags retrieved from /home/gnobisp/Documents/floder1/code-challenge/venv/lib/python3.10/site-packages/airflow/example_dags/subdags/subdag.py
[2025-02-03T22:13:15.753-0300] {processor.py:208} INFO - Processing /home/gnobisp/Documents/floder1/code-challenge/venv/lib/python3.10/site-packages/airflow/example_dags/subdags/subdag.py took 0.098 seconds
[2025-02-03T22:15:35.659-0300] {processor.py:186} INFO - Started process (PID=37804) to work on /home/gnobisp/Documents/floder1/code-challenge/venv/lib/python3.10/site-packages/airflow/example_dags/subdags/subdag.py
[2025-02-03T22:15:35.676-0300] {processor.py:914} INFO - Processing file /home/gnobisp/Documents/floder1/code-challenge/venv/lib/python3.10/site-packages/airflow/example_dags/subdags/subdag.py for tasks to queue
[2025-02-03T22:15:35.690-0300] {logging_mixin.py:190} INFO - [2025-02-03T22:15:35.686-0300] {dagbag.py:588} INFO - Filling up the DagBag from /home/gnobisp/Documents/floder1/code-challenge/venv/lib/python3.10/site-packages/airflow/example_dags/subdags/subdag.py
[2025-02-03T22:15:35.701-0300] {processor.py:927} WARNING - No viable dags retrieved from /home/gnobisp/Documents/floder1/code-challenge/venv/lib/python3.10/site-packages/airflow/example_dags/subdags/subdag.py
[2025-02-03T22:15:35.746-0300] {processor.py:208} INFO - Processing /home/gnobisp/Documents/floder1/code-challenge/venv/lib/python3.10/site-packages/airflow/example_dags/subdags/subdag.py took 0.114 seconds
[2025-02-03T22:17:41.373-0300] {processor.py:186} INFO - Started process (PID=41725) to work on /home/gnobisp/Documents/floder1/code-challenge/venv/lib/python3.10/site-packages/airflow/example_dags/subdags/subdag.py
[2025-02-03T22:17:41.982-0300] {processor.py:914} INFO - Processing file /home/gnobisp/Documents/floder1/code-challenge/venv/lib/python3.10/site-packages/airflow/example_dags/subdags/subdag.py for tasks to queue
[2025-02-03T22:17:41.989-0300] {logging_mixin.py:190} INFO - [2025-02-03T22:17:41.987-0300] {dagbag.py:588} INFO - Filling up the DagBag from /home/gnobisp/Documents/floder1/code-challenge/venv/lib/python3.10/site-packages/airflow/example_dags/subdags/subdag.py
[2025-02-03T22:17:41.995-0300] {processor.py:927} WARNING - No viable dags retrieved from /home/gnobisp/Documents/floder1/code-challenge/venv/lib/python3.10/site-packages/airflow/example_dags/subdags/subdag.py
[2025-02-03T22:17:42.028-0300] {processor.py:208} INFO - Processing /home/gnobisp/Documents/floder1/code-challenge/venv/lib/python3.10/site-packages/airflow/example_dags/subdags/subdag.py took 0.675 seconds
[2025-02-03T22:20:00.927-0300] {processor.py:186} INFO - Started process (PID=44988) to work on /home/gnobisp/Documents/floder1/code-challenge/venv/lib/python3.10/site-packages/airflow/example_dags/subdags/subdag.py
[2025-02-03T22:20:00.979-0300] {processor.py:914} INFO - Processing file /home/gnobisp/Documents/floder1/code-challenge/venv/lib/python3.10/site-packages/airflow/example_dags/subdags/subdag.py for tasks to queue
[2025-02-03T22:20:00.996-0300] {logging_mixin.py:190} INFO - [2025-02-03T22:20:00.990-0300] {dagbag.py:588} INFO - Filling up the DagBag from /home/gnobisp/Documents/floder1/code-challenge/venv/lib/python3.10/site-packages/airflow/example_dags/subdags/subdag.py
[2025-02-03T22:20:01.005-0300] {processor.py:927} WARNING - No viable dags retrieved from /home/gnobisp/Documents/floder1/code-challenge/venv/lib/python3.10/site-packages/airflow/example_dags/subdags/subdag.py
[2025-02-03T22:20:01.049-0300] {processor.py:208} INFO - Processing /home/gnobisp/Documents/floder1/code-challenge/venv/lib/python3.10/site-packages/airflow/example_dags/subdags/subdag.py took 0.150 seconds
