[2025-02-03T21:14:51.328-0300] {processor.py:186} INFO - Started process (PID=275512) to work on /home/gnobisp/Documents/floder1/code-challenge/venv/lib/python3.10/site-packages/airflow/example_dags/plugins/event_listener.py
[2025-02-03T21:14:51.330-0300] {processor.py:914} INFO - Processing file /home/gnobisp/Documents/floder1/code-challenge/venv/lib/python3.10/site-packages/airflow/example_dags/plugins/event_listener.py for tasks to queue
[2025-02-03T21:14:51.337-0300] {logging_mixin.py:190} INFO - [2025-02-03T21:14:51.336-0300] {dagbag.py:588} INFO - Filling up the DagBag from /home/gnobisp/Documents/floder1/code-challenge/venv/lib/python3.10/site-packages/airflow/example_dags/plugins/event_listener.py
[2025-02-03T21:14:51.344-0300] {processor.py:927} WARNING - No viable dags retrieved from /home/gnobisp/Documents/floder1/code-challenge/venv/lib/python3.10/site-packages/airflow/example_dags/plugins/event_listener.py
[2025-02-03T21:14:51.374-0300] {processor.py:208} INFO - Processing /home/gnobisp/Documents/floder1/code-challenge/venv/lib/python3.10/site-packages/airflow/example_dags/plugins/event_listener.py took 0.067 seconds
[2025-02-03T21:26:36.400-0300] {processor.py:186} INFO - Started process (PID=296221) to work on /home/gnobisp/Documents/floder1/code-challenge/venv/lib/python3.10/site-packages/airflow/example_dags/plugins/event_listener.py
[2025-02-03T21:26:37.239-0300] {processor.py:914} INFO - Processing file /home/gnobisp/Documents/floder1/code-challenge/venv/lib/python3.10/site-packages/airflow/example_dags/plugins/event_listener.py for tasks to queue
[2025-02-03T21:26:37.288-0300] {logging_mixin.py:190} INFO - [2025-02-03T21:26:37.282-0300] {dagbag.py:588} INFO - Filling up the DagBag from /home/gnobisp/Documents/floder1/code-challenge/venv/lib/python3.10/site-packages/airflow/example_dags/plugins/event_listener.py
[2025-02-03T21:26:37.309-0300] {processor.py:927} WARNING - No viable dags retrieved from /home/gnobisp/Documents/floder1/code-challenge/venv/lib/python3.10/site-packages/airflow/example_dags/plugins/event_listener.py
[2025-02-03T21:26:37.380-0300] {processor.py:208} INFO - Processing /home/gnobisp/Documents/floder1/code-challenge/venv/lib/python3.10/site-packages/airflow/example_dags/plugins/event_listener.py took 1.008 seconds
[2025-02-03T21:32:16.767-0300] {processor.py:186} INFO - Started process (PID=305873) to work on /home/gnobisp/Documents/floder1/code-challenge/venv/lib/python3.10/site-packages/airflow/example_dags/plugins/event_listener.py
[2025-02-03T21:32:17.477-0300] {processor.py:914} INFO - Processing file /home/gnobisp/Documents/floder1/code-challenge/venv/lib/python3.10/site-packages/airflow/example_dags/plugins/event_listener.py for tasks to queue
[2025-02-03T21:32:17.499-0300] {logging_mixin.py:190} INFO - [2025-02-03T21:32:17.494-0300] {dagbag.py:588} INFO - Filling up the DagBag from /home/gnobisp/Documents/floder1/code-challenge/venv/lib/python3.10/site-packages/airflow/example_dags/plugins/event_listener.py
[2025-02-03T21:32:17.534-0300] {processor.py:927} WARNING - No viable dags retrieved from /home/gnobisp/Documents/floder1/code-challenge/venv/lib/python3.10/site-packages/airflow/example_dags/plugins/event_listener.py
[2025-02-03T21:32:17.648-0300] {processor.py:208} INFO - Processing /home/gnobisp/Documents/floder1/code-challenge/venv/lib/python3.10/site-packages/airflow/example_dags/plugins/event_listener.py took 0.905 seconds
[2025-02-03T21:44:37.518-0300] {processor.py:186} INFO - Started process (PID=326861) to work on /home/gnobisp/Documents/floder1/code-challenge/venv/lib/python3.10/site-packages/airflow/example_dags/plugins/event_listener.py
[2025-02-03T21:44:37.527-0300] {processor.py:914} INFO - Processing file /home/gnobisp/Documents/floder1/code-challenge/venv/lib/python3.10/site-packages/airflow/example_dags/plugins/event_listener.py for tasks to queue
[2025-02-03T21:44:37.550-0300] {logging_mixin.py:190} INFO - [2025-02-03T21:44:37.544-0300] {dagbag.py:588} INFO - Filling up the DagBag from /home/gnobisp/Documents/floder1/code-challenge/venv/lib/python3.10/site-packages/airflow/example_dags/plugins/event_listener.py
[2025-02-03T21:44:37.569-0300] {processor.py:927} WARNING - No viable dags retrieved from /home/gnobisp/Documents/floder1/code-challenge/venv/lib/python3.10/site-packages/airflow/example_dags/plugins/event_listener.py
[2025-02-03T21:44:37.648-0300] {processor.py:208} INFO - Processing /home/gnobisp/Documents/floder1/code-challenge/venv/lib/python3.10/site-packages/airflow/example_dags/plugins/event_listener.py took 0.178 seconds
[2025-02-03T22:00:29.002-0300] {processor.py:186} INFO - Started process (PID=12404) to work on /home/gnobisp/Documents/floder1/code-challenge/venv/lib/python3.10/site-packages/airflow/example_dags/plugins/event_listener.py
[2025-02-03T22:00:29.026-0300] {processor.py:914} INFO - Processing file /home/gnobisp/Documents/floder1/code-challenge/venv/lib/python3.10/site-packages/airflow/example_dags/plugins/event_listener.py for tasks to queue
[2025-02-03T22:00:29.052-0300] {logging_mixin.py:190} INFO - [2025-02-03T22:00:29.047-0300] {dagbag.py:588} INFO - Filling up the DagBag from /home/gnobisp/Documents/floder1/code-challenge/venv/lib/python3.10/site-packages/airflow/example_dags/plugins/event_listener.py
[2025-02-03T22:00:29.088-0300] {processor.py:927} WARNING - No viable dags retrieved from /home/gnobisp/Documents/floder1/code-challenge/venv/lib/python3.10/site-packages/airflow/example_dags/plugins/event_listener.py
[2025-02-03T22:00:29.223-0300] {processor.py:208} INFO - Processing /home/gnobisp/Documents/floder1/code-challenge/venv/lib/python3.10/site-packages/airflow/example_dags/plugins/event_listener.py took 0.352 seconds
[2025-02-03T22:13:20.060-0300] {processor.py:186} INFO - Started process (PID=34139) to work on /home/gnobisp/Documents/floder1/code-challenge/venv/lib/python3.10/site-packages/airflow/example_dags/plugins/event_listener.py
[2025-02-03T22:13:20.966-0300] {processor.py:914} INFO - Processing file /home/gnobisp/Documents/floder1/code-challenge/venv/lib/python3.10/site-packages/airflow/example_dags/plugins/event_listener.py for tasks to queue
[2025-02-03T22:13:20.974-0300] {logging_mixin.py:190} INFO - [2025-02-03T22:13:20.972-0300] {dagbag.py:588} INFO - Filling up the DagBag from /home/gnobisp/Documents/floder1/code-challenge/venv/lib/python3.10/site-packages/airflow/example_dags/plugins/event_listener.py
[2025-02-03T22:13:20.991-0300] {processor.py:927} WARNING - No viable dags retrieved from /home/gnobisp/Documents/floder1/code-challenge/venv/lib/python3.10/site-packages/airflow/example_dags/plugins/event_listener.py
[2025-02-03T22:13:21.038-0300] {processor.py:208} INFO - Processing /home/gnobisp/Documents/floder1/code-challenge/venv/lib/python3.10/site-packages/airflow/example_dags/plugins/event_listener.py took 1.002 seconds
[2025-02-03T22:15:40.361-0300] {processor.py:186} INFO - Started process (PID=38004) to work on /home/gnobisp/Documents/floder1/code-challenge/venv/lib/python3.10/site-packages/airflow/example_dags/plugins/event_listener.py
[2025-02-03T22:15:40.372-0300] {processor.py:914} INFO - Processing file /home/gnobisp/Documents/floder1/code-challenge/venv/lib/python3.10/site-packages/airflow/example_dags/plugins/event_listener.py for tasks to queue
[2025-02-03T22:15:40.382-0300] {logging_mixin.py:190} INFO - [2025-02-03T22:15:40.381-0300] {dagbag.py:588} INFO - Filling up the DagBag from /home/gnobisp/Documents/floder1/code-challenge/venv/lib/python3.10/site-packages/airflow/example_dags/plugins/event_listener.py
[2025-02-03T22:15:40.390-0300] {processor.py:927} WARNING - No viable dags retrieved from /home/gnobisp/Documents/floder1/code-challenge/venv/lib/python3.10/site-packages/airflow/example_dags/plugins/event_listener.py
[2025-02-03T22:15:40.426-0300] {processor.py:208} INFO - Processing /home/gnobisp/Documents/floder1/code-challenge/venv/lib/python3.10/site-packages/airflow/example_dags/plugins/event_listener.py took 0.089 seconds
[2025-02-03T22:17:46.341-0300] {processor.py:186} INFO - Started process (PID=41804) to work on /home/gnobisp/Documents/floder1/code-challenge/venv/lib/python3.10/site-packages/airflow/example_dags/plugins/event_listener.py
[2025-02-03T22:17:46.350-0300] {processor.py:914} INFO - Processing file /home/gnobisp/Documents/floder1/code-challenge/venv/lib/python3.10/site-packages/airflow/example_dags/plugins/event_listener.py for tasks to queue
[2025-02-03T22:17:46.360-0300] {logging_mixin.py:190} INFO - [2025-02-03T22:17:46.358-0300] {dagbag.py:588} INFO - Filling up the DagBag from /home/gnobisp/Documents/floder1/code-challenge/venv/lib/python3.10/site-packages/airflow/example_dags/plugins/event_listener.py
[2025-02-03T22:17:46.369-0300] {processor.py:927} WARNING - No viable dags retrieved from /home/gnobisp/Documents/floder1/code-challenge/venv/lib/python3.10/site-packages/airflow/example_dags/plugins/event_listener.py
[2025-02-03T22:17:46.411-0300] {processor.py:208} INFO - Processing /home/gnobisp/Documents/floder1/code-challenge/venv/lib/python3.10/site-packages/airflow/example_dags/plugins/event_listener.py took 0.099 seconds
[2025-02-03T22:20:05.386-0300] {processor.py:186} INFO - Started process (PID=45065) to work on /home/gnobisp/Documents/floder1/code-challenge/venv/lib/python3.10/site-packages/airflow/example_dags/plugins/event_listener.py
[2025-02-03T22:20:05.432-0300] {processor.py:914} INFO - Processing file /home/gnobisp/Documents/floder1/code-challenge/venv/lib/python3.10/site-packages/airflow/example_dags/plugins/event_listener.py for tasks to queue
[2025-02-03T22:20:05.442-0300] {logging_mixin.py:190} INFO - [2025-02-03T22:20:05.440-0300] {dagbag.py:588} INFO - Filling up the DagBag from /home/gnobisp/Documents/floder1/code-challenge/venv/lib/python3.10/site-packages/airflow/example_dags/plugins/event_listener.py
[2025-02-03T22:20:05.460-0300] {processor.py:927} WARNING - No viable dags retrieved from /home/gnobisp/Documents/floder1/code-challenge/venv/lib/python3.10/site-packages/airflow/example_dags/plugins/event_listener.py
[2025-02-03T22:20:05.501-0300] {processor.py:208} INFO - Processing /home/gnobisp/Documents/floder1/code-challenge/venv/lib/python3.10/site-packages/airflow/example_dags/plugins/event_listener.py took 0.158 seconds
