[2025-02-03T21:14:50.064-0300] {processor.py:186} INFO - Started process (PID=275467) to work on /home/gnobisp/Documents/floder1/code-challenge/venv/lib/python3.10/site-packages/airflow/example_dags/plugins/listener_plugin.py
[2025-02-03T21:14:50.067-0300] {processor.py:914} INFO - Processing file /home/gnobisp/Documents/floder1/code-challenge/venv/lib/python3.10/site-packages/airflow/example_dags/plugins/listener_plugin.py for tasks to queue
[2025-02-03T21:14:50.076-0300] {logging_mixin.py:190} INFO - [2025-02-03T21:14:50.074-0300] {dagbag.py:588} INFO - Filling up the DagBag from /home/gnobisp/Documents/floder1/code-challenge/venv/lib/python3.10/site-packages/airflow/example_dags/plugins/listener_plugin.py
[2025-02-03T21:14:50.085-0300] {processor.py:927} WARNING - No viable dags retrieved from /home/gnobisp/Documents/floder1/code-challenge/venv/lib/python3.10/site-packages/airflow/example_dags/plugins/listener_plugin.py
[2025-02-03T21:14:50.124-0300] {processor.py:208} INFO - Processing /home/gnobisp/Documents/floder1/code-challenge/venv/lib/python3.10/site-packages/airflow/example_dags/plugins/listener_plugin.py took 0.084 seconds
[2025-02-03T21:26:35.043-0300] {processor.py:186} INFO - Started process (PID=296113) to work on /home/gnobisp/Documents/floder1/code-challenge/venv/lib/python3.10/site-packages/airflow/example_dags/plugins/listener_plugin.py
[2025-02-03T21:26:35.064-0300] {processor.py:914} INFO - Processing file /home/gnobisp/Documents/floder1/code-challenge/venv/lib/python3.10/site-packages/airflow/example_dags/plugins/listener_plugin.py for tasks to queue
[2025-02-03T21:26:35.072-0300] {logging_mixin.py:190} INFO - [2025-02-03T21:26:35.071-0300] {dagbag.py:588} INFO - Filling up the DagBag from /home/gnobisp/Documents/floder1/code-challenge/venv/lib/python3.10/site-packages/airflow/example_dags/plugins/listener_plugin.py
[2025-02-03T21:26:35.081-0300] {processor.py:927} WARNING - No viable dags retrieved from /home/gnobisp/Documents/floder1/code-challenge/venv/lib/python3.10/site-packages/airflow/example_dags/plugins/listener_plugin.py
[2025-02-03T21:26:35.123-0300] {processor.py:208} INFO - Processing /home/gnobisp/Documents/floder1/code-challenge/venv/lib/python3.10/site-packages/airflow/example_dags/plugins/listener_plugin.py took 0.105 seconds
[2025-02-03T21:32:15.377-0300] {processor.py:186} INFO - Started process (PID=305789) to work on /home/gnobisp/Documents/floder1/code-challenge/venv/lib/python3.10/site-packages/airflow/example_dags/plugins/listener_plugin.py
[2025-02-03T21:32:15.386-0300] {processor.py:914} INFO - Processing file /home/gnobisp/Documents/floder1/code-challenge/venv/lib/python3.10/site-packages/airflow/example_dags/plugins/listener_plugin.py for tasks to queue
[2025-02-03T21:32:15.395-0300] {logging_mixin.py:190} INFO - [2025-02-03T21:32:15.393-0300] {dagbag.py:588} INFO - Filling up the DagBag from /home/gnobisp/Documents/floder1/code-challenge/venv/lib/python3.10/site-packages/airflow/example_dags/plugins/listener_plugin.py
[2025-02-03T21:32:15.403-0300] {processor.py:927} WARNING - No viable dags retrieved from /home/gnobisp/Documents/floder1/code-challenge/venv/lib/python3.10/site-packages/airflow/example_dags/plugins/listener_plugin.py
[2025-02-03T21:32:15.442-0300] {processor.py:208} INFO - Processing /home/gnobisp/Documents/floder1/code-challenge/venv/lib/python3.10/site-packages/airflow/example_dags/plugins/listener_plugin.py took 0.090 seconds
[2025-02-03T21:44:35.961-0300] {processor.py:186} INFO - Started process (PID=326813) to work on /home/gnobisp/Documents/floder1/code-challenge/venv/lib/python3.10/site-packages/airflow/example_dags/plugins/listener_plugin.py
[2025-02-03T21:44:35.968-0300] {processor.py:914} INFO - Processing file /home/gnobisp/Documents/floder1/code-challenge/venv/lib/python3.10/site-packages/airflow/example_dags/plugins/listener_plugin.py for tasks to queue
[2025-02-03T21:44:35.988-0300] {logging_mixin.py:190} INFO - [2025-02-03T21:44:35.979-0300] {dagbag.py:588} INFO - Filling up the DagBag from /home/gnobisp/Documents/floder1/code-challenge/venv/lib/python3.10/site-packages/airflow/example_dags/plugins/listener_plugin.py
[2025-02-03T21:44:36.012-0300] {processor.py:927} WARNING - No viable dags retrieved from /home/gnobisp/Documents/floder1/code-challenge/venv/lib/python3.10/site-packages/airflow/example_dags/plugins/listener_plugin.py
[2025-02-03T21:44:36.085-0300] {processor.py:208} INFO - Processing /home/gnobisp/Documents/floder1/code-challenge/venv/lib/python3.10/site-packages/airflow/example_dags/plugins/listener_plugin.py took 0.157 seconds
[2025-02-03T22:00:27.596-0300] {processor.py:186} INFO - Started process (PID=12390) to work on /home/gnobisp/Documents/floder1/code-challenge/venv/lib/python3.10/site-packages/airflow/example_dags/plugins/listener_plugin.py
[2025-02-03T22:00:27.609-0300] {processor.py:914} INFO - Processing file /home/gnobisp/Documents/floder1/code-challenge/venv/lib/python3.10/site-packages/airflow/example_dags/plugins/listener_plugin.py for tasks to queue
[2025-02-03T22:00:27.620-0300] {logging_mixin.py:190} INFO - [2025-02-03T22:00:27.618-0300] {dagbag.py:588} INFO - Filling up the DagBag from /home/gnobisp/Documents/floder1/code-challenge/venv/lib/python3.10/site-packages/airflow/example_dags/plugins/listener_plugin.py
[2025-02-03T22:00:27.630-0300] {processor.py:927} WARNING - No viable dags retrieved from /home/gnobisp/Documents/floder1/code-challenge/venv/lib/python3.10/site-packages/airflow/example_dags/plugins/listener_plugin.py
[2025-02-03T22:00:27.669-0300] {processor.py:208} INFO - Processing /home/gnobisp/Documents/floder1/code-challenge/venv/lib/python3.10/site-packages/airflow/example_dags/plugins/listener_plugin.py took 0.104 seconds
[2025-02-03T22:13:18.572-0300] {processor.py:186} INFO - Started process (PID=34105) to work on /home/gnobisp/Documents/floder1/code-challenge/venv/lib/python3.10/site-packages/airflow/example_dags/plugins/listener_plugin.py
[2025-02-03T22:13:18.589-0300] {processor.py:914} INFO - Processing file /home/gnobisp/Documents/floder1/code-challenge/venv/lib/python3.10/site-packages/airflow/example_dags/plugins/listener_plugin.py for tasks to queue
[2025-02-03T22:13:18.600-0300] {logging_mixin.py:190} INFO - [2025-02-03T22:13:18.599-0300] {dagbag.py:588} INFO - Filling up the DagBag from /home/gnobisp/Documents/floder1/code-challenge/venv/lib/python3.10/site-packages/airflow/example_dags/plugins/listener_plugin.py
[2025-02-03T22:13:18.613-0300] {processor.py:927} WARNING - No viable dags retrieved from /home/gnobisp/Documents/floder1/code-challenge/venv/lib/python3.10/site-packages/airflow/example_dags/plugins/listener_plugin.py
[2025-02-03T22:13:18.662-0300] {processor.py:208} INFO - Processing /home/gnobisp/Documents/floder1/code-challenge/venv/lib/python3.10/site-packages/airflow/example_dags/plugins/listener_plugin.py took 0.121 seconds
[2025-02-03T22:15:38.739-0300] {processor.py:186} INFO - Started process (PID=37953) to work on /home/gnobisp/Documents/floder1/code-challenge/venv/lib/python3.10/site-packages/airflow/example_dags/plugins/listener_plugin.py
[2025-02-03T22:15:38.767-0300] {processor.py:914} INFO - Processing file /home/gnobisp/Documents/floder1/code-challenge/venv/lib/python3.10/site-packages/airflow/example_dags/plugins/listener_plugin.py for tasks to queue
[2025-02-03T22:15:38.797-0300] {logging_mixin.py:190} INFO - [2025-02-03T22:15:38.791-0300] {dagbag.py:588} INFO - Filling up the DagBag from /home/gnobisp/Documents/floder1/code-challenge/venv/lib/python3.10/site-packages/airflow/example_dags/plugins/listener_plugin.py
[2025-02-03T22:15:38.818-0300] {processor.py:927} WARNING - No viable dags retrieved from /home/gnobisp/Documents/floder1/code-challenge/venv/lib/python3.10/site-packages/airflow/example_dags/plugins/listener_plugin.py
[2025-02-03T22:15:38.992-0300] {processor.py:208} INFO - Processing /home/gnobisp/Documents/floder1/code-challenge/venv/lib/python3.10/site-packages/airflow/example_dags/plugins/listener_plugin.py took 0.323 seconds
[2025-02-03T22:17:44.789-0300] {processor.py:186} INFO - Started process (PID=41779) to work on /home/gnobisp/Documents/floder1/code-challenge/venv/lib/python3.10/site-packages/airflow/example_dags/plugins/listener_plugin.py
[2025-02-03T22:17:44.953-0300] {processor.py:914} INFO - Processing file /home/gnobisp/Documents/floder1/code-challenge/venv/lib/python3.10/site-packages/airflow/example_dags/plugins/listener_plugin.py for tasks to queue
[2025-02-03T22:17:44.963-0300] {logging_mixin.py:190} INFO - [2025-02-03T22:17:44.962-0300] {dagbag.py:588} INFO - Filling up the DagBag from /home/gnobisp/Documents/floder1/code-challenge/venv/lib/python3.10/site-packages/airflow/example_dags/plugins/listener_plugin.py
[2025-02-03T22:17:44.976-0300] {processor.py:927} WARNING - No viable dags retrieved from /home/gnobisp/Documents/floder1/code-challenge/venv/lib/python3.10/site-packages/airflow/example_dags/plugins/listener_plugin.py
[2025-02-03T22:17:45.028-0300] {processor.py:208} INFO - Processing /home/gnobisp/Documents/floder1/code-challenge/venv/lib/python3.10/site-packages/airflow/example_dags/plugins/listener_plugin.py took 0.265 seconds
[2025-02-03T22:20:03.626-0300] {processor.py:186} INFO - Started process (PID=45003) to work on /home/gnobisp/Documents/floder1/code-challenge/venv/lib/python3.10/site-packages/airflow/example_dags/plugins/listener_plugin.py
[2025-02-03T22:20:03.716-0300] {processor.py:914} INFO - Processing file /home/gnobisp/Documents/floder1/code-challenge/venv/lib/python3.10/site-packages/airflow/example_dags/plugins/listener_plugin.py for tasks to queue
[2025-02-03T22:20:03.728-0300] {logging_mixin.py:190} INFO - [2025-02-03T22:20:03.726-0300] {dagbag.py:588} INFO - Filling up the DagBag from /home/gnobisp/Documents/floder1/code-challenge/venv/lib/python3.10/site-packages/airflow/example_dags/plugins/listener_plugin.py
[2025-02-03T22:20:03.744-0300] {processor.py:927} WARNING - No viable dags retrieved from /home/gnobisp/Documents/floder1/code-challenge/venv/lib/python3.10/site-packages/airflow/example_dags/plugins/listener_plugin.py
[2025-02-03T22:20:03.792-0300] {processor.py:208} INFO - Processing /home/gnobisp/Documents/floder1/code-challenge/venv/lib/python3.10/site-packages/airflow/example_dags/plugins/listener_plugin.py took 0.209 seconds
