[2025-02-03T21:14:48.810-0300] {processor.py:186} INFO - Started process (PID=275427) to work on /home/gnobisp/Documents/floder1/code-challenge/venv/lib/python3.10/site-packages/airflow/example_dags/plugins/workday.py
[2025-02-03T21:14:48.813-0300] {processor.py:914} INFO - Processing file /home/gnobisp/Documents/floder1/code-challenge/venv/lib/python3.10/site-packages/airflow/example_dags/plugins/workday.py for tasks to queue
[2025-02-03T21:14:48.820-0300] {logging_mixin.py:190} INFO - [2025-02-03T21:14:48.818-0300] {dagbag.py:588} INFO - Filling up the DagBag from /home/gnobisp/Documents/floder1/code-challenge/venv/lib/python3.10/site-packages/airflow/example_dags/plugins/workday.py
[2025-02-03T21:14:48.830-0300] {logging_mixin.py:190} INFO - [2025-02-03T21:14:48.829-0300] {workday.py:41} WARNING - Could not import pandas. Holidays will not be considered.
[2025-02-03T21:14:48.831-0300] {processor.py:927} WARNING - No viable dags retrieved from /home/gnobisp/Documents/floder1/code-challenge/venv/lib/python3.10/site-packages/airflow/example_dags/plugins/workday.py
[2025-02-03T21:14:48.867-0300] {processor.py:208} INFO - Processing /home/gnobisp/Documents/floder1/code-challenge/venv/lib/python3.10/site-packages/airflow/example_dags/plugins/workday.py took 0.078 seconds
[2025-02-03T21:26:33.282-0300] {processor.py:186} INFO - Started process (PID=296044) to work on /home/gnobisp/Documents/floder1/code-challenge/venv/lib/python3.10/site-packages/airflow/example_dags/plugins/workday.py
[2025-02-03T21:26:33.500-0300] {processor.py:914} INFO - Processing file /home/gnobisp/Documents/floder1/code-challenge/venv/lib/python3.10/site-packages/airflow/example_dags/plugins/workday.py for tasks to queue
[2025-02-03T21:26:33.504-0300] {logging_mixin.py:190} INFO - [2025-02-03T21:26:33.503-0300] {dagbag.py:588} INFO - Filling up the DagBag from /home/gnobisp/Documents/floder1/code-challenge/venv/lib/python3.10/site-packages/airflow/example_dags/plugins/workday.py
[2025-02-03T21:26:33.511-0300] {logging_mixin.py:190} INFO - [2025-02-03T21:26:33.511-0300] {workday.py:41} WARNING - Could not import pandas. Holidays will not be considered.
[2025-02-03T21:26:33.512-0300] {processor.py:927} WARNING - No viable dags retrieved from /home/gnobisp/Documents/floder1/code-challenge/venv/lib/python3.10/site-packages/airflow/example_dags/plugins/workday.py
[2025-02-03T21:26:33.534-0300] {processor.py:208} INFO - Processing /home/gnobisp/Documents/floder1/code-challenge/venv/lib/python3.10/site-packages/airflow/example_dags/plugins/workday.py took 0.277 seconds
[2025-02-03T21:32:13.320-0300] {processor.py:186} INFO - Started process (PID=305744) to work on /home/gnobisp/Documents/floder1/code-challenge/venv/lib/python3.10/site-packages/airflow/example_dags/plugins/workday.py
[2025-02-03T21:32:13.462-0300] {processor.py:914} INFO - Processing file /home/gnobisp/Documents/floder1/code-challenge/venv/lib/python3.10/site-packages/airflow/example_dags/plugins/workday.py for tasks to queue
[2025-02-03T21:32:13.481-0300] {logging_mixin.py:190} INFO - [2025-02-03T21:32:13.476-0300] {dagbag.py:588} INFO - Filling up the DagBag from /home/gnobisp/Documents/floder1/code-challenge/venv/lib/python3.10/site-packages/airflow/example_dags/plugins/workday.py
[2025-02-03T21:32:13.507-0300] {logging_mixin.py:190} INFO - [2025-02-03T21:32:13.505-0300] {workday.py:41} WARNING - Could not import pandas. Holidays will not be considered.
[2025-02-03T21:32:13.508-0300] {processor.py:927} WARNING - No viable dags retrieved from /home/gnobisp/Documents/floder1/code-challenge/venv/lib/python3.10/site-packages/airflow/example_dags/plugins/workday.py
[2025-02-03T21:32:13.592-0300] {processor.py:208} INFO - Processing /home/gnobisp/Documents/floder1/code-challenge/venv/lib/python3.10/site-packages/airflow/example_dags/plugins/workday.py took 0.318 seconds
[2025-02-03T21:44:34.214-0300] {processor.py:186} INFO - Started process (PID=326722) to work on /home/gnobisp/Documents/floder1/code-challenge/venv/lib/python3.10/site-packages/airflow/example_dags/plugins/workday.py
[2025-02-03T21:44:34.231-0300] {processor.py:914} INFO - Processing file /home/gnobisp/Documents/floder1/code-challenge/venv/lib/python3.10/site-packages/airflow/example_dags/plugins/workday.py for tasks to queue
[2025-02-03T21:44:34.252-0300] {logging_mixin.py:190} INFO - [2025-02-03T21:44:34.244-0300] {dagbag.py:588} INFO - Filling up the DagBag from /home/gnobisp/Documents/floder1/code-challenge/venv/lib/python3.10/site-packages/airflow/example_dags/plugins/workday.py
[2025-02-03T21:44:34.276-0300] {logging_mixin.py:190} INFO - [2025-02-03T21:44:34.272-0300] {workday.py:41} WARNING - Could not import pandas. Holidays will not be considered.
[2025-02-03T21:44:34.285-0300] {processor.py:927} WARNING - No viable dags retrieved from /home/gnobisp/Documents/floder1/code-challenge/venv/lib/python3.10/site-packages/airflow/example_dags/plugins/workday.py
[2025-02-03T21:44:34.380-0300] {processor.py:208} INFO - Processing /home/gnobisp/Documents/floder1/code-challenge/venv/lib/python3.10/site-packages/airflow/example_dags/plugins/workday.py took 0.239 seconds
[2025-02-03T21:45:33.025-0300] {processor.py:186} INFO - Started process (PID=328546) to work on /home/gnobisp/Documents/floder1/code-challenge/venv/lib/python3.10/site-packages/airflow/example_dags/plugins/workday.py
[2025-02-03T21:45:33.075-0300] {processor.py:914} INFO - Processing file /home/gnobisp/Documents/floder1/code-challenge/venv/lib/python3.10/site-packages/airflow/example_dags/plugins/workday.py for tasks to queue
[2025-02-03T21:45:33.083-0300] {logging_mixin.py:190} INFO - [2025-02-03T21:45:33.082-0300] {dagbag.py:588} INFO - Filling up the DagBag from /home/gnobisp/Documents/floder1/code-challenge/venv/lib/python3.10/site-packages/airflow/example_dags/plugins/workday.py
[2025-02-03T21:45:33.095-0300] {logging_mixin.py:190} INFO - [2025-02-03T21:45:33.094-0300] {workday.py:41} WARNING - Could not import pandas. Holidays will not be considered.
[2025-02-03T21:45:33.096-0300] {processor.py:927} WARNING - No viable dags retrieved from /home/gnobisp/Documents/floder1/code-challenge/venv/lib/python3.10/site-packages/airflow/example_dags/plugins/workday.py
[2025-02-03T21:45:33.137-0300] {processor.py:208} INFO - Processing /home/gnobisp/Documents/floder1/code-challenge/venv/lib/python3.10/site-packages/airflow/example_dags/plugins/workday.py took 0.141 seconds
[2025-02-03T22:00:26.206-0300] {processor.py:186} INFO - Started process (PID=12369) to work on /home/gnobisp/Documents/floder1/code-challenge/venv/lib/python3.10/site-packages/airflow/example_dags/plugins/workday.py
[2025-02-03T22:00:26.302-0300] {processor.py:914} INFO - Processing file /home/gnobisp/Documents/floder1/code-challenge/venv/lib/python3.10/site-packages/airflow/example_dags/plugins/workday.py for tasks to queue
[2025-02-03T22:00:26.309-0300] {logging_mixin.py:190} INFO - [2025-02-03T22:00:26.307-0300] {dagbag.py:588} INFO - Filling up the DagBag from /home/gnobisp/Documents/floder1/code-challenge/venv/lib/python3.10/site-packages/airflow/example_dags/plugins/workday.py
[2025-02-03T22:00:26.320-0300] {logging_mixin.py:190} INFO - [2025-02-03T22:00:26.319-0300] {workday.py:41} WARNING - Could not import pandas. Holidays will not be considered.
[2025-02-03T22:00:26.322-0300] {processor.py:927} WARNING - No viable dags retrieved from /home/gnobisp/Documents/floder1/code-challenge/venv/lib/python3.10/site-packages/airflow/example_dags/plugins/workday.py
[2025-02-03T22:00:26.367-0300] {processor.py:208} INFO - Processing /home/gnobisp/Documents/floder1/code-challenge/venv/lib/python3.10/site-packages/airflow/example_dags/plugins/workday.py took 0.182 seconds
[2025-02-03T22:13:17.105-0300] {processor.py:186} INFO - Started process (PID=34046) to work on /home/gnobisp/Documents/floder1/code-challenge/venv/lib/python3.10/site-packages/airflow/example_dags/plugins/workday.py
[2025-02-03T22:13:17.138-0300] {processor.py:914} INFO - Processing file /home/gnobisp/Documents/floder1/code-challenge/venv/lib/python3.10/site-packages/airflow/example_dags/plugins/workday.py for tasks to queue
[2025-02-03T22:13:17.151-0300] {logging_mixin.py:190} INFO - [2025-02-03T22:13:17.149-0300] {dagbag.py:588} INFO - Filling up the DagBag from /home/gnobisp/Documents/floder1/code-challenge/venv/lib/python3.10/site-packages/airflow/example_dags/plugins/workday.py
[2025-02-03T22:13:17.171-0300] {logging_mixin.py:190} INFO - [2025-02-03T22:13:17.170-0300] {workday.py:41} WARNING - Could not import pandas. Holidays will not be considered.
[2025-02-03T22:13:17.173-0300] {processor.py:927} WARNING - No viable dags retrieved from /home/gnobisp/Documents/floder1/code-challenge/venv/lib/python3.10/site-packages/airflow/example_dags/plugins/workday.py
[2025-02-03T22:13:17.235-0300] {processor.py:208} INFO - Processing /home/gnobisp/Documents/floder1/code-challenge/venv/lib/python3.10/site-packages/airflow/example_dags/plugins/workday.py took 0.169 seconds
[2025-02-03T22:15:37.070-0300] {processor.py:186} INFO - Started process (PID=37870) to work on /home/gnobisp/Documents/floder1/code-challenge/venv/lib/python3.10/site-packages/airflow/example_dags/plugins/workday.py
[2025-02-03T22:15:37.335-0300] {processor.py:914} INFO - Processing file /home/gnobisp/Documents/floder1/code-challenge/venv/lib/python3.10/site-packages/airflow/example_dags/plugins/workday.py for tasks to queue
[2025-02-03T22:15:37.349-0300] {logging_mixin.py:190} INFO - [2025-02-03T22:15:37.347-0300] {dagbag.py:588} INFO - Filling up the DagBag from /home/gnobisp/Documents/floder1/code-challenge/venv/lib/python3.10/site-packages/airflow/example_dags/plugins/workday.py
[2025-02-03T22:15:37.377-0300] {logging_mixin.py:190} INFO - [2025-02-03T22:15:37.376-0300] {workday.py:41} WARNING - Could not import pandas. Holidays will not be considered.
[2025-02-03T22:15:37.384-0300] {processor.py:927} WARNING - No viable dags retrieved from /home/gnobisp/Documents/floder1/code-challenge/venv/lib/python3.10/site-packages/airflow/example_dags/plugins/workday.py
[2025-02-03T22:15:37.553-0300] {processor.py:208} INFO - Processing /home/gnobisp/Documents/floder1/code-challenge/venv/lib/python3.10/site-packages/airflow/example_dags/plugins/workday.py took 0.520 seconds
[2025-02-03T22:17:43.229-0300] {processor.py:186} INFO - Started process (PID=41761) to work on /home/gnobisp/Documents/floder1/code-challenge/venv/lib/python3.10/site-packages/airflow/example_dags/plugins/workday.py
[2025-02-03T22:17:43.247-0300] {processor.py:914} INFO - Processing file /home/gnobisp/Documents/floder1/code-challenge/venv/lib/python3.10/site-packages/airflow/example_dags/plugins/workday.py for tasks to queue
[2025-02-03T22:17:43.255-0300] {logging_mixin.py:190} INFO - [2025-02-03T22:17:43.254-0300] {dagbag.py:588} INFO - Filling up the DagBag from /home/gnobisp/Documents/floder1/code-challenge/venv/lib/python3.10/site-packages/airflow/example_dags/plugins/workday.py
[2025-02-03T22:17:43.266-0300] {logging_mixin.py:190} INFO - [2025-02-03T22:17:43.265-0300] {workday.py:41} WARNING - Could not import pandas. Holidays will not be considered.
[2025-02-03T22:17:43.268-0300] {processor.py:927} WARNING - No viable dags retrieved from /home/gnobisp/Documents/floder1/code-challenge/venv/lib/python3.10/site-packages/airflow/example_dags/plugins/workday.py
[2025-02-03T22:17:43.301-0300] {processor.py:208} INFO - Processing /home/gnobisp/Documents/floder1/code-challenge/venv/lib/python3.10/site-packages/airflow/example_dags/plugins/workday.py took 0.098 seconds
[2025-02-03T22:20:02.177-0300] {processor.py:186} INFO - Started process (PID=45000) to work on /home/gnobisp/Documents/floder1/code-challenge/venv/lib/python3.10/site-packages/airflow/example_dags/plugins/workday.py
[2025-02-03T22:20:02.209-0300] {processor.py:914} INFO - Processing file /home/gnobisp/Documents/floder1/code-challenge/venv/lib/python3.10/site-packages/airflow/example_dags/plugins/workday.py for tasks to queue
[2025-02-03T22:20:02.220-0300] {logging_mixin.py:190} INFO - [2025-02-03T22:20:02.219-0300] {dagbag.py:588} INFO - Filling up the DagBag from /home/gnobisp/Documents/floder1/code-challenge/venv/lib/python3.10/site-packages/airflow/example_dags/plugins/workday.py
[2025-02-03T22:20:02.233-0300] {logging_mixin.py:190} INFO - [2025-02-03T22:20:02.232-0300] {workday.py:41} WARNING - Could not import pandas. Holidays will not be considered.
[2025-02-03T22:20:02.235-0300] {processor.py:927} WARNING - No viable dags retrieved from /home/gnobisp/Documents/floder1/code-challenge/venv/lib/python3.10/site-packages/airflow/example_dags/plugins/workday.py
[2025-02-03T22:20:02.272-0300] {processor.py:208} INFO - Processing /home/gnobisp/Documents/floder1/code-challenge/venv/lib/python3.10/site-packages/airflow/example_dags/plugins/workday.py took 0.122 seconds
