[2025-02-03T21:27:17.522-0300] {processor.py:186} INFO - Started process (PID=297267) to work on /home/gnobisp/Documents/floder1/code-challenge/venv/lib/python3.10/site-packages/airflow/example_dags/example_subdag_operator.py
[2025-02-03T21:27:17.526-0300] {processor.py:914} INFO - Processing file /home/gnobisp/Documents/floder1/code-challenge/venv/lib/python3.10/site-packages/airflow/example_dags/example_subdag_operator.py for tasks to queue
[2025-02-03T21:27:17.534-0300] {logging_mixin.py:190} INFO - [2025-02-03T21:27:17.533-0300] {dagbag.py:588} INFO - Filling up the DagBag from /home/gnobisp/Documents/floder1/code-challenge/venv/lib/python3.10/site-packages/airflow/example_dags/example_subdag_operator.py
[2025-02-03T21:27:17.642-0300] {processor.py:925} INFO - DAG(s) 'example_subdag_operator.section-1', 'example_subdag_operator.section-2', 'example_subdag_operator' retrieved from /home/gnobisp/Documents/floder1/code-challenge/venv/lib/python3.10/site-packages/airflow/example_dags/example_subdag_operator.py
[2025-02-03T21:27:19.517-0300] {logging_mixin.py:190} INFO - [2025-02-03T21:27:19.515-0300] {override.py:1911} INFO - Created Permission View: can delete on DAG:example_subdag_operator
[2025-02-03T21:27:19.715-0300] {logging_mixin.py:190} INFO - [2025-02-03T21:27:19.714-0300] {override.py:1911} INFO - Created Permission View: can read on DAG:example_subdag_operator
[2025-02-03T21:27:19.894-0300] {logging_mixin.py:190} INFO - [2025-02-03T21:27:19.893-0300] {override.py:1911} INFO - Created Permission View: can edit on DAG:example_subdag_operator
[2025-02-03T21:27:21.271-0300] {logging_mixin.py:190} INFO - [2025-02-03T21:27:21.270-0300] {override.py:1911} INFO - Created Permission View: can create on DAG Run:example_subdag_operator
[2025-02-03T21:27:21.562-0300] {logging_mixin.py:190} INFO - [2025-02-03T21:27:21.561-0300] {override.py:1911} INFO - Created Permission View: can delete on DAG Run:example_subdag_operator
[2025-02-03T21:27:21.687-0300] {logging_mixin.py:190} INFO - [2025-02-03T21:27:21.685-0300] {override.py:1911} INFO - Created Permission View: can read on DAG Run:example_subdag_operator
[2025-02-03T21:27:21.812-0300] {logging_mixin.py:190} INFO - [2025-02-03T21:27:21.811-0300] {override.py:1911} INFO - Created Permission View: menu access on DAG Run:example_subdag_operator
[2025-02-03T21:27:21.814-0300] {logging_mixin.py:190} INFO - [2025-02-03T21:27:21.813-0300] {dag.py:3239} INFO - Sync 3 DAGs
[2025-02-03T21:27:21.858-0300] {logging_mixin.py:190} INFO - [2025-02-03T21:27:21.857-0300] {dag.py:3262} INFO - Creating ORM DAG for example_subdag_operator.section-1
[2025-02-03T21:27:21.860-0300] {logging_mixin.py:190} INFO - [2025-02-03T21:27:21.860-0300] {dag.py:3262} INFO - Creating ORM DAG for example_subdag_operator
[2025-02-03T21:27:21.863-0300] {logging_mixin.py:190} INFO - [2025-02-03T21:27:21.862-0300] {dag.py:3262} INFO - Creating ORM DAG for example_subdag_operator.section-2
[2025-02-03T21:27:21.896-0300] {logging_mixin.py:190} INFO - [2025-02-03T21:27:21.896-0300] {dag.py:4180} INFO - Setting next_dagrun for example_subdag_operator to 2022-01-01 00:00:00+00:00, run_after=2022-01-01 00:00:00+00:00
[2025-02-03T21:27:21.899-0300] {logging_mixin.py:190} INFO - [2025-02-03T21:27:21.898-0300] {dag.py:4180} INFO - Setting next_dagrun for example_subdag_operator.section-1 to None, run_after=None
[2025-02-03T21:27:21.901-0300] {logging_mixin.py:190} INFO - [2025-02-03T21:27:21.900-0300] {dag.py:4180} INFO - Setting next_dagrun for example_subdag_operator.section-2 to None, run_after=None
[2025-02-03T21:27:21.928-0300] {logging_mixin.py:190} INFO - [2025-02-03T21:27:21.927-0300] {dag.py:3239} INFO - Sync 2 DAGs
[2025-02-03T21:27:21.946-0300] {logging_mixin.py:190} INFO - [2025-02-03T21:27:21.945-0300] {dag.py:4180} INFO - Setting next_dagrun for example_subdag_operator.section-1 to None, run_after=None
[2025-02-03T21:27:21.954-0300] {logging_mixin.py:190} INFO - [2025-02-03T21:27:21.953-0300] {dag.py:4180} INFO - Setting next_dagrun for example_subdag_operator.section-2 to None, run_after=None
[2025-02-03T21:27:22.118-0300] {processor.py:208} INFO - Processing /home/gnobisp/Documents/floder1/code-challenge/venv/lib/python3.10/site-packages/airflow/example_dags/example_subdag_operator.py took 4.626 seconds
[2025-02-03T22:01:09.522-0300] {processor.py:186} INFO - Started process (PID=13433) to work on /home/gnobisp/Documents/floder1/code-challenge/venv/lib/python3.10/site-packages/airflow/example_dags/example_subdag_operator.py
[2025-02-03T22:01:09.589-0300] {processor.py:914} INFO - Processing file /home/gnobisp/Documents/floder1/code-challenge/venv/lib/python3.10/site-packages/airflow/example_dags/example_subdag_operator.py for tasks to queue
[2025-02-03T22:01:09.602-0300] {logging_mixin.py:190} INFO - [2025-02-03T22:01:09.601-0300] {dagbag.py:588} INFO - Filling up the DagBag from /home/gnobisp/Documents/floder1/code-challenge/venv/lib/python3.10/site-packages/airflow/example_dags/example_subdag_operator.py
[2025-02-03T22:01:09.699-0300] {processor.py:925} INFO - DAG(s) 'example_subdag_operator.section-1', 'example_subdag_operator.section-2', 'example_subdag_operator' retrieved from /home/gnobisp/Documents/floder1/code-challenge/venv/lib/python3.10/site-packages/airflow/example_dags/example_subdag_operator.py
[2025-02-03T22:01:09.805-0300] {logging_mixin.py:190} INFO - [2025-02-03T22:01:09.804-0300] {dag.py:3239} INFO - Sync 3 DAGs
[2025-02-03T22:01:09.929-0300] {logging_mixin.py:190} INFO - [2025-02-03T22:01:09.928-0300] {dag.py:4180} INFO - Setting next_dagrun for example_subdag_operator to 2022-01-01 00:00:00+00:00, run_after=2022-01-01 00:00:00+00:00
[2025-02-03T22:01:09.960-0300] {logging_mixin.py:190} INFO - [2025-02-03T22:01:09.959-0300] {dag.py:4180} INFO - Setting next_dagrun for example_subdag_operator.section-1 to None, run_after=None
[2025-02-03T22:01:09.967-0300] {logging_mixin.py:190} INFO - [2025-02-03T22:01:09.966-0300] {dag.py:4180} INFO - Setting next_dagrun for example_subdag_operator.section-2 to None, run_after=None
[2025-02-03T22:01:09.996-0300] {logging_mixin.py:190} INFO - [2025-02-03T22:01:09.995-0300] {dag.py:3239} INFO - Sync 2 DAGs
[2025-02-03T22:01:10.017-0300] {logging_mixin.py:190} INFO - [2025-02-03T22:01:10.016-0300] {dag.py:4180} INFO - Setting next_dagrun for example_subdag_operator.section-1 to None, run_after=None
[2025-02-03T22:01:10.020-0300] {logging_mixin.py:190} INFO - [2025-02-03T22:01:10.019-0300] {dag.py:4180} INFO - Setting next_dagrun for example_subdag_operator.section-2 to None, run_after=None
[2025-02-03T22:01:10.662-0300] {processor.py:208} INFO - Processing /home/gnobisp/Documents/floder1/code-challenge/venv/lib/python3.10/site-packages/airflow/example_dags/example_subdag_operator.py took 1.166 seconds
[2025-02-03T22:13:57.199-0300] {processor.py:186} INFO - Started process (PID=35057) to work on /home/gnobisp/Documents/floder1/code-challenge/venv/lib/python3.10/site-packages/airflow/example_dags/example_subdag_operator.py
[2025-02-03T22:13:57.480-0300] {processor.py:914} INFO - Processing file /home/gnobisp/Documents/floder1/code-challenge/venv/lib/python3.10/site-packages/airflow/example_dags/example_subdag_operator.py for tasks to queue
[2025-02-03T22:13:57.515-0300] {logging_mixin.py:190} INFO - [2025-02-03T22:13:57.513-0300] {dagbag.py:588} INFO - Filling up the DagBag from /home/gnobisp/Documents/floder1/code-challenge/venv/lib/python3.10/site-packages/airflow/example_dags/example_subdag_operator.py
[2025-02-03T22:13:57.885-0300] {processor.py:925} INFO - DAG(s) 'example_subdag_operator.section-1', 'example_subdag_operator.section-2', 'example_subdag_operator' retrieved from /home/gnobisp/Documents/floder1/code-challenge/venv/lib/python3.10/site-packages/airflow/example_dags/example_subdag_operator.py
[2025-02-03T22:13:58.137-0300] {logging_mixin.py:190} INFO - [2025-02-03T22:13:58.136-0300] {dag.py:3239} INFO - Sync 3 DAGs
[2025-02-03T22:13:58.330-0300] {logging_mixin.py:190} INFO - [2025-02-03T22:13:58.328-0300] {dag.py:4180} INFO - Setting next_dagrun for example_subdag_operator to 2022-01-01 00:00:00+00:00, run_after=2022-01-01 00:00:00+00:00
[2025-02-03T22:13:58.362-0300] {logging_mixin.py:190} INFO - [2025-02-03T22:13:58.361-0300] {dag.py:4180} INFO - Setting next_dagrun for example_subdag_operator.section-1 to None, run_after=None
[2025-02-03T22:13:58.369-0300] {logging_mixin.py:190} INFO - [2025-02-03T22:13:58.367-0300] {dag.py:4180} INFO - Setting next_dagrun for example_subdag_operator.section-2 to None, run_after=None
[2025-02-03T22:13:58.404-0300] {logging_mixin.py:190} INFO - [2025-02-03T22:13:58.403-0300] {dag.py:3239} INFO - Sync 2 DAGs
[2025-02-03T22:13:58.426-0300] {logging_mixin.py:190} INFO - [2025-02-03T22:13:58.425-0300] {dag.py:4180} INFO - Setting next_dagrun for example_subdag_operator.section-1 to None, run_after=None
[2025-02-03T22:13:58.429-0300] {logging_mixin.py:190} INFO - [2025-02-03T22:13:58.428-0300] {dag.py:4180} INFO - Setting next_dagrun for example_subdag_operator.section-2 to None, run_after=None
[2025-02-03T22:13:58.770-0300] {processor.py:208} INFO - Processing /home/gnobisp/Documents/floder1/code-challenge/venv/lib/python3.10/site-packages/airflow/example_dags/example_subdag_operator.py took 1.666 seconds
[2025-02-03T22:16:20.534-0300] {processor.py:186} INFO - Started process (PID=39267) to work on /home/gnobisp/Documents/floder1/code-challenge/venv/lib/python3.10/site-packages/airflow/example_dags/example_subdag_operator.py
[2025-02-03T22:16:21.131-0300] {processor.py:914} INFO - Processing file /home/gnobisp/Documents/floder1/code-challenge/venv/lib/python3.10/site-packages/airflow/example_dags/example_subdag_operator.py for tasks to queue
[2025-02-03T22:16:21.140-0300] {logging_mixin.py:190} INFO - [2025-02-03T22:16:21.138-0300] {dagbag.py:588} INFO - Filling up the DagBag from /home/gnobisp/Documents/floder1/code-challenge/venv/lib/python3.10/site-packages/airflow/example_dags/example_subdag_operator.py
[2025-02-03T22:16:21.254-0300] {processor.py:925} INFO - DAG(s) 'example_subdag_operator.section-1', 'example_subdag_operator.section-2', 'example_subdag_operator' retrieved from /home/gnobisp/Documents/floder1/code-challenge/venv/lib/python3.10/site-packages/airflow/example_dags/example_subdag_operator.py
[2025-02-03T22:16:21.343-0300] {logging_mixin.py:190} INFO - [2025-02-03T22:16:21.342-0300] {dag.py:3239} INFO - Sync 3 DAGs
[2025-02-03T22:16:21.468-0300] {logging_mixin.py:190} INFO - [2025-02-03T22:16:21.467-0300] {dag.py:4180} INFO - Setting next_dagrun for example_subdag_operator to 2022-01-01 00:00:00+00:00, run_after=2022-01-01 00:00:00+00:00
[2025-02-03T22:16:21.497-0300] {logging_mixin.py:190} INFO - [2025-02-03T22:16:21.496-0300] {dag.py:4180} INFO - Setting next_dagrun for example_subdag_operator.section-1 to None, run_after=None
[2025-02-03T22:16:21.503-0300] {logging_mixin.py:190} INFO - [2025-02-03T22:16:21.502-0300] {dag.py:4180} INFO - Setting next_dagrun for example_subdag_operator.section-2 to None, run_after=None
[2025-02-03T22:16:21.539-0300] {logging_mixin.py:190} INFO - [2025-02-03T22:16:21.538-0300] {dag.py:3239} INFO - Sync 2 DAGs
[2025-02-03T22:16:21.567-0300] {logging_mixin.py:190} INFO - [2025-02-03T22:16:21.565-0300] {dag.py:4180} INFO - Setting next_dagrun for example_subdag_operator.section-1 to None, run_after=None
[2025-02-03T22:16:21.570-0300] {logging_mixin.py:190} INFO - [2025-02-03T22:16:21.569-0300] {dag.py:4180} INFO - Setting next_dagrun for example_subdag_operator.section-2 to None, run_after=None
[2025-02-03T22:16:21.908-0300] {processor.py:208} INFO - Processing /home/gnobisp/Documents/floder1/code-challenge/venv/lib/python3.10/site-packages/airflow/example_dags/example_subdag_operator.py took 1.413 seconds
[2025-02-03T22:18:29.821-0300] {processor.py:186} INFO - Started process (PID=42895) to work on /home/gnobisp/Documents/floder1/code-challenge/venv/lib/python3.10/site-packages/airflow/example_dags/example_subdag_operator.py
[2025-02-03T22:18:29.841-0300] {processor.py:914} INFO - Processing file /home/gnobisp/Documents/floder1/code-challenge/venv/lib/python3.10/site-packages/airflow/example_dags/example_subdag_operator.py for tasks to queue
[2025-02-03T22:18:29.853-0300] {logging_mixin.py:190} INFO - [2025-02-03T22:18:29.852-0300] {dagbag.py:588} INFO - Filling up the DagBag from /home/gnobisp/Documents/floder1/code-challenge/venv/lib/python3.10/site-packages/airflow/example_dags/example_subdag_operator.py
[2025-02-03T22:18:29.956-0300] {processor.py:925} INFO - DAG(s) 'example_subdag_operator.section-1', 'example_subdag_operator.section-2', 'example_subdag_operator' retrieved from /home/gnobisp/Documents/floder1/code-challenge/venv/lib/python3.10/site-packages/airflow/example_dags/example_subdag_operator.py
[2025-02-03T22:18:30.048-0300] {logging_mixin.py:190} INFO - [2025-02-03T22:18:30.047-0300] {dag.py:3239} INFO - Sync 3 DAGs
[2025-02-03T22:18:30.149-0300] {logging_mixin.py:190} INFO - [2025-02-03T22:18:30.147-0300] {dag.py:4180} INFO - Setting next_dagrun for example_subdag_operator to 2022-01-01 00:00:00+00:00, run_after=2022-01-01 00:00:00+00:00
[2025-02-03T22:18:30.172-0300] {logging_mixin.py:190} INFO - [2025-02-03T22:18:30.171-0300] {dag.py:4180} INFO - Setting next_dagrun for example_subdag_operator.section-1 to None, run_after=None
[2025-02-03T22:18:30.177-0300] {logging_mixin.py:190} INFO - [2025-02-03T22:18:30.176-0300] {dag.py:4180} INFO - Setting next_dagrun for example_subdag_operator.section-2 to None, run_after=None
[2025-02-03T22:18:30.206-0300] {logging_mixin.py:190} INFO - [2025-02-03T22:18:30.205-0300] {dag.py:3239} INFO - Sync 2 DAGs
[2025-02-03T22:18:30.227-0300] {logging_mixin.py:190} INFO - [2025-02-03T22:18:30.226-0300] {dag.py:4180} INFO - Setting next_dagrun for example_subdag_operator.section-1 to None, run_after=None
[2025-02-03T22:18:30.230-0300] {logging_mixin.py:190} INFO - [2025-02-03T22:18:30.228-0300] {dag.py:4180} INFO - Setting next_dagrun for example_subdag_operator.section-2 to None, run_after=None
[2025-02-03T22:18:30.384-0300] {processor.py:208} INFO - Processing /home/gnobisp/Documents/floder1/code-challenge/venv/lib/python3.10/site-packages/airflow/example_dags/example_subdag_operator.py took 0.635 seconds
[2025-02-03T22:20:47.806-0300] {processor.py:186} INFO - Started process (PID=46153) to work on /home/gnobisp/Documents/floder1/code-challenge/venv/lib/python3.10/site-packages/airflow/example_dags/example_subdag_operator.py
[2025-02-03T22:20:47.825-0300] {processor.py:914} INFO - Processing file /home/gnobisp/Documents/floder1/code-challenge/venv/lib/python3.10/site-packages/airflow/example_dags/example_subdag_operator.py for tasks to queue
[2025-02-03T22:20:47.836-0300] {logging_mixin.py:190} INFO - [2025-02-03T22:20:47.834-0300] {dagbag.py:588} INFO - Filling up the DagBag from /home/gnobisp/Documents/floder1/code-challenge/venv/lib/python3.10/site-packages/airflow/example_dags/example_subdag_operator.py
[2025-02-03T22:20:47.933-0300] {processor.py:925} INFO - DAG(s) 'example_subdag_operator.section-1', 'example_subdag_operator.section-2', 'example_subdag_operator' retrieved from /home/gnobisp/Documents/floder1/code-challenge/venv/lib/python3.10/site-packages/airflow/example_dags/example_subdag_operator.py
[2025-02-03T22:20:48.008-0300] {logging_mixin.py:190} INFO - [2025-02-03T22:20:48.007-0300] {dag.py:3239} INFO - Sync 3 DAGs
[2025-02-03T22:20:48.101-0300] {logging_mixin.py:190} INFO - [2025-02-03T22:20:48.100-0300] {dag.py:4180} INFO - Setting next_dagrun for example_subdag_operator to 2022-01-01 00:00:00+00:00, run_after=2022-01-01 00:00:00+00:00
[2025-02-03T22:20:48.116-0300] {logging_mixin.py:190} INFO - [2025-02-03T22:20:48.115-0300] {dag.py:4180} INFO - Setting next_dagrun for example_subdag_operator.section-1 to None, run_after=None
[2025-02-03T22:20:48.121-0300] {logging_mixin.py:190} INFO - [2025-02-03T22:20:48.120-0300] {dag.py:4180} INFO - Setting next_dagrun for example_subdag_operator.section-2 to None, run_after=None
[2025-02-03T22:20:48.148-0300] {logging_mixin.py:190} INFO - [2025-02-03T22:20:48.147-0300] {dag.py:3239} INFO - Sync 2 DAGs
[2025-02-03T22:20:48.169-0300] {logging_mixin.py:190} INFO - [2025-02-03T22:20:48.168-0300] {dag.py:4180} INFO - Setting next_dagrun for example_subdag_operator.section-1 to None, run_after=None
[2025-02-03T22:20:48.171-0300] {logging_mixin.py:190} INFO - [2025-02-03T22:20:48.170-0300] {dag.py:4180} INFO - Setting next_dagrun for example_subdag_operator.section-2 to None, run_after=None
[2025-02-03T22:20:48.356-0300] {processor.py:208} INFO - Processing /home/gnobisp/Documents/floder1/code-challenge/venv/lib/python3.10/site-packages/airflow/example_dags/example_subdag_operator.py took 0.587 seconds
