[2025-02-03T21:29:38.069-0300] {processor.py:186} INFO - Started process (PID=301148) to work on /home/gnobisp/Documents/floder1/code-challenge/venv/lib/python3.10/site-packages/airflow/example_dags/example_dynamic_task_mapping.py
[2025-02-03T21:29:38.072-0300] {processor.py:914} INFO - Processing file /home/gnobisp/Documents/floder1/code-challenge/venv/lib/python3.10/site-packages/airflow/example_dags/example_dynamic_task_mapping.py for tasks to queue
[2025-02-03T21:29:38.082-0300] {logging_mixin.py:190} INFO - [2025-02-03T21:29:38.081-0300] {dagbag.py:588} INFO - Filling up the DagBag from /home/gnobisp/Documents/floder1/code-challenge/venv/lib/python3.10/site-packages/airflow/example_dags/example_dynamic_task_mapping.py
[2025-02-03T21:29:38.113-0300] {processor.py:925} INFO - DAG(s) 'example_dynamic_task_mapping' retrieved from /home/gnobisp/Documents/floder1/code-challenge/venv/lib/python3.10/site-packages/airflow/example_dags/example_dynamic_task_mapping.py
[2025-02-03T21:29:40.995-0300] {logging_mixin.py:190} INFO - [2025-02-03T21:29:40.993-0300] {override.py:1911} INFO - Created Permission View: can delete on DAG:example_dynamic_task_mapping
[2025-02-03T21:29:41.191-0300] {logging_mixin.py:190} INFO - [2025-02-03T21:29:41.190-0300] {override.py:1911} INFO - Created Permission View: can read on DAG:example_dynamic_task_mapping
[2025-02-03T21:29:41.306-0300] {logging_mixin.py:190} INFO - [2025-02-03T21:29:41.304-0300] {override.py:1911} INFO - Created Permission View: can edit on DAG:example_dynamic_task_mapping
[2025-02-03T21:29:41.706-0300] {logging_mixin.py:190} INFO - [2025-02-03T21:29:41.705-0300] {override.py:1911} INFO - Created Permission View: can create on DAG Run:example_dynamic_task_mapping
[2025-02-03T21:29:41.966-0300] {logging_mixin.py:190} INFO - [2025-02-03T21:29:41.961-0300] {override.py:1911} INFO - Created Permission View: can delete on DAG Run:example_dynamic_task_mapping
[2025-02-03T21:29:42.235-0300] {logging_mixin.py:190} INFO - [2025-02-03T21:29:42.228-0300] {override.py:1911} INFO - Created Permission View: can read on DAG Run:example_dynamic_task_mapping
[2025-02-03T21:29:43.644-0300] {logging_mixin.py:190} INFO - [2025-02-03T21:29:43.643-0300] {override.py:1911} INFO - Created Permission View: menu access on DAG Run:example_dynamic_task_mapping
[2025-02-03T21:29:43.651-0300] {logging_mixin.py:190} INFO - [2025-02-03T21:29:43.650-0300] {dag.py:3239} INFO - Sync 1 DAGs
[2025-02-03T21:29:43.782-0300] {logging_mixin.py:190} INFO - [2025-02-03T21:29:43.777-0300] {dag.py:3262} INFO - Creating ORM DAG for example_dynamic_task_mapping
[2025-02-03T21:29:43.789-0300] {logging_mixin.py:190} INFO - [2025-02-03T21:29:43.785-0300] {dag.py:4180} INFO - Setting next_dagrun for example_dynamic_task_mapping to None, run_after=None
[2025-02-03T21:29:44.083-0300] {processor.py:208} INFO - Processing /home/gnobisp/Documents/floder1/code-challenge/venv/lib/python3.10/site-packages/airflow/example_dags/example_dynamic_task_mapping.py took 6.038 seconds
[2025-02-03T22:19:22.660-0300] {processor.py:186} INFO - Started process (PID=44073) to work on /home/gnobisp/Documents/floder1/code-challenge/venv/lib/python3.10/site-packages/airflow/example_dags/example_dynamic_task_mapping.py
[2025-02-03T22:19:22.792-0300] {processor.py:914} INFO - Processing file /home/gnobisp/Documents/floder1/code-challenge/venv/lib/python3.10/site-packages/airflow/example_dags/example_dynamic_task_mapping.py for tasks to queue
[2025-02-03T22:19:22.805-0300] {logging_mixin.py:190} INFO - [2025-02-03T22:19:22.803-0300] {dagbag.py:588} INFO - Filling up the DagBag from /home/gnobisp/Documents/floder1/code-challenge/venv/lib/python3.10/site-packages/airflow/example_dags/example_dynamic_task_mapping.py
[2025-02-03T22:19:22.836-0300] {processor.py:925} INFO - DAG(s) 'example_dynamic_task_mapping' retrieved from /home/gnobisp/Documents/floder1/code-challenge/venv/lib/python3.10/site-packages/airflow/example_dags/example_dynamic_task_mapping.py
[2025-02-03T22:19:22.900-0300] {logging_mixin.py:190} INFO - [2025-02-03T22:19:22.899-0300] {dag.py:3239} INFO - Sync 1 DAGs
[2025-02-03T22:19:22.962-0300] {logging_mixin.py:190} INFO - [2025-02-03T22:19:22.961-0300] {dag.py:4180} INFO - Setting next_dagrun for example_dynamic_task_mapping to None, run_after=None
[2025-02-03T22:19:23.309-0300] {processor.py:208} INFO - Processing /home/gnobisp/Documents/floder1/code-challenge/venv/lib/python3.10/site-packages/airflow/example_dags/example_dynamic_task_mapping.py took 0.666 seconds
[2025-02-03T22:21:45.745-0300] {processor.py:186} INFO - Started process (PID=47579) to work on /home/gnobisp/Documents/floder1/code-challenge/venv/lib/python3.10/site-packages/airflow/example_dags/example_dynamic_task_mapping.py
[2025-02-03T22:21:46.086-0300] {processor.py:914} INFO - Processing file /home/gnobisp/Documents/floder1/code-challenge/venv/lib/python3.10/site-packages/airflow/example_dags/example_dynamic_task_mapping.py for tasks to queue
[2025-02-03T22:21:46.103-0300] {logging_mixin.py:190} INFO - [2025-02-03T22:21:46.098-0300] {dagbag.py:588} INFO - Filling up the DagBag from /home/gnobisp/Documents/floder1/code-challenge/venv/lib/python3.10/site-packages/airflow/example_dags/example_dynamic_task_mapping.py
[2025-02-03T22:21:46.193-0300] {processor.py:925} INFO - DAG(s) 'example_dynamic_task_mapping' retrieved from /home/gnobisp/Documents/floder1/code-challenge/venv/lib/python3.10/site-packages/airflow/example_dags/example_dynamic_task_mapping.py
[2025-02-03T22:21:46.304-0300] {logging_mixin.py:190} INFO - [2025-02-03T22:21:46.303-0300] {dag.py:3239} INFO - Sync 1 DAGs
