[2025-02-03T21:29:12.035-0300] {processor.py:186} INFO - Started process (PID=300271) to work on /home/gnobisp/Documents/floder1/code-challenge/venv/lib/python3.10/site-packages/airflow/example_dags/example_inlet_event_extra.py
[2025-02-03T21:29:12.052-0300] {processor.py:914} INFO - Processing file /home/gnobisp/Documents/floder1/code-challenge/venv/lib/python3.10/site-packages/airflow/example_dags/example_inlet_event_extra.py for tasks to queue
[2025-02-03T21:29:12.084-0300] {logging_mixin.py:190} INFO - [2025-02-03T21:29:12.075-0300] {dagbag.py:588} INFO - Filling up the DagBag from /home/gnobisp/Documents/floder1/code-challenge/venv/lib/python3.10/site-packages/airflow/example_dags/example_inlet_event_extra.py
[2025-02-03T21:29:12.224-0300] {processor.py:925} INFO - DAG(s) 'read_dataset_event_from_classic', 'read_dataset_event' retrieved from /home/gnobisp/Documents/floder1/code-challenge/venv/lib/python3.10/site-packages/airflow/example_dags/example_inlet_event_extra.py
[2025-02-03T21:29:13.774-0300] {logging_mixin.py:190} INFO - [2025-02-03T21:29:13.767-0300] {override.py:1911} INFO - Created Permission View: can delete on DAG:read_dataset_event_from_classic
[2025-02-03T21:29:15.660-0300] {logging_mixin.py:190} INFO - [2025-02-03T21:29:15.659-0300] {override.py:1911} INFO - Created Permission View: can read on DAG:read_dataset_event_from_classic
[2025-02-03T21:29:16.001-0300] {logging_mixin.py:190} INFO - [2025-02-03T21:29:15.999-0300] {override.py:1911} INFO - Created Permission View: can edit on DAG:read_dataset_event_from_classic
[2025-02-03T21:29:16.582-0300] {logging_mixin.py:190} INFO - [2025-02-03T21:29:16.581-0300] {override.py:1911} INFO - Created Permission View: can create on DAG Run:read_dataset_event_from_classic
[2025-02-03T21:29:16.950-0300] {logging_mixin.py:190} INFO - [2025-02-03T21:29:16.949-0300] {override.py:1911} INFO - Created Permission View: can delete on DAG Run:read_dataset_event_from_classic
[2025-02-03T21:29:18.616-0300] {logging_mixin.py:190} INFO - [2025-02-03T21:29:18.607-0300] {override.py:1911} INFO - Created Permission View: can read on DAG Run:read_dataset_event_from_classic
[2025-02-03T21:29:18.877-0300] {logging_mixin.py:190} INFO - [2025-02-03T21:29:18.872-0300] {override.py:1911} INFO - Created Permission View: menu access on DAG Run:read_dataset_event_from_classic
[2025-02-03T21:29:19.378-0300] {logging_mixin.py:190} INFO - [2025-02-03T21:29:19.377-0300] {override.py:1911} INFO - Created Permission View: can delete on DAG:read_dataset_event
[2025-02-03T21:29:20.260-0300] {logging_mixin.py:190} INFO - [2025-02-03T21:29:20.258-0300] {override.py:1911} INFO - Created Permission View: can read on DAG:read_dataset_event
[2025-02-03T21:29:20.523-0300] {logging_mixin.py:190} INFO - [2025-02-03T21:29:20.521-0300] {override.py:1911} INFO - Created Permission View: can edit on DAG:read_dataset_event
[2025-02-03T21:29:22.009-0300] {logging_mixin.py:190} INFO - [2025-02-03T21:29:22.007-0300] {override.py:1911} INFO - Created Permission View: can create on DAG Run:read_dataset_event
[2025-02-03T21:29:22.299-0300] {logging_mixin.py:190} INFO - [2025-02-03T21:29:22.298-0300] {override.py:1911} INFO - Created Permission View: can delete on DAG Run:read_dataset_event
[2025-02-03T21:29:22.551-0300] {logging_mixin.py:190} INFO - [2025-02-03T21:29:22.548-0300] {override.py:1911} INFO - Created Permission View: can read on DAG Run:read_dataset_event
[2025-02-03T21:29:22.775-0300] {logging_mixin.py:190} INFO - [2025-02-03T21:29:22.774-0300] {override.py:1911} INFO - Created Permission View: menu access on DAG Run:read_dataset_event
[2025-02-03T21:29:22.779-0300] {logging_mixin.py:190} INFO - [2025-02-03T21:29:22.777-0300] {dag.py:3239} INFO - Sync 2 DAGs
[2025-02-03T21:29:22.901-0300] {logging_mixin.py:190} INFO - [2025-02-03T21:29:22.900-0300] {dag.py:3262} INFO - Creating ORM DAG for read_dataset_event
[2025-02-03T21:29:22.907-0300] {logging_mixin.py:190} INFO - [2025-02-03T21:29:22.906-0300] {dag.py:3262} INFO - Creating ORM DAG for read_dataset_event_from_classic
[2025-02-03T21:29:23.074-0300] {logging_mixin.py:190} INFO - [2025-02-03T21:29:23.072-0300] {dag.py:4180} INFO - Setting next_dagrun for read_dataset_event to 2025-02-03 00:00:00+00:00, run_after=2025-02-04 00:00:00+00:00
[2025-02-03T21:29:23.096-0300] {logging_mixin.py:190} INFO - [2025-02-03T21:29:23.096-0300] {dag.py:4180} INFO - Setting next_dagrun for read_dataset_event_from_classic to 2025-02-03 00:00:00+00:00, run_after=2025-02-04 00:00:00+00:00
[2025-02-03T21:29:23.391-0300] {processor.py:208} INFO - Processing /home/gnobisp/Documents/floder1/code-challenge/venv/lib/python3.10/site-packages/airflow/example_dags/example_inlet_event_extra.py took 11.407 seconds
[2025-02-03T22:19:16.455-0300] {processor.py:186} INFO - Started process (PID=44007) to work on /home/gnobisp/Documents/floder1/code-challenge/venv/lib/python3.10/site-packages/airflow/example_dags/example_inlet_event_extra.py
[2025-02-03T22:19:16.495-0300] {processor.py:914} INFO - Processing file /home/gnobisp/Documents/floder1/code-challenge/venv/lib/python3.10/site-packages/airflow/example_dags/example_inlet_event_extra.py for tasks to queue
[2025-02-03T22:19:16.505-0300] {logging_mixin.py:190} INFO - [2025-02-03T22:19:16.503-0300] {dagbag.py:588} INFO - Filling up the DagBag from /home/gnobisp/Documents/floder1/code-challenge/venv/lib/python3.10/site-packages/airflow/example_dags/example_inlet_event_extra.py
[2025-02-03T22:19:16.571-0300] {processor.py:925} INFO - DAG(s) 'read_dataset_event_from_classic', 'read_dataset_event' retrieved from /home/gnobisp/Documents/floder1/code-challenge/venv/lib/python3.10/site-packages/airflow/example_dags/example_inlet_event_extra.py
[2025-02-03T22:19:16.653-0300] {logging_mixin.py:190} INFO - [2025-02-03T22:19:16.652-0300] {dag.py:3239} INFO - Sync 2 DAGs
[2025-02-03T22:19:16.762-0300] {logging_mixin.py:190} INFO - [2025-02-03T22:19:16.762-0300] {dag.py:4180} INFO - Setting next_dagrun for read_dataset_event to 2025-02-03 00:00:00+00:00, run_after=2025-02-04 00:00:00+00:00
[2025-02-03T22:19:16.786-0300] {logging_mixin.py:190} INFO - [2025-02-03T22:19:16.785-0300] {dag.py:4180} INFO - Setting next_dagrun for read_dataset_event_from_classic to 2025-02-03 00:00:00+00:00, run_after=2025-02-04 00:00:00+00:00
[2025-02-03T22:19:17.756-0300] {processor.py:208} INFO - Processing /home/gnobisp/Documents/floder1/code-challenge/venv/lib/python3.10/site-packages/airflow/example_dags/example_inlet_event_extra.py took 1.333 seconds
[2025-02-03T22:21:39.556-0300] {processor.py:186} INFO - Started process (PID=47402) to work on /home/gnobisp/Documents/floder1/code-challenge/venv/lib/python3.10/site-packages/airflow/example_dags/example_inlet_event_extra.py
[2025-02-03T22:21:39.933-0300] {processor.py:914} INFO - Processing file /home/gnobisp/Documents/floder1/code-challenge/venv/lib/python3.10/site-packages/airflow/example_dags/example_inlet_event_extra.py for tasks to queue
[2025-02-03T22:21:39.945-0300] {logging_mixin.py:190} INFO - [2025-02-03T22:21:39.943-0300] {dagbag.py:588} INFO - Filling up the DagBag from /home/gnobisp/Documents/floder1/code-challenge/venv/lib/python3.10/site-packages/airflow/example_dags/example_inlet_event_extra.py
[2025-02-03T22:21:40.062-0300] {processor.py:925} INFO - DAG(s) 'read_dataset_event', 'read_dataset_event_from_classic' retrieved from /home/gnobisp/Documents/floder1/code-challenge/venv/lib/python3.10/site-packages/airflow/example_dags/example_inlet_event_extra.py
[2025-02-03T22:21:40.223-0300] {logging_mixin.py:190} INFO - [2025-02-03T22:21:40.222-0300] {dag.py:3239} INFO - Sync 2 DAGs
[2025-02-03T22:21:40.550-0300] {logging_mixin.py:190} INFO - [2025-02-03T22:21:40.549-0300] {dag.py:4180} INFO - Setting next_dagrun for read_dataset_event to 2025-02-03 00:00:00+00:00, run_after=2025-02-04 00:00:00+00:00
[2025-02-03T22:21:40.575-0300] {logging_mixin.py:190} INFO - [2025-02-03T22:21:40.574-0300] {dag.py:4180} INFO - Setting next_dagrun for read_dataset_event_from_classic to 2025-02-03 00:00:00+00:00, run_after=2025-02-04 00:00:00+00:00
[2025-02-03T22:21:41.061-0300] {processor.py:208} INFO - Processing /home/gnobisp/Documents/floder1/code-challenge/venv/lib/python3.10/site-packages/airflow/example_dags/example_inlet_event_extra.py took 1.531 seconds
