[2025-02-03T21:16:21.634-0300] {processor.py:186} INFO - Started process (PID=278546) to work on /home/gnobisp/Documents/floder1/code-challenge/venv/lib/python3.10/site-packages/airflow/example_dags/example_task_group_decorator.py
[2025-02-03T21:16:21.637-0300] {processor.py:914} INFO - Processing file /home/gnobisp/Documents/floder1/code-challenge/venv/lib/python3.10/site-packages/airflow/example_dags/example_task_group_decorator.py for tasks to queue
[2025-02-03T21:16:21.644-0300] {logging_mixin.py:190} INFO - [2025-02-03T21:16:21.643-0300] {dagbag.py:588} INFO - Filling up the DagBag from /home/gnobisp/Documents/floder1/code-challenge/venv/lib/python3.10/site-packages/airflow/example_dags/example_task_group_decorator.py
[2025-02-03T21:16:21.725-0300] {processor.py:925} INFO - DAG(s) 'example_task_group_decorator' retrieved from /home/gnobisp/Documents/floder1/code-challenge/venv/lib/python3.10/site-packages/airflow/example_dags/example_task_group_decorator.py
[2025-02-03T21:16:23.486-0300] {logging_mixin.py:190} INFO - [2025-02-03T21:16:23.484-0300] {override.py:1911} INFO - Created Permission View: can edit on DAG:example_task_group_decorator
[2025-02-03T21:16:23.760-0300] {logging_mixin.py:190} INFO - [2025-02-03T21:16:23.758-0300] {override.py:1911} INFO - Created Permission View: can read on DAG:example_task_group_decorator
[2025-02-03T21:16:24.251-0300] {logging_mixin.py:190} INFO - [2025-02-03T21:16:24.250-0300] {override.py:1911} INFO - Created Permission View: can delete on DAG:example_task_group_decorator
[2025-02-03T21:16:24.545-0300] {logging_mixin.py:190} INFO - [2025-02-03T21:16:24.544-0300] {override.py:1911} INFO - Created Permission View: menu access on DAG Run:example_task_group_decorator
[2025-02-03T21:16:25.588-0300] {logging_mixin.py:190} INFO - [2025-02-03T21:16:25.581-0300] {override.py:1911} INFO - Created Permission View: can read on DAG Run:example_task_group_decorator
[2025-02-03T21:16:25.810-0300] {logging_mixin.py:190} INFO - [2025-02-03T21:16:25.801-0300] {override.py:1911} INFO - Created Permission View: can delete on DAG Run:example_task_group_decorator
[2025-02-03T21:16:26.112-0300] {logging_mixin.py:190} INFO - [2025-02-03T21:16:26.109-0300] {override.py:1911} INFO - Created Permission View: can create on DAG Run:example_task_group_decorator
[2025-02-03T21:16:26.117-0300] {logging_mixin.py:190} INFO - [2025-02-03T21:16:26.115-0300] {dag.py:3239} INFO - Sync 1 DAGs
[2025-02-03T21:16:26.346-0300] {logging_mixin.py:190} INFO - [2025-02-03T21:16:26.341-0300] {dag.py:3262} INFO - Creating ORM DAG for example_task_group_decorator
[2025-02-03T21:16:26.355-0300] {logging_mixin.py:190} INFO - [2025-02-03T21:16:26.349-0300] {dag.py:4180} INFO - Setting next_dagrun for example_task_group_decorator to None, run_after=None
[2025-02-03T21:16:26.894-0300] {processor.py:208} INFO - Processing /home/gnobisp/Documents/floder1/code-challenge/venv/lib/python3.10/site-packages/airflow/example_dags/example_task_group_decorator.py took 5.287 seconds
[2025-02-03T21:27:11.799-0300] {processor.py:186} INFO - Started process (PID=297162) to work on /home/gnobisp/Documents/floder1/code-challenge/venv/lib/python3.10/site-packages/airflow/example_dags/example_task_group_decorator.py
[2025-02-03T21:27:12.642-0300] {processor.py:914} INFO - Processing file /home/gnobisp/Documents/floder1/code-challenge/venv/lib/python3.10/site-packages/airflow/example_dags/example_task_group_decorator.py for tasks to queue
[2025-02-03T21:27:12.652-0300] {logging_mixin.py:190} INFO - [2025-02-03T21:27:12.649-0300] {dagbag.py:588} INFO - Filling up the DagBag from /home/gnobisp/Documents/floder1/code-challenge/venv/lib/python3.10/site-packages/airflow/example_dags/example_task_group_decorator.py
[2025-02-03T21:27:12.761-0300] {processor.py:925} INFO - DAG(s) 'example_task_group_decorator' retrieved from /home/gnobisp/Documents/floder1/code-challenge/venv/lib/python3.10/site-packages/airflow/example_dags/example_task_group_decorator.py
[2025-02-03T21:27:12.878-0300] {logging_mixin.py:190} INFO - [2025-02-03T21:27:12.877-0300] {dag.py:3239} INFO - Sync 1 DAGs
[2025-02-03T21:27:12.958-0300] {logging_mixin.py:190} INFO - [2025-02-03T21:27:12.957-0300] {dag.py:4180} INFO - Setting next_dagrun for example_task_group_decorator to None, run_after=None
[2025-02-03T21:27:13.118-0300] {processor.py:208} INFO - Processing /home/gnobisp/Documents/floder1/code-challenge/venv/lib/python3.10/site-packages/airflow/example_dags/example_task_group_decorator.py took 1.346 seconds
[2025-02-03T21:45:06.864-0300] {processor.py:186} INFO - Started process (PID=327660) to work on /home/gnobisp/Documents/floder1/code-challenge/venv/lib/python3.10/site-packages/airflow/example_dags/example_task_group_decorator.py
[2025-02-03T21:45:06.870-0300] {processor.py:914} INFO - Processing file /home/gnobisp/Documents/floder1/code-challenge/venv/lib/python3.10/site-packages/airflow/example_dags/example_task_group_decorator.py for tasks to queue
[2025-02-03T21:45:06.882-0300] {logging_mixin.py:190} INFO - [2025-02-03T21:45:06.881-0300] {dagbag.py:588} INFO - Filling up the DagBag from /home/gnobisp/Documents/floder1/code-challenge/venv/lib/python3.10/site-packages/airflow/example_dags/example_task_group_decorator.py
[2025-02-03T21:45:06.965-0300] {processor.py:925} INFO - DAG(s) 'example_task_group_decorator' retrieved from /home/gnobisp/Documents/floder1/code-challenge/venv/lib/python3.10/site-packages/airflow/example_dags/example_task_group_decorator.py
[2025-02-03T21:45:07.079-0300] {logging_mixin.py:190} INFO - [2025-02-03T21:45:07.078-0300] {dag.py:3239} INFO - Sync 1 DAGs
[2025-02-03T21:45:07.149-0300] {logging_mixin.py:190} INFO - [2025-02-03T21:45:07.147-0300] {dag.py:4180} INFO - Setting next_dagrun for example_task_group_decorator to None, run_after=None
[2025-02-03T21:45:07.443-0300] {processor.py:208} INFO - Processing /home/gnobisp/Documents/floder1/code-challenge/venv/lib/python3.10/site-packages/airflow/example_dags/example_task_group_decorator.py took 0.633 seconds
[2025-02-03T22:01:03.627-0300] {processor.py:186} INFO - Started process (PID=13319) to work on /home/gnobisp/Documents/floder1/code-challenge/venv/lib/python3.10/site-packages/airflow/example_dags/example_task_group_decorator.py
[2025-02-03T22:01:04.140-0300] {processor.py:914} INFO - Processing file /home/gnobisp/Documents/floder1/code-challenge/venv/lib/python3.10/site-packages/airflow/example_dags/example_task_group_decorator.py for tasks to queue
[2025-02-03T22:01:04.149-0300] {logging_mixin.py:190} INFO - [2025-02-03T22:01:04.148-0300] {dagbag.py:588} INFO - Filling up the DagBag from /home/gnobisp/Documents/floder1/code-challenge/venv/lib/python3.10/site-packages/airflow/example_dags/example_task_group_decorator.py
[2025-02-03T22:01:04.236-0300] {processor.py:925} INFO - DAG(s) 'example_task_group_decorator' retrieved from /home/gnobisp/Documents/floder1/code-challenge/venv/lib/python3.10/site-packages/airflow/example_dags/example_task_group_decorator.py
[2025-02-03T22:01:04.347-0300] {logging_mixin.py:190} INFO - [2025-02-03T22:01:04.346-0300] {dag.py:3239} INFO - Sync 1 DAGs
[2025-02-03T22:01:04.412-0300] {logging_mixin.py:190} INFO - [2025-02-03T22:01:04.411-0300] {dag.py:4180} INFO - Setting next_dagrun for example_task_group_decorator to None, run_after=None
[2025-02-03T22:01:05.449-0300] {processor.py:208} INFO - Processing /home/gnobisp/Documents/floder1/code-challenge/venv/lib/python3.10/site-packages/airflow/example_dags/example_task_group_decorator.py took 1.847 seconds
[2025-02-03T22:13:53.197-0300] {processor.py:186} INFO - Started process (PID=34976) to work on /home/gnobisp/Documents/floder1/code-challenge/venv/lib/python3.10/site-packages/airflow/example_dags/example_task_group_decorator.py
[2025-02-03T22:13:53.218-0300] {processor.py:914} INFO - Processing file /home/gnobisp/Documents/floder1/code-challenge/venv/lib/python3.10/site-packages/airflow/example_dags/example_task_group_decorator.py for tasks to queue
[2025-02-03T22:13:53.241-0300] {logging_mixin.py:190} INFO - [2025-02-03T22:13:53.238-0300] {dagbag.py:588} INFO - Filling up the DagBag from /home/gnobisp/Documents/floder1/code-challenge/venv/lib/python3.10/site-packages/airflow/example_dags/example_task_group_decorator.py
[2025-02-03T22:13:53.475-0300] {processor.py:925} INFO - DAG(s) 'example_task_group_decorator' retrieved from /home/gnobisp/Documents/floder1/code-challenge/venv/lib/python3.10/site-packages/airflow/example_dags/example_task_group_decorator.py
[2025-02-03T22:13:53.632-0300] {logging_mixin.py:190} INFO - [2025-02-03T22:13:53.631-0300] {dag.py:3239} INFO - Sync 1 DAGs
[2025-02-03T22:13:53.700-0300] {logging_mixin.py:190} INFO - [2025-02-03T22:13:53.699-0300] {dag.py:4180} INFO - Setting next_dagrun for example_task_group_decorator to None, run_after=None
[2025-02-03T22:13:53.953-0300] {processor.py:208} INFO - Processing /home/gnobisp/Documents/floder1/code-challenge/venv/lib/python3.10/site-packages/airflow/example_dags/example_task_group_decorator.py took 0.784 seconds
[2025-02-03T22:16:15.857-0300] {processor.py:186} INFO - Started process (PID=39148) to work on /home/gnobisp/Documents/floder1/code-challenge/venv/lib/python3.10/site-packages/airflow/example_dags/example_task_group_decorator.py
[2025-02-03T22:16:16.292-0300] {processor.py:914} INFO - Processing file /home/gnobisp/Documents/floder1/code-challenge/venv/lib/python3.10/site-packages/airflow/example_dags/example_task_group_decorator.py for tasks to queue
[2025-02-03T22:16:16.301-0300] {logging_mixin.py:190} INFO - [2025-02-03T22:16:16.300-0300] {dagbag.py:588} INFO - Filling up the DagBag from /home/gnobisp/Documents/floder1/code-challenge/venv/lib/python3.10/site-packages/airflow/example_dags/example_task_group_decorator.py
[2025-02-03T22:16:16.397-0300] {processor.py:925} INFO - DAG(s) 'example_task_group_decorator' retrieved from /home/gnobisp/Documents/floder1/code-challenge/venv/lib/python3.10/site-packages/airflow/example_dags/example_task_group_decorator.py
[2025-02-03T22:16:16.510-0300] {logging_mixin.py:190} INFO - [2025-02-03T22:16:16.509-0300] {dag.py:3239} INFO - Sync 1 DAGs
[2025-02-03T22:16:16.576-0300] {logging_mixin.py:190} INFO - [2025-02-03T22:16:16.575-0300] {dag.py:4180} INFO - Setting next_dagrun for example_task_group_decorator to None, run_after=None
[2025-02-03T22:16:16.884-0300] {processor.py:208} INFO - Processing /home/gnobisp/Documents/floder1/code-challenge/venv/lib/python3.10/site-packages/airflow/example_dags/example_task_group_decorator.py took 1.057 seconds
[2025-02-03T22:18:22.835-0300] {processor.py:186} INFO - Started process (PID=42779) to work on /home/gnobisp/Documents/floder1/code-challenge/venv/lib/python3.10/site-packages/airflow/example_dags/example_task_group_decorator.py
[2025-02-03T22:18:23.088-0300] {processor.py:914} INFO - Processing file /home/gnobisp/Documents/floder1/code-challenge/venv/lib/python3.10/site-packages/airflow/example_dags/example_task_group_decorator.py for tasks to queue
[2025-02-03T22:18:23.104-0300] {logging_mixin.py:190} INFO - [2025-02-03T22:18:23.102-0300] {dagbag.py:588} INFO - Filling up the DagBag from /home/gnobisp/Documents/floder1/code-challenge/venv/lib/python3.10/site-packages/airflow/example_dags/example_task_group_decorator.py
[2025-02-03T22:18:23.334-0300] {processor.py:925} INFO - DAG(s) 'example_task_group_decorator' retrieved from /home/gnobisp/Documents/floder1/code-challenge/venv/lib/python3.10/site-packages/airflow/example_dags/example_task_group_decorator.py
[2025-02-03T22:18:23.536-0300] {logging_mixin.py:190} INFO - [2025-02-03T22:18:23.535-0300] {dag.py:3239} INFO - Sync 1 DAGs
[2025-02-03T22:18:23.682-0300] {logging_mixin.py:190} INFO - [2025-02-03T22:18:23.681-0300] {dag.py:4180} INFO - Setting next_dagrun for example_task_group_decorator to None, run_after=None
[2025-02-03T22:18:24.668-0300] {processor.py:208} INFO - Processing /home/gnobisp/Documents/floder1/code-challenge/venv/lib/python3.10/site-packages/airflow/example_dags/example_task_group_decorator.py took 1.859 seconds
[2025-02-03T22:20:44.029-0300] {processor.py:186} INFO - Started process (PID=46091) to work on /home/gnobisp/Documents/floder1/code-challenge/venv/lib/python3.10/site-packages/airflow/example_dags/example_task_group_decorator.py
[2025-02-03T22:20:44.044-0300] {processor.py:914} INFO - Processing file /home/gnobisp/Documents/floder1/code-challenge/venv/lib/python3.10/site-packages/airflow/example_dags/example_task_group_decorator.py for tasks to queue
[2025-02-03T22:20:44.052-0300] {logging_mixin.py:190} INFO - [2025-02-03T22:20:44.051-0300] {dagbag.py:588} INFO - Filling up the DagBag from /home/gnobisp/Documents/floder1/code-challenge/venv/lib/python3.10/site-packages/airflow/example_dags/example_task_group_decorator.py
[2025-02-03T22:20:44.131-0300] {processor.py:925} INFO - DAG(s) 'example_task_group_decorator' retrieved from /home/gnobisp/Documents/floder1/code-challenge/venv/lib/python3.10/site-packages/airflow/example_dags/example_task_group_decorator.py
[2025-02-03T22:20:44.234-0300] {logging_mixin.py:190} INFO - [2025-02-03T22:20:44.233-0300] {dag.py:3239} INFO - Sync 1 DAGs
[2025-02-03T22:20:44.295-0300] {logging_mixin.py:190} INFO - [2025-02-03T22:20:44.294-0300] {dag.py:4180} INFO - Setting next_dagrun for example_task_group_decorator to None, run_after=None
[2025-02-03T22:20:44.489-0300] {processor.py:208} INFO - Processing /home/gnobisp/Documents/floder1/code-challenge/venv/lib/python3.10/site-packages/airflow/example_dags/example_task_group_decorator.py took 0.483 seconds
