[2025-02-03T21:16:03.776-0300] {processor.py:186} INFO - Started process (PID=278093) to work on /home/gnobisp/Documents/floder1/code-challenge/venv/lib/python3.10/site-packages/airflow/example_dags/example_trigger_target_dag.py
[2025-02-03T21:16:03.779-0300] {processor.py:914} INFO - Processing file /home/gnobisp/Documents/floder1/code-challenge/venv/lib/python3.10/site-packages/airflow/example_dags/example_trigger_target_dag.py for tasks to queue
[2025-02-03T21:16:03.790-0300] {logging_mixin.py:190} INFO - [2025-02-03T21:16:03.788-0300] {dagbag.py:588} INFO - Filling up the DagBag from /home/gnobisp/Documents/floder1/code-challenge/venv/lib/python3.10/site-packages/airflow/example_dags/example_trigger_target_dag.py
[2025-02-03T21:16:03.827-0300] {processor.py:925} INFO - DAG(s) 'example_trigger_target_dag' retrieved from /home/gnobisp/Documents/floder1/code-challenge/venv/lib/python3.10/site-packages/airflow/example_dags/example_trigger_target_dag.py
[2025-02-03T21:16:04.785-0300] {logging_mixin.py:190} INFO - [2025-02-03T21:16:04.783-0300] {override.py:1911} INFO - Created Permission View: can edit on DAG:example_trigger_target_dag
[2025-02-03T21:16:05.018-0300] {logging_mixin.py:190} INFO - [2025-02-03T21:16:05.016-0300] {override.py:1911} INFO - Created Permission View: can read on DAG:example_trigger_target_dag
[2025-02-03T21:16:06.370-0300] {logging_mixin.py:190} INFO - [2025-02-03T21:16:06.368-0300] {override.py:1911} INFO - Created Permission View: can delete on DAG:example_trigger_target_dag
[2025-02-03T21:16:06.897-0300] {logging_mixin.py:190} INFO - [2025-02-03T21:16:06.889-0300] {override.py:1911} INFO - Created Permission View: menu access on DAG Run:example_trigger_target_dag
[2025-02-03T21:16:07.132-0300] {logging_mixin.py:190} INFO - [2025-02-03T21:16:07.130-0300] {override.py:1911} INFO - Created Permission View: can read on DAG Run:example_trigger_target_dag
[2025-02-03T21:16:07.365-0300] {logging_mixin.py:190} INFO - [2025-02-03T21:16:07.364-0300] {override.py:1911} INFO - Created Permission View: can delete on DAG Run:example_trigger_target_dag
[2025-02-03T21:16:07.665-0300] {logging_mixin.py:190} INFO - [2025-02-03T21:16:07.658-0300] {override.py:1911} INFO - Created Permission View: can create on DAG Run:example_trigger_target_dag
[2025-02-03T21:16:07.667-0300] {logging_mixin.py:190} INFO - [2025-02-03T21:16:07.666-0300] {dag.py:3239} INFO - Sync 1 DAGs
[2025-02-03T21:16:07.899-0300] {logging_mixin.py:190} INFO - [2025-02-03T21:16:07.898-0300] {dag.py:3262} INFO - Creating ORM DAG for example_trigger_target_dag
[2025-02-03T21:16:07.915-0300] {logging_mixin.py:190} INFO - [2025-02-03T21:16:07.914-0300] {dag.py:4180} INFO - Setting next_dagrun for example_trigger_target_dag to None, run_after=None
[2025-02-03T21:16:08.266-0300] {processor.py:208} INFO - Processing /home/gnobisp/Documents/floder1/code-challenge/venv/lib/python3.10/site-packages/airflow/example_dags/example_trigger_target_dag.py took 4.522 seconds
[2025-02-03T21:27:05.417-0300] {processor.py:186} INFO - Started process (PID=297042) to work on /home/gnobisp/Documents/floder1/code-challenge/venv/lib/python3.10/site-packages/airflow/example_dags/example_trigger_target_dag.py
[2025-02-03T21:27:05.965-0300] {processor.py:914} INFO - Processing file /home/gnobisp/Documents/floder1/code-challenge/venv/lib/python3.10/site-packages/airflow/example_dags/example_trigger_target_dag.py for tasks to queue
[2025-02-03T21:27:05.975-0300] {logging_mixin.py:190} INFO - [2025-02-03T21:27:05.974-0300] {dagbag.py:588} INFO - Filling up the DagBag from /home/gnobisp/Documents/floder1/code-challenge/venv/lib/python3.10/site-packages/airflow/example_dags/example_trigger_target_dag.py
[2025-02-03T21:27:06.017-0300] {processor.py:925} INFO - DAG(s) 'example_trigger_target_dag' retrieved from /home/gnobisp/Documents/floder1/code-challenge/venv/lib/python3.10/site-packages/airflow/example_dags/example_trigger_target_dag.py
[2025-02-03T21:27:06.113-0300] {logging_mixin.py:190} INFO - [2025-02-03T21:27:06.112-0300] {dag.py:3239} INFO - Sync 1 DAGs
[2025-02-03T21:27:06.241-0300] {logging_mixin.py:190} INFO - [2025-02-03T21:27:06.240-0300] {dag.py:4180} INFO - Setting next_dagrun for example_trigger_target_dag to None, run_after=None
[2025-02-03T21:27:06.446-0300] {processor.py:208} INFO - Processing /home/gnobisp/Documents/floder1/code-challenge/venv/lib/python3.10/site-packages/airflow/example_dags/example_trigger_target_dag.py took 1.054 seconds
[2025-02-03T21:45:00.856-0300] {processor.py:186} INFO - Started process (PID=327496) to work on /home/gnobisp/Documents/floder1/code-challenge/venv/lib/python3.10/site-packages/airflow/example_dags/example_trigger_target_dag.py
[2025-02-03T21:45:00.864-0300] {processor.py:914} INFO - Processing file /home/gnobisp/Documents/floder1/code-challenge/venv/lib/python3.10/site-packages/airflow/example_dags/example_trigger_target_dag.py for tasks to queue
[2025-02-03T21:45:00.876-0300] {logging_mixin.py:190} INFO - [2025-02-03T21:45:00.874-0300] {dagbag.py:588} INFO - Filling up the DagBag from /home/gnobisp/Documents/floder1/code-challenge/venv/lib/python3.10/site-packages/airflow/example_dags/example_trigger_target_dag.py
[2025-02-03T21:45:00.911-0300] {processor.py:925} INFO - DAG(s) 'example_trigger_target_dag' retrieved from /home/gnobisp/Documents/floder1/code-challenge/venv/lib/python3.10/site-packages/airflow/example_dags/example_trigger_target_dag.py
[2025-02-03T21:45:01.007-0300] {logging_mixin.py:190} INFO - [2025-02-03T21:45:01.006-0300] {dag.py:3239} INFO - Sync 1 DAGs
[2025-02-03T21:45:01.087-0300] {logging_mixin.py:190} INFO - [2025-02-03T21:45:01.086-0300] {dag.py:4180} INFO - Setting next_dagrun for example_trigger_target_dag to None, run_after=None
[2025-02-03T21:45:01.430-0300] {processor.py:208} INFO - Processing /home/gnobisp/Documents/floder1/code-challenge/venv/lib/python3.10/site-packages/airflow/example_dags/example_trigger_target_dag.py took 0.601 seconds
[2025-02-03T22:00:53.583-0300] {processor.py:186} INFO - Started process (PID=13081) to work on /home/gnobisp/Documents/floder1/code-challenge/venv/lib/python3.10/site-packages/airflow/example_dags/example_trigger_target_dag.py
[2025-02-03T22:00:53.690-0300] {processor.py:914} INFO - Processing file /home/gnobisp/Documents/floder1/code-challenge/venv/lib/python3.10/site-packages/airflow/example_dags/example_trigger_target_dag.py for tasks to queue
[2025-02-03T22:00:53.705-0300] {logging_mixin.py:190} INFO - [2025-02-03T22:00:53.701-0300] {dagbag.py:588} INFO - Filling up the DagBag from /home/gnobisp/Documents/floder1/code-challenge/venv/lib/python3.10/site-packages/airflow/example_dags/example_trigger_target_dag.py
[2025-02-03T22:00:53.757-0300] {processor.py:925} INFO - DAG(s) 'example_trigger_target_dag' retrieved from /home/gnobisp/Documents/floder1/code-challenge/venv/lib/python3.10/site-packages/airflow/example_dags/example_trigger_target_dag.py
[2025-02-03T22:00:53.860-0300] {logging_mixin.py:190} INFO - [2025-02-03T22:00:53.859-0300] {dag.py:3239} INFO - Sync 1 DAGs
[2025-02-03T22:00:53.930-0300] {logging_mixin.py:190} INFO - [2025-02-03T22:00:53.929-0300] {dag.py:4180} INFO - Setting next_dagrun for example_trigger_target_dag to None, run_after=None
[2025-02-03T22:00:54.956-0300] {processor.py:208} INFO - Processing /home/gnobisp/Documents/floder1/code-challenge/venv/lib/python3.10/site-packages/airflow/example_dags/example_trigger_target_dag.py took 1.404 seconds
[2025-02-03T22:13:47.008-0300] {processor.py:186} INFO - Started process (PID=34836) to work on /home/gnobisp/Documents/floder1/code-challenge/venv/lib/python3.10/site-packages/airflow/example_dags/example_trigger_target_dag.py
[2025-02-03T22:13:47.016-0300] {processor.py:914} INFO - Processing file /home/gnobisp/Documents/floder1/code-challenge/venv/lib/python3.10/site-packages/airflow/example_dags/example_trigger_target_dag.py for tasks to queue
[2025-02-03T22:13:47.030-0300] {logging_mixin.py:190} INFO - [2025-02-03T22:13:47.029-0300] {dagbag.py:588} INFO - Filling up the DagBag from /home/gnobisp/Documents/floder1/code-challenge/venv/lib/python3.10/site-packages/airflow/example_dags/example_trigger_target_dag.py
[2025-02-03T22:13:47.065-0300] {processor.py:925} INFO - DAG(s) 'example_trigger_target_dag' retrieved from /home/gnobisp/Documents/floder1/code-challenge/venv/lib/python3.10/site-packages/airflow/example_dags/example_trigger_target_dag.py
[2025-02-03T22:13:47.172-0300] {logging_mixin.py:190} INFO - [2025-02-03T22:13:47.171-0300] {dag.py:3239} INFO - Sync 1 DAGs
[2025-02-03T22:13:47.238-0300] {logging_mixin.py:190} INFO - [2025-02-03T22:13:47.237-0300] {dag.py:4180} INFO - Setting next_dagrun for example_trigger_target_dag to None, run_after=None
[2025-02-03T22:13:47.472-0300] {processor.py:208} INFO - Processing /home/gnobisp/Documents/floder1/code-challenge/venv/lib/python3.10/site-packages/airflow/example_dags/example_trigger_target_dag.py took 0.489 seconds
[2025-02-03T22:16:07.931-0300] {processor.py:186} INFO - Started process (PID=38942) to work on /home/gnobisp/Documents/floder1/code-challenge/venv/lib/python3.10/site-packages/airflow/example_dags/example_trigger_target_dag.py
[2025-02-03T22:16:07.973-0300] {processor.py:914} INFO - Processing file /home/gnobisp/Documents/floder1/code-challenge/venv/lib/python3.10/site-packages/airflow/example_dags/example_trigger_target_dag.py for tasks to queue
[2025-02-03T22:16:07.988-0300] {logging_mixin.py:190} INFO - [2025-02-03T22:16:07.983-0300] {dagbag.py:588} INFO - Filling up the DagBag from /home/gnobisp/Documents/floder1/code-challenge/venv/lib/python3.10/site-packages/airflow/example_dags/example_trigger_target_dag.py
[2025-02-03T22:16:08.024-0300] {processor.py:925} INFO - DAG(s) 'example_trigger_target_dag' retrieved from /home/gnobisp/Documents/floder1/code-challenge/venv/lib/python3.10/site-packages/airflow/example_dags/example_trigger_target_dag.py
[2025-02-03T22:16:08.110-0300] {logging_mixin.py:190} INFO - [2025-02-03T22:16:08.109-0300] {dag.py:3239} INFO - Sync 1 DAGs
[2025-02-03T22:16:08.169-0300] {logging_mixin.py:190} INFO - [2025-02-03T22:16:08.168-0300] {dag.py:4180} INFO - Setting next_dagrun for example_trigger_target_dag to None, run_after=None
[2025-02-03T22:16:08.450-0300] {processor.py:208} INFO - Processing /home/gnobisp/Documents/floder1/code-challenge/venv/lib/python3.10/site-packages/airflow/example_dags/example_trigger_target_dag.py took 0.543 seconds
[2025-02-03T22:18:13.794-0300] {processor.py:186} INFO - Started process (PID=42430) to work on /home/gnobisp/Documents/floder1/code-challenge/venv/lib/python3.10/site-packages/airflow/example_dags/example_trigger_target_dag.py
[2025-02-03T22:18:13.810-0300] {processor.py:914} INFO - Processing file /home/gnobisp/Documents/floder1/code-challenge/venv/lib/python3.10/site-packages/airflow/example_dags/example_trigger_target_dag.py for tasks to queue
[2025-02-03T22:18:13.824-0300] {logging_mixin.py:190} INFO - [2025-02-03T22:18:13.821-0300] {dagbag.py:588} INFO - Filling up the DagBag from /home/gnobisp/Documents/floder1/code-challenge/venv/lib/python3.10/site-packages/airflow/example_dags/example_trigger_target_dag.py
[2025-02-03T22:18:13.862-0300] {processor.py:925} INFO - DAG(s) 'example_trigger_target_dag' retrieved from /home/gnobisp/Documents/floder1/code-challenge/venv/lib/python3.10/site-packages/airflow/example_dags/example_trigger_target_dag.py
[2025-02-03T22:18:13.948-0300] {logging_mixin.py:190} INFO - [2025-02-03T22:18:13.947-0300] {dag.py:3239} INFO - Sync 1 DAGs
[2025-02-03T22:18:14.009-0300] {logging_mixin.py:190} INFO - [2025-02-03T22:18:14.008-0300] {dag.py:4180} INFO - Setting next_dagrun for example_trigger_target_dag to None, run_after=None
[2025-02-03T22:18:14.259-0300] {processor.py:208} INFO - Processing /home/gnobisp/Documents/floder1/code-challenge/venv/lib/python3.10/site-packages/airflow/example_dags/example_trigger_target_dag.py took 0.495 seconds
[2025-02-03T22:20:36.844-0300] {processor.py:186} INFO - Started process (PID=45849) to work on /home/gnobisp/Documents/floder1/code-challenge/venv/lib/python3.10/site-packages/airflow/example_dags/example_trigger_target_dag.py
[2025-02-03T22:20:36.862-0300] {processor.py:914} INFO - Processing file /home/gnobisp/Documents/floder1/code-challenge/venv/lib/python3.10/site-packages/airflow/example_dags/example_trigger_target_dag.py for tasks to queue
[2025-02-03T22:20:36.889-0300] {logging_mixin.py:190} INFO - [2025-02-03T22:20:36.879-0300] {dagbag.py:588} INFO - Filling up the DagBag from /home/gnobisp/Documents/floder1/code-challenge/venv/lib/python3.10/site-packages/airflow/example_dags/example_trigger_target_dag.py
[2025-02-03T22:20:36.989-0300] {processor.py:925} INFO - DAG(s) 'example_trigger_target_dag' retrieved from /home/gnobisp/Documents/floder1/code-challenge/venv/lib/python3.10/site-packages/airflow/example_dags/example_trigger_target_dag.py
[2025-02-03T22:20:37.058-0300] {logging_mixin.py:190} INFO - [2025-02-03T22:20:37.057-0300] {dag.py:3239} INFO - Sync 1 DAGs
[2025-02-03T22:20:37.189-0300] {logging_mixin.py:190} INFO - [2025-02-03T22:20:37.188-0300] {dag.py:4180} INFO - Setting next_dagrun for example_trigger_target_dag to None, run_after=None
[2025-02-03T22:20:38.168-0300] {processor.py:208} INFO - Processing /home/gnobisp/Documents/floder1/code-challenge/venv/lib/python3.10/site-packages/airflow/example_dags/example_trigger_target_dag.py took 1.353 seconds
