[2025-02-03T21:31:45.473-0300] {processor.py:186} INFO - Started process (PID=305008) to work on /home/gnobisp/Documents/floder1/code-challenge/venv/lib/python3.10/site-packages/airflow/example_dags/example_branch_datetime_operator.py
[2025-02-03T21:31:45.476-0300] {processor.py:914} INFO - Processing file /home/gnobisp/Documents/floder1/code-challenge/venv/lib/python3.10/site-packages/airflow/example_dags/example_branch_datetime_operator.py for tasks to queue
[2025-02-03T21:31:45.484-0300] {logging_mixin.py:190} INFO - [2025-02-03T21:31:45.482-0300] {dagbag.py:588} INFO - Filling up the DagBag from /home/gnobisp/Documents/floder1/code-challenge/venv/lib/python3.10/site-packages/airflow/example_dags/example_branch_datetime_operator.py
[2025-02-03T21:31:45.558-0300] {processor.py:925} INFO - DAG(s) 'example_branch_datetime_operator_2', 'example_branch_datetime_operator', 'example_branch_datetime_operator_3' retrieved from /home/gnobisp/Documents/floder1/code-challenge/venv/lib/python3.10/site-packages/airflow/example_dags/example_branch_datetime_operator.py
[2025-02-03T21:31:47.036-0300] {logging_mixin.py:190} INFO - [2025-02-03T21:31:47.034-0300] {override.py:1911} INFO - Created Permission View: can delete on DAG:example_branch_datetime_operator_2
[2025-02-03T21:31:47.303-0300] {logging_mixin.py:190} INFO - [2025-02-03T21:31:47.302-0300] {override.py:1911} INFO - Created Permission View: can read on DAG:example_branch_datetime_operator_2
[2025-02-03T21:31:47.486-0300] {logging_mixin.py:190} INFO - [2025-02-03T21:31:47.485-0300] {override.py:1911} INFO - Created Permission View: can edit on DAG:example_branch_datetime_operator_2
[2025-02-03T21:31:48.687-0300] {logging_mixin.py:190} INFO - [2025-02-03T21:31:48.685-0300] {override.py:1911} INFO - Created Permission View: can create on DAG Run:example_branch_datetime_operator_2
[2025-02-03T21:31:49.041-0300] {logging_mixin.py:190} INFO - [2025-02-03T21:31:49.040-0300] {override.py:1911} INFO - Created Permission View: can delete on DAG Run:example_branch_datetime_operator_2
[2025-02-03T21:31:49.239-0300] {logging_mixin.py:190} INFO - [2025-02-03T21:31:49.238-0300] {override.py:1911} INFO - Created Permission View: can read on DAG Run:example_branch_datetime_operator_2
[2025-02-03T21:31:49.443-0300] {logging_mixin.py:190} INFO - [2025-02-03T21:31:49.442-0300] {override.py:1911} INFO - Created Permission View: menu access on DAG Run:example_branch_datetime_operator_2
[2025-02-03T21:31:49.869-0300] {logging_mixin.py:190} INFO - [2025-02-03T21:31:49.868-0300] {override.py:1911} INFO - Created Permission View: can delete on DAG:example_branch_datetime_operator
[2025-02-03T21:31:49.983-0300] {logging_mixin.py:190} INFO - [2025-02-03T21:31:49.982-0300] {override.py:1911} INFO - Created Permission View: can read on DAG:example_branch_datetime_operator
[2025-02-03T21:31:50.084-0300] {logging_mixin.py:190} INFO - [2025-02-03T21:31:50.082-0300] {override.py:1911} INFO - Created Permission View: can edit on DAG:example_branch_datetime_operator
[2025-02-03T21:31:50.322-0300] {logging_mixin.py:190} INFO - [2025-02-03T21:31:50.321-0300] {override.py:1911} INFO - Created Permission View: can create on DAG Run:example_branch_datetime_operator
[2025-02-03T21:31:50.469-0300] {logging_mixin.py:190} INFO - [2025-02-03T21:31:50.467-0300] {override.py:1911} INFO - Created Permission View: can delete on DAG Run:example_branch_datetime_operator
[2025-02-03T21:31:50.607-0300] {logging_mixin.py:190} INFO - [2025-02-03T21:31:50.604-0300] {override.py:1911} INFO - Created Permission View: can read on DAG Run:example_branch_datetime_operator
[2025-02-03T21:31:50.740-0300] {logging_mixin.py:190} INFO - [2025-02-03T21:31:50.739-0300] {override.py:1911} INFO - Created Permission View: menu access on DAG Run:example_branch_datetime_operator
[2025-02-03T21:31:52.073-0300] {logging_mixin.py:190} INFO - [2025-02-03T21:31:52.071-0300] {override.py:1911} INFO - Created Permission View: can delete on DAG:example_branch_datetime_operator_3
[2025-02-03T21:31:52.255-0300] {logging_mixin.py:190} INFO - [2025-02-03T21:31:52.254-0300] {override.py:1911} INFO - Created Permission View: can read on DAG:example_branch_datetime_operator_3
[2025-02-03T21:31:52.501-0300] {logging_mixin.py:190} INFO - [2025-02-03T21:31:52.499-0300] {override.py:1911} INFO - Created Permission View: can edit on DAG:example_branch_datetime_operator_3
[2025-02-03T21:31:52.814-0300] {logging_mixin.py:190} INFO - [2025-02-03T21:31:52.812-0300] {override.py:1911} INFO - Created Permission View: can create on DAG Run:example_branch_datetime_operator_3
[2025-02-03T21:31:52.983-0300] {logging_mixin.py:190} INFO - [2025-02-03T21:31:52.982-0300] {override.py:1911} INFO - Created Permission View: can delete on DAG Run:example_branch_datetime_operator_3
[2025-02-03T21:31:53.265-0300] {logging_mixin.py:190} INFO - [2025-02-03T21:31:53.264-0300] {override.py:1911} INFO - Created Permission View: can read on DAG Run:example_branch_datetime_operator_3
[2025-02-03T21:31:53.425-0300] {logging_mixin.py:190} INFO - [2025-02-03T21:31:53.424-0300] {override.py:1911} INFO - Created Permission View: menu access on DAG Run:example_branch_datetime_operator_3
[2025-02-03T21:31:53.427-0300] {logging_mixin.py:190} INFO - [2025-02-03T21:31:53.426-0300] {dag.py:3239} INFO - Sync 3 DAGs
[2025-02-03T21:31:53.600-0300] {logging_mixin.py:190} INFO - [2025-02-03T21:31:53.599-0300] {dag.py:3262} INFO - Creating ORM DAG for example_branch_datetime_operator_3
[2025-02-03T21:31:53.603-0300] {logging_mixin.py:190} INFO - [2025-02-03T21:31:53.602-0300] {dag.py:3262} INFO - Creating ORM DAG for example_branch_datetime_operator
[2025-02-03T21:31:53.610-0300] {logging_mixin.py:190} INFO - [2025-02-03T21:31:53.609-0300] {dag.py:3262} INFO - Creating ORM DAG for example_branch_datetime_operator_2
[2025-02-03T21:31:53.669-0300] {logging_mixin.py:190} INFO - [2025-02-03T21:31:53.668-0300] {dag.py:4180} INFO - Setting next_dagrun for example_branch_datetime_operator to 2025-02-03 00:00:00+00:00, run_after=2025-02-04 00:00:00+00:00
[2025-02-03T21:31:53.680-0300] {logging_mixin.py:190} INFO - [2025-02-03T21:31:53.679-0300] {dag.py:4180} INFO - Setting next_dagrun for example_branch_datetime_operator_2 to 2025-02-03 00:00:00+00:00, run_after=2025-02-04 00:00:00+00:00
[2025-02-03T21:31:53.692-0300] {logging_mixin.py:190} INFO - [2025-02-03T21:31:53.691-0300] {dag.py:4180} INFO - Setting next_dagrun for example_branch_datetime_operator_3 to 2025-02-03 00:00:00+00:00, run_after=2025-02-04 00:00:00+00:00
[2025-02-03T21:31:53.957-0300] {processor.py:208} INFO - Processing /home/gnobisp/Documents/floder1/code-challenge/venv/lib/python3.10/site-packages/airflow/example_dags/example_branch_datetime_operator.py took 8.513 seconds
[2025-02-03T22:19:49.876-0300] {processor.py:186} INFO - Started process (PID=44803) to work on /home/gnobisp/Documents/floder1/code-challenge/venv/lib/python3.10/site-packages/airflow/example_dags/example_branch_datetime_operator.py
[2025-02-03T22:19:49.909-0300] {processor.py:914} INFO - Processing file /home/gnobisp/Documents/floder1/code-challenge/venv/lib/python3.10/site-packages/airflow/example_dags/example_branch_datetime_operator.py for tasks to queue
[2025-02-03T22:19:49.922-0300] {logging_mixin.py:190} INFO - [2025-02-03T22:19:49.921-0300] {dagbag.py:588} INFO - Filling up the DagBag from /home/gnobisp/Documents/floder1/code-challenge/venv/lib/python3.10/site-packages/airflow/example_dags/example_branch_datetime_operator.py
[2025-02-03T22:19:49.992-0300] {processor.py:925} INFO - DAG(s) 'example_branch_datetime_operator_3', 'example_branch_datetime_operator', 'example_branch_datetime_operator_2' retrieved from /home/gnobisp/Documents/floder1/code-challenge/venv/lib/python3.10/site-packages/airflow/example_dags/example_branch_datetime_operator.py
[2025-02-03T22:19:50.092-0300] {logging_mixin.py:190} INFO - [2025-02-03T22:19:50.091-0300] {dag.py:3239} INFO - Sync 3 DAGs
[2025-02-03T22:19:50.211-0300] {logging_mixin.py:190} INFO - [2025-02-03T22:19:50.210-0300] {dag.py:4180} INFO - Setting next_dagrun for example_branch_datetime_operator to 2025-02-03 00:00:00+00:00, run_after=2025-02-04 00:00:00+00:00
[2025-02-03T22:19:50.239-0300] {logging_mixin.py:190} INFO - [2025-02-03T22:19:50.238-0300] {dag.py:4180} INFO - Setting next_dagrun for example_branch_datetime_operator_2 to 2025-02-03 00:00:00+00:00, run_after=2025-02-04 00:00:00+00:00
[2025-02-03T22:19:50.258-0300] {logging_mixin.py:190} INFO - [2025-02-03T22:19:50.257-0300] {dag.py:4180} INFO - Setting next_dagrun for example_branch_datetime_operator_3 to 2025-02-03 00:00:00+00:00, run_after=2025-02-04 00:00:00+00:00
[2025-02-03T22:19:50.539-0300] {processor.py:208} INFO - Processing /home/gnobisp/Documents/floder1/code-challenge/venv/lib/python3.10/site-packages/airflow/example_dags/example_branch_datetime_operator.py took 0.687 seconds
