[2025-02-03T21:31:15.540-0300] {processor.py:186} INFO - Started process (PID=303968) to work on /home/gnobisp/Documents/floder1/code-challenge/venv/lib/python3.10/site-packages/airflow/example_dags/example_branch_operator_decorator.py
[2025-02-03T21:31:15.551-0300] {processor.py:914} INFO - Processing file /home/gnobisp/Documents/floder1/code-challenge/venv/lib/python3.10/site-packages/airflow/example_dags/example_branch_operator_decorator.py for tasks to queue
[2025-02-03T21:31:15.561-0300] {logging_mixin.py:190} INFO - [2025-02-03T21:31:15.559-0300] {dagbag.py:588} INFO - Filling up the DagBag from /home/gnobisp/Documents/floder1/code-challenge/venv/lib/python3.10/site-packages/airflow/example_dags/example_branch_operator_decorator.py
[2025-02-03T21:31:15.704-0300] {processor.py:925} INFO - DAG(s) 'example_branch_python_operator_decorator' retrieved from /home/gnobisp/Documents/floder1/code-challenge/venv/lib/python3.10/site-packages/airflow/example_dags/example_branch_operator_decorator.py
[2025-02-03T21:31:16.732-0300] {logging_mixin.py:190} INFO - [2025-02-03T21:31:16.724-0300] {override.py:1911} INFO - Created Permission View: can delete on DAG:example_branch_python_operator_decorator
[2025-02-03T21:31:17.823-0300] {logging_mixin.py:190} INFO - [2025-02-03T21:31:17.821-0300] {override.py:1911} INFO - Created Permission View: can read on DAG:example_branch_python_operator_decorator
[2025-02-03T21:31:18.180-0300] {logging_mixin.py:190} INFO - [2025-02-03T21:31:18.178-0300] {override.py:1911} INFO - Created Permission View: can edit on DAG:example_branch_python_operator_decorator
[2025-02-03T21:31:18.508-0300] {logging_mixin.py:190} INFO - [2025-02-03T21:31:18.507-0300] {override.py:1911} INFO - Created Permission View: can create on DAG Run:example_branch_python_operator_decorator
[2025-02-03T21:31:18.710-0300] {logging_mixin.py:190} INFO - [2025-02-03T21:31:18.705-0300] {override.py:1911} INFO - Created Permission View: can delete on DAG Run:example_branch_python_operator_decorator
[2025-02-03T21:31:18.908-0300] {logging_mixin.py:190} INFO - [2025-02-03T21:31:18.906-0300] {override.py:1911} INFO - Created Permission View: can read on DAG Run:example_branch_python_operator_decorator
[2025-02-03T21:31:19.052-0300] {logging_mixin.py:190} INFO - [2025-02-03T21:31:19.050-0300] {override.py:1911} INFO - Created Permission View: menu access on DAG Run:example_branch_python_operator_decorator
[2025-02-03T21:31:19.070-0300] {logging_mixin.py:190} INFO - [2025-02-03T21:31:19.063-0300] {dag.py:3239} INFO - Sync 1 DAGs
[2025-02-03T21:31:19.174-0300] {logging_mixin.py:190} INFO - [2025-02-03T21:31:19.173-0300] {dag.py:3262} INFO - Creating ORM DAG for example_branch_python_operator_decorator
[2025-02-03T21:31:19.300-0300] {logging_mixin.py:190} INFO - [2025-02-03T21:31:19.296-0300] {dag.py:4180} INFO - Setting next_dagrun for example_branch_python_operator_decorator to 2025-02-03 00:00:00+00:00, run_after=2025-02-04 00:00:00+00:00
[2025-02-03T21:31:19.611-0300] {processor.py:208} INFO - Processing /home/gnobisp/Documents/floder1/code-challenge/venv/lib/python3.10/site-packages/airflow/example_dags/example_branch_operator_decorator.py took 4.131 seconds
[2025-02-03T22:19:38.342-0300] {processor.py:186} INFO - Started process (PID=44565) to work on /home/gnobisp/Documents/floder1/code-challenge/venv/lib/python3.10/site-packages/airflow/example_dags/example_branch_operator_decorator.py
[2025-02-03T22:19:38.378-0300] {processor.py:914} INFO - Processing file /home/gnobisp/Documents/floder1/code-challenge/venv/lib/python3.10/site-packages/airflow/example_dags/example_branch_operator_decorator.py for tasks to queue
[2025-02-03T22:19:38.387-0300] {logging_mixin.py:190} INFO - [2025-02-03T22:19:38.385-0300] {dagbag.py:588} INFO - Filling up the DagBag from /home/gnobisp/Documents/floder1/code-challenge/venv/lib/python3.10/site-packages/airflow/example_dags/example_branch_operator_decorator.py
[2025-02-03T22:19:38.498-0300] {processor.py:925} INFO - DAG(s) 'example_branch_python_operator_decorator' retrieved from /home/gnobisp/Documents/floder1/code-challenge/venv/lib/python3.10/site-packages/airflow/example_dags/example_branch_operator_decorator.py
[2025-02-03T22:19:39.035-0300] {logging_mixin.py:190} INFO - [2025-02-03T22:19:39.034-0300] {dag.py:3239} INFO - Sync 1 DAGs
[2025-02-03T22:19:39.130-0300] {logging_mixin.py:190} INFO - [2025-02-03T22:19:39.129-0300] {dag.py:4180} INFO - Setting next_dagrun for example_branch_python_operator_decorator to 2025-02-03 00:00:00+00:00, run_after=2025-02-04 00:00:00+00:00
[2025-02-03T22:19:39.844-0300] {processor.py:208} INFO - Processing /home/gnobisp/Documents/floder1/code-challenge/venv/lib/python3.10/site-packages/airflow/example_dags/example_branch_operator_decorator.py took 1.526 seconds
