[2025-02-03T21:31:55.698-0300] {processor.py:186} INFO - Started process (PID=305266) to work on /home/gnobisp/Documents/floder1/code-challenge/venv/lib/python3.10/site-packages/airflow/example_dags/example_bash_operator.py
[2025-02-03T21:31:55.701-0300] {processor.py:914} INFO - Processing file /home/gnobisp/Documents/floder1/code-challenge/venv/lib/python3.10/site-packages/airflow/example_dags/example_bash_operator.py for tasks to queue
[2025-02-03T21:31:55.709-0300] {logging_mixin.py:190} INFO - [2025-02-03T21:31:55.707-0300] {dagbag.py:588} INFO - Filling up the DagBag from /home/gnobisp/Documents/floder1/code-challenge/venv/lib/python3.10/site-packages/airflow/example_dags/example_bash_operator.py
[2025-02-03T21:31:55.767-0300] {processor.py:925} INFO - DAG(s) 'example_bash_operator' retrieved from /home/gnobisp/Documents/floder1/code-challenge/venv/lib/python3.10/site-packages/airflow/example_dags/example_bash_operator.py
[2025-02-03T21:31:57.756-0300] {logging_mixin.py:190} INFO - [2025-02-03T21:31:57.754-0300] {override.py:1911} INFO - Created Permission View: can delete on DAG:example_bash_operator
[2025-02-03T21:31:57.903-0300] {logging_mixin.py:190} INFO - [2025-02-03T21:31:57.901-0300] {override.py:1911} INFO - Created Permission View: can read on DAG:example_bash_operator
[2025-02-03T21:31:58.126-0300] {logging_mixin.py:190} INFO - [2025-02-03T21:31:58.125-0300] {override.py:1911} INFO - Created Permission View: can edit on DAG:example_bash_operator
[2025-02-03T21:31:58.492-0300] {logging_mixin.py:190} INFO - [2025-02-03T21:31:58.490-0300] {override.py:1911} INFO - Created Permission View: can create on DAG Run:example_bash_operator
[2025-02-03T21:31:58.676-0300] {logging_mixin.py:190} INFO - [2025-02-03T21:31:58.675-0300] {override.py:1911} INFO - Created Permission View: can delete on DAG Run:example_bash_operator
[2025-02-03T21:31:58.911-0300] {logging_mixin.py:190} INFO - [2025-02-03T21:31:58.909-0300] {override.py:1911} INFO - Created Permission View: can read on DAG Run:example_bash_operator
[2025-02-03T21:31:59.341-0300] {logging_mixin.py:190} INFO - [2025-02-03T21:31:59.335-0300] {override.py:1911} INFO - Created Permission View: menu access on DAG Run:example_bash_operator
[2025-02-03T21:31:59.343-0300] {logging_mixin.py:190} INFO - [2025-02-03T21:31:59.343-0300] {dag.py:3239} INFO - Sync 1 DAGs
[2025-02-03T21:31:59.437-0300] {logging_mixin.py:190} INFO - [2025-02-03T21:31:59.436-0300] {dag.py:3262} INFO - Creating ORM DAG for example_bash_operator
[2025-02-03T21:31:59.485-0300] {logging_mixin.py:190} INFO - [2025-02-03T21:31:59.483-0300] {dag.py:4180} INFO - Setting next_dagrun for example_bash_operator to 2025-02-03 00:00:00+00:00, run_after=2025-02-04 00:00:00+00:00
[2025-02-03T21:32:00.585-0300] {processor.py:208} INFO - Processing /home/gnobisp/Documents/floder1/code-challenge/venv/lib/python3.10/site-packages/airflow/example_dags/example_bash_operator.py took 4.912 seconds
[2025-02-03T22:19:51.927-0300] {processor.py:186} INFO - Started process (PID=44817) to work on /home/gnobisp/Documents/floder1/code-challenge/venv/lib/python3.10/site-packages/airflow/example_dags/example_bash_operator.py
[2025-02-03T22:19:51.931-0300] {processor.py:914} INFO - Processing file /home/gnobisp/Documents/floder1/code-challenge/venv/lib/python3.10/site-packages/airflow/example_dags/example_bash_operator.py for tasks to queue
[2025-02-03T22:19:51.948-0300] {logging_mixin.py:190} INFO - [2025-02-03T22:19:51.943-0300] {dagbag.py:588} INFO - Filling up the DagBag from /home/gnobisp/Documents/floder1/code-challenge/venv/lib/python3.10/site-packages/airflow/example_dags/example_bash_operator.py
[2025-02-03T22:19:52.033-0300] {processor.py:925} INFO - DAG(s) 'example_bash_operator' retrieved from /home/gnobisp/Documents/floder1/code-challenge/venv/lib/python3.10/site-packages/airflow/example_dags/example_bash_operator.py
[2025-02-03T22:19:52.159-0300] {logging_mixin.py:190} INFO - [2025-02-03T22:19:52.158-0300] {dag.py:3239} INFO - Sync 1 DAGs
[2025-02-03T22:19:52.277-0300] {logging_mixin.py:190} INFO - [2025-02-03T22:19:52.276-0300] {dag.py:4180} INFO - Setting next_dagrun for example_bash_operator to 2025-02-03 00:00:00+00:00, run_after=2025-02-04 00:00:00+00:00
[2025-02-03T22:19:52.591-0300] {processor.py:208} INFO - Processing /home/gnobisp/Documents/floder1/code-challenge/venv/lib/python3.10/site-packages/airflow/example_dags/example_bash_operator.py took 0.716 seconds
