[2025-02-03T21:16:29.105-0300] {processor.py:186} INFO - Started process (PID=278785) to work on /home/gnobisp/Documents/floder1/code-challenge/venv/lib/python3.10/site-packages/airflow/example_dags/example_task_group.py
[2025-02-03T21:16:29.113-0300] {processor.py:914} INFO - Processing file /home/gnobisp/Documents/floder1/code-challenge/venv/lib/python3.10/site-packages/airflow/example_dags/example_task_group.py for tasks to queue
[2025-02-03T21:16:29.132-0300] {logging_mixin.py:190} INFO - [2025-02-03T21:16:29.124-0300] {dagbag.py:588} INFO - Filling up the DagBag from /home/gnobisp/Documents/floder1/code-challenge/venv/lib/python3.10/site-packages/airflow/example_dags/example_task_group.py
[2025-02-03T21:16:29.332-0300] {processor.py:925} INFO - DAG(s) 'example_task_group' retrieved from /home/gnobisp/Documents/floder1/code-challenge/venv/lib/python3.10/site-packages/airflow/example_dags/example_task_group.py
[2025-02-03T21:16:30.957-0300] {logging_mixin.py:190} INFO - [2025-02-03T21:16:30.955-0300] {override.py:1911} INFO - Created Permission View: can edit on DAG:example_task_group
[2025-02-03T21:16:31.136-0300] {logging_mixin.py:190} INFO - [2025-02-03T21:16:31.134-0300] {override.py:1911} INFO - Created Permission View: can read on DAG:example_task_group
[2025-02-03T21:16:31.280-0300] {logging_mixin.py:190} INFO - [2025-02-03T21:16:31.279-0300] {override.py:1911} INFO - Created Permission View: can delete on DAG:example_task_group
[2025-02-03T21:16:31.766-0300] {logging_mixin.py:190} INFO - [2025-02-03T21:16:31.765-0300] {override.py:1911} INFO - Created Permission View: menu access on DAG Run:example_task_group
[2025-02-03T21:16:32.663-0300] {logging_mixin.py:190} INFO - [2025-02-03T21:16:32.661-0300] {override.py:1911} INFO - Created Permission View: can read on DAG Run:example_task_group
[2025-02-03T21:16:33.007-0300] {logging_mixin.py:190} INFO - [2025-02-03T21:16:33.006-0300] {override.py:1911} INFO - Created Permission View: can delete on DAG Run:example_task_group
[2025-02-03T21:16:33.157-0300] {logging_mixin.py:190} INFO - [2025-02-03T21:16:33.155-0300] {override.py:1911} INFO - Created Permission View: can create on DAG Run:example_task_group
[2025-02-03T21:16:33.159-0300] {logging_mixin.py:190} INFO - [2025-02-03T21:16:33.158-0300] {dag.py:3239} INFO - Sync 1 DAGs
[2025-02-03T21:16:33.232-0300] {logging_mixin.py:190} INFO - [2025-02-03T21:16:33.231-0300] {dag.py:3262} INFO - Creating ORM DAG for example_task_group
[2025-02-03T21:16:33.234-0300] {logging_mixin.py:190} INFO - [2025-02-03T21:16:33.234-0300] {dag.py:4180} INFO - Setting next_dagrun for example_task_group to None, run_after=None
[2025-02-03T21:16:33.437-0300] {processor.py:208} INFO - Processing /home/gnobisp/Documents/floder1/code-challenge/venv/lib/python3.10/site-packages/airflow/example_dags/example_task_group.py took 4.382 seconds
[2025-02-03T21:27:14.418-0300] {processor.py:186} INFO - Started process (PID=297221) to work on /home/gnobisp/Documents/floder1/code-challenge/venv/lib/python3.10/site-packages/airflow/example_dags/example_task_group.py
[2025-02-03T21:27:14.422-0300] {processor.py:914} INFO - Processing file /home/gnobisp/Documents/floder1/code-challenge/venv/lib/python3.10/site-packages/airflow/example_dags/example_task_group.py for tasks to queue
[2025-02-03T21:27:14.429-0300] {logging_mixin.py:190} INFO - [2025-02-03T21:27:14.428-0300] {dagbag.py:588} INFO - Filling up the DagBag from /home/gnobisp/Documents/floder1/code-challenge/venv/lib/python3.10/site-packages/airflow/example_dags/example_task_group.py
[2025-02-03T21:27:14.467-0300] {processor.py:925} INFO - DAG(s) 'example_task_group' retrieved from /home/gnobisp/Documents/floder1/code-challenge/venv/lib/python3.10/site-packages/airflow/example_dags/example_task_group.py
[2025-02-03T21:27:14.546-0300] {logging_mixin.py:190} INFO - [2025-02-03T21:27:14.545-0300] {dag.py:3239} INFO - Sync 1 DAGs
[2025-02-03T21:27:14.607-0300] {logging_mixin.py:190} INFO - [2025-02-03T21:27:14.606-0300] {dag.py:4180} INFO - Setting next_dagrun for example_task_group to None, run_after=None
[2025-02-03T21:27:15.184-0300] {processor.py:208} INFO - Processing /home/gnobisp/Documents/floder1/code-challenge/venv/lib/python3.10/site-packages/airflow/example_dags/example_task_group.py took 0.800 seconds
[2025-02-03T22:01:06.845-0300] {processor.py:186} INFO - Started process (PID=13401) to work on /home/gnobisp/Documents/floder1/code-challenge/venv/lib/python3.10/site-packages/airflow/example_dags/example_task_group.py
[2025-02-03T22:01:06.920-0300] {processor.py:914} INFO - Processing file /home/gnobisp/Documents/floder1/code-challenge/venv/lib/python3.10/site-packages/airflow/example_dags/example_task_group.py for tasks to queue
[2025-02-03T22:01:06.930-0300] {logging_mixin.py:190} INFO - [2025-02-03T22:01:06.928-0300] {dagbag.py:588} INFO - Filling up the DagBag from /home/gnobisp/Documents/floder1/code-challenge/venv/lib/python3.10/site-packages/airflow/example_dags/example_task_group.py
[2025-02-03T22:01:07.006-0300] {processor.py:925} INFO - DAG(s) 'example_task_group' retrieved from /home/gnobisp/Documents/floder1/code-challenge/venv/lib/python3.10/site-packages/airflow/example_dags/example_task_group.py
[2025-02-03T22:01:07.096-0300] {logging_mixin.py:190} INFO - [2025-02-03T22:01:07.095-0300] {dag.py:3239} INFO - Sync 1 DAGs
[2025-02-03T22:01:07.160-0300] {logging_mixin.py:190} INFO - [2025-02-03T22:01:07.159-0300] {dag.py:4180} INFO - Setting next_dagrun for example_task_group to None, run_after=None
[2025-02-03T22:01:07.651-0300] {processor.py:208} INFO - Processing /home/gnobisp/Documents/floder1/code-challenge/venv/lib/python3.10/site-packages/airflow/example_dags/example_task_group.py took 0.833 seconds
[2025-02-03T22:13:55.322-0300] {processor.py:186} INFO - Started process (PID=35017) to work on /home/gnobisp/Documents/floder1/code-challenge/venv/lib/python3.10/site-packages/airflow/example_dags/example_task_group.py
[2025-02-03T22:13:55.331-0300] {processor.py:914} INFO - Processing file /home/gnobisp/Documents/floder1/code-challenge/venv/lib/python3.10/site-packages/airflow/example_dags/example_task_group.py for tasks to queue
[2025-02-03T22:13:55.343-0300] {logging_mixin.py:190} INFO - [2025-02-03T22:13:55.342-0300] {dagbag.py:588} INFO - Filling up the DagBag from /home/gnobisp/Documents/floder1/code-challenge/venv/lib/python3.10/site-packages/airflow/example_dags/example_task_group.py
[2025-02-03T22:13:55.380-0300] {processor.py:925} INFO - DAG(s) 'example_task_group' retrieved from /home/gnobisp/Documents/floder1/code-challenge/venv/lib/python3.10/site-packages/airflow/example_dags/example_task_group.py
[2025-02-03T22:13:55.464-0300] {logging_mixin.py:190} INFO - [2025-02-03T22:13:55.463-0300] {dag.py:3239} INFO - Sync 1 DAGs
[2025-02-03T22:13:55.525-0300] {logging_mixin.py:190} INFO - [2025-02-03T22:13:55.524-0300] {dag.py:4180} INFO - Setting next_dagrun for example_task_group to None, run_after=None
[2025-02-03T22:13:55.738-0300] {processor.py:208} INFO - Processing /home/gnobisp/Documents/floder1/code-challenge/venv/lib/python3.10/site-packages/airflow/example_dags/example_task_group.py took 0.442 seconds
[2025-02-03T22:16:18.399-0300] {processor.py:186} INFO - Started process (PID=39201) to work on /home/gnobisp/Documents/floder1/code-challenge/venv/lib/python3.10/site-packages/airflow/example_dags/example_task_group.py
[2025-02-03T22:16:18.425-0300] {processor.py:914} INFO - Processing file /home/gnobisp/Documents/floder1/code-challenge/venv/lib/python3.10/site-packages/airflow/example_dags/example_task_group.py for tasks to queue
[2025-02-03T22:16:18.436-0300] {logging_mixin.py:190} INFO - [2025-02-03T22:16:18.435-0300] {dagbag.py:588} INFO - Filling up the DagBag from /home/gnobisp/Documents/floder1/code-challenge/venv/lib/python3.10/site-packages/airflow/example_dags/example_task_group.py
[2025-02-03T22:16:18.489-0300] {processor.py:925} INFO - DAG(s) 'example_task_group' retrieved from /home/gnobisp/Documents/floder1/code-challenge/venv/lib/python3.10/site-packages/airflow/example_dags/example_task_group.py
[2025-02-03T22:16:18.603-0300] {logging_mixin.py:190} INFO - [2025-02-03T22:16:18.602-0300] {dag.py:3239} INFO - Sync 1 DAGs
[2025-02-03T22:16:18.664-0300] {logging_mixin.py:190} INFO - [2025-02-03T22:16:18.663-0300] {dag.py:4180} INFO - Setting next_dagrun for example_task_group to None, run_after=None
[2025-02-03T22:16:19.207-0300] {processor.py:208} INFO - Processing /home/gnobisp/Documents/floder1/code-challenge/venv/lib/python3.10/site-packages/airflow/example_dags/example_task_group.py took 0.834 seconds
[2025-02-03T22:18:26.419-0300] {processor.py:186} INFO - Started process (PID=42812) to work on /home/gnobisp/Documents/floder1/code-challenge/venv/lib/python3.10/site-packages/airflow/example_dags/example_task_group.py
[2025-02-03T22:18:26.454-0300] {processor.py:914} INFO - Processing file /home/gnobisp/Documents/floder1/code-challenge/venv/lib/python3.10/site-packages/airflow/example_dags/example_task_group.py for tasks to queue
[2025-02-03T22:18:26.481-0300] {logging_mixin.py:190} INFO - [2025-02-03T22:18:26.475-0300] {dagbag.py:588} INFO - Filling up the DagBag from /home/gnobisp/Documents/floder1/code-challenge/venv/lib/python3.10/site-packages/airflow/example_dags/example_task_group.py
[2025-02-03T22:18:26.626-0300] {processor.py:925} INFO - DAG(s) 'example_task_group' retrieved from /home/gnobisp/Documents/floder1/code-challenge/venv/lib/python3.10/site-packages/airflow/example_dags/example_task_group.py
[2025-02-03T22:18:26.783-0300] {logging_mixin.py:190} INFO - [2025-02-03T22:18:26.780-0300] {dag.py:3239} INFO - Sync 1 DAGs
[2025-02-03T22:18:26.867-0300] {logging_mixin.py:190} INFO - [2025-02-03T22:18:26.866-0300] {dag.py:4180} INFO - Setting next_dagrun for example_task_group to None, run_after=None
[2025-02-03T22:18:28.280-0300] {processor.py:208} INFO - Processing /home/gnobisp/Documents/floder1/code-challenge/venv/lib/python3.10/site-packages/airflow/example_dags/example_task_group.py took 1.902 seconds
[2025-02-03T22:20:44.894-0300] {processor.py:186} INFO - Started process (PID=46095) to work on /home/gnobisp/Documents/floder1/code-challenge/venv/lib/python3.10/site-packages/airflow/example_dags/example_task_group.py
[2025-02-03T22:20:44.913-0300] {processor.py:914} INFO - Processing file /home/gnobisp/Documents/floder1/code-challenge/venv/lib/python3.10/site-packages/airflow/example_dags/example_task_group.py for tasks to queue
[2025-02-03T22:20:44.930-0300] {logging_mixin.py:190} INFO - [2025-02-03T22:20:44.928-0300] {dagbag.py:588} INFO - Filling up the DagBag from /home/gnobisp/Documents/floder1/code-challenge/venv/lib/python3.10/site-packages/airflow/example_dags/example_task_group.py
[2025-02-03T22:20:44.987-0300] {processor.py:925} INFO - DAG(s) 'example_task_group' retrieved from /home/gnobisp/Documents/floder1/code-challenge/venv/lib/python3.10/site-packages/airflow/example_dags/example_task_group.py
[2025-02-03T22:20:45.070-0300] {logging_mixin.py:190} INFO - [2025-02-03T22:20:45.069-0300] {dag.py:3239} INFO - Sync 1 DAGs
[2025-02-03T22:20:45.134-0300] {logging_mixin.py:190} INFO - [2025-02-03T22:20:45.133-0300] {dag.py:4180} INFO - Setting next_dagrun for example_task_group to None, run_after=None
[2025-02-03T22:20:46.319-0300] {processor.py:208} INFO - Processing /home/gnobisp/Documents/floder1/code-challenge/venv/lib/python3.10/site-packages/airflow/example_dags/example_task_group.py took 1.478 seconds
