[2025-02-03T21:31:37.970-0300] {processor.py:186} INFO - Started process (PID=304793) to work on /home/gnobisp/Documents/floder1/code-challenge/venv/lib/python3.10/site-packages/airflow/example_dags/example_branch_day_of_week_operator.py
[2025-02-03T21:31:37.973-0300] {processor.py:914} INFO - Processing file /home/gnobisp/Documents/floder1/code-challenge/venv/lib/python3.10/site-packages/airflow/example_dags/example_branch_day_of_week_operator.py for tasks to queue
[2025-02-03T21:31:37.986-0300] {logging_mixin.py:190} INFO - [2025-02-03T21:31:37.984-0300] {dagbag.py:588} INFO - Filling up the DagBag from /home/gnobisp/Documents/floder1/code-challenge/venv/lib/python3.10/site-packages/airflow/example_dags/example_branch_day_of_week_operator.py
[2025-02-03T21:31:38.094-0300] {processor.py:925} INFO - DAG(s) 'example_weekday_branch_operator' retrieved from /home/gnobisp/Documents/floder1/code-challenge/venv/lib/python3.10/site-packages/airflow/example_dags/example_branch_day_of_week_operator.py
[2025-02-03T21:31:40.609-0300] {logging_mixin.py:190} INFO - [2025-02-03T21:31:40.607-0300] {override.py:1911} INFO - Created Permission View: can delete on DAG:example_weekday_branch_operator
[2025-02-03T21:31:40.935-0300] {logging_mixin.py:190} INFO - [2025-02-03T21:31:40.934-0300] {override.py:1911} INFO - Created Permission View: can read on DAG:example_weekday_branch_operator
[2025-02-03T21:31:41.116-0300] {logging_mixin.py:190} INFO - [2025-02-03T21:31:41.114-0300] {override.py:1911} INFO - Created Permission View: can edit on DAG:example_weekday_branch_operator
[2025-02-03T21:31:41.539-0300] {logging_mixin.py:190} INFO - [2025-02-03T21:31:41.537-0300] {override.py:1911} INFO - Created Permission View: can create on DAG Run:example_weekday_branch_operator
[2025-02-03T21:31:41.781-0300] {logging_mixin.py:190} INFO - [2025-02-03T21:31:41.779-0300] {override.py:1911} INFO - Created Permission View: can delete on DAG Run:example_weekday_branch_operator
[2025-02-03T21:31:42.192-0300] {logging_mixin.py:190} INFO - [2025-02-03T21:31:42.190-0300] {override.py:1911} INFO - Created Permission View: can read on DAG Run:example_weekday_branch_operator
[2025-02-03T21:31:43.045-0300] {logging_mixin.py:190} INFO - [2025-02-03T21:31:43.043-0300] {override.py:1911} INFO - Created Permission View: menu access on DAG Run:example_weekday_branch_operator
[2025-02-03T21:31:43.047-0300] {logging_mixin.py:190} INFO - [2025-02-03T21:31:43.046-0300] {dag.py:3239} INFO - Sync 1 DAGs
[2025-02-03T21:31:43.179-0300] {logging_mixin.py:190} INFO - [2025-02-03T21:31:43.174-0300] {dag.py:3262} INFO - Creating ORM DAG for example_weekday_branch_operator
[2025-02-03T21:31:43.318-0300] {logging_mixin.py:190} INFO - [2025-02-03T21:31:43.317-0300] {dag.py:4180} INFO - Setting next_dagrun for example_weekday_branch_operator to 2025-02-03 00:00:00+00:00, run_after=2025-02-04 00:00:00+00:00
[2025-02-03T21:31:43.705-0300] {processor.py:208} INFO - Processing /home/gnobisp/Documents/floder1/code-challenge/venv/lib/python3.10/site-packages/airflow/example_dags/example_branch_day_of_week_operator.py took 5.765 seconds
[2025-02-03T22:19:48.299-0300] {processor.py:186} INFO - Started process (PID=44781) to work on /home/gnobisp/Documents/floder1/code-challenge/venv/lib/python3.10/site-packages/airflow/example_dags/example_branch_day_of_week_operator.py
[2025-02-03T22:19:48.311-0300] {processor.py:914} INFO - Processing file /home/gnobisp/Documents/floder1/code-challenge/venv/lib/python3.10/site-packages/airflow/example_dags/example_branch_day_of_week_operator.py for tasks to queue
[2025-02-03T22:19:48.336-0300] {logging_mixin.py:190} INFO - [2025-02-03T22:19:48.331-0300] {dagbag.py:588} INFO - Filling up the DagBag from /home/gnobisp/Documents/floder1/code-challenge/venv/lib/python3.10/site-packages/airflow/example_dags/example_branch_day_of_week_operator.py
[2025-02-03T22:19:48.393-0300] {processor.py:925} INFO - DAG(s) 'example_weekday_branch_operator' retrieved from /home/gnobisp/Documents/floder1/code-challenge/venv/lib/python3.10/site-packages/airflow/example_dags/example_branch_day_of_week_operator.py
[2025-02-03T22:19:48.464-0300] {logging_mixin.py:190} INFO - [2025-02-03T22:19:48.463-0300] {dag.py:3239} INFO - Sync 1 DAGs
[2025-02-03T22:19:48.568-0300] {logging_mixin.py:190} INFO - [2025-02-03T22:19:48.567-0300] {dag.py:4180} INFO - Setting next_dagrun for example_weekday_branch_operator to 2025-02-03 00:00:00+00:00, run_after=2025-02-04 00:00:00+00:00
[2025-02-03T22:19:49.359-0300] {processor.py:208} INFO - Processing /home/gnobisp/Documents/floder1/code-challenge/venv/lib/python3.10/site-packages/airflow/example_dags/example_branch_day_of_week_operator.py took 1.083 seconds
