[2025-02-03T21:28:12.176-0300] {processor.py:186} INFO - Started process (PID=298639) to work on /home/gnobisp/Documents/floder1/code-challenge/venv/lib/python3.10/site-packages/airflow/example_dags/example_python_decorator.py
[2025-02-03T21:28:12.179-0300] {processor.py:914} INFO - Processing file /home/gnobisp/Documents/floder1/code-challenge/venv/lib/python3.10/site-packages/airflow/example_dags/example_python_decorator.py for tasks to queue
[2025-02-03T21:28:12.188-0300] {logging_mixin.py:190} INFO - [2025-02-03T21:28:12.186-0300] {dagbag.py:588} INFO - Filling up the DagBag from /home/gnobisp/Documents/floder1/code-challenge/venv/lib/python3.10/site-packages/airflow/example_dags/example_python_decorator.py
[2025-02-03T21:28:12.255-0300] {processor.py:925} INFO - DAG(s) 'example_python_decorator' retrieved from /home/gnobisp/Documents/floder1/code-challenge/venv/lib/python3.10/site-packages/airflow/example_dags/example_python_decorator.py
[2025-02-03T21:28:13.351-0300] {logging_mixin.py:190} INFO - [2025-02-03T21:28:13.349-0300] {override.py:1911} INFO - Created Permission View: can delete on DAG:example_python_decorator
[2025-02-03T21:28:13.583-0300] {logging_mixin.py:190} INFO - [2025-02-03T21:28:13.581-0300] {override.py:1911} INFO - Created Permission View: can read on DAG:example_python_decorator
[2025-02-03T21:28:13.816-0300] {logging_mixin.py:190} INFO - [2025-02-03T21:28:13.814-0300] {override.py:1911} INFO - Created Permission View: can edit on DAG:example_python_decorator
[2025-02-03T21:28:14.256-0300] {logging_mixin.py:190} INFO - [2025-02-03T21:28:14.254-0300] {override.py:1911} INFO - Created Permission View: can create on DAG Run:example_python_decorator
[2025-02-03T21:28:15.326-0300] {logging_mixin.py:190} INFO - [2025-02-03T21:28:15.324-0300] {override.py:1911} INFO - Created Permission View: can delete on DAG Run:example_python_decorator
[2025-02-03T21:28:15.650-0300] {logging_mixin.py:190} INFO - [2025-02-03T21:28:15.649-0300] {override.py:1911} INFO - Created Permission View: can read on DAG Run:example_python_decorator
[2025-02-03T21:28:15.860-0300] {logging_mixin.py:190} INFO - [2025-02-03T21:28:15.859-0300] {override.py:1911} INFO - Created Permission View: menu access on DAG Run:example_python_decorator
[2025-02-03T21:28:15.862-0300] {logging_mixin.py:190} INFO - [2025-02-03T21:28:15.861-0300] {dag.py:3239} INFO - Sync 1 DAGs
[2025-02-03T21:28:15.924-0300] {logging_mixin.py:190} INFO - [2025-02-03T21:28:15.923-0300] {dag.py:3262} INFO - Creating ORM DAG for example_python_decorator
[2025-02-03T21:28:15.926-0300] {logging_mixin.py:190} INFO - [2025-02-03T21:28:15.926-0300] {dag.py:4180} INFO - Setting next_dagrun for example_python_decorator to None, run_after=None
[2025-02-03T21:28:16.270-0300] {processor.py:208} INFO - Processing /home/gnobisp/Documents/floder1/code-challenge/venv/lib/python3.10/site-packages/airflow/example_dags/example_python_decorator.py took 4.119 seconds
[2025-02-03T22:18:57.364-0300] {processor.py:186} INFO - Started process (PID=43539) to work on /home/gnobisp/Documents/floder1/code-challenge/venv/lib/python3.10/site-packages/airflow/example_dags/example_python_decorator.py
[2025-02-03T22:18:57.367-0300] {processor.py:914} INFO - Processing file /home/gnobisp/Documents/floder1/code-challenge/venv/lib/python3.10/site-packages/airflow/example_dags/example_python_decorator.py for tasks to queue
[2025-02-03T22:18:57.375-0300] {logging_mixin.py:190} INFO - [2025-02-03T22:18:57.373-0300] {dagbag.py:588} INFO - Filling up the DagBag from /home/gnobisp/Documents/floder1/code-challenge/venv/lib/python3.10/site-packages/airflow/example_dags/example_python_decorator.py
[2025-02-03T22:18:57.447-0300] {processor.py:925} INFO - DAG(s) 'example_python_decorator' retrieved from /home/gnobisp/Documents/floder1/code-challenge/venv/lib/python3.10/site-packages/airflow/example_dags/example_python_decorator.py
[2025-02-03T22:18:57.934-0300] {logging_mixin.py:190} INFO - [2025-02-03T22:18:57.932-0300] {dag.py:3239} INFO - Sync 1 DAGs
[2025-02-03T22:18:57.993-0300] {logging_mixin.py:190} INFO - [2025-02-03T22:18:57.992-0300] {dag.py:4180} INFO - Setting next_dagrun for example_python_decorator to None, run_after=None
[2025-02-03T22:18:58.148-0300] {processor.py:208} INFO - Processing /home/gnobisp/Documents/floder1/code-challenge/venv/lib/python3.10/site-packages/airflow/example_dags/example_python_decorator.py took 0.808 seconds
[2025-02-03T22:21:13.892-0300] {processor.py:186} INFO - Started process (PID=46762) to work on /home/gnobisp/Documents/floder1/code-challenge/venv/lib/python3.10/site-packages/airflow/example_dags/example_python_decorator.py
[2025-02-03T22:21:13.906-0300] {processor.py:914} INFO - Processing file /home/gnobisp/Documents/floder1/code-challenge/venv/lib/python3.10/site-packages/airflow/example_dags/example_python_decorator.py for tasks to queue
[2025-02-03T22:21:13.917-0300] {logging_mixin.py:190} INFO - [2025-02-03T22:21:13.916-0300] {dagbag.py:588} INFO - Filling up the DagBag from /home/gnobisp/Documents/floder1/code-challenge/venv/lib/python3.10/site-packages/airflow/example_dags/example_python_decorator.py
[2025-02-03T22:21:14.012-0300] {processor.py:925} INFO - DAG(s) 'example_python_decorator' retrieved from /home/gnobisp/Documents/floder1/code-challenge/venv/lib/python3.10/site-packages/airflow/example_dags/example_python_decorator.py
[2025-02-03T22:21:14.111-0300] {logging_mixin.py:190} INFO - [2025-02-03T22:21:14.110-0300] {dag.py:3239} INFO - Sync 1 DAGs
[2025-02-03T22:21:14.199-0300] {logging_mixin.py:190} INFO - [2025-02-03T22:21:14.198-0300] {dag.py:4180} INFO - Setting next_dagrun for example_python_decorator to None, run_after=None
[2025-02-03T22:21:14.399-0300] {processor.py:208} INFO - Processing /home/gnobisp/Documents/floder1/code-challenge/venv/lib/python3.10/site-packages/airflow/example_dags/example_python_decorator.py took 0.542 seconds
