[2025-02-03T21:27:50.030-0300] {processor.py:186} INFO - Started process (PID=298084) to work on /home/gnobisp/Documents/floder1/code-challenge/venv/lib/python3.10/site-packages/airflow/example_dags/example_setup_teardown.py
[2025-02-03T21:27:50.033-0300] {processor.py:914} INFO - Processing file /home/gnobisp/Documents/floder1/code-challenge/venv/lib/python3.10/site-packages/airflow/example_dags/example_setup_teardown.py for tasks to queue
[2025-02-03T21:27:50.041-0300] {logging_mixin.py:190} INFO - [2025-02-03T21:27:50.039-0300] {dagbag.py:588} INFO - Filling up the DagBag from /home/gnobisp/Documents/floder1/code-challenge/venv/lib/python3.10/site-packages/airflow/example_dags/example_setup_teardown.py
[2025-02-03T21:27:50.080-0300] {processor.py:925} INFO - DAG(s) 'example_setup_teardown' retrieved from /home/gnobisp/Documents/floder1/code-challenge/venv/lib/python3.10/site-packages/airflow/example_dags/example_setup_teardown.py
[2025-02-03T21:27:51.161-0300] {logging_mixin.py:190} INFO - [2025-02-03T21:27:51.158-0300] {override.py:1911} INFO - Created Permission View: can delete on DAG:example_setup_teardown
[2025-02-03T21:27:51.546-0300] {logging_mixin.py:190} INFO - [2025-02-03T21:27:51.544-0300] {override.py:1911} INFO - Created Permission View: can read on DAG:example_setup_teardown
[2025-02-03T21:27:52.537-0300] {logging_mixin.py:190} INFO - [2025-02-03T21:27:52.535-0300] {override.py:1911} INFO - Created Permission View: can edit on DAG:example_setup_teardown
[2025-02-03T21:27:52.830-0300] {logging_mixin.py:190} INFO - [2025-02-03T21:27:52.829-0300] {override.py:1911} INFO - Created Permission View: can create on DAG Run:example_setup_teardown
[2025-02-03T21:27:53.020-0300] {logging_mixin.py:190} INFO - [2025-02-03T21:27:53.019-0300] {override.py:1911} INFO - Created Permission View: can delete on DAG Run:example_setup_teardown
[2025-02-03T21:27:53.222-0300] {logging_mixin.py:190} INFO - [2025-02-03T21:27:53.220-0300] {override.py:1911} INFO - Created Permission View: can read on DAG Run:example_setup_teardown
[2025-02-03T21:27:53.354-0300] {logging_mixin.py:190} INFO - [2025-02-03T21:27:53.353-0300] {override.py:1911} INFO - Created Permission View: menu access on DAG Run:example_setup_teardown
[2025-02-03T21:27:53.356-0300] {logging_mixin.py:190} INFO - [2025-02-03T21:27:53.356-0300] {dag.py:3239} INFO - Sync 1 DAGs
[2025-02-03T21:27:53.446-0300] {logging_mixin.py:190} INFO - [2025-02-03T21:27:53.445-0300] {dag.py:3262} INFO - Creating ORM DAG for example_setup_teardown
[2025-02-03T21:27:53.449-0300] {logging_mixin.py:190} INFO - [2025-02-03T21:27:53.448-0300] {dag.py:4180} INFO - Setting next_dagrun for example_setup_teardown to None, run_after=None
[2025-02-03T21:27:53.786-0300] {processor.py:208} INFO - Processing /home/gnobisp/Documents/floder1/code-challenge/venv/lib/python3.10/site-packages/airflow/example_dags/example_setup_teardown.py took 3.783 seconds
[2025-02-03T22:18:47.308-0300] {processor.py:186} INFO - Started process (PID=43287) to work on /home/gnobisp/Documents/floder1/code-challenge/venv/lib/python3.10/site-packages/airflow/example_dags/example_setup_teardown.py
[2025-02-03T22:18:47.324-0300] {processor.py:914} INFO - Processing file /home/gnobisp/Documents/floder1/code-challenge/venv/lib/python3.10/site-packages/airflow/example_dags/example_setup_teardown.py for tasks to queue
[2025-02-03T22:18:47.335-0300] {logging_mixin.py:190} INFO - [2025-02-03T22:18:47.333-0300] {dagbag.py:588} INFO - Filling up the DagBag from /home/gnobisp/Documents/floder1/code-challenge/venv/lib/python3.10/site-packages/airflow/example_dags/example_setup_teardown.py
[2025-02-03T22:18:47.371-0300] {processor.py:925} INFO - DAG(s) 'example_setup_teardown' retrieved from /home/gnobisp/Documents/floder1/code-challenge/venv/lib/python3.10/site-packages/airflow/example_dags/example_setup_teardown.py
[2025-02-03T22:18:47.455-0300] {logging_mixin.py:190} INFO - [2025-02-03T22:18:47.454-0300] {dag.py:3239} INFO - Sync 1 DAGs
[2025-02-03T22:18:47.519-0300] {logging_mixin.py:190} INFO - [2025-02-03T22:18:47.518-0300] {dag.py:4180} INFO - Setting next_dagrun for example_setup_teardown to None, run_after=None
[2025-02-03T22:18:48.898-0300] {processor.py:208} INFO - Processing /home/gnobisp/Documents/floder1/code-challenge/venv/lib/python3.10/site-packages/airflow/example_dags/example_setup_teardown.py took 1.620 seconds
[2025-02-03T22:21:03.215-0300] {processor.py:186} INFO - Started process (PID=46545) to work on /home/gnobisp/Documents/floder1/code-challenge/venv/lib/python3.10/site-packages/airflow/example_dags/example_setup_teardown.py
[2025-02-03T22:21:03.226-0300] {processor.py:914} INFO - Processing file /home/gnobisp/Documents/floder1/code-challenge/venv/lib/python3.10/site-packages/airflow/example_dags/example_setup_teardown.py for tasks to queue
[2025-02-03T22:21:03.241-0300] {logging_mixin.py:190} INFO - [2025-02-03T22:21:03.239-0300] {dagbag.py:588} INFO - Filling up the DagBag from /home/gnobisp/Documents/floder1/code-challenge/venv/lib/python3.10/site-packages/airflow/example_dags/example_setup_teardown.py
[2025-02-03T22:21:03.332-0300] {processor.py:925} INFO - DAG(s) 'example_setup_teardown' retrieved from /home/gnobisp/Documents/floder1/code-challenge/venv/lib/python3.10/site-packages/airflow/example_dags/example_setup_teardown.py
[2025-02-03T22:21:03.458-0300] {logging_mixin.py:190} INFO - [2025-02-03T22:21:03.457-0300] {dag.py:3239} INFO - Sync 1 DAGs
[2025-02-03T22:21:03.552-0300] {logging_mixin.py:190} INFO - [2025-02-03T22:21:03.551-0300] {dag.py:4180} INFO - Setting next_dagrun for example_setup_teardown to None, run_after=None
[2025-02-03T22:21:04.355-0300] {processor.py:208} INFO - Processing /home/gnobisp/Documents/floder1/code-challenge/venv/lib/python3.10/site-packages/airflow/example_dags/example_setup_teardown.py took 1.199 seconds
