[2025-02-03T21:31:09.325-0300] {processor.py:186} INFO - Started process (PID=303786) to work on /home/gnobisp/Documents/floder1/code-challenge/venv/lib/python3.10/site-packages/airflow/example_dags/example_branch_python_dop_operator_3.py
[2025-02-03T21:31:09.327-0300] {processor.py:914} INFO - Processing file /home/gnobisp/Documents/floder1/code-challenge/venv/lib/python3.10/site-packages/airflow/example_dags/example_branch_python_dop_operator_3.py for tasks to queue
[2025-02-03T21:31:09.335-0300] {logging_mixin.py:190} INFO - [2025-02-03T21:31:09.334-0300] {dagbag.py:588} INFO - Filling up the DagBag from /home/gnobisp/Documents/floder1/code-challenge/venv/lib/python3.10/site-packages/airflow/example_dags/example_branch_python_dop_operator_3.py
[2025-02-03T21:31:09.383-0300] {processor.py:925} INFO - DAG(s) 'example_branch_dop_operator_v3' retrieved from /home/gnobisp/Documents/floder1/code-challenge/venv/lib/python3.10/site-packages/airflow/example_dags/example_branch_python_dop_operator_3.py
[2025-02-03T21:31:10.337-0300] {logging_mixin.py:190} INFO - [2025-02-03T21:31:10.327-0300] {override.py:1911} INFO - Created Permission View: can delete on DAG:example_branch_dop_operator_v3
[2025-02-03T21:31:10.548-0300] {logging_mixin.py:190} INFO - [2025-02-03T21:31:10.547-0300] {override.py:1911} INFO - Created Permission View: can read on DAG:example_branch_dop_operator_v3
[2025-02-03T21:31:10.744-0300] {logging_mixin.py:190} INFO - [2025-02-03T21:31:10.743-0300] {override.py:1911} INFO - Created Permission View: can edit on DAG:example_branch_dop_operator_v3
[2025-02-03T21:31:11.294-0300] {logging_mixin.py:190} INFO - [2025-02-03T21:31:11.292-0300] {override.py:1911} INFO - Created Permission View: can create on DAG Run:example_branch_dop_operator_v3
[2025-02-03T21:31:12.445-0300] {logging_mixin.py:190} INFO - [2025-02-03T21:31:12.444-0300] {override.py:1911} INFO - Created Permission View: can delete on DAG Run:example_branch_dop_operator_v3
[2025-02-03T21:31:12.730-0300] {logging_mixin.py:190} INFO - [2025-02-03T21:31:12.729-0300] {override.py:1911} INFO - Created Permission View: can read on DAG Run:example_branch_dop_operator_v3
[2025-02-03T21:31:12.862-0300] {logging_mixin.py:190} INFO - [2025-02-03T21:31:12.860-0300] {override.py:1911} INFO - Created Permission View: menu access on DAG Run:example_branch_dop_operator_v3
[2025-02-03T21:31:12.869-0300] {logging_mixin.py:190} INFO - [2025-02-03T21:31:12.868-0300] {dag.py:3239} INFO - Sync 1 DAGs
[2025-02-03T21:31:12.956-0300] {logging_mixin.py:190} INFO - [2025-02-03T21:31:12.955-0300] {dag.py:3262} INFO - Creating ORM DAG for example_branch_dop_operator_v3
[2025-02-03T21:31:13.115-0300] {logging_mixin.py:190} INFO - [2025-02-03T21:31:13.114-0300] {dag.py:4180} INFO - Setting next_dagrun for example_branch_dop_operator_v3 to 2025-02-04 00:30:00+00:00, run_after=2025-02-04 00:31:00+00:00
[2025-02-03T21:31:14.319-0300] {processor.py:208} INFO - Processing /home/gnobisp/Documents/floder1/code-challenge/venv/lib/python3.10/site-packages/airflow/example_dags/example_branch_python_dop_operator_3.py took 5.020 seconds
[2025-02-03T22:19:36.067-0300] {processor.py:186} INFO - Started process (PID=44467) to work on /home/gnobisp/Documents/floder1/code-challenge/venv/lib/python3.10/site-packages/airflow/example_dags/example_branch_python_dop_operator_3.py
[2025-02-03T22:19:36.070-0300] {processor.py:914} INFO - Processing file /home/gnobisp/Documents/floder1/code-challenge/venv/lib/python3.10/site-packages/airflow/example_dags/example_branch_python_dop_operator_3.py for tasks to queue
[2025-02-03T22:19:36.078-0300] {logging_mixin.py:190} INFO - [2025-02-03T22:19:36.076-0300] {dagbag.py:588} INFO - Filling up the DagBag from /home/gnobisp/Documents/floder1/code-challenge/venv/lib/python3.10/site-packages/airflow/example_dags/example_branch_python_dop_operator_3.py
[2025-02-03T22:19:36.123-0300] {processor.py:925} INFO - DAG(s) 'example_branch_dop_operator_v3' retrieved from /home/gnobisp/Documents/floder1/code-challenge/venv/lib/python3.10/site-packages/airflow/example_dags/example_branch_python_dop_operator_3.py
[2025-02-03T22:19:36.184-0300] {logging_mixin.py:190} INFO - [2025-02-03T22:19:36.183-0300] {dag.py:3239} INFO - Sync 1 DAGs
[2025-02-03T22:19:36.305-0300] {logging_mixin.py:190} INFO - [2025-02-03T22:19:36.304-0300] {dag.py:4180} INFO - Setting next_dagrun for example_branch_dop_operator_v3 to 2025-02-04 01:18:00+00:00, run_after=2025-02-04 01:19:00+00:00
[2025-02-03T22:19:37.068-0300] {processor.py:208} INFO - Processing /home/gnobisp/Documents/floder1/code-challenge/venv/lib/python3.10/site-packages/airflow/example_dags/example_branch_python_dop_operator_3.py took 1.025 seconds
