[2025-02-03T21:31:01.501-0300] {processor.py:186} INFO - Started process (PID=303505) to work on /home/gnobisp/Documents/floder1/code-challenge/venv/lib/python3.10/site-packages/airflow/example_dags/example_complex.py
[2025-02-03T21:31:01.504-0300] {processor.py:914} INFO - Processing file /home/gnobisp/Documents/floder1/code-challenge/venv/lib/python3.10/site-packages/airflow/example_dags/example_complex.py for tasks to queue
[2025-02-03T21:31:01.511-0300] {logging_mixin.py:190} INFO - [2025-02-03T21:31:01.510-0300] {dagbag.py:588} INFO - Filling up the DagBag from /home/gnobisp/Documents/floder1/code-challenge/venv/lib/python3.10/site-packages/airflow/example_dags/example_complex.py
[2025-02-03T21:31:01.572-0300] {processor.py:925} INFO - DAG(s) 'example_complex' retrieved from /home/gnobisp/Documents/floder1/code-challenge/venv/lib/python3.10/site-packages/airflow/example_dags/example_complex.py
[2025-02-03T21:31:03.352-0300] {logging_mixin.py:190} INFO - [2025-02-03T21:31:03.339-0300] {override.py:1911} INFO - Created Permission View: can delete on DAG:example_complex
[2025-02-03T21:31:03.612-0300] {logging_mixin.py:190} INFO - [2025-02-03T21:31:03.610-0300] {override.py:1911} INFO - Created Permission View: can read on DAG:example_complex
[2025-02-03T21:31:03.841-0300] {logging_mixin.py:190} INFO - [2025-02-03T21:31:03.839-0300] {override.py:1911} INFO - Created Permission View: can edit on DAG:example_complex
[2025-02-03T21:31:04.153-0300] {logging_mixin.py:190} INFO - [2025-02-03T21:31:04.151-0300] {override.py:1911} INFO - Created Permission View: can create on DAG Run:example_complex
[2025-02-03T21:31:04.338-0300] {logging_mixin.py:190} INFO - [2025-02-03T21:31:04.337-0300] {override.py:1911} INFO - Created Permission View: can delete on DAG Run:example_complex
[2025-02-03T21:31:04.453-0300] {logging_mixin.py:190} INFO - [2025-02-03T21:31:04.451-0300] {override.py:1911} INFO - Created Permission View: can read on DAG Run:example_complex
[2025-02-03T21:31:04.790-0300] {logging_mixin.py:190} INFO - [2025-02-03T21:31:04.787-0300] {override.py:1911} INFO - Created Permission View: menu access on DAG Run:example_complex
[2025-02-03T21:31:04.796-0300] {logging_mixin.py:190} INFO - [2025-02-03T21:31:04.795-0300] {dag.py:3239} INFO - Sync 1 DAGs
[2025-02-03T21:31:04.938-0300] {logging_mixin.py:190} INFO - [2025-02-03T21:31:04.937-0300] {dag.py:3262} INFO - Creating ORM DAG for example_complex
[2025-02-03T21:31:04.941-0300] {logging_mixin.py:190} INFO - [2025-02-03T21:31:04.940-0300] {dag.py:4180} INFO - Setting next_dagrun for example_complex to None, run_after=None
[2025-02-03T21:31:05.354-0300] {processor.py:208} INFO - Processing /home/gnobisp/Documents/floder1/code-challenge/venv/lib/python3.10/site-packages/airflow/example_dags/example_complex.py took 3.874 seconds
[2025-02-03T22:19:33.754-0300] {processor.py:186} INFO - Started process (PID=44398) to work on /home/gnobisp/Documents/floder1/code-challenge/venv/lib/python3.10/site-packages/airflow/example_dags/example_complex.py
[2025-02-03T22:19:33.942-0300] {processor.py:914} INFO - Processing file /home/gnobisp/Documents/floder1/code-challenge/venv/lib/python3.10/site-packages/airflow/example_dags/example_complex.py for tasks to queue
[2025-02-03T22:19:33.960-0300] {logging_mixin.py:190} INFO - [2025-02-03T22:19:33.958-0300] {dagbag.py:588} INFO - Filling up the DagBag from /home/gnobisp/Documents/floder1/code-challenge/venv/lib/python3.10/site-packages/airflow/example_dags/example_complex.py
[2025-02-03T22:19:34.114-0300] {processor.py:925} INFO - DAG(s) 'example_complex' retrieved from /home/gnobisp/Documents/floder1/code-challenge/venv/lib/python3.10/site-packages/airflow/example_dags/example_complex.py
[2025-02-03T22:19:34.390-0300] {logging_mixin.py:190} INFO - [2025-02-03T22:19:34.388-0300] {dag.py:3239} INFO - Sync 1 DAGs
[2025-02-03T22:19:34.487-0300] {logging_mixin.py:190} INFO - [2025-02-03T22:19:34.486-0300] {dag.py:4180} INFO - Setting next_dagrun for example_complex to None, run_after=None
[2025-02-03T22:19:34.716-0300] {processor.py:208} INFO - Processing /home/gnobisp/Documents/floder1/code-challenge/venv/lib/python3.10/site-packages/airflow/example_dags/example_complex.py took 0.987 seconds
