[2025-02-03T21:16:17.632-0300] {processor.py:186} INFO - Started process (PID=278456) to work on /home/gnobisp/Documents/floder1/code-challenge/venv/lib/python3.10/site-packages/airflow/example_dags/example_time_delta_sensor_async.py
[2025-02-03T21:16:17.635-0300] {processor.py:914} INFO - Processing file /home/gnobisp/Documents/floder1/code-challenge/venv/lib/python3.10/site-packages/airflow/example_dags/example_time_delta_sensor_async.py for tasks to queue
[2025-02-03T21:16:17.647-0300] {logging_mixin.py:190} INFO - [2025-02-03T21:16:17.646-0300] {dagbag.py:588} INFO - Filling up the DagBag from /home/gnobisp/Documents/floder1/code-challenge/venv/lib/python3.10/site-packages/airflow/example_dags/example_time_delta_sensor_async.py
[2025-02-03T21:16:17.672-0300] {processor.py:925} INFO - DAG(s) 'example_time_delta_sensor_async' retrieved from /home/gnobisp/Documents/floder1/code-challenge/venv/lib/python3.10/site-packages/airflow/example_dags/example_time_delta_sensor_async.py
[2025-02-03T21:16:18.454-0300] {logging_mixin.py:190} INFO - [2025-02-03T21:16:18.452-0300] {override.py:1911} INFO - Created Permission View: can edit on DAG:example_time_delta_sensor_async
[2025-02-03T21:16:18.662-0300] {logging_mixin.py:190} INFO - [2025-02-03T21:16:18.660-0300] {override.py:1911} INFO - Created Permission View: can read on DAG:example_time_delta_sensor_async
[2025-02-03T21:16:18.801-0300] {logging_mixin.py:190} INFO - [2025-02-03T21:16:18.799-0300] {override.py:1911} INFO - Created Permission View: can delete on DAG:example_time_delta_sensor_async
[2025-02-03T21:16:19.518-0300] {logging_mixin.py:190} INFO - [2025-02-03T21:16:19.516-0300] {override.py:1911} INFO - Created Permission View: menu access on DAG Run:example_time_delta_sensor_async
[2025-02-03T21:16:20.349-0300] {logging_mixin.py:190} INFO - [2025-02-03T21:16:20.348-0300] {override.py:1911} INFO - Created Permission View: can read on DAG Run:example_time_delta_sensor_async
[2025-02-03T21:16:20.633-0300] {logging_mixin.py:190} INFO - [2025-02-03T21:16:20.632-0300] {override.py:1911} INFO - Created Permission View: can delete on DAG Run:example_time_delta_sensor_async
[2025-02-03T21:16:20.853-0300] {logging_mixin.py:190} INFO - [2025-02-03T21:16:20.852-0300] {override.py:1911} INFO - Created Permission View: can create on DAG Run:example_time_delta_sensor_async
[2025-02-03T21:16:20.855-0300] {logging_mixin.py:190} INFO - [2025-02-03T21:16:20.854-0300] {dag.py:3239} INFO - Sync 1 DAGs
[2025-02-03T21:16:20.904-0300] {logging_mixin.py:190} INFO - [2025-02-03T21:16:20.904-0300] {dag.py:3262} INFO - Creating ORM DAG for example_time_delta_sensor_async
[2025-02-03T21:16:20.907-0300] {logging_mixin.py:190} INFO - [2025-02-03T21:16:20.906-0300] {dag.py:4180} INFO - Setting next_dagrun for example_time_delta_sensor_async to None, run_after=None
[2025-02-03T21:16:21.170-0300] {processor.py:208} INFO - Processing /home/gnobisp/Documents/floder1/code-challenge/venv/lib/python3.10/site-packages/airflow/example_dags/example_time_delta_sensor_async.py took 3.561 seconds
[2025-02-03T21:27:09.204-0300] {processor.py:186} INFO - Started process (PID=297115) to work on /home/gnobisp/Documents/floder1/code-challenge/venv/lib/python3.10/site-packages/airflow/example_dags/example_time_delta_sensor_async.py
[2025-02-03T21:27:09.216-0300] {processor.py:914} INFO - Processing file /home/gnobisp/Documents/floder1/code-challenge/venv/lib/python3.10/site-packages/airflow/example_dags/example_time_delta_sensor_async.py for tasks to queue
[2025-02-03T21:27:09.226-0300] {logging_mixin.py:190} INFO - [2025-02-03T21:27:09.225-0300] {dagbag.py:588} INFO - Filling up the DagBag from /home/gnobisp/Documents/floder1/code-challenge/venv/lib/python3.10/site-packages/airflow/example_dags/example_time_delta_sensor_async.py
[2025-02-03T21:27:09.254-0300] {processor.py:925} INFO - DAG(s) 'example_time_delta_sensor_async' retrieved from /home/gnobisp/Documents/floder1/code-challenge/venv/lib/python3.10/site-packages/airflow/example_dags/example_time_delta_sensor_async.py
[2025-02-03T21:27:09.321-0300] {logging_mixin.py:190} INFO - [2025-02-03T21:27:09.320-0300] {dag.py:3239} INFO - Sync 1 DAGs
[2025-02-03T21:27:09.383-0300] {logging_mixin.py:190} INFO - [2025-02-03T21:27:09.382-0300] {dag.py:4180} INFO - Setting next_dagrun for example_time_delta_sensor_async to None, run_after=None
[2025-02-03T21:27:09.817-0300] {processor.py:208} INFO - Processing /home/gnobisp/Documents/floder1/code-challenge/venv/lib/python3.10/site-packages/airflow/example_dags/example_time_delta_sensor_async.py took 0.638 seconds
[2025-02-03T21:45:04.749-0300] {processor.py:186} INFO - Started process (PID=327621) to work on /home/gnobisp/Documents/floder1/code-challenge/venv/lib/python3.10/site-packages/airflow/example_dags/example_time_delta_sensor_async.py
[2025-02-03T21:45:04.755-0300] {processor.py:914} INFO - Processing file /home/gnobisp/Documents/floder1/code-challenge/venv/lib/python3.10/site-packages/airflow/example_dags/example_time_delta_sensor_async.py for tasks to queue
[2025-02-03T21:45:04.766-0300] {logging_mixin.py:190} INFO - [2025-02-03T21:45:04.764-0300] {dagbag.py:588} INFO - Filling up the DagBag from /home/gnobisp/Documents/floder1/code-challenge/venv/lib/python3.10/site-packages/airflow/example_dags/example_time_delta_sensor_async.py
[2025-02-03T21:45:04.792-0300] {processor.py:925} INFO - DAG(s) 'example_time_delta_sensor_async' retrieved from /home/gnobisp/Documents/floder1/code-challenge/venv/lib/python3.10/site-packages/airflow/example_dags/example_time_delta_sensor_async.py
[2025-02-03T21:45:04.859-0300] {logging_mixin.py:190} INFO - [2025-02-03T21:45:04.858-0300] {dag.py:3239} INFO - Sync 1 DAGs
[2025-02-03T21:45:04.918-0300] {logging_mixin.py:190} INFO - [2025-02-03T21:45:04.917-0300] {dag.py:4180} INFO - Setting next_dagrun for example_time_delta_sensor_async to None, run_after=None
[2025-02-03T21:45:05.168-0300] {processor.py:208} INFO - Processing /home/gnobisp/Documents/floder1/code-challenge/venv/lib/python3.10/site-packages/airflow/example_dags/example_time_delta_sensor_async.py took 0.445 seconds
[2025-02-03T22:01:00.134-0300] {processor.py:186} INFO - Started process (PID=13245) to work on /home/gnobisp/Documents/floder1/code-challenge/venv/lib/python3.10/site-packages/airflow/example_dags/example_time_delta_sensor_async.py
[2025-02-03T22:01:00.159-0300] {processor.py:914} INFO - Processing file /home/gnobisp/Documents/floder1/code-challenge/venv/lib/python3.10/site-packages/airflow/example_dags/example_time_delta_sensor_async.py for tasks to queue
[2025-02-03T22:01:00.174-0300] {logging_mixin.py:190} INFO - [2025-02-03T22:01:00.172-0300] {dagbag.py:588} INFO - Filling up the DagBag from /home/gnobisp/Documents/floder1/code-challenge/venv/lib/python3.10/site-packages/airflow/example_dags/example_time_delta_sensor_async.py
[2025-02-03T22:01:00.234-0300] {processor.py:925} INFO - DAG(s) 'example_time_delta_sensor_async' retrieved from /home/gnobisp/Documents/floder1/code-challenge/venv/lib/python3.10/site-packages/airflow/example_dags/example_time_delta_sensor_async.py
[2025-02-03T22:01:00.394-0300] {logging_mixin.py:190} INFO - [2025-02-03T22:01:00.393-0300] {dag.py:3239} INFO - Sync 1 DAGs
[2025-02-03T22:01:00.512-0300] {logging_mixin.py:190} INFO - [2025-02-03T22:01:00.508-0300] {dag.py:4180} INFO - Setting next_dagrun for example_time_delta_sensor_async to None, run_after=None
[2025-02-03T22:01:01.621-0300] {processor.py:208} INFO - Processing /home/gnobisp/Documents/floder1/code-challenge/venv/lib/python3.10/site-packages/airflow/example_dags/example_time_delta_sensor_async.py took 1.532 seconds
[2025-02-03T22:13:50.843-0300] {processor.py:186} INFO - Started process (PID=34913) to work on /home/gnobisp/Documents/floder1/code-challenge/venv/lib/python3.10/site-packages/airflow/example_dags/example_time_delta_sensor_async.py
[2025-02-03T22:13:50.870-0300] {processor.py:914} INFO - Processing file /home/gnobisp/Documents/floder1/code-challenge/venv/lib/python3.10/site-packages/airflow/example_dags/example_time_delta_sensor_async.py for tasks to queue
[2025-02-03T22:13:50.918-0300] {logging_mixin.py:190} INFO - [2025-02-03T22:13:50.907-0300] {dagbag.py:588} INFO - Filling up the DagBag from /home/gnobisp/Documents/floder1/code-challenge/venv/lib/python3.10/site-packages/airflow/example_dags/example_time_delta_sensor_async.py
[2025-02-03T22:13:51.040-0300] {processor.py:925} INFO - DAG(s) 'example_time_delta_sensor_async' retrieved from /home/gnobisp/Documents/floder1/code-challenge/venv/lib/python3.10/site-packages/airflow/example_dags/example_time_delta_sensor_async.py
[2025-02-03T22:13:51.259-0300] {logging_mixin.py:190} INFO - [2025-02-03T22:13:51.258-0300] {dag.py:3239} INFO - Sync 1 DAGs
[2025-02-03T22:13:51.418-0300] {logging_mixin.py:190} INFO - [2025-02-03T22:13:51.415-0300] {dag.py:4180} INFO - Setting next_dagrun for example_time_delta_sensor_async to None, run_after=None
[2025-02-03T22:13:51.713-0300] {processor.py:208} INFO - Processing /home/gnobisp/Documents/floder1/code-challenge/venv/lib/python3.10/site-packages/airflow/example_dags/example_time_delta_sensor_async.py took 0.974 seconds
[2025-02-03T22:16:13.104-0300] {processor.py:186} INFO - Started process (PID=39064) to work on /home/gnobisp/Documents/floder1/code-challenge/venv/lib/python3.10/site-packages/airflow/example_dags/example_time_delta_sensor_async.py
[2025-02-03T22:16:14.037-0300] {processor.py:914} INFO - Processing file /home/gnobisp/Documents/floder1/code-challenge/venv/lib/python3.10/site-packages/airflow/example_dags/example_time_delta_sensor_async.py for tasks to queue
[2025-02-03T22:16:14.050-0300] {logging_mixin.py:190} INFO - [2025-02-03T22:16:14.049-0300] {dagbag.py:588} INFO - Filling up the DagBag from /home/gnobisp/Documents/floder1/code-challenge/venv/lib/python3.10/site-packages/airflow/example_dags/example_time_delta_sensor_async.py
[2025-02-03T22:16:14.094-0300] {processor.py:925} INFO - DAG(s) 'example_time_delta_sensor_async' retrieved from /home/gnobisp/Documents/floder1/code-challenge/venv/lib/python3.10/site-packages/airflow/example_dags/example_time_delta_sensor_async.py
[2025-02-03T22:16:14.188-0300] {logging_mixin.py:190} INFO - [2025-02-03T22:16:14.187-0300] {dag.py:3239} INFO - Sync 1 DAGs
[2025-02-03T22:16:14.258-0300] {logging_mixin.py:190} INFO - [2025-02-03T22:16:14.256-0300] {dag.py:4180} INFO - Setting next_dagrun for example_time_delta_sensor_async to None, run_after=None
[2025-02-03T22:16:14.546-0300] {processor.py:208} INFO - Processing /home/gnobisp/Documents/floder1/code-challenge/venv/lib/python3.10/site-packages/airflow/example_dags/example_time_delta_sensor_async.py took 1.471 seconds
[2025-02-03T22:18:19.802-0300] {processor.py:186} INFO - Started process (PID=42680) to work on /home/gnobisp/Documents/floder1/code-challenge/venv/lib/python3.10/site-packages/airflow/example_dags/example_time_delta_sensor_async.py
[2025-02-03T22:18:21.041-0300] {processor.py:914} INFO - Processing file /home/gnobisp/Documents/floder1/code-challenge/venv/lib/python3.10/site-packages/airflow/example_dags/example_time_delta_sensor_async.py for tasks to queue
[2025-02-03T22:18:21.052-0300] {logging_mixin.py:190} INFO - [2025-02-03T22:18:21.050-0300] {dagbag.py:588} INFO - Filling up the DagBag from /home/gnobisp/Documents/floder1/code-challenge/venv/lib/python3.10/site-packages/airflow/example_dags/example_time_delta_sensor_async.py
[2025-02-03T22:18:21.078-0300] {processor.py:925} INFO - DAG(s) 'example_time_delta_sensor_async' retrieved from /home/gnobisp/Documents/floder1/code-challenge/venv/lib/python3.10/site-packages/airflow/example_dags/example_time_delta_sensor_async.py
[2025-02-03T22:18:21.175-0300] {logging_mixin.py:190} INFO - [2025-02-03T22:18:21.170-0300] {dag.py:3239} INFO - Sync 1 DAGs
[2025-02-03T22:18:21.353-0300] {logging_mixin.py:190} INFO - [2025-02-03T22:18:21.348-0300] {dag.py:4180} INFO - Setting next_dagrun for example_time_delta_sensor_async to None, run_after=None
[2025-02-03T22:18:21.867-0300] {processor.py:208} INFO - Processing /home/gnobisp/Documents/floder1/code-challenge/venv/lib/python3.10/site-packages/airflow/example_dags/example_time_delta_sensor_async.py took 2.121 seconds
[2025-02-03T22:20:42.075-0300] {processor.py:186} INFO - Started process (PID=46064) to work on /home/gnobisp/Documents/floder1/code-challenge/venv/lib/python3.10/site-packages/airflow/example_dags/example_time_delta_sensor_async.py
[2025-02-03T22:20:42.094-0300] {processor.py:914} INFO - Processing file /home/gnobisp/Documents/floder1/code-challenge/venv/lib/python3.10/site-packages/airflow/example_dags/example_time_delta_sensor_async.py for tasks to queue
[2025-02-03T22:20:42.108-0300] {logging_mixin.py:190} INFO - [2025-02-03T22:20:42.106-0300] {dagbag.py:588} INFO - Filling up the DagBag from /home/gnobisp/Documents/floder1/code-challenge/venv/lib/python3.10/site-packages/airflow/example_dags/example_time_delta_sensor_async.py
[2025-02-03T22:20:42.136-0300] {processor.py:925} INFO - DAG(s) 'example_time_delta_sensor_async' retrieved from /home/gnobisp/Documents/floder1/code-challenge/venv/lib/python3.10/site-packages/airflow/example_dags/example_time_delta_sensor_async.py
[2025-02-03T22:20:42.196-0300] {logging_mixin.py:190} INFO - [2025-02-03T22:20:42.195-0300] {dag.py:3239} INFO - Sync 1 DAGs
[2025-02-03T22:20:42.260-0300] {logging_mixin.py:190} INFO - [2025-02-03T22:20:42.259-0300] {dag.py:4180} INFO - Setting next_dagrun for example_time_delta_sensor_async to None, run_after=None
[2025-02-03T22:20:43.716-0300] {processor.py:208} INFO - Processing /home/gnobisp/Documents/floder1/code-challenge/venv/lib/python3.10/site-packages/airflow/example_dags/example_time_delta_sensor_async.py took 1.677 seconds
