[2025-02-03T21:28:57.560-0300] {processor.py:186} INFO - Started process (PID=299918) to work on /home/gnobisp/Documents/floder1/code-challenge/venv/lib/python3.10/site-packages/airflow/example_dags/example_latest_only_with_trigger.py
[2025-02-03T21:28:57.564-0300] {processor.py:914} INFO - Processing file /home/gnobisp/Documents/floder1/code-challenge/venv/lib/python3.10/site-packages/airflow/example_dags/example_latest_only_with_trigger.py for tasks to queue
[2025-02-03T21:28:57.575-0300] {logging_mixin.py:190} INFO - [2025-02-03T21:28:57.574-0300] {dagbag.py:588} INFO - Filling up the DagBag from /home/gnobisp/Documents/floder1/code-challenge/venv/lib/python3.10/site-packages/airflow/example_dags/example_latest_only_with_trigger.py
[2025-02-03T21:28:57.614-0300] {processor.py:925} INFO - DAG(s) 'latest_only_with_trigger' retrieved from /home/gnobisp/Documents/floder1/code-challenge/venv/lib/python3.10/site-packages/airflow/example_dags/example_latest_only_with_trigger.py
[2025-02-03T21:28:59.432-0300] {logging_mixin.py:190} INFO - [2025-02-03T21:28:59.430-0300] {override.py:1911} INFO - Created Permission View: can delete on DAG:latest_only_with_trigger
[2025-02-03T21:28:59.650-0300] {logging_mixin.py:190} INFO - [2025-02-03T21:28:59.648-0300] {override.py:1911} INFO - Created Permission View: can read on DAG:latest_only_with_trigger
[2025-02-03T21:28:59.841-0300] {logging_mixin.py:190} INFO - [2025-02-03T21:28:59.839-0300] {override.py:1911} INFO - Created Permission View: can edit on DAG:latest_only_with_trigger
[2025-02-03T21:29:00.462-0300] {logging_mixin.py:190} INFO - [2025-02-03T21:29:00.460-0300] {override.py:1911} INFO - Created Permission View: can create on DAG Run:latest_only_with_trigger
[2025-02-03T21:29:00.772-0300] {logging_mixin.py:190} INFO - [2025-02-03T21:29:00.766-0300] {override.py:1911} INFO - Created Permission View: can delete on DAG Run:latest_only_with_trigger
[2025-02-03T21:29:01.039-0300] {logging_mixin.py:190} INFO - [2025-02-03T21:29:01.037-0300] {override.py:1911} INFO - Created Permission View: can read on DAG Run:latest_only_with_trigger
[2025-02-03T21:29:02.020-0300] {logging_mixin.py:190} INFO - [2025-02-03T21:29:02.016-0300] {override.py:1911} INFO - Created Permission View: menu access on DAG Run:latest_only_with_trigger
[2025-02-03T21:29:02.022-0300] {logging_mixin.py:190} INFO - [2025-02-03T21:29:02.021-0300] {dag.py:3239} INFO - Sync 1 DAGs
[2025-02-03T21:29:02.095-0300] {logging_mixin.py:190} INFO - [2025-02-03T21:29:02.093-0300] {dag.py:3262} INFO - Creating ORM DAG for latest_only_with_trigger
[2025-02-03T21:29:02.514-0300] {logging_mixin.py:190} INFO - [2025-02-03T21:29:02.513-0300] {dag.py:4180} INFO - Setting next_dagrun for latest_only_with_trigger to 2025-02-03 20:00:00+00:00, run_after=2025-02-04 00:00:00+00:00
[2025-02-03T21:29:02.971-0300] {processor.py:208} INFO - Processing /home/gnobisp/Documents/floder1/code-challenge/venv/lib/python3.10/site-packages/airflow/example_dags/example_latest_only_with_trigger.py took 5.444 seconds
[2025-02-03T22:19:11.407-0300] {processor.py:186} INFO - Started process (PID=43867) to work on /home/gnobisp/Documents/floder1/code-challenge/venv/lib/python3.10/site-packages/airflow/example_dags/example_latest_only_with_trigger.py
[2025-02-03T22:19:11.413-0300] {processor.py:914} INFO - Processing file /home/gnobisp/Documents/floder1/code-challenge/venv/lib/python3.10/site-packages/airflow/example_dags/example_latest_only_with_trigger.py for tasks to queue
[2025-02-03T22:19:11.423-0300] {logging_mixin.py:190} INFO - [2025-02-03T22:19:11.422-0300] {dagbag.py:588} INFO - Filling up the DagBag from /home/gnobisp/Documents/floder1/code-challenge/venv/lib/python3.10/site-packages/airflow/example_dags/example_latest_only_with_trigger.py
[2025-02-03T22:19:11.456-0300] {processor.py:925} INFO - DAG(s) 'latest_only_with_trigger' retrieved from /home/gnobisp/Documents/floder1/code-challenge/venv/lib/python3.10/site-packages/airflow/example_dags/example_latest_only_with_trigger.py
[2025-02-03T22:19:11.531-0300] {logging_mixin.py:190} INFO - [2025-02-03T22:19:11.531-0300] {dag.py:3239} INFO - Sync 1 DAGs
[2025-02-03T22:19:11.634-0300] {logging_mixin.py:190} INFO - [2025-02-03T22:19:11.633-0300] {dag.py:4180} INFO - Setting next_dagrun for latest_only_with_trigger to 2025-02-03 20:00:00+00:00, run_after=2025-02-04 00:00:00+00:00
[2025-02-03T22:19:11.849-0300] {processor.py:208} INFO - Processing /home/gnobisp/Documents/floder1/code-challenge/venv/lib/python3.10/site-packages/airflow/example_dags/example_latest_only_with_trigger.py took 0.465 seconds
[2025-02-03T22:21:31.749-0300] {processor.py:186} INFO - Started process (PID=47043) to work on /home/gnobisp/Documents/floder1/code-challenge/venv/lib/python3.10/site-packages/airflow/example_dags/example_latest_only_with_trigger.py
[2025-02-03T22:21:31.769-0300] {processor.py:914} INFO - Processing file /home/gnobisp/Documents/floder1/code-challenge/venv/lib/python3.10/site-packages/airflow/example_dags/example_latest_only_with_trigger.py for tasks to queue
[2025-02-03T22:21:31.790-0300] {logging_mixin.py:190} INFO - [2025-02-03T22:21:31.780-0300] {dagbag.py:588} INFO - Filling up the DagBag from /home/gnobisp/Documents/floder1/code-challenge/venv/lib/python3.10/site-packages/airflow/example_dags/example_latest_only_with_trigger.py
[2025-02-03T22:21:31.872-0300] {processor.py:925} INFO - DAG(s) 'latest_only_with_trigger' retrieved from /home/gnobisp/Documents/floder1/code-challenge/venv/lib/python3.10/site-packages/airflow/example_dags/example_latest_only_with_trigger.py
[2025-02-03T22:21:32.081-0300] {logging_mixin.py:190} INFO - [2025-02-03T22:21:32.072-0300] {dag.py:3239} INFO - Sync 1 DAGs
[2025-02-03T22:21:32.331-0300] {logging_mixin.py:190} INFO - [2025-02-03T22:21:32.325-0300] {dag.py:4180} INFO - Setting next_dagrun for latest_only_with_trigger to 2025-02-03 20:00:00+00:00, run_after=2025-02-04 00:00:00+00:00
[2025-02-03T22:21:32.620-0300] {processor.py:208} INFO - Processing /home/gnobisp/Documents/floder1/code-challenge/venv/lib/python3.10/site-packages/airflow/example_dags/example_latest_only_with_trigger.py took 0.896 seconds
