[2025-02-03T21:30:54.978-0300] {processor.py:186} INFO - Started process (PID=303377) to work on /home/gnobisp/Documents/floder1/code-challenge/venv/lib/python3.10/site-packages/airflow/example_dags/example_dag_decorator.py
[2025-02-03T21:30:54.981-0300] {processor.py:914} INFO - Processing file /home/gnobisp/Documents/floder1/code-challenge/venv/lib/python3.10/site-packages/airflow/example_dags/example_dag_decorator.py for tasks to queue
[2025-02-03T21:30:54.991-0300] {logging_mixin.py:190} INFO - [2025-02-03T21:30:54.989-0300] {dagbag.py:588} INFO - Filling up the DagBag from /home/gnobisp/Documents/floder1/code-challenge/venv/lib/python3.10/site-packages/airflow/example_dags/example_dag_decorator.py
[2025-02-03T21:30:55.046-0300] {processor.py:925} INFO - DAG(s) 'example_dag_decorator' retrieved from /home/gnobisp/Documents/floder1/code-challenge/venv/lib/python3.10/site-packages/airflow/example_dags/example_dag_decorator.py
[2025-02-03T21:30:56.902-0300] {logging_mixin.py:190} INFO - [2025-02-03T21:30:56.896-0300] {override.py:1911} INFO - Created Permission View: can delete on DAG:example_dag_decorator
[2025-02-03T21:30:57.167-0300] {logging_mixin.py:190} INFO - [2025-02-03T21:30:57.162-0300] {override.py:1911} INFO - Created Permission View: can read on DAG:example_dag_decorator
[2025-02-03T21:30:57.419-0300] {logging_mixin.py:190} INFO - [2025-02-03T21:30:57.417-0300] {override.py:1911} INFO - Created Permission View: can edit on DAG:example_dag_decorator
[2025-02-03T21:30:58.705-0300] {logging_mixin.py:190} INFO - [2025-02-03T21:30:58.703-0300] {override.py:1911} INFO - Created Permission View: can create on DAG Run:example_dag_decorator
[2025-02-03T21:30:59.142-0300] {logging_mixin.py:190} INFO - [2025-02-03T21:30:59.140-0300] {override.py:1911} INFO - Created Permission View: can delete on DAG Run:example_dag_decorator
[2025-02-03T21:30:59.440-0300] {logging_mixin.py:190} INFO - [2025-02-03T21:30:59.438-0300] {override.py:1911} INFO - Created Permission View: can read on DAG Run:example_dag_decorator
[2025-02-03T21:30:59.660-0300] {logging_mixin.py:190} INFO - [2025-02-03T21:30:59.659-0300] {override.py:1911} INFO - Created Permission View: menu access on DAG Run:example_dag_decorator
[2025-02-03T21:30:59.662-0300] {logging_mixin.py:190} INFO - [2025-02-03T21:30:59.661-0300] {dag.py:3239} INFO - Sync 1 DAGs
[2025-02-03T21:30:59.728-0300] {logging_mixin.py:190} INFO - [2025-02-03T21:30:59.727-0300] {dag.py:3262} INFO - Creating ORM DAG for example_dag_decorator
[2025-02-03T21:30:59.731-0300] {logging_mixin.py:190} INFO - [2025-02-03T21:30:59.730-0300] {dag.py:4180} INFO - Setting next_dagrun for example_dag_decorator to None, run_after=None
[2025-02-03T21:31:00.056-0300] {processor.py:208} INFO - Processing /home/gnobisp/Documents/floder1/code-challenge/venv/lib/python3.10/site-packages/airflow/example_dags/example_dag_decorator.py took 5.106 seconds
[2025-02-03T22:19:31.677-0300] {processor.py:186} INFO - Started process (PID=44293) to work on /home/gnobisp/Documents/floder1/code-challenge/venv/lib/python3.10/site-packages/airflow/example_dags/example_dag_decorator.py
[2025-02-03T22:19:31.705-0300] {processor.py:914} INFO - Processing file /home/gnobisp/Documents/floder1/code-challenge/venv/lib/python3.10/site-packages/airflow/example_dags/example_dag_decorator.py for tasks to queue
[2025-02-03T22:19:31.718-0300] {logging_mixin.py:190} INFO - [2025-02-03T22:19:31.715-0300] {dagbag.py:588} INFO - Filling up the DagBag from /home/gnobisp/Documents/floder1/code-challenge/venv/lib/python3.10/site-packages/airflow/example_dags/example_dag_decorator.py
[2025-02-03T22:19:31.769-0300] {processor.py:925} INFO - DAG(s) 'example_dag_decorator' retrieved from /home/gnobisp/Documents/floder1/code-challenge/venv/lib/python3.10/site-packages/airflow/example_dags/example_dag_decorator.py
[2025-02-03T22:19:32.248-0300] {logging_mixin.py:190} INFO - [2025-02-03T22:19:32.247-0300] {dag.py:3239} INFO - Sync 1 DAGs
[2025-02-03T22:19:32.294-0300] {logging_mixin.py:190} INFO - [2025-02-03T22:19:32.293-0300] {dag.py:4180} INFO - Setting next_dagrun for example_dag_decorator to None, run_after=None
[2025-02-03T22:19:32.474-0300] {processor.py:208} INFO - Processing /home/gnobisp/Documents/floder1/code-challenge/venv/lib/python3.10/site-packages/airflow/example_dags/example_dag_decorator.py took 0.818 seconds
