[2025-02-03T21:30:26.155-0300] {processor.py:186} INFO - Started process (PID=302548) to work on /home/gnobisp/Documents/floder1/code-challenge/venv/lib/python3.10/site-packages/airflow/example_dags/example_dataset_alias_with_no_taskflow.py
[2025-02-03T21:30:26.158-0300] {processor.py:914} INFO - Processing file /home/gnobisp/Documents/floder1/code-challenge/venv/lib/python3.10/site-packages/airflow/example_dags/example_dataset_alias_with_no_taskflow.py for tasks to queue
[2025-02-03T21:30:26.165-0300] {logging_mixin.py:190} INFO - [2025-02-03T21:30:26.164-0300] {dagbag.py:588} INFO - Filling up the DagBag from /home/gnobisp/Documents/floder1/code-challenge/venv/lib/python3.10/site-packages/airflow/example_dags/example_dataset_alias_with_no_taskflow.py
[2025-02-03T21:30:26.264-0300] {processor.py:925} INFO - DAG(s) 'dataset_alias_example_alias_consumer_with_no_taskflow', 'dataset_s3_bucket_consumer_with_no_taskflow', 'dataset_alias_example_alias_producer_with_no_taskflow', 'dataset_s3_bucket_producer_with_no_taskflow' retrieved from /home/gnobisp/Documents/floder1/code-challenge/venv/lib/python3.10/site-packages/airflow/example_dags/example_dataset_alias_with_no_taskflow.py
[2025-02-03T21:30:27.050-0300] {logging_mixin.py:190} INFO - [2025-02-03T21:30:27.047-0300] {override.py:1911} INFO - Created Permission View: can delete on DAG:dataset_alias_example_alias_consumer_with_no_taskflow
[2025-02-03T21:30:27.249-0300] {logging_mixin.py:190} INFO - [2025-02-03T21:30:27.247-0300] {override.py:1911} INFO - Created Permission View: can read on DAG:dataset_alias_example_alias_consumer_with_no_taskflow
[2025-02-03T21:30:27.410-0300] {logging_mixin.py:190} INFO - [2025-02-03T21:30:27.409-0300] {override.py:1911} INFO - Created Permission View: can edit on DAG:dataset_alias_example_alias_consumer_with_no_taskflow
[2025-02-03T21:30:28.987-0300] {logging_mixin.py:190} INFO - [2025-02-03T21:30:28.981-0300] {override.py:1911} INFO - Created Permission View: can create on DAG Run:dataset_alias_example_alias_consumer_with_no_taskflow
[2025-02-03T21:30:29.357-0300] {logging_mixin.py:190} INFO - [2025-02-03T21:30:29.355-0300] {override.py:1911} INFO - Created Permission View: can delete on DAG Run:dataset_alias_example_alias_consumer_with_no_taskflow
[2025-02-03T21:30:29.810-0300] {logging_mixin.py:190} INFO - [2025-02-03T21:30:29.808-0300] {override.py:1911} INFO - Created Permission View: can read on DAG Run:dataset_alias_example_alias_consumer_with_no_taskflow
[2025-02-03T21:30:30.509-0300] {logging_mixin.py:190} INFO - [2025-02-03T21:30:30.507-0300] {override.py:1911} INFO - Created Permission View: menu access on DAG Run:dataset_alias_example_alias_consumer_with_no_taskflow
[2025-02-03T21:30:30.977-0300] {logging_mixin.py:190} INFO - [2025-02-03T21:30:30.975-0300] {override.py:1911} INFO - Created Permission View: can delete on DAG:dataset_s3_bucket_consumer_with_no_taskflow
[2025-02-03T21:30:31.193-0300] {logging_mixin.py:190} INFO - [2025-02-03T21:30:31.190-0300] {override.py:1911} INFO - Created Permission View: can read on DAG:dataset_s3_bucket_consumer_with_no_taskflow
[2025-02-03T21:30:31.399-0300] {logging_mixin.py:190} INFO - [2025-02-03T21:30:31.397-0300] {override.py:1911} INFO - Created Permission View: can edit on DAG:dataset_s3_bucket_consumer_with_no_taskflow
[2025-02-03T21:30:32.890-0300] {logging_mixin.py:190} INFO - [2025-02-03T21:30:32.888-0300] {override.py:1911} INFO - Created Permission View: can create on DAG Run:dataset_s3_bucket_consumer_with_no_taskflow
[2025-02-03T21:30:33.016-0300] {logging_mixin.py:190} INFO - [2025-02-03T21:30:33.014-0300] {override.py:1911} INFO - Created Permission View: can delete on DAG Run:dataset_s3_bucket_consumer_with_no_taskflow
[2025-02-03T21:30:33.201-0300] {logging_mixin.py:190} INFO - [2025-02-03T21:30:33.199-0300] {override.py:1911} INFO - Created Permission View: can read on DAG Run:dataset_s3_bucket_consumer_with_no_taskflow
[2025-02-03T21:30:33.411-0300] {logging_mixin.py:190} INFO - [2025-02-03T21:30:33.410-0300] {override.py:1911} INFO - Created Permission View: menu access on DAG Run:dataset_s3_bucket_consumer_with_no_taskflow
[2025-02-03T21:30:33.979-0300] {logging_mixin.py:190} INFO - [2025-02-03T21:30:33.978-0300] {override.py:1911} INFO - Created Permission View: can delete on DAG:dataset_alias_example_alias_producer_with_no_taskflow
[2025-02-03T21:30:34.399-0300] {logging_mixin.py:190} INFO - [2025-02-03T21:30:34.398-0300] {override.py:1911} INFO - Created Permission View: can read on DAG:dataset_alias_example_alias_producer_with_no_taskflow
[2025-02-03T21:30:35.299-0300] {logging_mixin.py:190} INFO - [2025-02-03T21:30:35.297-0300] {override.py:1911} INFO - Created Permission View: can edit on DAG:dataset_alias_example_alias_producer_with_no_taskflow
[2025-02-03T21:30:35.744-0300] {logging_mixin.py:190} INFO - [2025-02-03T21:30:35.740-0300] {override.py:1911} INFO - Created Permission View: can create on DAG Run:dataset_alias_example_alias_producer_with_no_taskflow
[2025-02-03T21:30:35.969-0300] {logging_mixin.py:190} INFO - [2025-02-03T21:30:35.967-0300] {override.py:1911} INFO - Created Permission View: can delete on DAG Run:dataset_alias_example_alias_producer_with_no_taskflow
[2025-02-03T21:30:36.178-0300] {logging_mixin.py:190} INFO - [2025-02-03T21:30:36.177-0300] {override.py:1911} INFO - Created Permission View: can read on DAG Run:dataset_alias_example_alias_producer_with_no_taskflow
[2025-02-03T21:30:36.428-0300] {logging_mixin.py:190} INFO - [2025-02-03T21:30:36.426-0300] {override.py:1911} INFO - Created Permission View: menu access on DAG Run:dataset_alias_example_alias_producer_with_no_taskflow
[2025-02-03T21:30:37.727-0300] {logging_mixin.py:190} INFO - [2025-02-03T21:30:37.725-0300] {override.py:1911} INFO - Created Permission View: can delete on DAG:dataset_s3_bucket_producer_with_no_taskflow
[2025-02-03T21:30:38.541-0300] {logging_mixin.py:190} INFO - [2025-02-03T21:30:38.539-0300] {override.py:1911} INFO - Created Permission View: can read on DAG:dataset_s3_bucket_producer_with_no_taskflow
[2025-02-03T21:30:38.662-0300] {logging_mixin.py:190} INFO - [2025-02-03T21:30:38.661-0300] {override.py:1911} INFO - Created Permission View: can edit on DAG:dataset_s3_bucket_producer_with_no_taskflow
[2025-02-03T21:30:38.930-0300] {logging_mixin.py:190} INFO - [2025-02-03T21:30:38.928-0300] {override.py:1911} INFO - Created Permission View: can create on DAG Run:dataset_s3_bucket_producer_with_no_taskflow
[2025-02-03T21:30:39.066-0300] {logging_mixin.py:190} INFO - [2025-02-03T21:30:39.064-0300] {override.py:1911} INFO - Created Permission View: can delete on DAG Run:dataset_s3_bucket_producer_with_no_taskflow
[2025-02-03T21:30:39.223-0300] {logging_mixin.py:190} INFO - [2025-02-03T21:30:39.222-0300] {override.py:1911} INFO - Created Permission View: can read on DAG Run:dataset_s3_bucket_producer_with_no_taskflow
[2025-02-03T21:30:39.354-0300] {logging_mixin.py:190} INFO - [2025-02-03T21:30:39.353-0300] {override.py:1911} INFO - Created Permission View: menu access on DAG Run:dataset_s3_bucket_producer_with_no_taskflow
[2025-02-03T21:30:39.360-0300] {logging_mixin.py:190} INFO - [2025-02-03T21:30:39.358-0300] {dag.py:3239} INFO - Sync 4 DAGs
[2025-02-03T21:30:39.440-0300] {logging_mixin.py:190} INFO - [2025-02-03T21:30:39.439-0300] {dag.py:3262} INFO - Creating ORM DAG for dataset_alias_example_alias_producer_with_no_taskflow
[2025-02-03T21:30:39.443-0300] {logging_mixin.py:190} INFO - [2025-02-03T21:30:39.442-0300] {dag.py:3262} INFO - Creating ORM DAG for dataset_s3_bucket_producer_with_no_taskflow
[2025-02-03T21:30:39.446-0300] {logging_mixin.py:190} INFO - [2025-02-03T21:30:39.445-0300] {dag.py:3262} INFO - Creating ORM DAG for dataset_s3_bucket_consumer_with_no_taskflow
[2025-02-03T21:30:39.450-0300] {logging_mixin.py:190} INFO - [2025-02-03T21:30:39.449-0300] {dag.py:3262} INFO - Creating ORM DAG for dataset_alias_example_alias_consumer_with_no_taskflow
[2025-02-03T21:30:39.492-0300] {logging_mixin.py:190} INFO - [2025-02-03T21:30:39.491-0300] {dag.py:4180} INFO - Setting next_dagrun for dataset_alias_example_alias_consumer_with_no_taskflow to None, run_after=None
[2025-02-03T21:30:39.495-0300] {logging_mixin.py:190} INFO - [2025-02-03T21:30:39.495-0300] {dag.py:4180} INFO - Setting next_dagrun for dataset_alias_example_alias_producer_with_no_taskflow to None, run_after=None
[2025-02-03T21:30:39.499-0300] {logging_mixin.py:190} INFO - [2025-02-03T21:30:39.499-0300] {dag.py:4180} INFO - Setting next_dagrun for dataset_s3_bucket_consumer_with_no_taskflow to None, run_after=None
[2025-02-03T21:30:39.503-0300] {logging_mixin.py:190} INFO - [2025-02-03T21:30:39.502-0300] {dag.py:4180} INFO - Setting next_dagrun for dataset_s3_bucket_producer_with_no_taskflow to None, run_after=None
[2025-02-03T21:30:39.783-0300] {processor.py:208} INFO - Processing /home/gnobisp/Documents/floder1/code-challenge/venv/lib/python3.10/site-packages/airflow/example_dags/example_dataset_alias_with_no_taskflow.py took 13.664 seconds
[2025-02-03T22:19:29.023-0300] {processor.py:186} INFO - Started process (PID=44220) to work on /home/gnobisp/Documents/floder1/code-challenge/venv/lib/python3.10/site-packages/airflow/example_dags/example_dataset_alias_with_no_taskflow.py
[2025-02-03T22:19:29.036-0300] {processor.py:914} INFO - Processing file /home/gnobisp/Documents/floder1/code-challenge/venv/lib/python3.10/site-packages/airflow/example_dags/example_dataset_alias_with_no_taskflow.py for tasks to queue
[2025-02-03T22:19:29.044-0300] {logging_mixin.py:190} INFO - [2025-02-03T22:19:29.042-0300] {dagbag.py:588} INFO - Filling up the DagBag from /home/gnobisp/Documents/floder1/code-challenge/venv/lib/python3.10/site-packages/airflow/example_dags/example_dataset_alias_with_no_taskflow.py
[2025-02-03T22:19:29.149-0300] {processor.py:925} INFO - DAG(s) 'dataset_s3_bucket_producer_with_no_taskflow', 'dataset_s3_bucket_consumer_with_no_taskflow', 'dataset_alias_example_alias_producer_with_no_taskflow', 'dataset_alias_example_alias_consumer_with_no_taskflow' retrieved from /home/gnobisp/Documents/floder1/code-challenge/venv/lib/python3.10/site-packages/airflow/example_dags/example_dataset_alias_with_no_taskflow.py
[2025-02-03T22:19:29.267-0300] {logging_mixin.py:190} INFO - [2025-02-03T22:19:29.266-0300] {dag.py:3239} INFO - Sync 4 DAGs
[2025-02-03T22:19:29.372-0300] {logging_mixin.py:190} INFO - [2025-02-03T22:19:29.371-0300] {dag.py:4180} INFO - Setting next_dagrun for dataset_alias_example_alias_consumer_with_no_taskflow to None, run_after=None
[2025-02-03T22:19:29.384-0300] {logging_mixin.py:190} INFO - [2025-02-03T22:19:29.383-0300] {dag.py:4180} INFO - Setting next_dagrun for dataset_alias_example_alias_producer_with_no_taskflow to None, run_after=None
[2025-02-03T22:19:29.390-0300] {logging_mixin.py:190} INFO - [2025-02-03T22:19:29.389-0300] {dag.py:4180} INFO - Setting next_dagrun for dataset_s3_bucket_consumer_with_no_taskflow to None, run_after=None
[2025-02-03T22:19:29.395-0300] {logging_mixin.py:190} INFO - [2025-02-03T22:19:29.394-0300] {dag.py:4180} INFO - Setting next_dagrun for dataset_s3_bucket_producer_with_no_taskflow to None, run_after=None
[2025-02-03T22:19:29.614-0300] {processor.py:208} INFO - Processing /home/gnobisp/Documents/floder1/code-challenge/venv/lib/python3.10/site-packages/airflow/example_dags/example_dataset_alias_with_no_taskflow.py took 0.616 seconds
