[2025-02-03T21:28:48.477-0300] {processor.py:186} INFO - Started process (PID=299574) to work on /home/gnobisp/Documents/floder1/code-challenge/venv/lib/python3.10/site-packages/airflow/example_dags/example_nested_branch_dag.py
[2025-02-03T21:28:48.480-0300] {processor.py:914} INFO - Processing file /home/gnobisp/Documents/floder1/code-challenge/venv/lib/python3.10/site-packages/airflow/example_dags/example_nested_branch_dag.py for tasks to queue
[2025-02-03T21:28:48.489-0300] {logging_mixin.py:190} INFO - [2025-02-03T21:28:48.488-0300] {dagbag.py:588} INFO - Filling up the DagBag from /home/gnobisp/Documents/floder1/code-challenge/venv/lib/python3.10/site-packages/airflow/example_dags/example_nested_branch_dag.py
[2025-02-03T21:28:48.541-0300] {processor.py:925} INFO - DAG(s) 'example_nested_branch_dag' retrieved from /home/gnobisp/Documents/floder1/code-challenge/venv/lib/python3.10/site-packages/airflow/example_dags/example_nested_branch_dag.py
[2025-02-03T21:28:50.767-0300] {logging_mixin.py:190} INFO - [2025-02-03T21:28:50.763-0300] {override.py:1911} INFO - Created Permission View: can delete on DAG:example_nested_branch_dag
[2025-02-03T21:28:51.017-0300] {logging_mixin.py:190} INFO - [2025-02-03T21:28:51.016-0300] {override.py:1911} INFO - Created Permission View: can read on DAG:example_nested_branch_dag
[2025-02-03T21:28:51.156-0300] {logging_mixin.py:190} INFO - [2025-02-03T21:28:51.155-0300] {override.py:1911} INFO - Created Permission View: can edit on DAG:example_nested_branch_dag
[2025-02-03T21:28:51.525-0300] {logging_mixin.py:190} INFO - [2025-02-03T21:28:51.524-0300] {override.py:1911} INFO - Created Permission View: can create on DAG Run:example_nested_branch_dag
[2025-02-03T21:28:51.767-0300] {logging_mixin.py:190} INFO - [2025-02-03T21:28:51.765-0300] {override.py:1911} INFO - Created Permission View: can delete on DAG Run:example_nested_branch_dag
[2025-02-03T21:28:51.995-0300] {logging_mixin.py:190} INFO - [2025-02-03T21:28:51.993-0300] {override.py:1911} INFO - Created Permission View: can read on DAG Run:example_nested_branch_dag
[2025-02-03T21:28:52.133-0300] {logging_mixin.py:190} INFO - [2025-02-03T21:28:52.131-0300] {override.py:1911} INFO - Created Permission View: menu access on DAG Run:example_nested_branch_dag
[2025-02-03T21:28:52.134-0300] {logging_mixin.py:190} INFO - [2025-02-03T21:28:52.134-0300] {dag.py:3239} INFO - Sync 1 DAGs
[2025-02-03T21:28:52.192-0300] {logging_mixin.py:190} INFO - [2025-02-03T21:28:52.191-0300] {dag.py:3262} INFO - Creating ORM DAG for example_nested_branch_dag
[2025-02-03T21:28:52.238-0300] {logging_mixin.py:190} INFO - [2025-02-03T21:28:52.237-0300] {dag.py:4180} INFO - Setting next_dagrun for example_nested_branch_dag to 2025-02-03 00:00:00+00:00, run_after=2025-02-04 00:00:00+00:00
[2025-02-03T21:28:52.661-0300] {processor.py:208} INFO - Processing /home/gnobisp/Documents/floder1/code-challenge/venv/lib/python3.10/site-packages/airflow/example_dags/example_nested_branch_dag.py took 4.209 seconds
[2025-02-03T22:19:08.527-0300] {processor.py:186} INFO - Started process (PID=43811) to work on /home/gnobisp/Documents/floder1/code-challenge/venv/lib/python3.10/site-packages/airflow/example_dags/example_nested_branch_dag.py
[2025-02-03T22:19:08.544-0300] {processor.py:914} INFO - Processing file /home/gnobisp/Documents/floder1/code-challenge/venv/lib/python3.10/site-packages/airflow/example_dags/example_nested_branch_dag.py for tasks to queue
[2025-02-03T22:19:08.558-0300] {logging_mixin.py:190} INFO - [2025-02-03T22:19:08.553-0300] {dagbag.py:588} INFO - Filling up the DagBag from /home/gnobisp/Documents/floder1/code-challenge/venv/lib/python3.10/site-packages/airflow/example_dags/example_nested_branch_dag.py
[2025-02-03T22:19:08.613-0300] {processor.py:925} INFO - DAG(s) 'example_nested_branch_dag' retrieved from /home/gnobisp/Documents/floder1/code-challenge/venv/lib/python3.10/site-packages/airflow/example_dags/example_nested_branch_dag.py
[2025-02-03T22:19:08.692-0300] {logging_mixin.py:190} INFO - [2025-02-03T22:19:08.691-0300] {dag.py:3239} INFO - Sync 1 DAGs
[2025-02-03T22:19:08.795-0300] {logging_mixin.py:190} INFO - [2025-02-03T22:19:08.794-0300] {dag.py:4180} INFO - Setting next_dagrun for example_nested_branch_dag to 2025-02-03 00:00:00+00:00, run_after=2025-02-04 00:00:00+00:00
[2025-02-03T22:19:08.956-0300] {processor.py:208} INFO - Processing /home/gnobisp/Documents/floder1/code-challenge/venv/lib/python3.10/site-packages/airflow/example_dags/example_nested_branch_dag.py took 0.455 seconds
[2025-02-03T22:21:27.759-0300] {processor.py:186} INFO - Started process (PID=46936) to work on /home/gnobisp/Documents/floder1/code-challenge/venv/lib/python3.10/site-packages/airflow/example_dags/example_nested_branch_dag.py
[2025-02-03T22:21:28.355-0300] {processor.py:914} INFO - Processing file /home/gnobisp/Documents/floder1/code-challenge/venv/lib/python3.10/site-packages/airflow/example_dags/example_nested_branch_dag.py for tasks to queue
[2025-02-03T22:21:28.374-0300] {logging_mixin.py:190} INFO - [2025-02-03T22:21:28.373-0300] {dagbag.py:588} INFO - Filling up the DagBag from /home/gnobisp/Documents/floder1/code-challenge/venv/lib/python3.10/site-packages/airflow/example_dags/example_nested_branch_dag.py
[2025-02-03T22:21:28.500-0300] {processor.py:925} INFO - DAG(s) 'example_nested_branch_dag' retrieved from /home/gnobisp/Documents/floder1/code-challenge/venv/lib/python3.10/site-packages/airflow/example_dags/example_nested_branch_dag.py
[2025-02-03T22:21:28.627-0300] {logging_mixin.py:190} INFO - [2025-02-03T22:21:28.626-0300] {dag.py:3239} INFO - Sync 1 DAGs
[2025-02-03T22:21:28.820-0300] {logging_mixin.py:190} INFO - [2025-02-03T22:21:28.819-0300] {dag.py:4180} INFO - Setting next_dagrun for example_nested_branch_dag to 2025-02-03 00:00:00+00:00, run_after=2025-02-04 00:00:00+00:00
[2025-02-03T22:21:29.132-0300] {processor.py:208} INFO - Processing /home/gnobisp/Documents/floder1/code-challenge/venv/lib/python3.10/site-packages/airflow/example_dags/example_nested_branch_dag.py took 1.397 seconds
