[2025-02-03T21:28:36.455-0300] {processor.py:186} INFO - Started process (PID=299248) to work on /home/gnobisp/Documents/floder1/code-challenge/venv/lib/python3.10/site-packages/airflow/example_dags/example_outlet_event_extra.py
[2025-02-03T21:28:36.458-0300] {processor.py:914} INFO - Processing file /home/gnobisp/Documents/floder1/code-challenge/venv/lib/python3.10/site-packages/airflow/example_dags/example_outlet_event_extra.py for tasks to queue
[2025-02-03T21:28:36.465-0300] {logging_mixin.py:190} INFO - [2025-02-03T21:28:36.463-0300] {dagbag.py:588} INFO - Filling up the DagBag from /home/gnobisp/Documents/floder1/code-challenge/venv/lib/python3.10/site-packages/airflow/example_dags/example_outlet_event_extra.py
[2025-02-03T21:28:36.520-0300] {processor.py:925} INFO - DAG(s) 'dataset_with_extra_from_classic_operator', 'dataset_with_extra_by_yield', 'dataset_with_extra_by_context' retrieved from /home/gnobisp/Documents/floder1/code-challenge/venv/lib/python3.10/site-packages/airflow/example_dags/example_outlet_event_extra.py
[2025-02-03T21:28:38.620-0300] {logging_mixin.py:190} INFO - [2025-02-03T21:28:38.618-0300] {override.py:1911} INFO - Created Permission View: can delete on DAG:dataset_with_extra_from_classic_operator
[2025-02-03T21:28:38.908-0300] {logging_mixin.py:190} INFO - [2025-02-03T21:28:38.907-0300] {override.py:1911} INFO - Created Permission View: can read on DAG:dataset_with_extra_from_classic_operator
[2025-02-03T21:28:39.118-0300] {logging_mixin.py:190} INFO - [2025-02-03T21:28:39.117-0300] {override.py:1911} INFO - Created Permission View: can edit on DAG:dataset_with_extra_from_classic_operator
[2025-02-03T21:28:39.546-0300] {logging_mixin.py:190} INFO - [2025-02-03T21:28:39.545-0300] {override.py:1911} INFO - Created Permission View: can create on DAG Run:dataset_with_extra_from_classic_operator
[2025-02-03T21:28:39.761-0300] {logging_mixin.py:190} INFO - [2025-02-03T21:28:39.760-0300] {override.py:1911} INFO - Created Permission View: can delete on DAG Run:dataset_with_extra_from_classic_operator
[2025-02-03T21:28:39.989-0300] {logging_mixin.py:190} INFO - [2025-02-03T21:28:39.987-0300] {override.py:1911} INFO - Created Permission View: can read on DAG Run:dataset_with_extra_from_classic_operator
[2025-02-03T21:28:40.114-0300] {logging_mixin.py:190} INFO - [2025-02-03T21:28:40.113-0300] {override.py:1911} INFO - Created Permission View: menu access on DAG Run:dataset_with_extra_from_classic_operator
[2025-02-03T21:28:40.800-0300] {logging_mixin.py:190} INFO - [2025-02-03T21:28:40.792-0300] {override.py:1911} INFO - Created Permission View: can delete on DAG:dataset_with_extra_by_yield
[2025-02-03T21:28:41.575-0300] {logging_mixin.py:190} INFO - [2025-02-03T21:28:41.574-0300] {override.py:1911} INFO - Created Permission View: can read on DAG:dataset_with_extra_by_yield
[2025-02-03T21:28:41.829-0300] {logging_mixin.py:190} INFO - [2025-02-03T21:28:41.827-0300] {override.py:1911} INFO - Created Permission View: can edit on DAG:dataset_with_extra_by_yield
[2025-02-03T21:28:42.302-0300] {logging_mixin.py:190} INFO - [2025-02-03T21:28:42.301-0300] {override.py:1911} INFO - Created Permission View: can create on DAG Run:dataset_with_extra_by_yield
[2025-02-03T21:28:42.500-0300] {logging_mixin.py:190} INFO - [2025-02-03T21:28:42.499-0300] {override.py:1911} INFO - Created Permission View: can delete on DAG Run:dataset_with_extra_by_yield
[2025-02-03T21:28:42.732-0300] {logging_mixin.py:190} INFO - [2025-02-03T21:28:42.730-0300] {override.py:1911} INFO - Created Permission View: can read on DAG Run:dataset_with_extra_by_yield
[2025-02-03T21:28:43.254-0300] {logging_mixin.py:190} INFO - [2025-02-03T21:28:43.252-0300] {override.py:1911} INFO - Created Permission View: menu access on DAG Run:dataset_with_extra_by_yield
[2025-02-03T21:28:44.341-0300] {logging_mixin.py:190} INFO - [2025-02-03T21:28:44.339-0300] {override.py:1911} INFO - Created Permission View: can delete on DAG:dataset_with_extra_by_context
[2025-02-03T21:28:44.539-0300] {logging_mixin.py:190} INFO - [2025-02-03T21:28:44.538-0300] {override.py:1911} INFO - Created Permission View: can read on DAG:dataset_with_extra_by_context
[2025-02-03T21:28:44.771-0300] {logging_mixin.py:190} INFO - [2025-02-03T21:28:44.769-0300] {override.py:1911} INFO - Created Permission View: can edit on DAG:dataset_with_extra_by_context
[2025-02-03T21:28:45.184-0300] {logging_mixin.py:190} INFO - [2025-02-03T21:28:45.182-0300] {override.py:1911} INFO - Created Permission View: can create on DAG Run:dataset_with_extra_by_context
[2025-02-03T21:28:46.112-0300] {logging_mixin.py:190} INFO - [2025-02-03T21:28:46.111-0300] {override.py:1911} INFO - Created Permission View: can delete on DAG Run:dataset_with_extra_by_context
[2025-02-03T21:28:46.332-0300] {logging_mixin.py:190} INFO - [2025-02-03T21:28:46.331-0300] {override.py:1911} INFO - Created Permission View: can read on DAG Run:dataset_with_extra_by_context
[2025-02-03T21:28:46.525-0300] {logging_mixin.py:190} INFO - [2025-02-03T21:28:46.524-0300] {override.py:1911} INFO - Created Permission View: menu access on DAG Run:dataset_with_extra_by_context
[2025-02-03T21:28:46.526-0300] {logging_mixin.py:190} INFO - [2025-02-03T21:28:46.526-0300] {dag.py:3239} INFO - Sync 3 DAGs
[2025-02-03T21:28:46.570-0300] {logging_mixin.py:190} INFO - [2025-02-03T21:28:46.569-0300] {dag.py:3262} INFO - Creating ORM DAG for dataset_with_extra_by_yield
[2025-02-03T21:28:46.573-0300] {logging_mixin.py:190} INFO - [2025-02-03T21:28:46.572-0300] {dag.py:3262} INFO - Creating ORM DAG for dataset_with_extra_by_context
[2025-02-03T21:28:46.576-0300] {logging_mixin.py:190} INFO - [2025-02-03T21:28:46.575-0300] {dag.py:3262} INFO - Creating ORM DAG for dataset_with_extra_from_classic_operator
[2025-02-03T21:28:46.610-0300] {logging_mixin.py:190} INFO - [2025-02-03T21:28:46.610-0300] {dag.py:4180} INFO - Setting next_dagrun for dataset_with_extra_by_context to 2025-02-03 00:00:00+00:00, run_after=2025-02-04 00:00:00+00:00
[2025-02-03T21:28:46.617-0300] {logging_mixin.py:190} INFO - [2025-02-03T21:28:46.616-0300] {dag.py:4180} INFO - Setting next_dagrun for dataset_with_extra_by_yield to 2025-02-03 00:00:00+00:00, run_after=2025-02-04 00:00:00+00:00
[2025-02-03T21:28:46.624-0300] {logging_mixin.py:190} INFO - [2025-02-03T21:28:46.624-0300] {dag.py:4180} INFO - Setting next_dagrun for dataset_with_extra_from_classic_operator to 2025-02-03 00:00:00+00:00, run_after=2025-02-04 00:00:00+00:00
[2025-02-03T21:28:46.949-0300] {processor.py:208} INFO - Processing /home/gnobisp/Documents/floder1/code-challenge/venv/lib/python3.10/site-packages/airflow/example_dags/example_outlet_event_extra.py took 10.520 seconds
[2025-02-03T22:19:07.128-0300] {processor.py:186} INFO - Started process (PID=43791) to work on /home/gnobisp/Documents/floder1/code-challenge/venv/lib/python3.10/site-packages/airflow/example_dags/example_outlet_event_extra.py
[2025-02-03T22:19:07.458-0300] {processor.py:914} INFO - Processing file /home/gnobisp/Documents/floder1/code-challenge/venv/lib/python3.10/site-packages/airflow/example_dags/example_outlet_event_extra.py for tasks to queue
[2025-02-03T22:19:07.465-0300] {logging_mixin.py:190} INFO - [2025-02-03T22:19:07.464-0300] {dagbag.py:588} INFO - Filling up the DagBag from /home/gnobisp/Documents/floder1/code-challenge/venv/lib/python3.10/site-packages/airflow/example_dags/example_outlet_event_extra.py
[2025-02-03T22:19:07.532-0300] {processor.py:925} INFO - DAG(s) 'dataset_with_extra_by_yield', 'dataset_with_extra_by_context', 'dataset_with_extra_from_classic_operator' retrieved from /home/gnobisp/Documents/floder1/code-challenge/venv/lib/python3.10/site-packages/airflow/example_dags/example_outlet_event_extra.py
[2025-02-03T22:19:07.627-0300] {logging_mixin.py:190} INFO - [2025-02-03T22:19:07.626-0300] {dag.py:3239} INFO - Sync 3 DAGs
[2025-02-03T22:19:07.760-0300] {logging_mixin.py:190} INFO - [2025-02-03T22:19:07.759-0300] {dag.py:4180} INFO - Setting next_dagrun for dataset_with_extra_by_context to 2025-02-03 00:00:00+00:00, run_after=2025-02-04 00:00:00+00:00
[2025-02-03T22:19:07.784-0300] {logging_mixin.py:190} INFO - [2025-02-03T22:19:07.783-0300] {dag.py:4180} INFO - Setting next_dagrun for dataset_with_extra_by_yield to 2025-02-03 00:00:00+00:00, run_after=2025-02-04 00:00:00+00:00
[2025-02-03T22:19:07.797-0300] {logging_mixin.py:190} INFO - [2025-02-03T22:19:07.797-0300] {dag.py:4180} INFO - Setting next_dagrun for dataset_with_extra_from_classic_operator to 2025-02-03 00:00:00+00:00, run_after=2025-02-04 00:00:00+00:00
[2025-02-03T22:19:08.027-0300] {processor.py:208} INFO - Processing /home/gnobisp/Documents/floder1/code-challenge/venv/lib/python3.10/site-packages/airflow/example_dags/example_outlet_event_extra.py took 0.932 seconds
[2025-02-03T22:21:25.006-0300] {processor.py:186} INFO - Started process (PID=46917) to work on /home/gnobisp/Documents/floder1/code-challenge/venv/lib/python3.10/site-packages/airflow/example_dags/example_outlet_event_extra.py
[2025-02-03T22:21:25.110-0300] {processor.py:914} INFO - Processing file /home/gnobisp/Documents/floder1/code-challenge/venv/lib/python3.10/site-packages/airflow/example_dags/example_outlet_event_extra.py for tasks to queue
[2025-02-03T22:21:25.122-0300] {logging_mixin.py:190} INFO - [2025-02-03T22:21:25.121-0300] {dagbag.py:588} INFO - Filling up the DagBag from /home/gnobisp/Documents/floder1/code-challenge/venv/lib/python3.10/site-packages/airflow/example_dags/example_outlet_event_extra.py
[2025-02-03T22:21:25.192-0300] {processor.py:925} INFO - DAG(s) 'dataset_with_extra_by_context', 'dataset_with_extra_by_yield', 'dataset_with_extra_from_classic_operator' retrieved from /home/gnobisp/Documents/floder1/code-challenge/venv/lib/python3.10/site-packages/airflow/example_dags/example_outlet_event_extra.py
[2025-02-03T22:21:25.286-0300] {logging_mixin.py:190} INFO - [2025-02-03T22:21:25.285-0300] {dag.py:3239} INFO - Sync 3 DAGs
[2025-02-03T22:21:25.398-0300] {logging_mixin.py:190} INFO - [2025-02-03T22:21:25.397-0300] {dag.py:4180} INFO - Setting next_dagrun for dataset_with_extra_by_context to 2025-02-03 00:00:00+00:00, run_after=2025-02-04 00:00:00+00:00
[2025-02-03T22:21:25.431-0300] {logging_mixin.py:190} INFO - [2025-02-03T22:21:25.430-0300] {dag.py:4180} INFO - Setting next_dagrun for dataset_with_extra_by_yield to 2025-02-03 00:00:00+00:00, run_after=2025-02-04 00:00:00+00:00
[2025-02-03T22:21:25.446-0300] {logging_mixin.py:190} INFO - [2025-02-03T22:21:25.445-0300] {dag.py:4180} INFO - Setting next_dagrun for dataset_with_extra_from_classic_operator to 2025-02-03 00:00:00+00:00, run_after=2025-02-04 00:00:00+00:00
[2025-02-03T22:21:26.319-0300] {processor.py:208} INFO - Processing /home/gnobisp/Documents/floder1/code-challenge/venv/lib/python3.10/site-packages/airflow/example_dags/example_outlet_event_extra.py took 1.342 seconds
