[2025-02-03T21:27:43.937-0300] {processor.py:186} INFO - Started process (PID=297965) to work on /home/gnobisp/Documents/floder1/code-challenge/venv/lib/python3.10/site-packages/airflow/example_dags/example_setup_teardown_taskflow.py
[2025-02-03T21:27:43.941-0300] {processor.py:914} INFO - Processing file /home/gnobisp/Documents/floder1/code-challenge/venv/lib/python3.10/site-packages/airflow/example_dags/example_setup_teardown_taskflow.py for tasks to queue
[2025-02-03T21:27:43.948-0300] {logging_mixin.py:190} INFO - [2025-02-03T21:27:43.947-0300] {dagbag.py:588} INFO - Filling up the DagBag from /home/gnobisp/Documents/floder1/code-challenge/venv/lib/python3.10/site-packages/airflow/example_dags/example_setup_teardown_taskflow.py
[2025-02-03T21:27:43.997-0300] {processor.py:925} INFO - DAG(s) 'example_setup_teardown_taskflow' retrieved from /home/gnobisp/Documents/floder1/code-challenge/venv/lib/python3.10/site-packages/airflow/example_dags/example_setup_teardown_taskflow.py
[2025-02-03T21:27:44.905-0300] {logging_mixin.py:190} INFO - [2025-02-03T21:27:44.901-0300] {override.py:1911} INFO - Created Permission View: can delete on DAG:example_setup_teardown_taskflow
[2025-02-03T21:27:45.339-0300] {logging_mixin.py:190} INFO - [2025-02-03T21:27:45.338-0300] {override.py:1911} INFO - Created Permission View: can read on DAG:example_setup_teardown_taskflow
[2025-02-03T21:27:45.486-0300] {logging_mixin.py:190} INFO - [2025-02-03T21:27:45.485-0300] {override.py:1911} INFO - Created Permission View: can edit on DAG:example_setup_teardown_taskflow
[2025-02-03T21:27:45.889-0300] {logging_mixin.py:190} INFO - [2025-02-03T21:27:45.887-0300] {override.py:1911} INFO - Created Permission View: can create on DAG Run:example_setup_teardown_taskflow
[2025-02-03T21:27:46.099-0300] {logging_mixin.py:190} INFO - [2025-02-03T21:27:46.097-0300] {override.py:1911} INFO - Created Permission View: can delete on DAG Run:example_setup_teardown_taskflow
[2025-02-03T21:27:47.072-0300] {logging_mixin.py:190} INFO - [2025-02-03T21:27:47.071-0300] {override.py:1911} INFO - Created Permission View: can read on DAG Run:example_setup_teardown_taskflow
[2025-02-03T21:27:47.270-0300] {logging_mixin.py:190} INFO - [2025-02-03T21:27:47.269-0300] {override.py:1911} INFO - Created Permission View: menu access on DAG Run:example_setup_teardown_taskflow
[2025-02-03T21:27:47.272-0300] {logging_mixin.py:190} INFO - [2025-02-03T21:27:47.272-0300] {dag.py:3239} INFO - Sync 1 DAGs
[2025-02-03T21:27:47.344-0300] {logging_mixin.py:190} INFO - [2025-02-03T21:27:47.343-0300] {dag.py:3262} INFO - Creating ORM DAG for example_setup_teardown_taskflow
[2025-02-03T21:27:47.347-0300] {logging_mixin.py:190} INFO - [2025-02-03T21:27:47.346-0300] {dag.py:4180} INFO - Setting next_dagrun for example_setup_teardown_taskflow to None, run_after=None
[2025-02-03T21:27:47.895-0300] {processor.py:208} INFO - Processing /home/gnobisp/Documents/floder1/code-challenge/venv/lib/python3.10/site-packages/airflow/example_dags/example_setup_teardown_taskflow.py took 3.984 seconds
[2025-02-03T22:18:45.498-0300] {processor.py:186} INFO - Started process (PID=43212) to work on /home/gnobisp/Documents/floder1/code-challenge/venv/lib/python3.10/site-packages/airflow/example_dags/example_setup_teardown_taskflow.py
[2025-02-03T22:18:45.550-0300] {processor.py:914} INFO - Processing file /home/gnobisp/Documents/floder1/code-challenge/venv/lib/python3.10/site-packages/airflow/example_dags/example_setup_teardown_taskflow.py for tasks to queue
[2025-02-03T22:18:45.564-0300] {logging_mixin.py:190} INFO - [2025-02-03T22:18:45.562-0300] {dagbag.py:588} INFO - Filling up the DagBag from /home/gnobisp/Documents/floder1/code-challenge/venv/lib/python3.10/site-packages/airflow/example_dags/example_setup_teardown_taskflow.py
[2025-02-03T22:18:45.614-0300] {processor.py:925} INFO - DAG(s) 'example_setup_teardown_taskflow' retrieved from /home/gnobisp/Documents/floder1/code-challenge/venv/lib/python3.10/site-packages/airflow/example_dags/example_setup_teardown_taskflow.py
[2025-02-03T22:18:45.706-0300] {logging_mixin.py:190} INFO - [2025-02-03T22:18:45.705-0300] {dag.py:3239} INFO - Sync 1 DAGs
[2025-02-03T22:18:45.791-0300] {logging_mixin.py:190} INFO - [2025-02-03T22:18:45.790-0300] {dag.py:4180} INFO - Setting next_dagrun for example_setup_teardown_taskflow to None, run_after=None
[2025-02-03T22:18:46.146-0300] {processor.py:208} INFO - Processing /home/gnobisp/Documents/floder1/code-challenge/venv/lib/python3.10/site-packages/airflow/example_dags/example_setup_teardown_taskflow.py took 0.674 seconds
[2025-02-03T22:21:00.867-0300] {processor.py:186} INFO - Started process (PID=46468) to work on /home/gnobisp/Documents/floder1/code-challenge/venv/lib/python3.10/site-packages/airflow/example_dags/example_setup_teardown_taskflow.py
[2025-02-03T22:21:01.058-0300] {processor.py:914} INFO - Processing file /home/gnobisp/Documents/floder1/code-challenge/venv/lib/python3.10/site-packages/airflow/example_dags/example_setup_teardown_taskflow.py for tasks to queue
[2025-02-03T22:21:01.069-0300] {logging_mixin.py:190} INFO - [2025-02-03T22:21:01.067-0300] {dagbag.py:588} INFO - Filling up the DagBag from /home/gnobisp/Documents/floder1/code-challenge/venv/lib/python3.10/site-packages/airflow/example_dags/example_setup_teardown_taskflow.py
[2025-02-03T22:21:01.129-0300] {processor.py:925} INFO - DAG(s) 'example_setup_teardown_taskflow' retrieved from /home/gnobisp/Documents/floder1/code-challenge/venv/lib/python3.10/site-packages/airflow/example_dags/example_setup_teardown_taskflow.py
[2025-02-03T22:21:01.219-0300] {logging_mixin.py:190} INFO - [2025-02-03T22:21:01.218-0300] {dag.py:3239} INFO - Sync 1 DAGs
[2025-02-03T22:21:01.294-0300] {logging_mixin.py:190} INFO - [2025-02-03T22:21:01.291-0300] {dag.py:4180} INFO - Setting next_dagrun for example_setup_teardown_taskflow to None, run_after=None
[2025-02-03T22:21:01.779-0300] {processor.py:208} INFO - Processing /home/gnobisp/Documents/floder1/code-challenge/venv/lib/python3.10/site-packages/airflow/example_dags/example_setup_teardown_taskflow.py took 0.937 seconds
