[2025-02-03T21:30:41.368-0300] {processor.py:186} INFO - Started process (PID=303056) to work on /home/gnobisp/Documents/floder1/code-challenge/venv/lib/python3.10/site-packages/airflow/example_dags/example_dataset_alias.py
[2025-02-03T21:30:41.371-0300] {processor.py:914} INFO - Processing file /home/gnobisp/Documents/floder1/code-challenge/venv/lib/python3.10/site-packages/airflow/example_dags/example_dataset_alias.py for tasks to queue
[2025-02-03T21:30:41.379-0300] {logging_mixin.py:190} INFO - [2025-02-03T21:30:41.377-0300] {dagbag.py:588} INFO - Filling up the DagBag from /home/gnobisp/Documents/floder1/code-challenge/venv/lib/python3.10/site-packages/airflow/example_dags/example_dataset_alias.py
[2025-02-03T21:30:41.479-0300] {processor.py:925} INFO - DAG(s) 'dataset_s3_bucket_producer', 'dataset_alias_example_alias_consumer', 'dataset_alias_example_alias_producer', 'dataset_s3_bucket_consumer' retrieved from /home/gnobisp/Documents/floder1/code-challenge/venv/lib/python3.10/site-packages/airflow/example_dags/example_dataset_alias.py
[2025-02-03T21:30:42.485-0300] {logging_mixin.py:190} INFO - [2025-02-03T21:30:42.483-0300] {override.py:1911} INFO - Created Permission View: can delete on DAG:dataset_s3_bucket_producer
[2025-02-03T21:30:42.679-0300] {logging_mixin.py:190} INFO - [2025-02-03T21:30:42.677-0300] {override.py:1911} INFO - Created Permission View: can read on DAG:dataset_s3_bucket_producer
[2025-02-03T21:30:42.872-0300] {logging_mixin.py:190} INFO - [2025-02-03T21:30:42.870-0300] {override.py:1911} INFO - Created Permission View: can edit on DAG:dataset_s3_bucket_producer
[2025-02-03T21:30:43.175-0300] {logging_mixin.py:190} INFO - [2025-02-03T21:30:43.174-0300] {override.py:1911} INFO - Created Permission View: can create on DAG Run:dataset_s3_bucket_producer
[2025-02-03T21:30:43.331-0300] {logging_mixin.py:190} INFO - [2025-02-03T21:30:43.330-0300] {override.py:1911} INFO - Created Permission View: can delete on DAG Run:dataset_s3_bucket_producer
[2025-02-03T21:30:44.368-0300] {logging_mixin.py:190} INFO - [2025-02-03T21:30:44.366-0300] {override.py:1911} INFO - Created Permission View: can read on DAG Run:dataset_s3_bucket_producer
[2025-02-03T21:30:44.527-0300] {logging_mixin.py:190} INFO - [2025-02-03T21:30:44.525-0300] {override.py:1911} INFO - Created Permission View: menu access on DAG Run:dataset_s3_bucket_producer
[2025-02-03T21:30:44.880-0300] {logging_mixin.py:190} INFO - [2025-02-03T21:30:44.878-0300] {override.py:1911} INFO - Created Permission View: can delete on DAG:dataset_alias_example_alias_consumer
[2025-02-03T21:30:45.063-0300] {logging_mixin.py:190} INFO - [2025-02-03T21:30:45.061-0300] {override.py:1911} INFO - Created Permission View: can read on DAG:dataset_alias_example_alias_consumer
[2025-02-03T21:30:45.257-0300] {logging_mixin.py:190} INFO - [2025-02-03T21:30:45.256-0300] {override.py:1911} INFO - Created Permission View: can edit on DAG:dataset_alias_example_alias_consumer
[2025-02-03T21:30:45.627-0300] {logging_mixin.py:190} INFO - [2025-02-03T21:30:45.626-0300] {override.py:1911} INFO - Created Permission View: can create on DAG Run:dataset_alias_example_alias_consumer
[2025-02-03T21:30:45.811-0300] {logging_mixin.py:190} INFO - [2025-02-03T21:30:45.810-0300] {override.py:1911} INFO - Created Permission View: can delete on DAG Run:dataset_alias_example_alias_consumer
[2025-02-03T21:30:45.937-0300] {logging_mixin.py:190} INFO - [2025-02-03T21:30:45.936-0300] {override.py:1911} INFO - Created Permission View: can read on DAG Run:dataset_alias_example_alias_consumer
[2025-02-03T21:30:46.123-0300] {logging_mixin.py:190} INFO - [2025-02-03T21:30:46.121-0300] {override.py:1911} INFO - Created Permission View: menu access on DAG Run:dataset_alias_example_alias_consumer
[2025-02-03T21:30:47.256-0300] {logging_mixin.py:190} INFO - [2025-02-03T21:30:47.255-0300] {override.py:1911} INFO - Created Permission View: can delete on DAG:dataset_alias_example_alias_producer
[2025-02-03T21:30:47.441-0300] {logging_mixin.py:190} INFO - [2025-02-03T21:30:47.440-0300] {override.py:1911} INFO - Created Permission View: can read on DAG:dataset_alias_example_alias_producer
[2025-02-03T21:30:48.207-0300] {logging_mixin.py:190} INFO - [2025-02-03T21:30:48.206-0300] {override.py:1911} INFO - Created Permission View: can edit on DAG:dataset_alias_example_alias_producer
[2025-02-03T21:30:48.924-0300] {logging_mixin.py:190} INFO - [2025-02-03T21:30:48.922-0300] {override.py:1911} INFO - Created Permission View: can create on DAG Run:dataset_alias_example_alias_producer
[2025-02-03T21:30:49.134-0300] {logging_mixin.py:190} INFO - [2025-02-03T21:30:49.133-0300] {override.py:1911} INFO - Created Permission View: can delete on DAG Run:dataset_alias_example_alias_producer
[2025-02-03T21:30:49.365-0300] {logging_mixin.py:190} INFO - [2025-02-03T21:30:49.364-0300] {override.py:1911} INFO - Created Permission View: can read on DAG Run:dataset_alias_example_alias_producer
[2025-02-03T21:30:50.331-0300] {logging_mixin.py:190} INFO - [2025-02-03T21:30:50.330-0300] {override.py:1911} INFO - Created Permission View: menu access on DAG Run:dataset_alias_example_alias_producer
[2025-02-03T21:30:50.828-0300] {logging_mixin.py:190} INFO - [2025-02-03T21:30:50.826-0300] {override.py:1911} INFO - Created Permission View: can delete on DAG:dataset_s3_bucket_consumer
[2025-02-03T21:30:51.060-0300] {logging_mixin.py:190} INFO - [2025-02-03T21:30:51.059-0300] {override.py:1911} INFO - Created Permission View: can read on DAG:dataset_s3_bucket_consumer
[2025-02-03T21:30:51.321-0300] {logging_mixin.py:190} INFO - [2025-02-03T21:30:51.320-0300] {override.py:1911} INFO - Created Permission View: can edit on DAG:dataset_s3_bucket_consumer
[2025-02-03T21:30:51.632-0300] {logging_mixin.py:190} INFO - [2025-02-03T21:30:51.630-0300] {override.py:1911} INFO - Created Permission View: can create on DAG Run:dataset_s3_bucket_consumer
[2025-02-03T21:30:51.828-0300] {logging_mixin.py:190} INFO - [2025-02-03T21:30:51.827-0300] {override.py:1911} INFO - Created Permission View: can delete on DAG Run:dataset_s3_bucket_consumer
[2025-02-03T21:30:52.133-0300] {logging_mixin.py:190} INFO - [2025-02-03T21:30:52.125-0300] {override.py:1911} INFO - Created Permission View: can read on DAG Run:dataset_s3_bucket_consumer
[2025-02-03T21:30:53.004-0300] {logging_mixin.py:190} INFO - [2025-02-03T21:30:53.002-0300] {override.py:1911} INFO - Created Permission View: menu access on DAG Run:dataset_s3_bucket_consumer
[2025-02-03T21:30:53.006-0300] {logging_mixin.py:190} INFO - [2025-02-03T21:30:53.005-0300] {dag.py:3239} INFO - Sync 4 DAGs
[2025-02-03T21:30:53.073-0300] {logging_mixin.py:190} INFO - [2025-02-03T21:30:53.072-0300] {dag.py:3262} INFO - Creating ORM DAG for dataset_alias_example_alias_producer
[2025-02-03T21:30:53.076-0300] {logging_mixin.py:190} INFO - [2025-02-03T21:30:53.075-0300] {dag.py:3262} INFO - Creating ORM DAG for dataset_alias_example_alias_consumer
[2025-02-03T21:30:53.079-0300] {logging_mixin.py:190} INFO - [2025-02-03T21:30:53.078-0300] {dag.py:3262} INFO - Creating ORM DAG for dataset_s3_bucket_consumer
[2025-02-03T21:30:53.082-0300] {logging_mixin.py:190} INFO - [2025-02-03T21:30:53.081-0300] {dag.py:3262} INFO - Creating ORM DAG for dataset_s3_bucket_producer
[2025-02-03T21:30:53.129-0300] {logging_mixin.py:190} INFO - [2025-02-03T21:30:53.128-0300] {dag.py:4180} INFO - Setting next_dagrun for dataset_alias_example_alias_consumer to None, run_after=None
[2025-02-03T21:30:53.134-0300] {logging_mixin.py:190} INFO - [2025-02-03T21:30:53.133-0300] {dag.py:4180} INFO - Setting next_dagrun for dataset_alias_example_alias_producer to None, run_after=None
[2025-02-03T21:30:53.138-0300] {logging_mixin.py:190} INFO - [2025-02-03T21:30:53.137-0300] {dag.py:4180} INFO - Setting next_dagrun for dataset_s3_bucket_consumer to None, run_after=None
[2025-02-03T21:30:53.142-0300] {logging_mixin.py:190} INFO - [2025-02-03T21:30:53.141-0300] {dag.py:4180} INFO - Setting next_dagrun for dataset_s3_bucket_producer to None, run_after=None
[2025-02-03T21:30:53.514-0300] {processor.py:208} INFO - Processing /home/gnobisp/Documents/floder1/code-challenge/venv/lib/python3.10/site-packages/airflow/example_dags/example_dataset_alias.py took 12.174 seconds
[2025-02-03T22:19:30.431-0300] {processor.py:186} INFO - Started process (PID=44260) to work on /home/gnobisp/Documents/floder1/code-challenge/venv/lib/python3.10/site-packages/airflow/example_dags/example_dataset_alias.py
[2025-02-03T22:19:30.462-0300] {processor.py:914} INFO - Processing file /home/gnobisp/Documents/floder1/code-challenge/venv/lib/python3.10/site-packages/airflow/example_dags/example_dataset_alias.py for tasks to queue
[2025-02-03T22:19:30.469-0300] {logging_mixin.py:190} INFO - [2025-02-03T22:19:30.468-0300] {dagbag.py:588} INFO - Filling up the DagBag from /home/gnobisp/Documents/floder1/code-challenge/venv/lib/python3.10/site-packages/airflow/example_dags/example_dataset_alias.py
[2025-02-03T22:19:30.554-0300] {processor.py:925} INFO - DAG(s) 'dataset_s3_bucket_consumer', 'dataset_alias_example_alias_consumer', 'dataset_s3_bucket_producer', 'dataset_alias_example_alias_producer' retrieved from /home/gnobisp/Documents/floder1/code-challenge/venv/lib/python3.10/site-packages/airflow/example_dags/example_dataset_alias.py
[2025-02-03T22:19:30.619-0300] {logging_mixin.py:190} INFO - [2025-02-03T22:19:30.618-0300] {dag.py:3239} INFO - Sync 4 DAGs
[2025-02-03T22:19:30.690-0300] {logging_mixin.py:190} INFO - [2025-02-03T22:19:30.689-0300] {dag.py:4180} INFO - Setting next_dagrun for dataset_alias_example_alias_consumer to None, run_after=None
[2025-02-03T22:19:30.701-0300] {logging_mixin.py:190} INFO - [2025-02-03T22:19:30.700-0300] {dag.py:4180} INFO - Setting next_dagrun for dataset_alias_example_alias_producer to None, run_after=None
[2025-02-03T22:19:30.706-0300] {logging_mixin.py:190} INFO - [2025-02-03T22:19:30.705-0300] {dag.py:4180} INFO - Setting next_dagrun for dataset_s3_bucket_consumer to None, run_after=None
[2025-02-03T22:19:30.711-0300] {logging_mixin.py:190} INFO - [2025-02-03T22:19:30.710-0300] {dag.py:4180} INFO - Setting next_dagrun for dataset_s3_bucket_producer to None, run_after=None
[2025-02-03T22:19:30.897-0300] {processor.py:208} INFO - Processing /home/gnobisp/Documents/floder1/code-challenge/venv/lib/python3.10/site-packages/airflow/example_dags/example_dataset_alias.py took 0.491 seconds
