[2025-02-03T21:29:25.058-0300] {processor.py:186} INFO - Started process (PID=300695) to work on /home/gnobisp/Documents/floder1/code-challenge/venv/lib/python3.10/site-packages/airflow/example_dags/example_external_task_marker_dag.py
[2025-02-03T21:29:25.061-0300] {processor.py:914} INFO - Processing file /home/gnobisp/Documents/floder1/code-challenge/venv/lib/python3.10/site-packages/airflow/example_dags/example_external_task_marker_dag.py for tasks to queue
[2025-02-03T21:29:25.067-0300] {logging_mixin.py:190} INFO - [2025-02-03T21:29:25.066-0300] {dagbag.py:588} INFO - Filling up the DagBag from /home/gnobisp/Documents/floder1/code-challenge/venv/lib/python3.10/site-packages/airflow/example_dags/example_external_task_marker_dag.py
[2025-02-03T21:29:25.090-0300] {processor.py:925} INFO - DAG(s) 'example_external_task_marker_child', 'example_external_task_marker_parent' retrieved from /home/gnobisp/Documents/floder1/code-challenge/venv/lib/python3.10/site-packages/airflow/example_dags/example_external_task_marker_dag.py
[2025-02-03T21:29:25.934-0300] {logging_mixin.py:190} INFO - [2025-02-03T21:29:25.929-0300] {override.py:1911} INFO - Created Permission View: can delete on DAG:example_external_task_marker_child
[2025-02-03T21:29:26.187-0300] {logging_mixin.py:190} INFO - [2025-02-03T21:29:26.185-0300] {override.py:1911} INFO - Created Permission View: can read on DAG:example_external_task_marker_child
[2025-02-03T21:29:26.392-0300] {logging_mixin.py:190} INFO - [2025-02-03T21:29:26.390-0300] {override.py:1911} INFO - Created Permission View: can edit on DAG:example_external_task_marker_child
[2025-02-03T21:29:26.762-0300] {logging_mixin.py:190} INFO - [2025-02-03T21:29:26.761-0300] {override.py:1911} INFO - Created Permission View: can create on DAG Run:example_external_task_marker_child
[2025-02-03T21:29:27.004-0300] {logging_mixin.py:190} INFO - [2025-02-03T21:29:27.003-0300] {override.py:1911} INFO - Created Permission View: can delete on DAG Run:example_external_task_marker_child
[2025-02-03T21:29:28.225-0300] {logging_mixin.py:190} INFO - [2025-02-03T21:29:28.224-0300] {override.py:1911} INFO - Created Permission View: can read on DAG Run:example_external_task_marker_child
[2025-02-03T21:29:28.737-0300] {logging_mixin.py:190} INFO - [2025-02-03T21:29:28.735-0300] {override.py:1911} INFO - Created Permission View: menu access on DAG Run:example_external_task_marker_child
[2025-02-03T21:29:29.315-0300] {logging_mixin.py:190} INFO - [2025-02-03T21:29:29.314-0300] {override.py:1911} INFO - Created Permission View: can delete on DAG:example_external_task_marker_parent
[2025-02-03T21:29:29.531-0300] {logging_mixin.py:190} INFO - [2025-02-03T21:29:29.529-0300] {override.py:1911} INFO - Created Permission View: can read on DAG:example_external_task_marker_parent
[2025-02-03T21:29:29.839-0300] {logging_mixin.py:190} INFO - [2025-02-03T21:29:29.838-0300] {override.py:1911} INFO - Created Permission View: can edit on DAG:example_external_task_marker_parent
[2025-02-03T21:29:31.242-0300] {logging_mixin.py:190} INFO - [2025-02-03T21:29:31.240-0300] {override.py:1911} INFO - Created Permission View: can create on DAG Run:example_external_task_marker_parent
[2025-02-03T21:29:31.440-0300] {logging_mixin.py:190} INFO - [2025-02-03T21:29:31.439-0300] {override.py:1911} INFO - Created Permission View: can delete on DAG Run:example_external_task_marker_parent
[2025-02-03T21:29:31.567-0300] {logging_mixin.py:190} INFO - [2025-02-03T21:29:31.565-0300] {override.py:1911} INFO - Created Permission View: can read on DAG Run:example_external_task_marker_parent
[2025-02-03T21:29:31.829-0300] {logging_mixin.py:190} INFO - [2025-02-03T21:29:31.825-0300] {override.py:1911} INFO - Created Permission View: menu access on DAG Run:example_external_task_marker_parent
[2025-02-03T21:29:31.832-0300] {logging_mixin.py:190} INFO - [2025-02-03T21:29:31.831-0300] {dag.py:3239} INFO - Sync 2 DAGs
[2025-02-03T21:29:31.924-0300] {logging_mixin.py:190} INFO - [2025-02-03T21:29:31.923-0300] {dag.py:3262} INFO - Creating ORM DAG for example_external_task_marker_parent
[2025-02-03T21:29:31.928-0300] {logging_mixin.py:190} INFO - [2025-02-03T21:29:31.927-0300] {dag.py:3262} INFO - Creating ORM DAG for example_external_task_marker_child
[2025-02-03T21:29:31.931-0300] {logging_mixin.py:190} INFO - [2025-02-03T21:29:31.930-0300] {dag.py:4180} INFO - Setting next_dagrun for example_external_task_marker_child to None, run_after=None
[2025-02-03T21:29:31.934-0300] {logging_mixin.py:190} INFO - [2025-02-03T21:29:31.933-0300] {dag.py:4180} INFO - Setting next_dagrun for example_external_task_marker_parent to None, run_after=None
[2025-02-03T21:29:32.395-0300] {processor.py:208} INFO - Processing /home/gnobisp/Documents/floder1/code-challenge/venv/lib/python3.10/site-packages/airflow/example_dags/example_external_task_marker_dag.py took 7.354 seconds
[2025-02-03T22:19:19.042-0300] {processor.py:186} INFO - Started process (PID=44031) to work on /home/gnobisp/Documents/floder1/code-challenge/venv/lib/python3.10/site-packages/airflow/example_dags/example_external_task_marker_dag.py
[2025-02-03T22:19:19.057-0300] {processor.py:914} INFO - Processing file /home/gnobisp/Documents/floder1/code-challenge/venv/lib/python3.10/site-packages/airflow/example_dags/example_external_task_marker_dag.py for tasks to queue
[2025-02-03T22:19:19.066-0300] {logging_mixin.py:190} INFO - [2025-02-03T22:19:19.065-0300] {dagbag.py:588} INFO - Filling up the DagBag from /home/gnobisp/Documents/floder1/code-challenge/venv/lib/python3.10/site-packages/airflow/example_dags/example_external_task_marker_dag.py
[2025-02-03T22:19:19.101-0300] {processor.py:925} INFO - DAG(s) 'example_external_task_marker_parent', 'example_external_task_marker_child' retrieved from /home/gnobisp/Documents/floder1/code-challenge/venv/lib/python3.10/site-packages/airflow/example_dags/example_external_task_marker_dag.py
[2025-02-03T22:19:19.186-0300] {logging_mixin.py:190} INFO - [2025-02-03T22:19:19.185-0300] {dag.py:3239} INFO - Sync 2 DAGs
[2025-02-03T22:19:19.251-0300] {logging_mixin.py:190} INFO - [2025-02-03T22:19:19.250-0300] {dag.py:4180} INFO - Setting next_dagrun for example_external_task_marker_child to None, run_after=None
[2025-02-03T22:19:19.267-0300] {logging_mixin.py:190} INFO - [2025-02-03T22:19:19.266-0300] {dag.py:4180} INFO - Setting next_dagrun for example_external_task_marker_parent to None, run_after=None
[2025-02-03T22:19:19.499-0300] {processor.py:208} INFO - Processing /home/gnobisp/Documents/floder1/code-challenge/venv/lib/python3.10/site-packages/airflow/example_dags/example_external_task_marker_dag.py took 0.481 seconds
[2025-02-03T22:21:41.734-0300] {processor.py:186} INFO - Started process (PID=47461) to work on /home/gnobisp/Documents/floder1/code-challenge/venv/lib/python3.10/site-packages/airflow/example_dags/example_external_task_marker_dag.py
[2025-02-03T22:21:41.748-0300] {processor.py:914} INFO - Processing file /home/gnobisp/Documents/floder1/code-challenge/venv/lib/python3.10/site-packages/airflow/example_dags/example_external_task_marker_dag.py for tasks to queue
[2025-02-03T22:21:41.758-0300] {logging_mixin.py:190} INFO - [2025-02-03T22:21:41.757-0300] {dagbag.py:588} INFO - Filling up the DagBag from /home/gnobisp/Documents/floder1/code-challenge/venv/lib/python3.10/site-packages/airflow/example_dags/example_external_task_marker_dag.py
[2025-02-03T22:21:41.784-0300] {processor.py:925} INFO - DAG(s) 'example_external_task_marker_parent', 'example_external_task_marker_child' retrieved from /home/gnobisp/Documents/floder1/code-challenge/venv/lib/python3.10/site-packages/airflow/example_dags/example_external_task_marker_dag.py
[2025-02-03T22:21:41.847-0300] {logging_mixin.py:190} INFO - [2025-02-03T22:21:41.847-0300] {dag.py:3239} INFO - Sync 2 DAGs
[2025-02-03T22:21:41.898-0300] {logging_mixin.py:190} INFO - [2025-02-03T22:21:41.897-0300] {dag.py:4180} INFO - Setting next_dagrun for example_external_task_marker_child to None, run_after=None
[2025-02-03T22:21:41.911-0300] {logging_mixin.py:190} INFO - [2025-02-03T22:21:41.911-0300] {dag.py:4180} INFO - Setting next_dagrun for example_external_task_marker_parent to None, run_after=None
[2025-02-03T22:21:42.133-0300] {processor.py:208} INFO - Processing /home/gnobisp/Documents/floder1/code-challenge/venv/lib/python3.10/site-packages/airflow/example_dags/example_external_task_marker_dag.py took 0.421 seconds
