[2025-02-03T21:29:04.545-0300] {processor.py:186} INFO - Started process (PID=300101) to work on /home/gnobisp/Documents/floder1/code-challenge/venv/lib/python3.10/site-packages/airflow/example_dags/example_latest_only.py
[2025-02-03T21:29:04.552-0300] {processor.py:914} INFO - Processing file /home/gnobisp/Documents/floder1/code-challenge/venv/lib/python3.10/site-packages/airflow/example_dags/example_latest_only.py for tasks to queue
[2025-02-03T21:29:04.561-0300] {logging_mixin.py:190} INFO - [2025-02-03T21:29:04.559-0300] {dagbag.py:588} INFO - Filling up the DagBag from /home/gnobisp/Documents/floder1/code-challenge/venv/lib/python3.10/site-packages/airflow/example_dags/example_latest_only.py
[2025-02-03T21:29:04.587-0300] {processor.py:925} INFO - DAG(s) 'latest_only' retrieved from /home/gnobisp/Documents/floder1/code-challenge/venv/lib/python3.10/site-packages/airflow/example_dags/example_latest_only.py
[2025-02-03T21:29:06.234-0300] {logging_mixin.py:190} INFO - [2025-02-03T21:29:06.232-0300] {override.py:1911} INFO - Created Permission View: can delete on DAG:latest_only
[2025-02-03T21:29:06.374-0300] {logging_mixin.py:190} INFO - [2025-02-03T21:29:06.373-0300] {override.py:1911} INFO - Created Permission View: can read on DAG:latest_only
[2025-02-03T21:29:06.653-0300] {logging_mixin.py:190} INFO - [2025-02-03T21:29:06.651-0300] {override.py:1911} INFO - Created Permission View: can edit on DAG:latest_only
[2025-02-03T21:29:07.188-0300] {logging_mixin.py:190} INFO - [2025-02-03T21:29:07.187-0300] {override.py:1911} INFO - Created Permission View: can create on DAG Run:latest_only
[2025-02-03T21:29:07.395-0300] {logging_mixin.py:190} INFO - [2025-02-03T21:29:07.392-0300] {override.py:1911} INFO - Created Permission View: can delete on DAG Run:latest_only
[2025-02-03T21:29:08.620-0300] {logging_mixin.py:190} INFO - [2025-02-03T21:29:08.618-0300] {override.py:1911} INFO - Created Permission View: can read on DAG Run:latest_only
[2025-02-03T21:29:08.857-0300] {logging_mixin.py:190} INFO - [2025-02-03T21:29:08.856-0300] {override.py:1911} INFO - Created Permission View: menu access on DAG Run:latest_only
[2025-02-03T21:29:08.859-0300] {logging_mixin.py:190} INFO - [2025-02-03T21:29:08.859-0300] {dag.py:3239} INFO - Sync 1 DAGs
[2025-02-03T21:29:08.937-0300] {logging_mixin.py:190} INFO - [2025-02-03T21:29:08.933-0300] {dag.py:3262} INFO - Creating ORM DAG for latest_only
[2025-02-03T21:29:08.983-0300] {logging_mixin.py:190} INFO - [2025-02-03T21:29:08.983-0300] {dag.py:4180} INFO - Setting next_dagrun for latest_only to 2025-02-03 20:00:00+00:00, run_after=2025-02-04 00:00:00+00:00
[2025-02-03T21:29:09.189-0300] {processor.py:208} INFO - Processing /home/gnobisp/Documents/floder1/code-challenge/venv/lib/python3.10/site-packages/airflow/example_dags/example_latest_only.py took 4.671 seconds
[2025-02-03T22:19:13.069-0300] {processor.py:186} INFO - Started process (PID=43953) to work on /home/gnobisp/Documents/floder1/code-challenge/venv/lib/python3.10/site-packages/airflow/example_dags/example_latest_only.py
[2025-02-03T22:19:13.267-0300] {processor.py:914} INFO - Processing file /home/gnobisp/Documents/floder1/code-challenge/venv/lib/python3.10/site-packages/airflow/example_dags/example_latest_only.py for tasks to queue
[2025-02-03T22:19:13.278-0300] {logging_mixin.py:190} INFO - [2025-02-03T22:19:13.277-0300] {dagbag.py:588} INFO - Filling up the DagBag from /home/gnobisp/Documents/floder1/code-challenge/venv/lib/python3.10/site-packages/airflow/example_dags/example_latest_only.py
[2025-02-03T22:19:13.304-0300] {processor.py:925} INFO - DAG(s) 'latest_only' retrieved from /home/gnobisp/Documents/floder1/code-challenge/venv/lib/python3.10/site-packages/airflow/example_dags/example_latest_only.py
[2025-02-03T22:19:13.372-0300] {logging_mixin.py:190} INFO - [2025-02-03T22:19:13.371-0300] {dag.py:3239} INFO - Sync 1 DAGs
[2025-02-03T22:19:13.471-0300] {logging_mixin.py:190} INFO - [2025-02-03T22:19:13.470-0300] {dag.py:4180} INFO - Setting next_dagrun for latest_only to 2025-02-03 20:00:00+00:00, run_after=2025-02-04 00:00:00+00:00
[2025-02-03T22:19:14.019-0300] {processor.py:208} INFO - Processing /home/gnobisp/Documents/floder1/code-challenge/venv/lib/python3.10/site-packages/airflow/example_dags/example_latest_only.py took 0.979 seconds
[2025-02-03T22:21:35.538-0300] {processor.py:186} INFO - Started process (PID=47218) to work on /home/gnobisp/Documents/floder1/code-challenge/venv/lib/python3.10/site-packages/airflow/example_dags/example_latest_only.py
[2025-02-03T22:21:35.549-0300] {processor.py:914} INFO - Processing file /home/gnobisp/Documents/floder1/code-challenge/venv/lib/python3.10/site-packages/airflow/example_dags/example_latest_only.py for tasks to queue
[2025-02-03T22:21:35.560-0300] {logging_mixin.py:190} INFO - [2025-02-03T22:21:35.558-0300] {dagbag.py:588} INFO - Filling up the DagBag from /home/gnobisp/Documents/floder1/code-challenge/venv/lib/python3.10/site-packages/airflow/example_dags/example_latest_only.py
[2025-02-03T22:21:35.599-0300] {processor.py:925} INFO - DAG(s) 'latest_only' retrieved from /home/gnobisp/Documents/floder1/code-challenge/venv/lib/python3.10/site-packages/airflow/example_dags/example_latest_only.py
[2025-02-03T22:21:35.673-0300] {logging_mixin.py:190} INFO - [2025-02-03T22:21:35.672-0300] {dag.py:3239} INFO - Sync 1 DAGs
[2025-02-03T22:21:35.775-0300] {logging_mixin.py:190} INFO - [2025-02-03T22:21:35.774-0300] {dag.py:4180} INFO - Setting next_dagrun for latest_only to 2025-02-03 20:00:00+00:00, run_after=2025-02-04 00:00:00+00:00
[2025-02-03T22:21:36.004-0300] {processor.py:208} INFO - Processing /home/gnobisp/Documents/floder1/code-challenge/venv/lib/python3.10/site-packages/airflow/example_dags/example_latest_only.py took 0.491 seconds
