[2025-02-03T21:15:55.955-0300] {processor.py:186} INFO - Started process (PID=277826) to work on /home/gnobisp/Documents/floder1/code-challenge/venv/lib/python3.10/site-packages/airflow/example_dags/example_workday_timetable.py
[2025-02-03T21:15:55.958-0300] {processor.py:914} INFO - Processing file /home/gnobisp/Documents/floder1/code-challenge/venv/lib/python3.10/site-packages/airflow/example_dags/example_workday_timetable.py for tasks to queue
[2025-02-03T21:15:55.967-0300] {logging_mixin.py:190} INFO - [2025-02-03T21:15:55.966-0300] {dagbag.py:588} INFO - Filling up the DagBag from /home/gnobisp/Documents/floder1/code-challenge/venv/lib/python3.10/site-packages/airflow/example_dags/example_workday_timetable.py
[2025-02-03T21:15:55.993-0300] {processor.py:925} INFO - DAG(s) 'example_workday_timetable' retrieved from /home/gnobisp/Documents/floder1/code-challenge/venv/lib/python3.10/site-packages/airflow/example_dags/example_workday_timetable.py
[2025-02-03T21:15:56.969-0300] {logging_mixin.py:190} INFO - [2025-02-03T21:15:56.961-0300] {override.py:1911} INFO - Created Permission View: can edit on DAG:example_workday_timetable
[2025-02-03T21:15:57.394-0300] {logging_mixin.py:190} INFO - [2025-02-03T21:15:57.393-0300] {override.py:1911} INFO - Created Permission View: can read on DAG:example_workday_timetable
[2025-02-03T21:15:59.369-0300] {logging_mixin.py:190} INFO - [2025-02-03T21:15:59.367-0300] {override.py:1911} INFO - Created Permission View: can delete on DAG:example_workday_timetable
[2025-02-03T21:15:59.835-0300] {logging_mixin.py:190} INFO - [2025-02-03T21:15:59.833-0300] {override.py:1911} INFO - Created Permission View: menu access on DAG Run:example_workday_timetable
[2025-02-03T21:15:59.964-0300] {logging_mixin.py:190} INFO - [2025-02-03T21:15:59.963-0300] {override.py:1911} INFO - Created Permission View: can read on DAG Run:example_workday_timetable
[2025-02-03T21:16:00.200-0300] {logging_mixin.py:190} INFO - [2025-02-03T21:16:00.199-0300] {override.py:1911} INFO - Created Permission View: can delete on DAG Run:example_workday_timetable
[2025-02-03T21:16:00.414-0300] {logging_mixin.py:190} INFO - [2025-02-03T21:16:00.413-0300] {override.py:1911} INFO - Created Permission View: can create on DAG Run:example_workday_timetable
[2025-02-03T21:16:00.423-0300] {logging_mixin.py:190} INFO - [2025-02-03T21:16:00.422-0300] {dag.py:3239} INFO - Sync 1 DAGs
[2025-02-03T21:16:00.623-0300] {logging_mixin.py:190} INFO - [2025-02-03T21:16:00.616-0300] {dag.py:3262} INFO - Creating ORM DAG for example_workday_timetable
[2025-02-03T21:16:00.794-0300] {logging_mixin.py:190} INFO - [2025-02-03T21:16:00.793-0300] {dag.py:4180} INFO - Setting next_dagrun for example_workday_timetable to 2021-01-01 00:00:00+00:00, run_after=2021-01-02 00:00:00+00:00
[2025-02-03T21:16:01.277-0300] {processor.py:208} INFO - Processing /home/gnobisp/Documents/floder1/code-challenge/venv/lib/python3.10/site-packages/airflow/example_dags/example_workday_timetable.py took 5.361 seconds
[2025-02-03T21:27:03.526-0300] {processor.py:186} INFO - Started process (PID=297016) to work on /home/gnobisp/Documents/floder1/code-challenge/venv/lib/python3.10/site-packages/airflow/example_dags/example_workday_timetable.py
[2025-02-03T21:27:03.561-0300] {processor.py:914} INFO - Processing file /home/gnobisp/Documents/floder1/code-challenge/venv/lib/python3.10/site-packages/airflow/example_dags/example_workday_timetable.py for tasks to queue
[2025-02-03T21:27:03.570-0300] {logging_mixin.py:190} INFO - [2025-02-03T21:27:03.569-0300] {dagbag.py:588} INFO - Filling up the DagBag from /home/gnobisp/Documents/floder1/code-challenge/venv/lib/python3.10/site-packages/airflow/example_dags/example_workday_timetable.py
[2025-02-03T21:27:03.597-0300] {processor.py:925} INFO - DAG(s) 'example_workday_timetable' retrieved from /home/gnobisp/Documents/floder1/code-challenge/venv/lib/python3.10/site-packages/airflow/example_dags/example_workday_timetable.py
[2025-02-03T21:27:03.693-0300] {logging_mixin.py:190} INFO - [2025-02-03T21:27:03.692-0300] {dag.py:3239} INFO - Sync 1 DAGs
[2025-02-03T21:27:03.794-0300] {logging_mixin.py:190} INFO - [2025-02-03T21:27:03.793-0300] {dag.py:4180} INFO - Setting next_dagrun for example_workday_timetable to 2021-01-01 00:00:00+00:00, run_after=2021-01-02 00:00:00+00:00
[2025-02-03T21:27:04.071-0300] {processor.py:208} INFO - Processing /home/gnobisp/Documents/floder1/code-challenge/venv/lib/python3.10/site-packages/airflow/example_dags/example_workday_timetable.py took 0.572 seconds
[2025-02-03T21:44:58.062-0300] {processor.py:186} INFO - Started process (PID=327438) to work on /home/gnobisp/Documents/floder1/code-challenge/venv/lib/python3.10/site-packages/airflow/example_dags/example_workday_timetable.py
[2025-02-03T21:44:58.071-0300] {processor.py:914} INFO - Processing file /home/gnobisp/Documents/floder1/code-challenge/venv/lib/python3.10/site-packages/airflow/example_dags/example_workday_timetable.py for tasks to queue
[2025-02-03T21:44:58.086-0300] {logging_mixin.py:190} INFO - [2025-02-03T21:44:58.081-0300] {dagbag.py:588} INFO - Filling up the DagBag from /home/gnobisp/Documents/floder1/code-challenge/venv/lib/python3.10/site-packages/airflow/example_dags/example_workday_timetable.py
[2025-02-03T21:44:58.209-0300] {processor.py:925} INFO - DAG(s) 'example_workday_timetable' retrieved from /home/gnobisp/Documents/floder1/code-challenge/venv/lib/python3.10/site-packages/airflow/example_dags/example_workday_timetable.py
[2025-02-03T21:44:58.338-0300] {logging_mixin.py:190} INFO - [2025-02-03T21:44:58.337-0300] {dag.py:3239} INFO - Sync 1 DAGs
[2025-02-03T21:44:58.423-0300] {logging_mixin.py:190} INFO - [2025-02-03T21:44:58.422-0300] {dag.py:4180} INFO - Setting next_dagrun for example_workday_timetable to 2021-01-01 00:00:00+00:00, run_after=2021-01-02 00:00:00+00:00
[2025-02-03T21:44:59.089-0300] {processor.py:208} INFO - Processing /home/gnobisp/Documents/floder1/code-challenge/venv/lib/python3.10/site-packages/airflow/example_dags/example_workday_timetable.py took 1.065 seconds
[2025-02-03T22:00:51.082-0300] {processor.py:186} INFO - Started process (PID=12965) to work on /home/gnobisp/Documents/floder1/code-challenge/venv/lib/python3.10/site-packages/airflow/example_dags/example_workday_timetable.py
[2025-02-03T22:00:51.118-0300] {processor.py:914} INFO - Processing file /home/gnobisp/Documents/floder1/code-challenge/venv/lib/python3.10/site-packages/airflow/example_dags/example_workday_timetable.py for tasks to queue
[2025-02-03T22:00:51.129-0300] {logging_mixin.py:190} INFO - [2025-02-03T22:00:51.128-0300] {dagbag.py:588} INFO - Filling up the DagBag from /home/gnobisp/Documents/floder1/code-challenge/venv/lib/python3.10/site-packages/airflow/example_dags/example_workday_timetable.py
[2025-02-03T22:00:51.164-0300] {processor.py:925} INFO - DAG(s) 'example_workday_timetable' retrieved from /home/gnobisp/Documents/floder1/code-challenge/venv/lib/python3.10/site-packages/airflow/example_dags/example_workday_timetable.py
[2025-02-03T22:00:51.265-0300] {logging_mixin.py:190} INFO - [2025-02-03T22:00:51.264-0300] {dag.py:3239} INFO - Sync 1 DAGs
[2025-02-03T22:00:51.420-0300] {logging_mixin.py:190} INFO - [2025-02-03T22:00:51.415-0300] {dag.py:4180} INFO - Setting next_dagrun for example_workday_timetable to 2021-01-01 00:00:00+00:00, run_after=2021-01-02 00:00:00+00:00
[2025-02-03T22:00:52.035-0300] {processor.py:208} INFO - Processing /home/gnobisp/Documents/floder1/code-challenge/venv/lib/python3.10/site-packages/airflow/example_dags/example_workday_timetable.py took 0.979 seconds
[2025-02-03T22:13:44.518-0300] {processor.py:186} INFO - Started process (PID=34770) to work on /home/gnobisp/Documents/floder1/code-challenge/venv/lib/python3.10/site-packages/airflow/example_dags/example_workday_timetable.py
[2025-02-03T22:13:44.541-0300] {processor.py:914} INFO - Processing file /home/gnobisp/Documents/floder1/code-challenge/venv/lib/python3.10/site-packages/airflow/example_dags/example_workday_timetable.py for tasks to queue
[2025-02-03T22:13:44.588-0300] {logging_mixin.py:190} INFO - [2025-02-03T22:13:44.574-0300] {dagbag.py:588} INFO - Filling up the DagBag from /home/gnobisp/Documents/floder1/code-challenge/venv/lib/python3.10/site-packages/airflow/example_dags/example_workday_timetable.py
[2025-02-03T22:13:44.704-0300] {processor.py:925} INFO - DAG(s) 'example_workday_timetable' retrieved from /home/gnobisp/Documents/floder1/code-challenge/venv/lib/python3.10/site-packages/airflow/example_dags/example_workday_timetable.py
[2025-02-03T22:13:44.957-0300] {logging_mixin.py:190} INFO - [2025-02-03T22:13:44.955-0300] {dag.py:3239} INFO - Sync 1 DAGs
[2025-02-03T22:13:45.058-0300] {logging_mixin.py:190} INFO - [2025-02-03T22:13:45.057-0300] {dag.py:4180} INFO - Setting next_dagrun for example_workday_timetable to 2021-01-01 00:00:00+00:00, run_after=2021-01-02 00:00:00+00:00
[2025-02-03T22:13:45.721-0300] {processor.py:208} INFO - Processing /home/gnobisp/Documents/floder1/code-challenge/venv/lib/python3.10/site-packages/airflow/example_dags/example_workday_timetable.py took 1.293 seconds
[2025-02-03T22:16:05.886-0300] {processor.py:186} INFO - Started process (PID=38852) to work on /home/gnobisp/Documents/floder1/code-challenge/venv/lib/python3.10/site-packages/airflow/example_dags/example_workday_timetable.py
[2025-02-03T22:16:05.894-0300] {processor.py:914} INFO - Processing file /home/gnobisp/Documents/floder1/code-challenge/venv/lib/python3.10/site-packages/airflow/example_dags/example_workday_timetable.py for tasks to queue
[2025-02-03T22:16:05.906-0300] {logging_mixin.py:190} INFO - [2025-02-03T22:16:05.904-0300] {dagbag.py:588} INFO - Filling up the DagBag from /home/gnobisp/Documents/floder1/code-challenge/venv/lib/python3.10/site-packages/airflow/example_dags/example_workday_timetable.py
[2025-02-03T22:16:05.966-0300] {processor.py:925} INFO - DAG(s) 'example_workday_timetable' retrieved from /home/gnobisp/Documents/floder1/code-challenge/venv/lib/python3.10/site-packages/airflow/example_dags/example_workday_timetable.py
[2025-02-03T22:16:06.085-0300] {logging_mixin.py:190} INFO - [2025-02-03T22:16:06.083-0300] {dag.py:3239} INFO - Sync 1 DAGs
[2025-02-03T22:16:06.261-0300] {logging_mixin.py:190} INFO - [2025-02-03T22:16:06.260-0300] {dag.py:4180} INFO - Setting next_dagrun for example_workday_timetable to 2021-01-01 00:00:00+00:00, run_after=2021-01-02 00:00:00+00:00
[2025-02-03T22:16:06.513-0300] {processor.py:208} INFO - Processing /home/gnobisp/Documents/floder1/code-challenge/venv/lib/python3.10/site-packages/airflow/example_dags/example_workday_timetable.py took 0.653 seconds
[2025-02-03T22:18:08.281-0300] {processor.py:186} INFO - Started process (PID=42301) to work on /home/gnobisp/Documents/floder1/code-challenge/venv/lib/python3.10/site-packages/airflow/example_dags/example_workday_timetable.py
[2025-02-03T22:18:08.764-0300] {processor.py:914} INFO - Processing file /home/gnobisp/Documents/floder1/code-challenge/venv/lib/python3.10/site-packages/airflow/example_dags/example_workday_timetable.py for tasks to queue
[2025-02-03T22:18:08.783-0300] {logging_mixin.py:190} INFO - [2025-02-03T22:18:08.782-0300] {dagbag.py:588} INFO - Filling up the DagBag from /home/gnobisp/Documents/floder1/code-challenge/venv/lib/python3.10/site-packages/airflow/example_dags/example_workday_timetable.py
[2025-02-03T22:18:08.870-0300] {processor.py:925} INFO - DAG(s) 'example_workday_timetable' retrieved from /home/gnobisp/Documents/floder1/code-challenge/venv/lib/python3.10/site-packages/airflow/example_dags/example_workday_timetable.py
[2025-02-03T22:18:09.053-0300] {logging_mixin.py:190} INFO - [2025-02-03T22:18:09.052-0300] {dag.py:3239} INFO - Sync 1 DAGs
[2025-02-03T22:18:09.193-0300] {logging_mixin.py:190} INFO - [2025-02-03T22:18:09.192-0300] {dag.py:4180} INFO - Setting next_dagrun for example_workday_timetable to 2021-01-01 00:00:00+00:00, run_after=2021-01-02 00:00:00+00:00
[2025-02-03T22:18:11.938-0300] {processor.py:208} INFO - Processing /home/gnobisp/Documents/floder1/code-challenge/venv/lib/python3.10/site-packages/airflow/example_dags/example_workday_timetable.py took 3.688 seconds
[2025-02-03T22:20:35.053-0300] {processor.py:186} INFO - Started process (PID=45736) to work on /home/gnobisp/Documents/floder1/code-challenge/venv/lib/python3.10/site-packages/airflow/example_dags/example_workday_timetable.py
[2025-02-03T22:20:35.074-0300] {processor.py:914} INFO - Processing file /home/gnobisp/Documents/floder1/code-challenge/venv/lib/python3.10/site-packages/airflow/example_dags/example_workday_timetable.py for tasks to queue
[2025-02-03T22:20:35.082-0300] {logging_mixin.py:190} INFO - [2025-02-03T22:20:35.080-0300] {dagbag.py:588} INFO - Filling up the DagBag from /home/gnobisp/Documents/floder1/code-challenge/venv/lib/python3.10/site-packages/airflow/example_dags/example_workday_timetable.py
[2025-02-03T22:20:35.104-0300] {processor.py:925} INFO - DAG(s) 'example_workday_timetable' retrieved from /home/gnobisp/Documents/floder1/code-challenge/venv/lib/python3.10/site-packages/airflow/example_dags/example_workday_timetable.py
[2025-02-03T22:20:35.162-0300] {logging_mixin.py:190} INFO - [2025-02-03T22:20:35.161-0300] {dag.py:3239} INFO - Sync 1 DAGs
[2025-02-03T22:20:35.265-0300] {logging_mixin.py:190} INFO - [2025-02-03T22:20:35.263-0300] {dag.py:4180} INFO - Setting next_dagrun for example_workday_timetable to 2021-01-01 00:00:00+00:00, run_after=2021-01-02 00:00:00+00:00
[2025-02-03T22:20:35.506-0300] {processor.py:208} INFO - Processing /home/gnobisp/Documents/floder1/code-challenge/venv/lib/python3.10/site-packages/airflow/example_dags/example_workday_timetable.py took 0.480 seconds
