[2025-02-03T21:27:23.415-0300] {processor.py:186} INFO - Started process (PID=297353) to work on /home/gnobisp/Documents/floder1/code-challenge/venv/lib/python3.10/site-packages/airflow/example_dags/example_sla_dag.py
[2025-02-03T21:27:23.417-0300] {processor.py:914} INFO - Processing file /home/gnobisp/Documents/floder1/code-challenge/venv/lib/python3.10/site-packages/airflow/example_dags/example_sla_dag.py for tasks to queue
[2025-02-03T21:27:23.423-0300] {logging_mixin.py:190} INFO - [2025-02-03T21:27:23.422-0300] {dagbag.py:588} INFO - Filling up the DagBag from /home/gnobisp/Documents/floder1/code-challenge/venv/lib/python3.10/site-packages/airflow/example_dags/example_sla_dag.py
[2025-02-03T21:27:23.466-0300] {processor.py:925} INFO - DAG(s) 'example_sla_dag' retrieved from /home/gnobisp/Documents/floder1/code-challenge/venv/lib/python3.10/site-packages/airflow/example_dags/example_sla_dag.py
[2025-02-03T21:27:24.155-0300] {logging_mixin.py:190} INFO - [2025-02-03T21:27:24.153-0300] {override.py:1911} INFO - Created Permission View: can delete on DAG:example_sla_dag
[2025-02-03T21:27:24.279-0300] {logging_mixin.py:190} INFO - [2025-02-03T21:27:24.278-0300] {override.py:1911} INFO - Created Permission View: can read on DAG:example_sla_dag
[2025-02-03T21:27:24.427-0300] {logging_mixin.py:190} INFO - [2025-02-03T21:27:24.426-0300] {override.py:1911} INFO - Created Permission View: can edit on DAG:example_sla_dag
[2025-02-03T21:27:24.656-0300] {logging_mixin.py:190} INFO - [2025-02-03T21:27:24.654-0300] {override.py:1911} INFO - Created Permission View: can create on DAG Run:example_sla_dag
[2025-02-03T21:27:24.800-0300] {logging_mixin.py:190} INFO - [2025-02-03T21:27:24.799-0300] {override.py:1911} INFO - Created Permission View: can delete on DAG Run:example_sla_dag
[2025-02-03T21:27:24.988-0300] {logging_mixin.py:190} INFO - [2025-02-03T21:27:24.986-0300] {override.py:1911} INFO - Created Permission View: can read on DAG Run:example_sla_dag
[2025-02-03T21:27:25.091-0300] {logging_mixin.py:190} INFO - [2025-02-03T21:27:25.089-0300] {override.py:1911} INFO - Created Permission View: menu access on DAG Run:example_sla_dag
[2025-02-03T21:27:25.094-0300] {logging_mixin.py:190} INFO - [2025-02-03T21:27:25.092-0300] {dag.py:3239} INFO - Sync 1 DAGs
[2025-02-03T21:27:25.151-0300] {logging_mixin.py:190} INFO - [2025-02-03T21:27:25.150-0300] {dag.py:3262} INFO - Creating ORM DAG for example_sla_dag
[2025-02-03T21:27:25.200-0300] {logging_mixin.py:190} INFO - [2025-02-03T21:27:25.199-0300] {dag.py:4180} INFO - Setting next_dagrun for example_sla_dag to 2025-02-04 00:24:00+00:00, run_after=2025-02-04 00:26:00+00:00
[2025-02-03T21:27:25.416-0300] {processor.py:208} INFO - Processing /home/gnobisp/Documents/floder1/code-challenge/venv/lib/python3.10/site-packages/airflow/example_dags/example_sla_dag.py took 2.022 seconds
[2025-02-03T22:01:11.930-0300] {processor.py:186} INFO - Started process (PID=13455) to work on /home/gnobisp/Documents/floder1/code-challenge/venv/lib/python3.10/site-packages/airflow/example_dags/example_sla_dag.py
[2025-02-03T22:01:12.076-0300] {processor.py:914} INFO - Processing file /home/gnobisp/Documents/floder1/code-challenge/venv/lib/python3.10/site-packages/airflow/example_dags/example_sla_dag.py for tasks to queue
[2025-02-03T22:01:12.089-0300] {logging_mixin.py:190} INFO - [2025-02-03T22:01:12.087-0300] {dagbag.py:588} INFO - Filling up the DagBag from /home/gnobisp/Documents/floder1/code-challenge/venv/lib/python3.10/site-packages/airflow/example_dags/example_sla_dag.py
[2025-02-03T22:01:12.147-0300] {processor.py:925} INFO - DAG(s) 'example_sla_dag' retrieved from /home/gnobisp/Documents/floder1/code-challenge/venv/lib/python3.10/site-packages/airflow/example_dags/example_sla_dag.py
[2025-02-03T22:01:12.215-0300] {logging_mixin.py:190} INFO - [2025-02-03T22:01:12.214-0300] {dag.py:3239} INFO - Sync 1 DAGs
[2025-02-03T22:01:12.395-0300] {logging_mixin.py:190} INFO - [2025-02-03T22:01:12.394-0300] {dag.py:4180} INFO - Setting next_dagrun for example_sla_dag to 2025-02-04 00:58:00+00:00, run_after=2025-02-04 01:00:00+00:00
[2025-02-03T22:01:12.832-0300] {processor.py:208} INFO - Processing /home/gnobisp/Documents/floder1/code-challenge/venv/lib/python3.10/site-packages/airflow/example_dags/example_sla_dag.py took 0.929 seconds
[2025-02-03T22:14:00.265-0300] {processor.py:186} INFO - Started process (PID=35211) to work on /home/gnobisp/Documents/floder1/code-challenge/venv/lib/python3.10/site-packages/airflow/example_dags/example_sla_dag.py
[2025-02-03T22:14:00.542-0300] {processor.py:914} INFO - Processing file /home/gnobisp/Documents/floder1/code-challenge/venv/lib/python3.10/site-packages/airflow/example_dags/example_sla_dag.py for tasks to queue
[2025-02-03T22:14:00.583-0300] {logging_mixin.py:190} INFO - [2025-02-03T22:14:00.581-0300] {dagbag.py:588} INFO - Filling up the DagBag from /home/gnobisp/Documents/floder1/code-challenge/venv/lib/python3.10/site-packages/airflow/example_dags/example_sla_dag.py
[2025-02-03T22:14:00.702-0300] {processor.py:925} INFO - DAG(s) 'example_sla_dag' retrieved from /home/gnobisp/Documents/floder1/code-challenge/venv/lib/python3.10/site-packages/airflow/example_dags/example_sla_dag.py
[2025-02-03T22:14:00.911-0300] {logging_mixin.py:190} INFO - [2025-02-03T22:14:00.910-0300] {dag.py:3239} INFO - Sync 1 DAGs
[2025-02-03T22:14:01.146-0300] {logging_mixin.py:190} INFO - [2025-02-03T22:14:01.145-0300] {dag.py:4180} INFO - Setting next_dagrun for example_sla_dag to 2025-02-04 01:12:00+00:00, run_after=2025-02-04 01:14:00+00:00
[2025-02-03T22:14:01.846-0300] {processor.py:208} INFO - Processing /home/gnobisp/Documents/floder1/code-challenge/venv/lib/python3.10/site-packages/airflow/example_dags/example_sla_dag.py took 1.627 seconds
[2025-02-03T22:16:22.384-0300] {processor.py:186} INFO - Started process (PID=39352) to work on /home/gnobisp/Documents/floder1/code-challenge/venv/lib/python3.10/site-packages/airflow/example_dags/example_sla_dag.py
[2025-02-03T22:16:22.391-0300] {processor.py:914} INFO - Processing file /home/gnobisp/Documents/floder1/code-challenge/venv/lib/python3.10/site-packages/airflow/example_dags/example_sla_dag.py for tasks to queue
[2025-02-03T22:16:22.400-0300] {logging_mixin.py:190} INFO - [2025-02-03T22:16:22.398-0300] {dagbag.py:588} INFO - Filling up the DagBag from /home/gnobisp/Documents/floder1/code-challenge/venv/lib/python3.10/site-packages/airflow/example_dags/example_sla_dag.py
[2025-02-03T22:16:22.454-0300] {processor.py:925} INFO - DAG(s) 'example_sla_dag' retrieved from /home/gnobisp/Documents/floder1/code-challenge/venv/lib/python3.10/site-packages/airflow/example_dags/example_sla_dag.py
[2025-02-03T22:16:22.527-0300] {logging_mixin.py:190} INFO - [2025-02-03T22:16:22.526-0300] {dag.py:3239} INFO - Sync 1 DAGs
[2025-02-03T22:16:22.650-0300] {logging_mixin.py:190} INFO - [2025-02-03T22:16:22.649-0300] {dag.py:4180} INFO - Setting next_dagrun for example_sla_dag to 2025-02-04 01:14:00+00:00, run_after=2025-02-04 01:16:00+00:00
[2025-02-03T22:16:22.868-0300] {processor.py:208} INFO - Processing /home/gnobisp/Documents/floder1/code-challenge/venv/lib/python3.10/site-packages/airflow/example_dags/example_sla_dag.py took 0.512 seconds
[2025-02-03T22:18:31.906-0300] {processor.py:186} INFO - Started process (PID=42975) to work on /home/gnobisp/Documents/floder1/code-challenge/venv/lib/python3.10/site-packages/airflow/example_dags/example_sla_dag.py
[2025-02-03T22:18:31.921-0300] {processor.py:914} INFO - Processing file /home/gnobisp/Documents/floder1/code-challenge/venv/lib/python3.10/site-packages/airflow/example_dags/example_sla_dag.py for tasks to queue
[2025-02-03T22:18:31.937-0300] {logging_mixin.py:190} INFO - [2025-02-03T22:18:31.931-0300] {dagbag.py:588} INFO - Filling up the DagBag from /home/gnobisp/Documents/floder1/code-challenge/venv/lib/python3.10/site-packages/airflow/example_dags/example_sla_dag.py
[2025-02-03T22:18:32.011-0300] {processor.py:925} INFO - DAG(s) 'example_sla_dag' retrieved from /home/gnobisp/Documents/floder1/code-challenge/venv/lib/python3.10/site-packages/airflow/example_dags/example_sla_dag.py
[2025-02-03T22:18:32.190-0300] {logging_mixin.py:190} INFO - [2025-02-03T22:18:32.189-0300] {dag.py:3239} INFO - Sync 1 DAGs
[2025-02-03T22:18:32.436-0300] {logging_mixin.py:190} INFO - [2025-02-03T22:18:32.429-0300] {dag.py:4180} INFO - Setting next_dagrun for example_sla_dag to 2025-02-04 01:16:00+00:00, run_after=2025-02-04 01:18:00+00:00
[2025-02-03T22:18:33.946-0300] {processor.py:208} INFO - Processing /home/gnobisp/Documents/floder1/code-challenge/venv/lib/python3.10/site-packages/airflow/example_dags/example_sla_dag.py took 2.075 seconds
[2025-02-03T22:20:49.564-0300] {processor.py:186} INFO - Started process (PID=46199) to work on /home/gnobisp/Documents/floder1/code-challenge/venv/lib/python3.10/site-packages/airflow/example_dags/example_sla_dag.py
[2025-02-03T22:20:50.212-0300] {processor.py:914} INFO - Processing file /home/gnobisp/Documents/floder1/code-challenge/venv/lib/python3.10/site-packages/airflow/example_dags/example_sla_dag.py for tasks to queue
[2025-02-03T22:20:50.219-0300] {logging_mixin.py:190} INFO - [2025-02-03T22:20:50.218-0300] {dagbag.py:588} INFO - Filling up the DagBag from /home/gnobisp/Documents/floder1/code-challenge/venv/lib/python3.10/site-packages/airflow/example_dags/example_sla_dag.py
[2025-02-03T22:20:50.260-0300] {processor.py:925} INFO - DAG(s) 'example_sla_dag' retrieved from /home/gnobisp/Documents/floder1/code-challenge/venv/lib/python3.10/site-packages/airflow/example_dags/example_sla_dag.py
[2025-02-03T22:20:50.325-0300] {logging_mixin.py:190} INFO - [2025-02-03T22:20:50.324-0300] {dag.py:3239} INFO - Sync 1 DAGs
[2025-02-03T22:20:50.460-0300] {logging_mixin.py:190} INFO - [2025-02-03T22:20:50.459-0300] {dag.py:4180} INFO - Setting next_dagrun for example_sla_dag to 2025-02-04 01:18:00+00:00, run_after=2025-02-04 01:20:00+00:00
[2025-02-03T22:20:50.736-0300] {processor.py:208} INFO - Processing /home/gnobisp/Documents/floder1/code-challenge/venv/lib/python3.10/site-packages/airflow/example_dags/example_sla_dag.py took 1.196 seconds
