[2025-02-03T21:27:55.324-0300] {processor.py:186} INFO - Started process (PID=298163) to work on /home/gnobisp/Documents/floder1/code-challenge/venv/lib/python3.10/site-packages/airflow/example_dags/example_sensors.py
[2025-02-03T21:27:55.328-0300] {processor.py:914} INFO - Processing file /home/gnobisp/Documents/floder1/code-challenge/venv/lib/python3.10/site-packages/airflow/example_dags/example_sensors.py for tasks to queue
[2025-02-03T21:27:55.337-0300] {logging_mixin.py:190} INFO - [2025-02-03T21:27:55.336-0300] {dagbag.py:588} INFO - Filling up the DagBag from /home/gnobisp/Documents/floder1/code-challenge/venv/lib/python3.10/site-packages/airflow/example_dags/example_sensors.py
[2025-02-03T21:27:55.391-0300] {processor.py:925} INFO - DAG(s) 'example_sensors' retrieved from /home/gnobisp/Documents/floder1/code-challenge/venv/lib/python3.10/site-packages/airflow/example_dags/example_sensors.py
[2025-02-03T21:27:57.151-0300] {logging_mixin.py:190} INFO - [2025-02-03T21:27:57.148-0300] {override.py:1911} INFO - Created Permission View: can delete on DAG:example_sensors
[2025-02-03T21:27:57.430-0300] {logging_mixin.py:190} INFO - [2025-02-03T21:27:57.428-0300] {override.py:1911} INFO - Created Permission View: can read on DAG:example_sensors
[2025-02-03T21:27:57.659-0300] {logging_mixin.py:190} INFO - [2025-02-03T21:27:57.657-0300] {override.py:1911} INFO - Created Permission View: can edit on DAG:example_sensors
[2025-02-03T21:27:57.994-0300] {logging_mixin.py:190} INFO - [2025-02-03T21:27:57.993-0300] {override.py:1911} INFO - Created Permission View: can create on DAG Run:example_sensors
[2025-02-03T21:27:58.402-0300] {logging_mixin.py:190} INFO - [2025-02-03T21:27:58.400-0300] {override.py:1911} INFO - Created Permission View: can delete on DAG Run:example_sensors
[2025-02-03T21:27:58.580-0300] {logging_mixin.py:190} INFO - [2025-02-03T21:27:58.578-0300] {override.py:1911} INFO - Created Permission View: can read on DAG Run:example_sensors
[2025-02-03T21:27:58.753-0300] {logging_mixin.py:190} INFO - [2025-02-03T21:27:58.751-0300] {override.py:1911} INFO - Created Permission View: menu access on DAG Run:example_sensors
[2025-02-03T21:27:58.755-0300] {logging_mixin.py:190} INFO - [2025-02-03T21:27:58.754-0300] {dag.py:3239} INFO - Sync 1 DAGs
[2025-02-03T21:27:58.829-0300] {logging_mixin.py:190} INFO - [2025-02-03T21:27:58.828-0300] {dag.py:3262} INFO - Creating ORM DAG for example_sensors
[2025-02-03T21:27:58.832-0300] {logging_mixin.py:190} INFO - [2025-02-03T21:27:58.831-0300] {dag.py:4180} INFO - Setting next_dagrun for example_sensors to None, run_after=None
[2025-02-03T21:27:59.066-0300] {processor.py:208} INFO - Processing /home/gnobisp/Documents/floder1/code-challenge/venv/lib/python3.10/site-packages/airflow/example_dags/example_sensors.py took 3.767 seconds
[2025-02-03T22:18:49.385-0300] {processor.py:186} INFO - Started process (PID=43306) to work on /home/gnobisp/Documents/floder1/code-challenge/venv/lib/python3.10/site-packages/airflow/example_dags/example_sensors.py
[2025-02-03T22:18:49.422-0300] {processor.py:914} INFO - Processing file /home/gnobisp/Documents/floder1/code-challenge/venv/lib/python3.10/site-packages/airflow/example_dags/example_sensors.py for tasks to queue
[2025-02-03T22:18:49.430-0300] {logging_mixin.py:190} INFO - [2025-02-03T22:18:49.429-0300] {dagbag.py:588} INFO - Filling up the DagBag from /home/gnobisp/Documents/floder1/code-challenge/venv/lib/python3.10/site-packages/airflow/example_dags/example_sensors.py
[2025-02-03T22:18:49.482-0300] {processor.py:925} INFO - DAG(s) 'example_sensors' retrieved from /home/gnobisp/Documents/floder1/code-challenge/venv/lib/python3.10/site-packages/airflow/example_dags/example_sensors.py
[2025-02-03T22:18:49.597-0300] {logging_mixin.py:190} INFO - [2025-02-03T22:18:49.596-0300] {dag.py:3239} INFO - Sync 1 DAGs
[2025-02-03T22:18:49.665-0300] {logging_mixin.py:190} INFO - [2025-02-03T22:18:49.664-0300] {dag.py:4180} INFO - Setting next_dagrun for example_sensors to None, run_after=None
[2025-02-03T22:18:50.151-0300] {processor.py:208} INFO - Processing /home/gnobisp/Documents/floder1/code-challenge/venv/lib/python3.10/site-packages/airflow/example_dags/example_sensors.py took 0.790 seconds
[2025-02-03T22:21:05.772-0300] {processor.py:186} INFO - Started process (PID=46593) to work on /home/gnobisp/Documents/floder1/code-challenge/venv/lib/python3.10/site-packages/airflow/example_dags/example_sensors.py
[2025-02-03T22:21:06.078-0300] {processor.py:914} INFO - Processing file /home/gnobisp/Documents/floder1/code-challenge/venv/lib/python3.10/site-packages/airflow/example_dags/example_sensors.py for tasks to queue
[2025-02-03T22:21:06.102-0300] {logging_mixin.py:190} INFO - [2025-02-03T22:21:06.098-0300] {dagbag.py:588} INFO - Filling up the DagBag from /home/gnobisp/Documents/floder1/code-challenge/venv/lib/python3.10/site-packages/airflow/example_dags/example_sensors.py
[2025-02-03T22:21:06.167-0300] {processor.py:925} INFO - DAG(s) 'example_sensors' retrieved from /home/gnobisp/Documents/floder1/code-challenge/venv/lib/python3.10/site-packages/airflow/example_dags/example_sensors.py
[2025-02-03T22:21:06.288-0300] {logging_mixin.py:190} INFO - [2025-02-03T22:21:06.287-0300] {dag.py:3239} INFO - Sync 1 DAGs
[2025-02-03T22:21:06.378-0300] {logging_mixin.py:190} INFO - [2025-02-03T22:21:06.377-0300] {dag.py:4180} INFO - Setting next_dagrun for example_sensors to None, run_after=None
[2025-02-03T22:21:06.877-0300] {processor.py:208} INFO - Processing /home/gnobisp/Documents/floder1/code-challenge/venv/lib/python3.10/site-packages/airflow/example_dags/example_sensors.py took 1.162 seconds
