[2025-02-03T21:29:34.046-0300] {processor.py:186} INFO - Started process (PID=301006) to work on /home/gnobisp/Documents/floder1/code-challenge/venv/lib/python3.10/site-packages/airflow/example_dags/example_dynamic_task_mapping_with_no_taskflow_operators.py
[2025-02-03T21:29:34.049-0300] {processor.py:914} INFO - Processing file /home/gnobisp/Documents/floder1/code-challenge/venv/lib/python3.10/site-packages/airflow/example_dags/example_dynamic_task_mapping_with_no_taskflow_operators.py for tasks to queue
[2025-02-03T21:29:34.059-0300] {logging_mixin.py:190} INFO - [2025-02-03T21:29:34.057-0300] {dagbag.py:588} INFO - Filling up the DagBag from /home/gnobisp/Documents/floder1/code-challenge/venv/lib/python3.10/site-packages/airflow/example_dags/example_dynamic_task_mapping_with_no_taskflow_operators.py
[2025-02-03T21:29:34.088-0300] {processor.py:925} INFO - DAG(s) 'example_dynamic_task_mapping_with_no_taskflow_operators' retrieved from /home/gnobisp/Documents/floder1/code-challenge/venv/lib/python3.10/site-packages/airflow/example_dags/example_dynamic_task_mapping_with_no_taskflow_operators.py
[2025-02-03T21:29:35.547-0300] {logging_mixin.py:190} INFO - [2025-02-03T21:29:35.544-0300] {override.py:1911} INFO - Created Permission View: can delete on DAG:example_dynamic_task_mapping_with_no_taskflow_operators
[2025-02-03T21:29:35.733-0300] {logging_mixin.py:190} INFO - [2025-02-03T21:29:35.731-0300] {override.py:1911} INFO - Created Permission View: can read on DAG:example_dynamic_task_mapping_with_no_taskflow_operators
[2025-02-03T21:29:35.907-0300] {logging_mixin.py:190} INFO - [2025-02-03T21:29:35.906-0300] {override.py:1911} INFO - Created Permission View: can edit on DAG:example_dynamic_task_mapping_with_no_taskflow_operators
[2025-02-03T21:29:36.253-0300] {logging_mixin.py:190} INFO - [2025-02-03T21:29:36.250-0300] {override.py:1911} INFO - Created Permission View: can create on DAG Run:example_dynamic_task_mapping_with_no_taskflow_operators
[2025-02-03T21:29:36.446-0300] {logging_mixin.py:190} INFO - [2025-02-03T21:29:36.445-0300] {override.py:1911} INFO - Created Permission View: can delete on DAG Run:example_dynamic_task_mapping_with_no_taskflow_operators
[2025-02-03T21:29:36.626-0300] {logging_mixin.py:190} INFO - [2025-02-03T21:29:36.625-0300] {override.py:1911} INFO - Created Permission View: can read on DAG Run:example_dynamic_task_mapping_with_no_taskflow_operators
[2025-02-03T21:29:36.901-0300] {logging_mixin.py:190} INFO - [2025-02-03T21:29:36.900-0300] {override.py:1911} INFO - Created Permission View: menu access on DAG Run:example_dynamic_task_mapping_with_no_taskflow_operators
[2025-02-03T21:29:36.903-0300] {logging_mixin.py:190} INFO - [2025-02-03T21:29:36.903-0300] {dag.py:3239} INFO - Sync 1 DAGs
[2025-02-03T21:29:36.971-0300] {logging_mixin.py:190} INFO - [2025-02-03T21:29:36.970-0300] {dag.py:3262} INFO - Creating ORM DAG for example_dynamic_task_mapping_with_no_taskflow_operators
[2025-02-03T21:29:36.973-0300] {logging_mixin.py:190} INFO - [2025-02-03T21:29:36.973-0300] {dag.py:4180} INFO - Setting next_dagrun for example_dynamic_task_mapping_with_no_taskflow_operators to None, run_after=None
[2025-02-03T21:29:37.163-0300] {processor.py:208} INFO - Processing /home/gnobisp/Documents/floder1/code-challenge/venv/lib/python3.10/site-packages/airflow/example_dags/example_dynamic_task_mapping_with_no_taskflow_operators.py took 3.141 seconds
[2025-02-03T22:19:20.404-0300] {processor.py:186} INFO - Started process (PID=44047) to work on /home/gnobisp/Documents/floder1/code-challenge/venv/lib/python3.10/site-packages/airflow/example_dags/example_dynamic_task_mapping_with_no_taskflow_operators.py
[2025-02-03T22:19:21.076-0300] {processor.py:914} INFO - Processing file /home/gnobisp/Documents/floder1/code-challenge/venv/lib/python3.10/site-packages/airflow/example_dags/example_dynamic_task_mapping_with_no_taskflow_operators.py for tasks to queue
[2025-02-03T22:19:21.086-0300] {logging_mixin.py:190} INFO - [2025-02-03T22:19:21.085-0300] {dagbag.py:588} INFO - Filling up the DagBag from /home/gnobisp/Documents/floder1/code-challenge/venv/lib/python3.10/site-packages/airflow/example_dags/example_dynamic_task_mapping_with_no_taskflow_operators.py
[2025-02-03T22:19:21.116-0300] {processor.py:925} INFO - DAG(s) 'example_dynamic_task_mapping_with_no_taskflow_operators' retrieved from /home/gnobisp/Documents/floder1/code-challenge/venv/lib/python3.10/site-packages/airflow/example_dags/example_dynamic_task_mapping_with_no_taskflow_operators.py
[2025-02-03T22:19:21.175-0300] {logging_mixin.py:190} INFO - [2025-02-03T22:19:21.174-0300] {dag.py:3239} INFO - Sync 1 DAGs
[2025-02-03T22:19:21.239-0300] {logging_mixin.py:190} INFO - [2025-02-03T22:19:21.238-0300] {dag.py:4180} INFO - Setting next_dagrun for example_dynamic_task_mapping_with_no_taskflow_operators to None, run_after=None
[2025-02-03T22:19:21.448-0300] {processor.py:208} INFO - Processing /home/gnobisp/Documents/floder1/code-challenge/venv/lib/python3.10/site-packages/airflow/example_dags/example_dynamic_task_mapping_with_no_taskflow_operators.py took 1.068 seconds
[2025-02-03T22:21:43.414-0300] {processor.py:186} INFO - Started process (PID=47520) to work on /home/gnobisp/Documents/floder1/code-challenge/venv/lib/python3.10/site-packages/airflow/example_dags/example_dynamic_task_mapping_with_no_taskflow_operators.py
[2025-02-03T22:21:43.830-0300] {processor.py:914} INFO - Processing file /home/gnobisp/Documents/floder1/code-challenge/venv/lib/python3.10/site-packages/airflow/example_dags/example_dynamic_task_mapping_with_no_taskflow_operators.py for tasks to queue
[2025-02-03T22:21:43.837-0300] {logging_mixin.py:190} INFO - [2025-02-03T22:21:43.836-0300] {dagbag.py:588} INFO - Filling up the DagBag from /home/gnobisp/Documents/floder1/code-challenge/venv/lib/python3.10/site-packages/airflow/example_dags/example_dynamic_task_mapping_with_no_taskflow_operators.py
[2025-02-03T22:21:43.872-0300] {processor.py:925} INFO - DAG(s) 'example_dynamic_task_mapping_with_no_taskflow_operators' retrieved from /home/gnobisp/Documents/floder1/code-challenge/venv/lib/python3.10/site-packages/airflow/example_dags/example_dynamic_task_mapping_with_no_taskflow_operators.py
[2025-02-03T22:21:43.934-0300] {logging_mixin.py:190} INFO - [2025-02-03T22:21:43.933-0300] {dag.py:3239} INFO - Sync 1 DAGs
[2025-02-03T22:21:43.995-0300] {logging_mixin.py:190} INFO - [2025-02-03T22:21:43.994-0300] {dag.py:4180} INFO - Setting next_dagrun for example_dynamic_task_mapping_with_no_taskflow_operators to None, run_after=None
[2025-02-03T22:21:44.219-0300] {processor.py:208} INFO - Processing /home/gnobisp/Documents/floder1/code-challenge/venv/lib/python3.10/site-packages/airflow/example_dags/example_dynamic_task_mapping_with_no_taskflow_operators.py took 0.834 seconds
