[2025-02-03T21:29:51.588-0300] {processor.py:186} INFO - Started process (PID=301580) to work on /home/gnobisp/Documents/floder1/code-challenge/venv/lib/python3.10/site-packages/airflow/example_dags/example_datasets.py
[2025-02-03T21:29:51.591-0300] {processor.py:914} INFO - Processing file /home/gnobisp/Documents/floder1/code-challenge/venv/lib/python3.10/site-packages/airflow/example_dags/example_datasets.py for tasks to queue
[2025-02-03T21:29:51.598-0300] {logging_mixin.py:190} INFO - [2025-02-03T21:29:51.597-0300] {dagbag.py:588} INFO - Filling up the DagBag from /home/gnobisp/Documents/floder1/code-challenge/venv/lib/python3.10/site-packages/airflow/example_dags/example_datasets.py
[2025-02-03T21:29:51.673-0300] {processor.py:925} INFO - DAG(s) 'dataset_consumes_1_and_2', 'dataset_produces_1', 'dataset_produces_2', 'consume_1_or_both_2_and_3_with_dataset_expressions', 'dataset_consumes_1', 'consume_1_and_2_with_dataset_expressions', 'consume_1_or_2_with_dataset_expressions', 'dataset_consumes_1_never_scheduled', 'dataset_consumes_unknown_never_scheduled', 'conditional_dataset_and_time_based_timetable' retrieved from /home/gnobisp/Documents/floder1/code-challenge/venv/lib/python3.10/site-packages/airflow/example_dags/example_datasets.py
[2025-02-03T21:29:53.823-0300] {logging_mixin.py:190} INFO - [2025-02-03T21:29:53.817-0300] {override.py:1911} INFO - Created Permission View: can delete on DAG:dataset_consumes_1_and_2
[2025-02-03T21:29:54.090-0300] {logging_mixin.py:190} INFO - [2025-02-03T21:29:54.088-0300] {override.py:1911} INFO - Created Permission View: can read on DAG:dataset_consumes_1_and_2
[2025-02-03T21:29:54.320-0300] {logging_mixin.py:190} INFO - [2025-02-03T21:29:54.319-0300] {override.py:1911} INFO - Created Permission View: can edit on DAG:dataset_consumes_1_and_2
[2025-02-03T21:29:54.686-0300] {logging_mixin.py:190} INFO - [2025-02-03T21:29:54.684-0300] {override.py:1911} INFO - Created Permission View: can create on DAG Run:dataset_consumes_1_and_2
[2025-02-03T21:29:54.920-0300] {logging_mixin.py:190} INFO - [2025-02-03T21:29:54.918-0300] {override.py:1911} INFO - Created Permission View: can delete on DAG Run:dataset_consumes_1_and_2
[2025-02-03T21:29:55.149-0300] {logging_mixin.py:190} INFO - [2025-02-03T21:29:55.147-0300] {override.py:1911} INFO - Created Permission View: can read on DAG Run:dataset_consumes_1_and_2
[2025-02-03T21:29:55.631-0300] {logging_mixin.py:190} INFO - [2025-02-03T21:29:55.629-0300] {override.py:1911} INFO - Created Permission View: menu access on DAG Run:dataset_consumes_1_and_2
[2025-02-03T21:29:56.834-0300] {logging_mixin.py:190} INFO - [2025-02-03T21:29:56.828-0300] {override.py:1911} INFO - Created Permission View: can delete on DAG:dataset_produces_1
[2025-02-03T21:29:57.086-0300] {logging_mixin.py:190} INFO - [2025-02-03T21:29:57.081-0300] {override.py:1911} INFO - Created Permission View: can read on DAG:dataset_produces_1
[2025-02-03T21:29:57.305-0300] {logging_mixin.py:190} INFO - [2025-02-03T21:29:57.304-0300] {override.py:1911} INFO - Created Permission View: can edit on DAG:dataset_produces_1
[2025-02-03T21:29:57.680-0300] {logging_mixin.py:190} INFO - [2025-02-03T21:29:57.679-0300] {override.py:1911} INFO - Created Permission View: can create on DAG Run:dataset_produces_1
[2025-02-03T21:29:57.868-0300] {logging_mixin.py:190} INFO - [2025-02-03T21:29:57.865-0300] {override.py:1911} INFO - Created Permission View: can delete on DAG Run:dataset_produces_1
[2025-02-03T21:29:58.429-0300] {logging_mixin.py:190} INFO - [2025-02-03T21:29:58.428-0300] {override.py:1911} INFO - Created Permission View: can read on DAG Run:dataset_produces_1
[2025-02-03T21:29:58.669-0300] {logging_mixin.py:190} INFO - [2025-02-03T21:29:58.667-0300] {override.py:1911} INFO - Created Permission View: menu access on DAG Run:dataset_produces_1
[2025-02-03T21:30:00.185-0300] {logging_mixin.py:190} INFO - [2025-02-03T21:30:00.184-0300] {override.py:1911} INFO - Created Permission View: can delete on DAG:dataset_produces_2
[2025-02-03T21:30:00.367-0300] {logging_mixin.py:190} INFO - [2025-02-03T21:30:00.365-0300] {override.py:1911} INFO - Created Permission View: can read on DAG:dataset_produces_2
[2025-02-03T21:30:00.566-0300] {logging_mixin.py:190} INFO - [2025-02-03T21:30:00.560-0300] {override.py:1911} INFO - Created Permission View: can edit on DAG:dataset_produces_2
[2025-02-03T21:30:00.915-0300] {logging_mixin.py:190} INFO - [2025-02-03T21:30:00.914-0300] {override.py:1911} INFO - Created Permission View: can create on DAG Run:dataset_produces_2
[2025-02-03T21:30:01.040-0300] {logging_mixin.py:190} INFO - [2025-02-03T21:30:01.039-0300] {override.py:1911} INFO - Created Permission View: can delete on DAG Run:dataset_produces_2
[2025-02-03T21:30:01.242-0300] {logging_mixin.py:190} INFO - [2025-02-03T21:30:01.241-0300] {override.py:1911} INFO - Created Permission View: can read on DAG Run:dataset_produces_2
[2025-02-03T21:30:01.451-0300] {logging_mixin.py:190} INFO - [2025-02-03T21:30:01.449-0300] {override.py:1911} INFO - Created Permission View: menu access on DAG Run:dataset_produces_2
[2025-02-03T21:30:02.875-0300] {logging_mixin.py:190} INFO - [2025-02-03T21:30:02.873-0300] {override.py:1911} INFO - Created Permission View: can delete on DAG:consume_1_or_both_2_and_3_with_dataset_expressions
[2025-02-03T21:30:03.087-0300] {logging_mixin.py:190} INFO - [2025-02-03T21:30:03.085-0300] {override.py:1911} INFO - Created Permission View: can read on DAG:consume_1_or_both_2_and_3_with_dataset_expressions
[2025-02-03T21:30:03.326-0300] {logging_mixin.py:190} INFO - [2025-02-03T21:30:03.325-0300] {override.py:1911} INFO - Created Permission View: can edit on DAG:consume_1_or_both_2_and_3_with_dataset_expressions
[2025-02-03T21:30:03.860-0300] {logging_mixin.py:190} INFO - [2025-02-03T21:30:03.859-0300] {override.py:1911} INFO - Created Permission View: can create on DAG Run:consume_1_or_both_2_and_3_with_dataset_expressions
[2025-02-03T21:30:04.069-0300] {logging_mixin.py:190} INFO - [2025-02-03T21:30:04.067-0300] {override.py:1911} INFO - Created Permission View: can delete on DAG Run:consume_1_or_both_2_and_3_with_dataset_expressions
[2025-02-03T21:30:05.266-0300] {logging_mixin.py:190} INFO - [2025-02-03T21:30:05.264-0300] {override.py:1911} INFO - Created Permission View: can read on DAG Run:consume_1_or_both_2_and_3_with_dataset_expressions
[2025-02-03T21:30:05.425-0300] {logging_mixin.py:190} INFO - [2025-02-03T21:30:05.423-0300] {override.py:1911} INFO - Created Permission View: menu access on DAG Run:consume_1_or_both_2_and_3_with_dataset_expressions
[2025-02-03T21:30:05.778-0300] {logging_mixin.py:190} INFO - [2025-02-03T21:30:05.776-0300] {override.py:1911} INFO - Created Permission View: can delete on DAG:dataset_consumes_1
[2025-02-03T21:30:05.966-0300] {logging_mixin.py:190} INFO - [2025-02-03T21:30:05.962-0300] {override.py:1911} INFO - Created Permission View: can read on DAG:dataset_consumes_1
[2025-02-03T21:30:06.159-0300] {logging_mixin.py:190} INFO - [2025-02-03T21:30:06.157-0300] {override.py:1911} INFO - Created Permission View: can edit on DAG:dataset_consumes_1
[2025-02-03T21:30:06.555-0300] {logging_mixin.py:190} INFO - [2025-02-03T21:30:06.553-0300] {override.py:1911} INFO - Created Permission View: can create on DAG Run:dataset_consumes_1
[2025-02-03T21:30:06.912-0300] {logging_mixin.py:190} INFO - [2025-02-03T21:30:06.910-0300] {override.py:1911} INFO - Created Permission View: can delete on DAG Run:dataset_consumes_1
[2025-02-03T21:30:07.110-0300] {logging_mixin.py:190} INFO - [2025-02-03T21:30:07.102-0300] {override.py:1911} INFO - Created Permission View: can read on DAG Run:dataset_consumes_1
[2025-02-03T21:30:08.532-0300] {logging_mixin.py:190} INFO - [2025-02-03T21:30:08.531-0300] {override.py:1911} INFO - Created Permission View: menu access on DAG Run:dataset_consumes_1
[2025-02-03T21:30:08.901-0300] {logging_mixin.py:190} INFO - [2025-02-03T21:30:08.900-0300] {override.py:1911} INFO - Created Permission View: can delete on DAG:consume_1_and_2_with_dataset_expressions
[2025-02-03T21:30:09.106-0300] {logging_mixin.py:190} INFO - [2025-02-03T21:30:09.104-0300] {override.py:1911} INFO - Created Permission View: can read on DAG:consume_1_and_2_with_dataset_expressions
[2025-02-03T21:30:09.244-0300] {logging_mixin.py:190} INFO - [2025-02-03T21:30:09.242-0300] {override.py:1911} INFO - Created Permission View: can edit on DAG:consume_1_and_2_with_dataset_expressions
[2025-02-03T21:30:09.632-0300] {logging_mixin.py:190} INFO - [2025-02-03T21:30:09.630-0300] {override.py:1911} INFO - Created Permission View: can create on DAG Run:consume_1_and_2_with_dataset_expressions
[2025-02-03T21:30:09.839-0300] {logging_mixin.py:190} INFO - [2025-02-03T21:30:09.837-0300] {override.py:1911} INFO - Created Permission View: can delete on DAG Run:consume_1_and_2_with_dataset_expressions
[2025-02-03T21:30:11.231-0300] {logging_mixin.py:190} INFO - [2025-02-03T21:30:11.214-0300] {override.py:1911} INFO - Created Permission View: can read on DAG Run:consume_1_and_2_with_dataset_expressions
[2025-02-03T21:30:11.417-0300] {logging_mixin.py:190} INFO - [2025-02-03T21:30:11.415-0300] {override.py:1911} INFO - Created Permission View: menu access on DAG Run:consume_1_and_2_with_dataset_expressions
[2025-02-03T21:30:12.006-0300] {logging_mixin.py:190} INFO - [2025-02-03T21:30:12.004-0300] {override.py:1911} INFO - Created Permission View: can delete on DAG:consume_1_or_2_with_dataset_expressions
[2025-02-03T21:30:12.126-0300] {logging_mixin.py:190} INFO - [2025-02-03T21:30:12.124-0300] {override.py:1911} INFO - Created Permission View: can read on DAG:consume_1_or_2_with_dataset_expressions
[2025-02-03T21:30:12.344-0300] {logging_mixin.py:190} INFO - [2025-02-03T21:30:12.342-0300] {override.py:1911} INFO - Created Permission View: can edit on DAG:consume_1_or_2_with_dataset_expressions
[2025-02-03T21:30:12.723-0300] {logging_mixin.py:190} INFO - [2025-02-03T21:30:12.722-0300] {override.py:1911} INFO - Created Permission View: can create on DAG Run:consume_1_or_2_with_dataset_expressions
[2025-02-03T21:30:12.912-0300] {logging_mixin.py:190} INFO - [2025-02-03T21:30:12.907-0300] {override.py:1911} INFO - Created Permission View: can delete on DAG Run:consume_1_or_2_with_dataset_expressions
[2025-02-03T21:30:13.181-0300] {logging_mixin.py:190} INFO - [2025-02-03T21:30:13.179-0300] {override.py:1911} INFO - Created Permission View: can read on DAG Run:consume_1_or_2_with_dataset_expressions
[2025-02-03T21:30:14.859-0300] {logging_mixin.py:190} INFO - [2025-02-03T21:30:14.857-0300] {override.py:1911} INFO - Created Permission View: menu access on DAG Run:consume_1_or_2_with_dataset_expressions
[2025-02-03T21:30:15.302-0300] {logging_mixin.py:190} INFO - [2025-02-03T21:30:15.301-0300] {override.py:1911} INFO - Created Permission View: can delete on DAG:dataset_consumes_1_never_scheduled
[2025-02-03T21:30:15.439-0300] {logging_mixin.py:190} INFO - [2025-02-03T21:30:15.438-0300] {override.py:1911} INFO - Created Permission View: can read on DAG:dataset_consumes_1_never_scheduled
[2025-02-03T21:30:15.651-0300] {logging_mixin.py:190} INFO - [2025-02-03T21:30:15.650-0300] {override.py:1911} INFO - Created Permission View: can edit on DAG:dataset_consumes_1_never_scheduled
[2025-02-03T21:30:15.980-0300] {logging_mixin.py:190} INFO - [2025-02-03T21:30:15.979-0300] {override.py:1911} INFO - Created Permission View: can create on DAG Run:dataset_consumes_1_never_scheduled
[2025-02-03T21:30:16.198-0300] {logging_mixin.py:190} INFO - [2025-02-03T21:30:16.197-0300] {override.py:1911} INFO - Created Permission View: can delete on DAG Run:dataset_consumes_1_never_scheduled
[2025-02-03T21:30:16.457-0300] {logging_mixin.py:190} INFO - [2025-02-03T21:30:16.456-0300] {override.py:1911} INFO - Created Permission View: can read on DAG Run:dataset_consumes_1_never_scheduled
[2025-02-03T21:30:18.013-0300] {logging_mixin.py:190} INFO - [2025-02-03T21:30:18.011-0300] {override.py:1911} INFO - Created Permission View: menu access on DAG Run:dataset_consumes_1_never_scheduled
[2025-02-03T21:30:18.602-0300] {logging_mixin.py:190} INFO - [2025-02-03T21:30:18.601-0300] {override.py:1911} INFO - Created Permission View: can delete on DAG:dataset_consumes_unknown_never_scheduled
[2025-02-03T21:30:18.913-0300] {logging_mixin.py:190} INFO - [2025-02-03T21:30:18.912-0300] {override.py:1911} INFO - Created Permission View: can read on DAG:dataset_consumes_unknown_never_scheduled
[2025-02-03T21:30:19.367-0300] {logging_mixin.py:190} INFO - [2025-02-03T21:30:19.366-0300] {override.py:1911} INFO - Created Permission View: can edit on DAG:dataset_consumes_unknown_never_scheduled
[2025-02-03T21:30:19.760-0300] {logging_mixin.py:190} INFO - [2025-02-03T21:30:19.750-0300] {override.py:1911} INFO - Created Permission View: can create on DAG Run:dataset_consumes_unknown_never_scheduled
[2025-02-03T21:30:19.906-0300] {logging_mixin.py:190} INFO - [2025-02-03T21:30:19.903-0300] {override.py:1911} INFO - Created Permission View: can delete on DAG Run:dataset_consumes_unknown_never_scheduled
[2025-02-03T21:30:20.063-0300] {logging_mixin.py:190} INFO - [2025-02-03T21:30:20.061-0300] {override.py:1911} INFO - Created Permission View: can read on DAG Run:dataset_consumes_unknown_never_scheduled
[2025-02-03T21:30:21.223-0300] {logging_mixin.py:190} INFO - [2025-02-03T21:30:21.221-0300] {override.py:1911} INFO - Created Permission View: menu access on DAG Run:dataset_consumes_unknown_never_scheduled
[2025-02-03T21:30:21.590-0300] {logging_mixin.py:190} INFO - [2025-02-03T21:30:21.588-0300] {override.py:1911} INFO - Created Permission View: can delete on DAG:conditional_dataset_and_time_based_timetable
[2025-02-03T21:30:21.772-0300] {logging_mixin.py:190} INFO - [2025-02-03T21:30:21.771-0300] {override.py:1911} INFO - Created Permission View: can read on DAG:conditional_dataset_and_time_based_timetable
[2025-02-03T21:30:21.944-0300] {logging_mixin.py:190} INFO - [2025-02-03T21:30:21.942-0300] {override.py:1911} INFO - Created Permission View: can edit on DAG:conditional_dataset_and_time_based_timetable
[2025-02-03T21:30:22.321-0300] {logging_mixin.py:190} INFO - [2025-02-03T21:30:22.316-0300] {override.py:1911} INFO - Created Permission View: can create on DAG Run:conditional_dataset_and_time_based_timetable
[2025-02-03T21:30:22.450-0300] {logging_mixin.py:190} INFO - [2025-02-03T21:30:22.448-0300] {override.py:1911} INFO - Created Permission View: can delete on DAG Run:conditional_dataset_and_time_based_timetable
[2025-02-03T21:30:22.636-0300] {logging_mixin.py:190} INFO - [2025-02-03T21:30:22.634-0300] {override.py:1911} INFO - Created Permission View: can read on DAG Run:conditional_dataset_and_time_based_timetable
[2025-02-03T21:30:22.889-0300] {logging_mixin.py:190} INFO - [2025-02-03T21:30:22.888-0300] {override.py:1911} INFO - Created Permission View: menu access on DAG Run:conditional_dataset_and_time_based_timetable
[2025-02-03T21:30:22.891-0300] {logging_mixin.py:190} INFO - [2025-02-03T21:30:22.891-0300] {dag.py:3239} INFO - Sync 10 DAGs
[2025-02-03T21:30:22.975-0300] {logging_mixin.py:190} INFO - [2025-02-03T21:30:22.974-0300] {dag.py:3262} INFO - Creating ORM DAG for consume_1_and_2_with_dataset_expressions
[2025-02-03T21:30:22.979-0300] {logging_mixin.py:190} INFO - [2025-02-03T21:30:22.978-0300] {dag.py:3262} INFO - Creating ORM DAG for dataset_consumes_1_and_2
[2025-02-03T21:30:22.981-0300] {logging_mixin.py:190} INFO - [2025-02-03T21:30:22.981-0300] {dag.py:3262} INFO - Creating ORM DAG for dataset_consumes_1_never_scheduled
[2025-02-03T21:30:22.989-0300] {logging_mixin.py:190} INFO - [2025-02-03T21:30:22.988-0300] {dag.py:3262} INFO - Creating ORM DAG for consume_1_or_2_with_dataset_expressions
[2025-02-03T21:30:22.992-0300] {logging_mixin.py:190} INFO - [2025-02-03T21:30:22.991-0300] {dag.py:3262} INFO - Creating ORM DAG for conditional_dataset_and_time_based_timetable
[2025-02-03T21:30:22.995-0300] {logging_mixin.py:190} INFO - [2025-02-03T21:30:22.994-0300] {dag.py:3262} INFO - Creating ORM DAG for consume_1_or_both_2_and_3_with_dataset_expressions
[2025-02-03T21:30:22.998-0300] {logging_mixin.py:190} INFO - [2025-02-03T21:30:22.997-0300] {dag.py:3262} INFO - Creating ORM DAG for dataset_produces_1
[2025-02-03T21:30:23.001-0300] {logging_mixin.py:190} INFO - [2025-02-03T21:30:23.000-0300] {dag.py:3262} INFO - Creating ORM DAG for dataset_consumes_unknown_never_scheduled
[2025-02-03T21:30:23.004-0300] {logging_mixin.py:190} INFO - [2025-02-03T21:30:23.003-0300] {dag.py:3262} INFO - Creating ORM DAG for dataset_consumes_1
[2025-02-03T21:30:23.007-0300] {logging_mixin.py:190} INFO - [2025-02-03T21:30:23.007-0300] {dag.py:3262} INFO - Creating ORM DAG for dataset_produces_2
[2025-02-03T21:30:23.061-0300] {logging_mixin.py:190} INFO - [2025-02-03T21:30:23.060-0300] {dag.py:4180} INFO - Setting next_dagrun for conditional_dataset_and_time_based_timetable to 2025-01-29 01:00:00+00:00, run_after=2025-01-29 01:00:00+00:00
[2025-02-03T21:30:23.064-0300] {logging_mixin.py:190} INFO - [2025-02-03T21:30:23.063-0300] {dag.py:4180} INFO - Setting next_dagrun for consume_1_and_2_with_dataset_expressions to None, run_after=None
[2025-02-03T21:30:23.066-0300] {logging_mixin.py:190} INFO - [2025-02-03T21:30:23.065-0300] {dag.py:4180} INFO - Setting next_dagrun for consume_1_or_2_with_dataset_expressions to None, run_after=None
[2025-02-03T21:30:23.068-0300] {logging_mixin.py:190} INFO - [2025-02-03T21:30:23.067-0300] {dag.py:4180} INFO - Setting next_dagrun for consume_1_or_both_2_and_3_with_dataset_expressions to None, run_after=None
[2025-02-03T21:30:23.070-0300] {logging_mixin.py:190} INFO - [2025-02-03T21:30:23.069-0300] {dag.py:4180} INFO - Setting next_dagrun for dataset_consumes_1 to None, run_after=None
[2025-02-03T21:30:23.077-0300] {logging_mixin.py:190} INFO - [2025-02-03T21:30:23.076-0300] {dag.py:4180} INFO - Setting next_dagrun for dataset_consumes_1_and_2 to None, run_after=None
[2025-02-03T21:30:23.080-0300] {logging_mixin.py:190} INFO - [2025-02-03T21:30:23.079-0300] {dag.py:4180} INFO - Setting next_dagrun for dataset_consumes_1_never_scheduled to None, run_after=None
[2025-02-03T21:30:23.083-0300] {logging_mixin.py:190} INFO - [2025-02-03T21:30:23.082-0300] {dag.py:4180} INFO - Setting next_dagrun for dataset_consumes_unknown_never_scheduled to None, run_after=None
[2025-02-03T21:30:23.094-0300] {logging_mixin.py:190} INFO - [2025-02-03T21:30:23.093-0300] {dag.py:4180} INFO - Setting next_dagrun for dataset_produces_1 to 2025-02-03 00:00:00+00:00, run_after=2025-02-04 00:00:00+00:00
[2025-02-03T21:30:23.097-0300] {logging_mixin.py:190} INFO - [2025-02-03T21:30:23.097-0300] {dag.py:4180} INFO - Setting next_dagrun for dataset_produces_2 to None, run_after=None
[2025-02-03T21:30:24.282-0300] {processor.py:208} INFO - Processing /home/gnobisp/Documents/floder1/code-challenge/venv/lib/python3.10/site-packages/airflow/example_dags/example_datasets.py took 32.721 seconds
[2025-02-03T22:19:26.487-0300] {processor.py:186} INFO - Started process (PID=44189) to work on /home/gnobisp/Documents/floder1/code-challenge/venv/lib/python3.10/site-packages/airflow/example_dags/example_datasets.py
[2025-02-03T22:19:26.975-0300] {processor.py:914} INFO - Processing file /home/gnobisp/Documents/floder1/code-challenge/venv/lib/python3.10/site-packages/airflow/example_dags/example_datasets.py for tasks to queue
[2025-02-03T22:19:26.988-0300] {logging_mixin.py:190} INFO - [2025-02-03T22:19:26.985-0300] {dagbag.py:588} INFO - Filling up the DagBag from /home/gnobisp/Documents/floder1/code-challenge/venv/lib/python3.10/site-packages/airflow/example_dags/example_datasets.py
[2025-02-03T22:19:27.105-0300] {processor.py:925} INFO - DAG(s) 'dataset_consumes_1', 'consume_1_or_2_with_dataset_expressions', 'dataset_consumes_1_and_2', 'dataset_produces_2', 'conditional_dataset_and_time_based_timetable', 'dataset_consumes_1_never_scheduled', 'consume_1_or_both_2_and_3_with_dataset_expressions', 'dataset_produces_1', 'dataset_consumes_unknown_never_scheduled', 'consume_1_and_2_with_dataset_expressions' retrieved from /home/gnobisp/Documents/floder1/code-challenge/venv/lib/python3.10/site-packages/airflow/example_dags/example_datasets.py
[2025-02-03T22:19:27.321-0300] {logging_mixin.py:190} INFO - [2025-02-03T22:19:27.321-0300] {dag.py:3239} INFO - Sync 10 DAGs
[2025-02-03T22:19:27.458-0300] {logging_mixin.py:190} INFO - [2025-02-03T22:19:27.457-0300] {dag.py:4180} INFO - Setting next_dagrun for conditional_dataset_and_time_based_timetable to 2025-01-29 01:00:00+00:00, run_after=2025-01-29 01:00:00+00:00
[2025-02-03T22:19:27.475-0300] {logging_mixin.py:190} INFO - [2025-02-03T22:19:27.474-0300] {dag.py:4180} INFO - Setting next_dagrun for consume_1_and_2_with_dataset_expressions to None, run_after=None
[2025-02-03T22:19:27.482-0300] {logging_mixin.py:190} INFO - [2025-02-03T22:19:27.481-0300] {dag.py:4180} INFO - Setting next_dagrun for consume_1_or_2_with_dataset_expressions to None, run_after=None
[2025-02-03T22:19:27.489-0300] {logging_mixin.py:190} INFO - [2025-02-03T22:19:27.488-0300] {dag.py:4180} INFO - Setting next_dagrun for consume_1_or_both_2_and_3_with_dataset_expressions to None, run_after=None
[2025-02-03T22:19:27.494-0300] {logging_mixin.py:190} INFO - [2025-02-03T22:19:27.494-0300] {dag.py:4180} INFO - Setting next_dagrun for dataset_consumes_1 to None, run_after=None
[2025-02-03T22:19:27.501-0300] {logging_mixin.py:190} INFO - [2025-02-03T22:19:27.500-0300] {dag.py:4180} INFO - Setting next_dagrun for dataset_consumes_1_and_2 to None, run_after=None
[2025-02-03T22:19:27.507-0300] {logging_mixin.py:190} INFO - [2025-02-03T22:19:27.506-0300] {dag.py:4180} INFO - Setting next_dagrun for dataset_consumes_1_never_scheduled to None, run_after=None
[2025-02-03T22:19:27.513-0300] {logging_mixin.py:190} INFO - [2025-02-03T22:19:27.512-0300] {dag.py:4180} INFO - Setting next_dagrun for dataset_consumes_unknown_never_scheduled to None, run_after=None
[2025-02-03T22:19:27.527-0300] {logging_mixin.py:190} INFO - [2025-02-03T22:19:27.526-0300] {dag.py:4180} INFO - Setting next_dagrun for dataset_produces_1 to 2025-02-03 00:00:00+00:00, run_after=2025-02-04 00:00:00+00:00
[2025-02-03T22:19:27.533-0300] {logging_mixin.py:190} INFO - [2025-02-03T22:19:27.533-0300] {dag.py:4180} INFO - Setting next_dagrun for dataset_produces_2 to None, run_after=None
[2025-02-03T22:19:27.831-0300] {processor.py:208} INFO - Processing /home/gnobisp/Documents/floder1/code-challenge/venv/lib/python3.10/site-packages/airflow/example_dags/example_datasets.py took 1.369 seconds
