[2025-02-03T21:27:38.581-0300] {processor.py:186} INFO - Started process (PID=297870) to work on /home/gnobisp/Documents/floder1/code-challenge/venv/lib/python3.10/site-packages/airflow/example_dags/example_short_circuit_decorator.py
[2025-02-03T21:27:38.588-0300] {processor.py:914} INFO - Processing file /home/gnobisp/Documents/floder1/code-challenge/venv/lib/python3.10/site-packages/airflow/example_dags/example_short_circuit_decorator.py for tasks to queue
[2025-02-03T21:27:38.596-0300] {logging_mixin.py:190} INFO - [2025-02-03T21:27:38.595-0300] {dagbag.py:588} INFO - Filling up the DagBag from /home/gnobisp/Documents/floder1/code-challenge/venv/lib/python3.10/site-packages/airflow/example_dags/example_short_circuit_decorator.py
[2025-02-03T21:27:38.648-0300] {processor.py:925} INFO - DAG(s) 'example_short_circuit_decorator' retrieved from /home/gnobisp/Documents/floder1/code-challenge/venv/lib/python3.10/site-packages/airflow/example_dags/example_short_circuit_decorator.py
[2025-02-03T21:27:39.914-0300] {logging_mixin.py:190} INFO - [2025-02-03T21:27:39.912-0300] {override.py:1911} INFO - Created Permission View: can delete on DAG:example_short_circuit_decorator
[2025-02-03T21:27:40.049-0300] {logging_mixin.py:190} INFO - [2025-02-03T21:27:40.047-0300] {override.py:1911} INFO - Created Permission View: can read on DAG:example_short_circuit_decorator
[2025-02-03T21:27:40.209-0300] {logging_mixin.py:190} INFO - [2025-02-03T21:27:40.207-0300] {override.py:1911} INFO - Created Permission View: can edit on DAG:example_short_circuit_decorator
[2025-02-03T21:27:40.462-0300] {logging_mixin.py:190} INFO - [2025-02-03T21:27:40.460-0300] {override.py:1911} INFO - Created Permission View: can create on DAG Run:example_short_circuit_decorator
[2025-02-03T21:27:40.623-0300] {logging_mixin.py:190} INFO - [2025-02-03T21:27:40.621-0300] {override.py:1911} INFO - Created Permission View: can delete on DAG Run:example_short_circuit_decorator
[2025-02-03T21:27:40.787-0300] {logging_mixin.py:190} INFO - [2025-02-03T21:27:40.785-0300] {override.py:1911} INFO - Created Permission View: can read on DAG Run:example_short_circuit_decorator
[2025-02-03T21:27:40.966-0300] {logging_mixin.py:190} INFO - [2025-02-03T21:27:40.964-0300] {override.py:1911} INFO - Created Permission View: menu access on DAG Run:example_short_circuit_decorator
[2025-02-03T21:27:40.968-0300] {logging_mixin.py:190} INFO - [2025-02-03T21:27:40.968-0300] {dag.py:3239} INFO - Sync 1 DAGs
[2025-02-03T21:27:41.039-0300] {logging_mixin.py:190} INFO - [2025-02-03T21:27:41.038-0300] {dag.py:3262} INFO - Creating ORM DAG for example_short_circuit_decorator
[2025-02-03T21:27:41.042-0300] {logging_mixin.py:190} INFO - [2025-02-03T21:27:41.041-0300] {dag.py:4180} INFO - Setting next_dagrun for example_short_circuit_decorator to None, run_after=None
[2025-02-03T21:27:42.207-0300] {processor.py:208} INFO - Processing /home/gnobisp/Documents/floder1/code-challenge/venv/lib/python3.10/site-packages/airflow/example_dags/example_short_circuit_decorator.py took 3.657 seconds
[2025-02-03T22:01:20.197-0300] {processor.py:186} INFO - Started process (PID=13674) to work on /home/gnobisp/Documents/floder1/code-challenge/venv/lib/python3.10/site-packages/airflow/example_dags/example_short_circuit_decorator.py
[2025-02-03T22:01:20.247-0300] {processor.py:914} INFO - Processing file /home/gnobisp/Documents/floder1/code-challenge/venv/lib/python3.10/site-packages/airflow/example_dags/example_short_circuit_decorator.py for tasks to queue
[2025-02-03T22:01:20.268-0300] {logging_mixin.py:190} INFO - [2025-02-03T22:01:20.260-0300] {dagbag.py:588} INFO - Filling up the DagBag from /home/gnobisp/Documents/floder1/code-challenge/venv/lib/python3.10/site-packages/airflow/example_dags/example_short_circuit_decorator.py
[2025-02-03T22:01:20.421-0300] {processor.py:925} INFO - DAG(s) 'example_short_circuit_decorator' retrieved from /home/gnobisp/Documents/floder1/code-challenge/venv/lib/python3.10/site-packages/airflow/example_dags/example_short_circuit_decorator.py
[2025-02-03T22:01:20.600-0300] {logging_mixin.py:190} INFO - [2025-02-03T22:01:20.598-0300] {dag.py:3239} INFO - Sync 1 DAGs
[2025-02-03T22:01:20.690-0300] {logging_mixin.py:190} INFO - [2025-02-03T22:01:20.689-0300] {dag.py:4180} INFO - Setting next_dagrun for example_short_circuit_decorator to None, run_after=None
[2025-02-03T22:01:21.188-0300] {processor.py:208} INFO - Processing /home/gnobisp/Documents/floder1/code-challenge/venv/lib/python3.10/site-packages/airflow/example_dags/example_short_circuit_decorator.py took 1.035 seconds
[2025-02-03T22:14:09.206-0300] {processor.py:186} INFO - Started process (PID=35434) to work on /home/gnobisp/Documents/floder1/code-challenge/venv/lib/python3.10/site-packages/airflow/example_dags/example_short_circuit_decorator.py
[2025-02-03T22:14:09.553-0300] {processor.py:914} INFO - Processing file /home/gnobisp/Documents/floder1/code-challenge/venv/lib/python3.10/site-packages/airflow/example_dags/example_short_circuit_decorator.py for tasks to queue
[2025-02-03T22:14:09.585-0300] {logging_mixin.py:190} INFO - [2025-02-03T22:14:09.576-0300] {dagbag.py:588} INFO - Filling up the DagBag from /home/gnobisp/Documents/floder1/code-challenge/venv/lib/python3.10/site-packages/airflow/example_dags/example_short_circuit_decorator.py
[2025-02-03T22:14:09.712-0300] {processor.py:925} INFO - DAG(s) 'example_short_circuit_decorator' retrieved from /home/gnobisp/Documents/floder1/code-challenge/venv/lib/python3.10/site-packages/airflow/example_dags/example_short_circuit_decorator.py
[2025-02-03T22:14:09.923-0300] {logging_mixin.py:190} INFO - [2025-02-03T22:14:09.922-0300] {dag.py:3239} INFO - Sync 1 DAGs
[2025-02-03T22:14:09.999-0300] {logging_mixin.py:190} INFO - [2025-02-03T22:14:09.998-0300] {dag.py:4180} INFO - Setting next_dagrun for example_short_circuit_decorator to None, run_after=None
[2025-02-03T22:14:10.279-0300] {processor.py:208} INFO - Processing /home/gnobisp/Documents/floder1/code-challenge/venv/lib/python3.10/site-packages/airflow/example_dags/example_short_circuit_decorator.py took 1.104 seconds
[2025-02-03T22:18:41.942-0300] {processor.py:186} INFO - Started process (PID=43175) to work on /home/gnobisp/Documents/floder1/code-challenge/venv/lib/python3.10/site-packages/airflow/example_dags/example_short_circuit_decorator.py
[2025-02-03T22:18:41.953-0300] {processor.py:914} INFO - Processing file /home/gnobisp/Documents/floder1/code-challenge/venv/lib/python3.10/site-packages/airflow/example_dags/example_short_circuit_decorator.py for tasks to queue
[2025-02-03T22:18:41.965-0300] {logging_mixin.py:190} INFO - [2025-02-03T22:18:41.964-0300] {dagbag.py:588} INFO - Filling up the DagBag from /home/gnobisp/Documents/floder1/code-challenge/venv/lib/python3.10/site-packages/airflow/example_dags/example_short_circuit_decorator.py
[2025-02-03T22:18:42.037-0300] {processor.py:925} INFO - DAG(s) 'example_short_circuit_decorator' retrieved from /home/gnobisp/Documents/floder1/code-challenge/venv/lib/python3.10/site-packages/airflow/example_dags/example_short_circuit_decorator.py
[2025-02-03T22:18:42.134-0300] {logging_mixin.py:190} INFO - [2025-02-03T22:18:42.133-0300] {dag.py:3239} INFO - Sync 1 DAGs
[2025-02-03T22:18:42.196-0300] {logging_mixin.py:190} INFO - [2025-02-03T22:18:42.195-0300] {dag.py:4180} INFO - Setting next_dagrun for example_short_circuit_decorator to None, run_after=None
[2025-02-03T22:18:42.481-0300] {processor.py:208} INFO - Processing /home/gnobisp/Documents/floder1/code-challenge/venv/lib/python3.10/site-packages/airflow/example_dags/example_short_circuit_decorator.py took 0.564 seconds
[2025-02-03T22:20:59.374-0300] {processor.py:186} INFO - Started process (PID=46425) to work on /home/gnobisp/Documents/floder1/code-challenge/venv/lib/python3.10/site-packages/airflow/example_dags/example_short_circuit_decorator.py
[2025-02-03T22:20:59.391-0300] {processor.py:914} INFO - Processing file /home/gnobisp/Documents/floder1/code-challenge/venv/lib/python3.10/site-packages/airflow/example_dags/example_short_circuit_decorator.py for tasks to queue
[2025-02-03T22:20:59.404-0300] {logging_mixin.py:190} INFO - [2025-02-03T22:20:59.402-0300] {dagbag.py:588} INFO - Filling up the DagBag from /home/gnobisp/Documents/floder1/code-challenge/venv/lib/python3.10/site-packages/airflow/example_dags/example_short_circuit_decorator.py
[2025-02-03T22:20:59.466-0300] {processor.py:925} INFO - DAG(s) 'example_short_circuit_decorator' retrieved from /home/gnobisp/Documents/floder1/code-challenge/venv/lib/python3.10/site-packages/airflow/example_dags/example_short_circuit_decorator.py
[2025-02-03T22:20:59.584-0300] {logging_mixin.py:190} INFO - [2025-02-03T22:20:59.583-0300] {dag.py:3239} INFO - Sync 1 DAGs
[2025-02-03T22:20:59.663-0300] {logging_mixin.py:190} INFO - [2025-02-03T22:20:59.662-0300] {dag.py:4180} INFO - Setting next_dagrun for example_short_circuit_decorator to None, run_after=None
[2025-02-03T22:20:59.964-0300] {processor.py:208} INFO - Processing /home/gnobisp/Documents/floder1/code-challenge/venv/lib/python3.10/site-packages/airflow/example_dags/example_short_circuit_decorator.py took 0.625 seconds
