[2025-02-03T21:16:11.011-0300] {processor.py:186} INFO - Started process (PID=278331) to work on /home/gnobisp/Documents/floder1/code-challenge/venv/lib/python3.10/site-packages/airflow/example_dags/example_trigger_controller_dag.py
[2025-02-03T21:16:11.014-0300] {processor.py:914} INFO - Processing file /home/gnobisp/Documents/floder1/code-challenge/venv/lib/python3.10/site-packages/airflow/example_dags/example_trigger_controller_dag.py for tasks to queue
[2025-02-03T21:16:11.027-0300] {logging_mixin.py:190} INFO - [2025-02-03T21:16:11.025-0300] {dagbag.py:588} INFO - Filling up the DagBag from /home/gnobisp/Documents/floder1/code-challenge/venv/lib/python3.10/site-packages/airflow/example_dags/example_trigger_controller_dag.py
[2025-02-03T21:16:11.061-0300] {processor.py:925} INFO - DAG(s) 'example_trigger_controller_dag' retrieved from /home/gnobisp/Documents/floder1/code-challenge/venv/lib/python3.10/site-packages/airflow/example_dags/example_trigger_controller_dag.py
[2025-02-03T21:16:11.855-0300] {logging_mixin.py:190} INFO - [2025-02-03T21:16:11.852-0300] {override.py:1911} INFO - Created Permission View: can edit on DAG:example_trigger_controller_dag
[2025-02-03T21:16:13.066-0300] {logging_mixin.py:190} INFO - [2025-02-03T21:16:13.064-0300] {override.py:1911} INFO - Created Permission View: can read on DAG:example_trigger_controller_dag
[2025-02-03T21:16:13.300-0300] {logging_mixin.py:190} INFO - [2025-02-03T21:16:13.299-0300] {override.py:1911} INFO - Created Permission View: can delete on DAG:example_trigger_controller_dag
[2025-02-03T21:16:13.998-0300] {logging_mixin.py:190} INFO - [2025-02-03T21:16:13.993-0300] {override.py:1911} INFO - Created Permission View: menu access on DAG Run:example_trigger_controller_dag
[2025-02-03T21:16:14.223-0300] {logging_mixin.py:190} INFO - [2025-02-03T21:16:14.221-0300] {override.py:1911} INFO - Created Permission View: can read on DAG Run:example_trigger_controller_dag
[2025-02-03T21:16:14.380-0300] {logging_mixin.py:190} INFO - [2025-02-03T21:16:14.374-0300] {override.py:1911} INFO - Created Permission View: can delete on DAG Run:example_trigger_controller_dag
[2025-02-03T21:16:14.759-0300] {logging_mixin.py:190} INFO - [2025-02-03T21:16:14.757-0300] {override.py:1911} INFO - Created Permission View: can create on DAG Run:example_trigger_controller_dag
[2025-02-03T21:16:14.761-0300] {logging_mixin.py:190} INFO - [2025-02-03T21:16:14.760-0300] {dag.py:3239} INFO - Sync 1 DAGs
[2025-02-03T21:16:14.877-0300] {logging_mixin.py:190} INFO - [2025-02-03T21:16:14.872-0300] {dag.py:3262} INFO - Creating ORM DAG for example_trigger_controller_dag
[2025-02-03T21:16:14.936-0300] {logging_mixin.py:190} INFO - [2025-02-03T21:16:14.935-0300] {dag.py:4180} INFO - Setting next_dagrun for example_trigger_controller_dag to 2021-01-01 00:00:00+00:00, run_after=2021-01-01 00:00:00+00:00
[2025-02-03T21:16:15.224-0300] {processor.py:208} INFO - Processing /home/gnobisp/Documents/floder1/code-challenge/venv/lib/python3.10/site-packages/airflow/example_dags/example_trigger_controller_dag.py took 4.246 seconds
[2025-02-03T21:27:07.533-0300] {processor.py:186} INFO - Started process (PID=297104) to work on /home/gnobisp/Documents/floder1/code-challenge/venv/lib/python3.10/site-packages/airflow/example_dags/example_trigger_controller_dag.py
[2025-02-03T21:27:07.547-0300] {processor.py:914} INFO - Processing file /home/gnobisp/Documents/floder1/code-challenge/venv/lib/python3.10/site-packages/airflow/example_dags/example_trigger_controller_dag.py for tasks to queue
[2025-02-03T21:27:07.566-0300] {logging_mixin.py:190} INFO - [2025-02-03T21:27:07.564-0300] {dagbag.py:588} INFO - Filling up the DagBag from /home/gnobisp/Documents/floder1/code-challenge/venv/lib/python3.10/site-packages/airflow/example_dags/example_trigger_controller_dag.py
[2025-02-03T21:27:07.595-0300] {processor.py:925} INFO - DAG(s) 'example_trigger_controller_dag' retrieved from /home/gnobisp/Documents/floder1/code-challenge/venv/lib/python3.10/site-packages/airflow/example_dags/example_trigger_controller_dag.py
[2025-02-03T21:27:07.667-0300] {logging_mixin.py:190} INFO - [2025-02-03T21:27:07.666-0300] {dag.py:3239} INFO - Sync 1 DAGs
[2025-02-03T21:27:07.758-0300] {logging_mixin.py:190} INFO - [2025-02-03T21:27:07.756-0300] {dag.py:4180} INFO - Setting next_dagrun for example_trigger_controller_dag to 2021-01-01 00:00:00+00:00, run_after=2021-01-01 00:00:00+00:00
[2025-02-03T21:27:07.956-0300] {processor.py:208} INFO - Processing /home/gnobisp/Documents/floder1/code-challenge/venv/lib/python3.10/site-packages/airflow/example_dags/example_trigger_controller_dag.py took 0.456 seconds
[2025-02-03T21:45:02.952-0300] {processor.py:186} INFO - Started process (PID=327555) to work on /home/gnobisp/Documents/floder1/code-challenge/venv/lib/python3.10/site-packages/airflow/example_dags/example_trigger_controller_dag.py
[2025-02-03T21:45:02.979-0300] {processor.py:914} INFO - Processing file /home/gnobisp/Documents/floder1/code-challenge/venv/lib/python3.10/site-packages/airflow/example_dags/example_trigger_controller_dag.py for tasks to queue
[2025-02-03T21:45:02.989-0300] {logging_mixin.py:190} INFO - [2025-02-03T21:45:02.987-0300] {dagbag.py:588} INFO - Filling up the DagBag from /home/gnobisp/Documents/floder1/code-challenge/venv/lib/python3.10/site-packages/airflow/example_dags/example_trigger_controller_dag.py
[2025-02-03T21:45:03.014-0300] {processor.py:925} INFO - DAG(s) 'example_trigger_controller_dag' retrieved from /home/gnobisp/Documents/floder1/code-challenge/venv/lib/python3.10/site-packages/airflow/example_dags/example_trigger_controller_dag.py
[2025-02-03T21:45:03.079-0300] {logging_mixin.py:190} INFO - [2025-02-03T21:45:03.077-0300] {dag.py:3239} INFO - Sync 1 DAGs
[2025-02-03T21:45:03.175-0300] {logging_mixin.py:190} INFO - [2025-02-03T21:45:03.174-0300] {dag.py:4180} INFO - Setting next_dagrun for example_trigger_controller_dag to 2021-01-01 00:00:00+00:00, run_after=2021-01-01 00:00:00+00:00
[2025-02-03T21:45:03.442-0300] {processor.py:208} INFO - Processing /home/gnobisp/Documents/floder1/code-challenge/venv/lib/python3.10/site-packages/airflow/example_dags/example_trigger_controller_dag.py took 0.512 seconds
[2025-02-03T22:00:58.305-0300] {processor.py:186} INFO - Started process (PID=13227) to work on /home/gnobisp/Documents/floder1/code-challenge/venv/lib/python3.10/site-packages/airflow/example_dags/example_trigger_controller_dag.py
[2025-02-03T22:00:58.334-0300] {processor.py:914} INFO - Processing file /home/gnobisp/Documents/floder1/code-challenge/venv/lib/python3.10/site-packages/airflow/example_dags/example_trigger_controller_dag.py for tasks to queue
[2025-02-03T22:00:58.359-0300] {logging_mixin.py:190} INFO - [2025-02-03T22:00:58.355-0300] {dagbag.py:588} INFO - Filling up the DagBag from /home/gnobisp/Documents/floder1/code-challenge/venv/lib/python3.10/site-packages/airflow/example_dags/example_trigger_controller_dag.py
[2025-02-03T22:00:58.410-0300] {processor.py:925} INFO - DAG(s) 'example_trigger_controller_dag' retrieved from /home/gnobisp/Documents/floder1/code-challenge/venv/lib/python3.10/site-packages/airflow/example_dags/example_trigger_controller_dag.py
[2025-02-03T22:00:58.486-0300] {logging_mixin.py:190} INFO - [2025-02-03T22:00:58.485-0300] {dag.py:3239} INFO - Sync 1 DAGs
[2025-02-03T22:00:58.600-0300] {logging_mixin.py:190} INFO - [2025-02-03T22:00:58.599-0300] {dag.py:4180} INFO - Setting next_dagrun for example_trigger_controller_dag to 2021-01-01 00:00:00+00:00, run_after=2021-01-01 00:00:00+00:00
[2025-02-03T22:00:59.505-0300] {processor.py:208} INFO - Processing /home/gnobisp/Documents/floder1/code-challenge/venv/lib/python3.10/site-packages/airflow/example_dags/example_trigger_controller_dag.py took 1.248 seconds
[2025-02-03T22:13:48.893-0300] {processor.py:186} INFO - Started process (PID=34889) to work on /home/gnobisp/Documents/floder1/code-challenge/venv/lib/python3.10/site-packages/airflow/example_dags/example_trigger_controller_dag.py
[2025-02-03T22:13:48.911-0300] {processor.py:914} INFO - Processing file /home/gnobisp/Documents/floder1/code-challenge/venv/lib/python3.10/site-packages/airflow/example_dags/example_trigger_controller_dag.py for tasks to queue
[2025-02-03T22:13:48.922-0300] {logging_mixin.py:190} INFO - [2025-02-03T22:13:48.920-0300] {dagbag.py:588} INFO - Filling up the DagBag from /home/gnobisp/Documents/floder1/code-challenge/venv/lib/python3.10/site-packages/airflow/example_dags/example_trigger_controller_dag.py
[2025-02-03T22:13:48.948-0300] {processor.py:925} INFO - DAG(s) 'example_trigger_controller_dag' retrieved from /home/gnobisp/Documents/floder1/code-challenge/venv/lib/python3.10/site-packages/airflow/example_dags/example_trigger_controller_dag.py
[2025-02-03T22:13:49.012-0300] {logging_mixin.py:190} INFO - [2025-02-03T22:13:49.011-0300] {dag.py:3239} INFO - Sync 1 DAGs
[2025-02-03T22:13:49.107-0300] {logging_mixin.py:190} INFO - [2025-02-03T22:13:49.106-0300] {dag.py:4180} INFO - Setting next_dagrun for example_trigger_controller_dag to 2021-01-01 00:00:00+00:00, run_after=2021-01-01 00:00:00+00:00
[2025-02-03T22:13:49.300-0300] {processor.py:208} INFO - Processing /home/gnobisp/Documents/floder1/code-challenge/venv/lib/python3.10/site-packages/airflow/example_dags/example_trigger_controller_dag.py took 0.431 seconds
[2025-02-03T22:16:09.821-0300] {processor.py:186} INFO - Started process (PID=38983) to work on /home/gnobisp/Documents/floder1/code-challenge/venv/lib/python3.10/site-packages/airflow/example_dags/example_trigger_controller_dag.py
[2025-02-03T22:16:09.831-0300] {processor.py:914} INFO - Processing file /home/gnobisp/Documents/floder1/code-challenge/venv/lib/python3.10/site-packages/airflow/example_dags/example_trigger_controller_dag.py for tasks to queue
[2025-02-03T22:16:09.842-0300] {logging_mixin.py:190} INFO - [2025-02-03T22:16:09.841-0300] {dagbag.py:588} INFO - Filling up the DagBag from /home/gnobisp/Documents/floder1/code-challenge/venv/lib/python3.10/site-packages/airflow/example_dags/example_trigger_controller_dag.py
[2025-02-03T22:16:09.868-0300] {processor.py:925} INFO - DAG(s) 'example_trigger_controller_dag' retrieved from /home/gnobisp/Documents/floder1/code-challenge/venv/lib/python3.10/site-packages/airflow/example_dags/example_trigger_controller_dag.py
[2025-02-03T22:16:09.933-0300] {logging_mixin.py:190} INFO - [2025-02-03T22:16:09.932-0300] {dag.py:3239} INFO - Sync 1 DAGs
[2025-02-03T22:16:10.036-0300] {logging_mixin.py:190} INFO - [2025-02-03T22:16:10.035-0300] {dag.py:4180} INFO - Setting next_dagrun for example_trigger_controller_dag to 2021-01-01 00:00:00+00:00, run_after=2021-01-01 00:00:00+00:00
[2025-02-03T22:16:11.535-0300] {processor.py:208} INFO - Processing /home/gnobisp/Documents/floder1/code-challenge/venv/lib/python3.10/site-packages/airflow/example_dags/example_trigger_controller_dag.py took 1.738 seconds
[2025-02-03T22:18:15.758-0300] {processor.py:186} INFO - Started process (PID=42463) to work on /home/gnobisp/Documents/floder1/code-challenge/venv/lib/python3.10/site-packages/airflow/example_dags/example_trigger_controller_dag.py
[2025-02-03T22:18:16.156-0300] {processor.py:914} INFO - Processing file /home/gnobisp/Documents/floder1/code-challenge/venv/lib/python3.10/site-packages/airflow/example_dags/example_trigger_controller_dag.py for tasks to queue
[2025-02-03T22:18:16.206-0300] {logging_mixin.py:190} INFO - [2025-02-03T22:18:16.189-0300] {dagbag.py:588} INFO - Filling up the DagBag from /home/gnobisp/Documents/floder1/code-challenge/venv/lib/python3.10/site-packages/airflow/example_dags/example_trigger_controller_dag.py
[2025-02-03T22:18:16.309-0300] {processor.py:925} INFO - DAG(s) 'example_trigger_controller_dag' retrieved from /home/gnobisp/Documents/floder1/code-challenge/venv/lib/python3.10/site-packages/airflow/example_dags/example_trigger_controller_dag.py
[2025-02-03T22:18:16.567-0300] {logging_mixin.py:190} INFO - [2025-02-03T22:18:16.562-0300] {dag.py:3239} INFO - Sync 1 DAGs
[2025-02-03T22:18:16.813-0300] {logging_mixin.py:190} INFO - [2025-02-03T22:18:16.809-0300] {dag.py:4180} INFO - Setting next_dagrun for example_trigger_controller_dag to 2021-01-01 00:00:00+00:00, run_after=2021-01-01 00:00:00+00:00
[2025-02-03T22:18:17.193-0300] {processor.py:208} INFO - Processing /home/gnobisp/Documents/floder1/code-challenge/venv/lib/python3.10/site-packages/airflow/example_dags/example_trigger_controller_dag.py took 1.465 seconds
[2025-02-03T22:20:39.048-0300] {processor.py:186} INFO - Started process (PID=45988) to work on /home/gnobisp/Documents/floder1/code-challenge/venv/lib/python3.10/site-packages/airflow/example_dags/example_trigger_controller_dag.py
[2025-02-03T22:20:39.060-0300] {processor.py:914} INFO - Processing file /home/gnobisp/Documents/floder1/code-challenge/venv/lib/python3.10/site-packages/airflow/example_dags/example_trigger_controller_dag.py for tasks to queue
[2025-02-03T22:20:39.068-0300] {logging_mixin.py:190} INFO - [2025-02-03T22:20:39.067-0300] {dagbag.py:588} INFO - Filling up the DagBag from /home/gnobisp/Documents/floder1/code-challenge/venv/lib/python3.10/site-packages/airflow/example_dags/example_trigger_controller_dag.py
[2025-02-03T22:20:39.097-0300] {processor.py:925} INFO - DAG(s) 'example_trigger_controller_dag' retrieved from /home/gnobisp/Documents/floder1/code-challenge/venv/lib/python3.10/site-packages/airflow/example_dags/example_trigger_controller_dag.py
[2025-02-03T22:20:39.155-0300] {logging_mixin.py:190} INFO - [2025-02-03T22:20:39.154-0300] {dag.py:3239} INFO - Sync 1 DAGs
[2025-02-03T22:20:39.252-0300] {logging_mixin.py:190} INFO - [2025-02-03T22:20:39.251-0300] {dag.py:4180} INFO - Setting next_dagrun for example_trigger_controller_dag to 2021-01-01 00:00:00+00:00, run_after=2021-01-01 00:00:00+00:00
[2025-02-03T22:20:40.646-0300] {processor.py:208} INFO - Processing /home/gnobisp/Documents/floder1/code-challenge/venv/lib/python3.10/site-packages/airflow/example_dags/example_trigger_controller_dag.py took 1.624 seconds
