[2025-02-03T21:15:21.720-0300] {processor.py:186} INFO - Started process (PID=276609) to work on /home/gnobisp/Documents/floder1/code-challenge/venv/lib/python3.10/site-packages/airflow/example_dags/example_xcomargs.py
[2025-02-03T21:15:21.723-0300] {processor.py:914} INFO - Processing file /home/gnobisp/Documents/floder1/code-challenge/venv/lib/python3.10/site-packages/airflow/example_dags/example_xcomargs.py for tasks to queue
[2025-02-03T21:15:21.745-0300] {logging_mixin.py:190} INFO - [2025-02-03T21:15:21.739-0300] {dagbag.py:588} INFO - Filling up the DagBag from /home/gnobisp/Documents/floder1/code-challenge/venv/lib/python3.10/site-packages/airflow/example_dags/example_xcomargs.py
[2025-02-03T21:15:21.875-0300] {processor.py:925} INFO - DAG(s) 'example_xcom_args_with_operators', 'example_xcom_args' retrieved from /home/gnobisp/Documents/floder1/code-challenge/venv/lib/python3.10/site-packages/airflow/example_dags/example_xcomargs.py
[2025-02-03T21:15:24.701-0300] {logging_mixin.py:190} INFO - [2025-02-03T21:15:24.696-0300] {override.py:1911} INFO - Created Permission View: can edit on DAG:example_xcom_args_with_operators
[2025-02-03T21:15:25.148-0300] {logging_mixin.py:190} INFO - [2025-02-03T21:15:25.146-0300] {override.py:1911} INFO - Created Permission View: can read on DAG:example_xcom_args_with_operators
[2025-02-03T21:15:26.796-0300] {logging_mixin.py:190} INFO - [2025-02-03T21:15:26.786-0300] {override.py:1911} INFO - Created Permission View: can delete on DAG:example_xcom_args_with_operators
[2025-02-03T21:15:29.157-0300] {logging_mixin.py:190} INFO - [2025-02-03T21:15:29.155-0300] {override.py:1911} INFO - Created Permission View: menu access on DAG Run:example_xcom_args_with_operators
[2025-02-03T21:15:29.468-0300] {logging_mixin.py:190} INFO - [2025-02-03T21:15:29.467-0300] {override.py:1911} INFO - Created Permission View: can read on DAG Run:example_xcom_args_with_operators
[2025-02-03T21:15:29.756-0300] {logging_mixin.py:190} INFO - [2025-02-03T21:15:29.754-0300] {override.py:1911} INFO - Created Permission View: can delete on DAG Run:example_xcom_args_with_operators
[2025-02-03T21:15:30.039-0300] {logging_mixin.py:190} INFO - [2025-02-03T21:15:30.037-0300] {override.py:1911} INFO - Created Permission View: can create on DAG Run:example_xcom_args_with_operators
[2025-02-03T21:15:31.393-0300] {logging_mixin.py:190} INFO - [2025-02-03T21:15:31.392-0300] {override.py:1911} INFO - Created Permission View: can edit on DAG:example_xcom_args
[2025-02-03T21:15:32.164-0300] {logging_mixin.py:190} INFO - [2025-02-03T21:15:32.162-0300] {override.py:1911} INFO - Created Permission View: can read on DAG:example_xcom_args
[2025-02-03T21:15:32.340-0300] {logging_mixin.py:190} INFO - [2025-02-03T21:15:32.332-0300] {override.py:1911} INFO - Created Permission View: can delete on DAG:example_xcom_args
[2025-02-03T21:15:32.726-0300] {logging_mixin.py:190} INFO - [2025-02-03T21:15:32.724-0300] {override.py:1911} INFO - Created Permission View: menu access on DAG Run:example_xcom_args
[2025-02-03T21:15:32.946-0300] {logging_mixin.py:190} INFO - [2025-02-03T21:15:32.944-0300] {override.py:1911} INFO - Created Permission View: can read on DAG Run:example_xcom_args
[2025-02-03T21:15:33.155-0300] {logging_mixin.py:190} INFO - [2025-02-03T21:15:33.153-0300] {override.py:1911} INFO - Created Permission View: can delete on DAG Run:example_xcom_args
[2025-02-03T21:15:34.244-0300] {logging_mixin.py:190} INFO - [2025-02-03T21:15:34.241-0300] {override.py:1911} INFO - Created Permission View: can create on DAG Run:example_xcom_args
[2025-02-03T21:15:34.246-0300] {logging_mixin.py:190} INFO - [2025-02-03T21:15:34.245-0300] {dag.py:3239} INFO - Sync 2 DAGs
[2025-02-03T21:15:34.338-0300] {logging_mixin.py:190} INFO - [2025-02-03T21:15:34.337-0300] {dag.py:3262} INFO - Creating ORM DAG for example_xcom_args
[2025-02-03T21:15:34.342-0300] {logging_mixin.py:190} INFO - [2025-02-03T21:15:34.342-0300] {dag.py:3262} INFO - Creating ORM DAG for example_xcom_args_with_operators
[2025-02-03T21:15:34.346-0300] {logging_mixin.py:190} INFO - [2025-02-03T21:15:34.345-0300] {dag.py:4180} INFO - Setting next_dagrun for example_xcom_args to None, run_after=None
[2025-02-03T21:15:34.349-0300] {logging_mixin.py:190} INFO - [2025-02-03T21:15:34.348-0300] {dag.py:4180} INFO - Setting next_dagrun for example_xcom_args_with_operators to None, run_after=None
[2025-02-03T21:15:35.080-0300] {processor.py:208} INFO - Processing /home/gnobisp/Documents/floder1/code-challenge/venv/lib/python3.10/site-packages/airflow/example_dags/example_xcomargs.py took 13.455 seconds
[2025-02-03T21:26:56.051-0300] {processor.py:186} INFO - Started process (PID=296827) to work on /home/gnobisp/Documents/floder1/code-challenge/venv/lib/python3.10/site-packages/airflow/example_dags/example_xcomargs.py
[2025-02-03T21:26:56.228-0300] {processor.py:914} INFO - Processing file /home/gnobisp/Documents/floder1/code-challenge/venv/lib/python3.10/site-packages/airflow/example_dags/example_xcomargs.py for tasks to queue
[2025-02-03T21:26:56.255-0300] {logging_mixin.py:190} INFO - [2025-02-03T21:26:56.248-0300] {dagbag.py:588} INFO - Filling up the DagBag from /home/gnobisp/Documents/floder1/code-challenge/venv/lib/python3.10/site-packages/airflow/example_dags/example_xcomargs.py
[2025-02-03T21:26:56.354-0300] {processor.py:925} INFO - DAG(s) 'example_xcom_args', 'example_xcom_args_with_operators' retrieved from /home/gnobisp/Documents/floder1/code-challenge/venv/lib/python3.10/site-packages/airflow/example_dags/example_xcomargs.py
[2025-02-03T21:26:56.462-0300] {logging_mixin.py:190} INFO - [2025-02-03T21:26:56.461-0300] {dag.py:3239} INFO - Sync 2 DAGs
[2025-02-03T21:26:56.522-0300] {logging_mixin.py:190} INFO - [2025-02-03T21:26:56.521-0300] {dag.py:4180} INFO - Setting next_dagrun for example_xcom_args to None, run_after=None
[2025-02-03T21:26:56.537-0300] {logging_mixin.py:190} INFO - [2025-02-03T21:26:56.536-0300] {dag.py:4180} INFO - Setting next_dagrun for example_xcom_args_with_operators to None, run_after=None
[2025-02-03T21:26:57.188-0300] {processor.py:208} INFO - Processing /home/gnobisp/Documents/floder1/code-challenge/venv/lib/python3.10/site-packages/airflow/example_dags/example_xcomargs.py took 1.161 seconds
[2025-02-03T21:44:53.903-0300] {processor.py:186} INFO - Started process (PID=327320) to work on /home/gnobisp/Documents/floder1/code-challenge/venv/lib/python3.10/site-packages/airflow/example_dags/example_xcomargs.py
[2025-02-03T21:44:53.919-0300] {processor.py:914} INFO - Processing file /home/gnobisp/Documents/floder1/code-challenge/venv/lib/python3.10/site-packages/airflow/example_dags/example_xcomargs.py for tasks to queue
[2025-02-03T21:44:53.950-0300] {logging_mixin.py:190} INFO - [2025-02-03T21:44:53.948-0300] {dagbag.py:588} INFO - Filling up the DagBag from /home/gnobisp/Documents/floder1/code-challenge/venv/lib/python3.10/site-packages/airflow/example_dags/example_xcomargs.py
[2025-02-03T21:44:54.034-0300] {processor.py:925} INFO - DAG(s) 'example_xcom_args_with_operators', 'example_xcom_args' retrieved from /home/gnobisp/Documents/floder1/code-challenge/venv/lib/python3.10/site-packages/airflow/example_dags/example_xcomargs.py
[2025-02-03T21:44:54.182-0300] {logging_mixin.py:190} INFO - [2025-02-03T21:44:54.180-0300] {dag.py:3239} INFO - Sync 2 DAGs
[2025-02-03T21:44:54.256-0300] {logging_mixin.py:190} INFO - [2025-02-03T21:44:54.255-0300] {dag.py:4180} INFO - Setting next_dagrun for example_xcom_args to None, run_after=None
[2025-02-03T21:44:54.273-0300] {logging_mixin.py:190} INFO - [2025-02-03T21:44:54.272-0300] {dag.py:4180} INFO - Setting next_dagrun for example_xcom_args_with_operators to None, run_after=None
[2025-02-03T21:44:54.459-0300] {processor.py:208} INFO - Processing /home/gnobisp/Documents/floder1/code-challenge/venv/lib/python3.10/site-packages/airflow/example_dags/example_xcomargs.py took 0.632 seconds
[2025-02-03T22:00:46.085-0300] {processor.py:186} INFO - Started process (PID=12830) to work on /home/gnobisp/Documents/floder1/code-challenge/venv/lib/python3.10/site-packages/airflow/example_dags/example_xcomargs.py
[2025-02-03T22:00:46.102-0300] {processor.py:914} INFO - Processing file /home/gnobisp/Documents/floder1/code-challenge/venv/lib/python3.10/site-packages/airflow/example_dags/example_xcomargs.py for tasks to queue
[2025-02-03T22:00:46.117-0300] {logging_mixin.py:190} INFO - [2025-02-03T22:00:46.113-0300] {dagbag.py:588} INFO - Filling up the DagBag from /home/gnobisp/Documents/floder1/code-challenge/venv/lib/python3.10/site-packages/airflow/example_dags/example_xcomargs.py
[2025-02-03T22:00:46.208-0300] {processor.py:925} INFO - DAG(s) 'example_xcom_args_with_operators', 'example_xcom_args' retrieved from /home/gnobisp/Documents/floder1/code-challenge/venv/lib/python3.10/site-packages/airflow/example_dags/example_xcomargs.py
[2025-02-03T22:00:46.316-0300] {logging_mixin.py:190} INFO - [2025-02-03T22:00:46.315-0300] {dag.py:3239} INFO - Sync 2 DAGs
[2025-02-03T22:00:46.377-0300] {logging_mixin.py:190} INFO - [2025-02-03T22:00:46.376-0300] {dag.py:4180} INFO - Setting next_dagrun for example_xcom_args to None, run_after=None
[2025-02-03T22:00:46.391-0300] {logging_mixin.py:190} INFO - [2025-02-03T22:00:46.390-0300] {dag.py:4180} INFO - Setting next_dagrun for example_xcom_args_with_operators to None, run_after=None
[2025-02-03T22:00:46.855-0300] {processor.py:208} INFO - Processing /home/gnobisp/Documents/floder1/code-challenge/venv/lib/python3.10/site-packages/airflow/example_dags/example_xcomargs.py took 0.793 seconds
[2025-02-03T22:13:38.449-0300] {processor.py:186} INFO - Started process (PID=34572) to work on /home/gnobisp/Documents/floder1/code-challenge/venv/lib/python3.10/site-packages/airflow/example_dags/example_xcomargs.py
[2025-02-03T22:13:38.466-0300] {processor.py:914} INFO - Processing file /home/gnobisp/Documents/floder1/code-challenge/venv/lib/python3.10/site-packages/airflow/example_dags/example_xcomargs.py for tasks to queue
[2025-02-03T22:13:38.481-0300] {logging_mixin.py:190} INFO - [2025-02-03T22:13:38.479-0300] {dagbag.py:588} INFO - Filling up the DagBag from /home/gnobisp/Documents/floder1/code-challenge/venv/lib/python3.10/site-packages/airflow/example_dags/example_xcomargs.py
[2025-02-03T22:13:38.556-0300] {processor.py:925} INFO - DAG(s) 'example_xcom_args_with_operators', 'example_xcom_args' retrieved from /home/gnobisp/Documents/floder1/code-challenge/venv/lib/python3.10/site-packages/airflow/example_dags/example_xcomargs.py
[2025-02-03T22:13:38.666-0300] {logging_mixin.py:190} INFO - [2025-02-03T22:13:38.665-0300] {dag.py:3239} INFO - Sync 2 DAGs
[2025-02-03T22:13:38.741-0300] {logging_mixin.py:190} INFO - [2025-02-03T22:13:38.740-0300] {dag.py:4180} INFO - Setting next_dagrun for example_xcom_args to None, run_after=None
[2025-02-03T22:13:38.757-0300] {logging_mixin.py:190} INFO - [2025-02-03T22:13:38.756-0300] {dag.py:4180} INFO - Setting next_dagrun for example_xcom_args_with_operators to None, run_after=None
[2025-02-03T22:13:39.063-0300] {processor.py:208} INFO - Processing /home/gnobisp/Documents/floder1/code-challenge/venv/lib/python3.10/site-packages/airflow/example_dags/example_xcomargs.py took 0.636 seconds
[2025-02-03T22:15:57.510-0300] {processor.py:186} INFO - Started process (PID=38587) to work on /home/gnobisp/Documents/floder1/code-challenge/venv/lib/python3.10/site-packages/airflow/example_dags/example_xcomargs.py
[2025-02-03T22:15:57.518-0300] {processor.py:914} INFO - Processing file /home/gnobisp/Documents/floder1/code-challenge/venv/lib/python3.10/site-packages/airflow/example_dags/example_xcomargs.py for tasks to queue
[2025-02-03T22:15:57.527-0300] {logging_mixin.py:190} INFO - [2025-02-03T22:15:57.526-0300] {dagbag.py:588} INFO - Filling up the DagBag from /home/gnobisp/Documents/floder1/code-challenge/venv/lib/python3.10/site-packages/airflow/example_dags/example_xcomargs.py
[2025-02-03T22:15:57.573-0300] {processor.py:925} INFO - DAG(s) 'example_xcom_args', 'example_xcom_args_with_operators' retrieved from /home/gnobisp/Documents/floder1/code-challenge/venv/lib/python3.10/site-packages/airflow/example_dags/example_xcomargs.py
[2025-02-03T22:15:57.681-0300] {logging_mixin.py:190} INFO - [2025-02-03T22:15:57.680-0300] {dag.py:3239} INFO - Sync 2 DAGs
[2025-02-03T22:15:59.176-0300] {logging_mixin.py:190} INFO - [2025-02-03T22:15:59.175-0300] {dag.py:4180} INFO - Setting next_dagrun for example_xcom_args to None, run_after=None
[2025-02-03T22:15:59.194-0300] {logging_mixin.py:190} INFO - [2025-02-03T22:15:59.193-0300] {dag.py:4180} INFO - Setting next_dagrun for example_xcom_args_with_operators to None, run_after=None
[2025-02-03T22:15:59.447-0300] {processor.py:208} INFO - Processing /home/gnobisp/Documents/floder1/code-challenge/venv/lib/python3.10/site-packages/airflow/example_dags/example_xcomargs.py took 1.961 seconds
[2025-02-03T22:18:04.457-0300] {processor.py:186} INFO - Started process (PID=42160) to work on /home/gnobisp/Documents/floder1/code-challenge/venv/lib/python3.10/site-packages/airflow/example_dags/example_xcomargs.py
[2025-02-03T22:18:04.470-0300] {processor.py:914} INFO - Processing file /home/gnobisp/Documents/floder1/code-challenge/venv/lib/python3.10/site-packages/airflow/example_dags/example_xcomargs.py for tasks to queue
[2025-02-03T22:18:04.477-0300] {logging_mixin.py:190} INFO - [2025-02-03T22:18:04.475-0300] {dagbag.py:588} INFO - Filling up the DagBag from /home/gnobisp/Documents/floder1/code-challenge/venv/lib/python3.10/site-packages/airflow/example_dags/example_xcomargs.py
[2025-02-03T22:18:04.527-0300] {processor.py:925} INFO - DAG(s) 'example_xcom_args', 'example_xcom_args_with_operators' retrieved from /home/gnobisp/Documents/floder1/code-challenge/venv/lib/python3.10/site-packages/airflow/example_dags/example_xcomargs.py
[2025-02-03T22:18:04.647-0300] {logging_mixin.py:190} INFO - [2025-02-03T22:18:04.646-0300] {dag.py:3239} INFO - Sync 2 DAGs
[2025-02-03T22:18:04.720-0300] {logging_mixin.py:190} INFO - [2025-02-03T22:18:04.718-0300] {dag.py:4180} INFO - Setting next_dagrun for example_xcom_args to None, run_after=None
[2025-02-03T22:18:04.737-0300] {logging_mixin.py:190} INFO - [2025-02-03T22:18:04.736-0300] {dag.py:4180} INFO - Setting next_dagrun for example_xcom_args_with_operators to None, run_after=None
[2025-02-03T22:18:04.987-0300] {processor.py:208} INFO - Processing /home/gnobisp/Documents/floder1/code-challenge/venv/lib/python3.10/site-packages/airflow/example_dags/example_xcomargs.py took 0.557 seconds
[2025-02-03T22:20:28.885-0300] {processor.py:186} INFO - Started process (PID=45497) to work on /home/gnobisp/Documents/floder1/code-challenge/venv/lib/python3.10/site-packages/airflow/example_dags/example_xcomargs.py
[2025-02-03T22:20:29.245-0300] {processor.py:914} INFO - Processing file /home/gnobisp/Documents/floder1/code-challenge/venv/lib/python3.10/site-packages/airflow/example_dags/example_xcomargs.py for tasks to queue
[2025-02-03T22:20:29.305-0300] {logging_mixin.py:190} INFO - [2025-02-03T22:20:29.301-0300] {dagbag.py:588} INFO - Filling up the DagBag from /home/gnobisp/Documents/floder1/code-challenge/venv/lib/python3.10/site-packages/airflow/example_dags/example_xcomargs.py
[2025-02-03T22:20:29.399-0300] {processor.py:925} INFO - DAG(s) 'example_xcom_args', 'example_xcom_args_with_operators' retrieved from /home/gnobisp/Documents/floder1/code-challenge/venv/lib/python3.10/site-packages/airflow/example_dags/example_xcomargs.py
[2025-02-03T22:20:29.498-0300] {logging_mixin.py:190} INFO - [2025-02-03T22:20:29.497-0300] {dag.py:3239} INFO - Sync 2 DAGs
[2025-02-03T22:20:29.598-0300] {logging_mixin.py:190} INFO - [2025-02-03T22:20:29.597-0300] {dag.py:4180} INFO - Setting next_dagrun for example_xcom_args to None, run_after=None
[2025-02-03T22:20:29.619-0300] {logging_mixin.py:190} INFO - [2025-02-03T22:20:29.618-0300] {dag.py:4180} INFO - Setting next_dagrun for example_xcom_args_with_operators to None, run_after=None
[2025-02-03T22:20:30.761-0300] {processor.py:208} INFO - Processing /home/gnobisp/Documents/floder1/code-challenge/venv/lib/python3.10/site-packages/airflow/example_dags/example_xcomargs.py took 1.911 seconds
