[2025-02-03T21:28:24.776-0300] {processor.py:186} INFO - Started process (PID=299000) to work on /home/gnobisp/Documents/floder1/code-challenge/venv/lib/python3.10/site-packages/airflow/example_dags/example_params_ui_tutorial.py
[2025-02-03T21:28:24.779-0300] {processor.py:914} INFO - Processing file /home/gnobisp/Documents/floder1/code-challenge/venv/lib/python3.10/site-packages/airflow/example_dags/example_params_ui_tutorial.py for tasks to queue
[2025-02-03T21:28:24.787-0300] {logging_mixin.py:190} INFO - [2025-02-03T21:28:24.786-0300] {dagbag.py:588} INFO - Filling up the DagBag from /home/gnobisp/Documents/floder1/code-challenge/venv/lib/python3.10/site-packages/airflow/example_dags/example_params_ui_tutorial.py
[2025-02-03T21:28:24.834-0300] {processor.py:925} INFO - DAG(s) 'example_params_ui_tutorial' retrieved from /home/gnobisp/Documents/floder1/code-challenge/venv/lib/python3.10/site-packages/airflow/example_dags/example_params_ui_tutorial.py
[2025-02-03T21:28:27.129-0300] {logging_mixin.py:190} INFO - [2025-02-03T21:28:27.122-0300] {override.py:1911} INFO - Created Permission View: can delete on DAG:example_params_ui_tutorial
[2025-02-03T21:28:27.355-0300] {logging_mixin.py:190} INFO - [2025-02-03T21:28:27.353-0300] {override.py:1911} INFO - Created Permission View: can read on DAG:example_params_ui_tutorial
[2025-02-03T21:28:27.530-0300] {logging_mixin.py:190} INFO - [2025-02-03T21:28:27.529-0300] {override.py:1911} INFO - Created Permission View: can edit on DAG:example_params_ui_tutorial
[2025-02-03T21:28:27.893-0300] {logging_mixin.py:190} INFO - [2025-02-03T21:28:27.891-0300] {override.py:1911} INFO - Created Permission View: can create on DAG Run:example_params_ui_tutorial
[2025-02-03T21:28:28.103-0300] {logging_mixin.py:190} INFO - [2025-02-03T21:28:28.101-0300] {override.py:1911} INFO - Created Permission View: can delete on DAG Run:example_params_ui_tutorial
[2025-02-03T21:28:28.521-0300] {logging_mixin.py:190} INFO - [2025-02-03T21:28:28.519-0300] {override.py:1911} INFO - Created Permission View: can read on DAG Run:example_params_ui_tutorial
[2025-02-03T21:28:28.658-0300] {logging_mixin.py:190} INFO - [2025-02-03T21:28:28.657-0300] {override.py:1911} INFO - Created Permission View: menu access on DAG Run:example_params_ui_tutorial
[2025-02-03T21:28:28.664-0300] {logging_mixin.py:190} INFO - [2025-02-03T21:28:28.663-0300] {dag.py:3239} INFO - Sync 1 DAGs
[2025-02-03T21:28:28.810-0300] {logging_mixin.py:190} INFO - [2025-02-03T21:28:28.809-0300] {dag.py:3262} INFO - Creating ORM DAG for example_params_ui_tutorial
[2025-02-03T21:28:28.813-0300] {logging_mixin.py:190} INFO - [2025-02-03T21:28:28.812-0300] {dag.py:4180} INFO - Setting next_dagrun for example_params_ui_tutorial to None, run_after=None
[2025-02-03T21:28:29.038-0300] {processor.py:208} INFO - Processing /home/gnobisp/Documents/floder1/code-challenge/venv/lib/python3.10/site-packages/airflow/example_dags/example_params_ui_tutorial.py took 4.294 seconds
[2025-02-03T22:19:01.033-0300] {processor.py:186} INFO - Started process (PID=43638) to work on /home/gnobisp/Documents/floder1/code-challenge/venv/lib/python3.10/site-packages/airflow/example_dags/example_params_ui_tutorial.py
[2025-02-03T22:19:01.450-0300] {processor.py:914} INFO - Processing file /home/gnobisp/Documents/floder1/code-challenge/venv/lib/python3.10/site-packages/airflow/example_dags/example_params_ui_tutorial.py for tasks to queue
[2025-02-03T22:19:01.464-0300] {logging_mixin.py:190} INFO - [2025-02-03T22:19:01.463-0300] {dagbag.py:588} INFO - Filling up the DagBag from /home/gnobisp/Documents/floder1/code-challenge/venv/lib/python3.10/site-packages/airflow/example_dags/example_params_ui_tutorial.py
[2025-02-03T22:19:01.520-0300] {processor.py:925} INFO - DAG(s) 'example_params_ui_tutorial' retrieved from /home/gnobisp/Documents/floder1/code-challenge/venv/lib/python3.10/site-packages/airflow/example_dags/example_params_ui_tutorial.py
[2025-02-03T22:19:01.785-0300] {logging_mixin.py:190} INFO - [2025-02-03T22:19:01.784-0300] {dag.py:3239} INFO - Sync 1 DAGs
[2025-02-03T22:19:01.848-0300] {logging_mixin.py:190} INFO - [2025-02-03T22:19:01.847-0300] {dag.py:4180} INFO - Setting next_dagrun for example_params_ui_tutorial to None, run_after=None
[2025-02-03T22:19:03.169-0300] {processor.py:208} INFO - Processing /home/gnobisp/Documents/floder1/code-challenge/venv/lib/python3.10/site-packages/airflow/example_dags/example_params_ui_tutorial.py took 2.160 seconds
[2025-02-03T22:21:17.738-0300] {processor.py:186} INFO - Started process (PID=46827) to work on /home/gnobisp/Documents/floder1/code-challenge/venv/lib/python3.10/site-packages/airflow/example_dags/example_params_ui_tutorial.py
[2025-02-03T22:21:17.748-0300] {processor.py:914} INFO - Processing file /home/gnobisp/Documents/floder1/code-challenge/venv/lib/python3.10/site-packages/airflow/example_dags/example_params_ui_tutorial.py for tasks to queue
[2025-02-03T22:21:17.763-0300] {logging_mixin.py:190} INFO - [2025-02-03T22:21:17.762-0300] {dagbag.py:588} INFO - Filling up the DagBag from /home/gnobisp/Documents/floder1/code-challenge/venv/lib/python3.10/site-packages/airflow/example_dags/example_params_ui_tutorial.py
[2025-02-03T22:21:17.808-0300] {processor.py:925} INFO - DAG(s) 'example_params_ui_tutorial' retrieved from /home/gnobisp/Documents/floder1/code-challenge/venv/lib/python3.10/site-packages/airflow/example_dags/example_params_ui_tutorial.py
[2025-02-03T22:21:18.117-0300] {logging_mixin.py:190} INFO - [2025-02-03T22:21:18.116-0300] {dag.py:3239} INFO - Sync 1 DAGs
[2025-02-03T22:21:18.209-0300] {logging_mixin.py:190} INFO - [2025-02-03T22:21:18.205-0300] {dag.py:4180} INFO - Setting next_dagrun for example_params_ui_tutorial to None, run_after=None
[2025-02-03T22:21:19.880-0300] {processor.py:208} INFO - Processing /home/gnobisp/Documents/floder1/code-challenge/venv/lib/python3.10/site-packages/airflow/example_dags/example_params_ui_tutorial.py took 2.173 seconds
