[2025-02-03T21:27:32.219-0300] {processor.py:186} INFO - Started process (PID=297620) to work on /home/gnobisp/Documents/floder1/code-challenge/venv/lib/python3.10/site-packages/airflow/example_dags/example_short_circuit_operator.py
[2025-02-03T21:27:32.222-0300] {processor.py:914} INFO - Processing file /home/gnobisp/Documents/floder1/code-challenge/venv/lib/python3.10/site-packages/airflow/example_dags/example_short_circuit_operator.py for tasks to queue
[2025-02-03T21:27:32.235-0300] {logging_mixin.py:190} INFO - [2025-02-03T21:27:32.231-0300] {dagbag.py:588} INFO - Filling up the DagBag from /home/gnobisp/Documents/floder1/code-challenge/venv/lib/python3.10/site-packages/airflow/example_dags/example_short_circuit_operator.py
[2025-02-03T21:27:32.315-0300] {processor.py:925} INFO - DAG(s) 'example_short_circuit_operator' retrieved from /home/gnobisp/Documents/floder1/code-challenge/venv/lib/python3.10/site-packages/airflow/example_dags/example_short_circuit_operator.py
[2025-02-03T21:27:34.226-0300] {logging_mixin.py:190} INFO - [2025-02-03T21:27:34.220-0300] {override.py:1911} INFO - Created Permission View: can delete on DAG:example_short_circuit_operator
[2025-02-03T21:27:34.548-0300] {logging_mixin.py:190} INFO - [2025-02-03T21:27:34.546-0300] {override.py:1911} INFO - Created Permission View: can read on DAG:example_short_circuit_operator
[2025-02-03T21:27:34.686-0300] {logging_mixin.py:190} INFO - [2025-02-03T21:27:34.684-0300] {override.py:1911} INFO - Created Permission View: can edit on DAG:example_short_circuit_operator
[2025-02-03T21:27:35.086-0300] {logging_mixin.py:190} INFO - [2025-02-03T21:27:35.084-0300] {override.py:1911} INFO - Created Permission View: can create on DAG Run:example_short_circuit_operator
[2025-02-03T21:27:35.297-0300] {logging_mixin.py:190} INFO - [2025-02-03T21:27:35.296-0300] {override.py:1911} INFO - Created Permission View: can delete on DAG Run:example_short_circuit_operator
[2025-02-03T21:27:35.523-0300] {logging_mixin.py:190} INFO - [2025-02-03T21:27:35.521-0300] {override.py:1911} INFO - Created Permission View: can read on DAG Run:example_short_circuit_operator
[2025-02-03T21:27:35.738-0300] {logging_mixin.py:190} INFO - [2025-02-03T21:27:35.737-0300] {override.py:1911} INFO - Created Permission View: menu access on DAG Run:example_short_circuit_operator
[2025-02-03T21:27:35.743-0300] {logging_mixin.py:190} INFO - [2025-02-03T21:27:35.742-0300] {dag.py:3239} INFO - Sync 1 DAGs
[2025-02-03T21:27:35.836-0300] {logging_mixin.py:190} INFO - [2025-02-03T21:27:35.831-0300] {dag.py:3262} INFO - Creating ORM DAG for example_short_circuit_operator
[2025-02-03T21:27:35.840-0300] {logging_mixin.py:190} INFO - [2025-02-03T21:27:35.839-0300] {dag.py:4180} INFO - Setting next_dagrun for example_short_circuit_operator to None, run_after=None
[2025-02-03T21:27:36.901-0300] {processor.py:208} INFO - Processing /home/gnobisp/Documents/floder1/code-challenge/venv/lib/python3.10/site-packages/airflow/example_dags/example_short_circuit_operator.py took 4.723 seconds
[2025-02-03T22:01:17.584-0300] {processor.py:186} INFO - Started process (PID=13579) to work on /home/gnobisp/Documents/floder1/code-challenge/venv/lib/python3.10/site-packages/airflow/example_dags/example_short_circuit_operator.py
[2025-02-03T22:01:17.588-0300] {processor.py:914} INFO - Processing file /home/gnobisp/Documents/floder1/code-challenge/venv/lib/python3.10/site-packages/airflow/example_dags/example_short_circuit_operator.py for tasks to queue
[2025-02-03T22:01:17.603-0300] {logging_mixin.py:190} INFO - [2025-02-03T22:01:17.597-0300] {dagbag.py:588} INFO - Filling up the DagBag from /home/gnobisp/Documents/floder1/code-challenge/venv/lib/python3.10/site-packages/airflow/example_dags/example_short_circuit_operator.py
[2025-02-03T22:01:17.679-0300] {processor.py:925} INFO - DAG(s) 'example_short_circuit_operator' retrieved from /home/gnobisp/Documents/floder1/code-challenge/venv/lib/python3.10/site-packages/airflow/example_dags/example_short_circuit_operator.py
[2025-02-03T22:01:17.802-0300] {logging_mixin.py:190} INFO - [2025-02-03T22:01:17.801-0300] {dag.py:3239} INFO - Sync 1 DAGs
[2025-02-03T22:01:17.865-0300] {logging_mixin.py:190} INFO - [2025-02-03T22:01:17.864-0300] {dag.py:4180} INFO - Setting next_dagrun for example_short_circuit_operator to None, run_after=None
[2025-02-03T22:01:18.197-0300] {processor.py:208} INFO - Processing /home/gnobisp/Documents/floder1/code-challenge/venv/lib/python3.10/site-packages/airflow/example_dags/example_short_circuit_operator.py took 0.644 seconds
[2025-02-03T22:14:06.349-0300] {processor.py:186} INFO - Started process (PID=35385) to work on /home/gnobisp/Documents/floder1/code-challenge/venv/lib/python3.10/site-packages/airflow/example_dags/example_short_circuit_operator.py
[2025-02-03T22:14:06.370-0300] {processor.py:914} INFO - Processing file /home/gnobisp/Documents/floder1/code-challenge/venv/lib/python3.10/site-packages/airflow/example_dags/example_short_circuit_operator.py for tasks to queue
[2025-02-03T22:14:06.381-0300] {logging_mixin.py:190} INFO - [2025-02-03T22:14:06.379-0300] {dagbag.py:588} INFO - Filling up the DagBag from /home/gnobisp/Documents/floder1/code-challenge/venv/lib/python3.10/site-packages/airflow/example_dags/example_short_circuit_operator.py
[2025-02-03T22:14:06.427-0300] {processor.py:925} INFO - DAG(s) 'example_short_circuit_operator' retrieved from /home/gnobisp/Documents/floder1/code-challenge/venv/lib/python3.10/site-packages/airflow/example_dags/example_short_circuit_operator.py
[2025-02-03T22:14:06.533-0300] {logging_mixin.py:190} INFO - [2025-02-03T22:14:06.532-0300] {dag.py:3239} INFO - Sync 1 DAGs
[2025-02-03T22:14:06.626-0300] {logging_mixin.py:190} INFO - [2025-02-03T22:14:06.625-0300] {dag.py:4180} INFO - Setting next_dagrun for example_short_circuit_operator to None, run_after=None
[2025-02-03T22:14:07.074-0300] {processor.py:208} INFO - Processing /home/gnobisp/Documents/floder1/code-challenge/venv/lib/python3.10/site-packages/airflow/example_dags/example_short_circuit_operator.py took 0.755 seconds
[2025-02-03T22:18:38.395-0300] {processor.py:186} INFO - Started process (PID=43047) to work on /home/gnobisp/Documents/floder1/code-challenge/venv/lib/python3.10/site-packages/airflow/example_dags/example_short_circuit_operator.py
[2025-02-03T22:18:38.478-0300] {processor.py:914} INFO - Processing file /home/gnobisp/Documents/floder1/code-challenge/venv/lib/python3.10/site-packages/airflow/example_dags/example_short_circuit_operator.py for tasks to queue
[2025-02-03T22:18:38.511-0300] {logging_mixin.py:190} INFO - [2025-02-03T22:18:38.509-0300] {dagbag.py:588} INFO - Filling up the DagBag from /home/gnobisp/Documents/floder1/code-challenge/venv/lib/python3.10/site-packages/airflow/example_dags/example_short_circuit_operator.py
[2025-02-03T22:18:38.647-0300] {processor.py:925} INFO - DAG(s) 'example_short_circuit_operator' retrieved from /home/gnobisp/Documents/floder1/code-challenge/venv/lib/python3.10/site-packages/airflow/example_dags/example_short_circuit_operator.py
[2025-02-03T22:18:39.114-0300] {logging_mixin.py:190} INFO - [2025-02-03T22:18:39.113-0300] {dag.py:3239} INFO - Sync 1 DAGs
[2025-02-03T22:18:39.417-0300] {logging_mixin.py:190} INFO - [2025-02-03T22:18:39.416-0300] {dag.py:4180} INFO - Setting next_dagrun for example_short_circuit_operator to None, run_after=None
[2025-02-03T22:18:40.474-0300] {processor.py:208} INFO - Processing /home/gnobisp/Documents/floder1/code-challenge/venv/lib/python3.10/site-packages/airflow/example_dags/example_short_circuit_operator.py took 2.132 seconds
[2025-02-03T22:20:57.022-0300] {processor.py:186} INFO - Started process (PID=46382) to work on /home/gnobisp/Documents/floder1/code-challenge/venv/lib/python3.10/site-packages/airflow/example_dags/example_short_circuit_operator.py
[2025-02-03T22:20:57.289-0300] {processor.py:914} INFO - Processing file /home/gnobisp/Documents/floder1/code-challenge/venv/lib/python3.10/site-packages/airflow/example_dags/example_short_circuit_operator.py for tasks to queue
[2025-02-03T22:20:57.313-0300] {logging_mixin.py:190} INFO - [2025-02-03T22:20:57.311-0300] {dagbag.py:588} INFO - Filling up the DagBag from /home/gnobisp/Documents/floder1/code-challenge/venv/lib/python3.10/site-packages/airflow/example_dags/example_short_circuit_operator.py
[2025-02-03T22:20:57.359-0300] {processor.py:925} INFO - DAG(s) 'example_short_circuit_operator' retrieved from /home/gnobisp/Documents/floder1/code-challenge/venv/lib/python3.10/site-packages/airflow/example_dags/example_short_circuit_operator.py
[2025-02-03T22:20:57.452-0300] {logging_mixin.py:190} INFO - [2025-02-03T22:20:57.451-0300] {dag.py:3239} INFO - Sync 1 DAGs
[2025-02-03T22:20:57.523-0300] {logging_mixin.py:190} INFO - [2025-02-03T22:20:57.522-0300] {dag.py:4180} INFO - Setting next_dagrun for example_short_circuit_operator to None, run_after=None
[2025-02-03T22:20:57.872-0300] {processor.py:208} INFO - Processing /home/gnobisp/Documents/floder1/code-challenge/venv/lib/python3.10/site-packages/airflow/example_dags/example_short_circuit_operator.py took 0.906 seconds
