[2025-02-03T21:27:26.685-0300] {processor.py:186} INFO - Started process (PID=297451) to work on /home/gnobisp/Documents/floder1/code-challenge/venv/lib/python3.10/site-packages/airflow/example_dags/example_skip_dag.py
[2025-02-03T21:27:26.689-0300] {processor.py:914} INFO - Processing file /home/gnobisp/Documents/floder1/code-challenge/venv/lib/python3.10/site-packages/airflow/example_dags/example_skip_dag.py for tasks to queue
[2025-02-03T21:27:26.696-0300] {logging_mixin.py:190} INFO - [2025-02-03T21:27:26.695-0300] {dagbag.py:588} INFO - Filling up the DagBag from /home/gnobisp/Documents/floder1/code-challenge/venv/lib/python3.10/site-packages/airflow/example_dags/example_skip_dag.py
[2025-02-03T21:27:26.732-0300] {processor.py:925} INFO - DAG(s) 'example_skip_dag' retrieved from /home/gnobisp/Documents/floder1/code-challenge/venv/lib/python3.10/site-packages/airflow/example_dags/example_skip_dag.py
[2025-02-03T21:27:27.634-0300] {logging_mixin.py:190} INFO - [2025-02-03T21:27:27.632-0300] {override.py:1911} INFO - Created Permission View: can delete on DAG:example_skip_dag
[2025-02-03T21:27:27.869-0300] {logging_mixin.py:190} INFO - [2025-02-03T21:27:27.867-0300] {override.py:1911} INFO - Created Permission View: can read on DAG:example_skip_dag
[2025-02-03T21:27:28.064-0300] {logging_mixin.py:190} INFO - [2025-02-03T21:27:28.063-0300] {override.py:1911} INFO - Created Permission View: can edit on DAG:example_skip_dag
[2025-02-03T21:27:28.456-0300] {logging_mixin.py:190} INFO - [2025-02-03T21:27:28.454-0300] {override.py:1911} INFO - Created Permission View: can create on DAG Run:example_skip_dag
[2025-02-03T21:27:28.663-0300] {logging_mixin.py:190} INFO - [2025-02-03T21:27:28.661-0300] {override.py:1911} INFO - Created Permission View: can delete on DAG Run:example_skip_dag
[2025-02-03T21:27:28.881-0300] {logging_mixin.py:190} INFO - [2025-02-03T21:27:28.879-0300] {override.py:1911} INFO - Created Permission View: can read on DAG Run:example_skip_dag
[2025-02-03T21:27:29.836-0300] {logging_mixin.py:190} INFO - [2025-02-03T21:27:29.835-0300] {override.py:1911} INFO - Created Permission View: menu access on DAG Run:example_skip_dag
[2025-02-03T21:27:29.840-0300] {logging_mixin.py:190} INFO - [2025-02-03T21:27:29.839-0300] {dag.py:3239} INFO - Sync 1 DAGs
[2025-02-03T21:27:29.920-0300] {logging_mixin.py:190} INFO - [2025-02-03T21:27:29.918-0300] {dag.py:3262} INFO - Creating ORM DAG for example_skip_dag
[2025-02-03T21:27:29.975-0300] {logging_mixin.py:190} INFO - [2025-02-03T21:27:29.974-0300] {dag.py:4180} INFO - Setting next_dagrun for example_skip_dag to 2025-02-03 00:00:00+00:00, run_after=2025-02-04 00:00:00+00:00
[2025-02-03T21:27:30.313-0300] {processor.py:208} INFO - Processing /home/gnobisp/Documents/floder1/code-challenge/venv/lib/python3.10/site-packages/airflow/example_dags/example_skip_dag.py took 3.652 seconds
[2025-02-03T22:01:14.630-0300] {processor.py:186} INFO - Started process (PID=13493) to work on /home/gnobisp/Documents/floder1/code-challenge/venv/lib/python3.10/site-packages/airflow/example_dags/example_skip_dag.py
[2025-02-03T22:01:14.637-0300] {processor.py:914} INFO - Processing file /home/gnobisp/Documents/floder1/code-challenge/venv/lib/python3.10/site-packages/airflow/example_dags/example_skip_dag.py for tasks to queue
[2025-02-03T22:01:14.652-0300] {logging_mixin.py:190} INFO - [2025-02-03T22:01:14.650-0300] {dagbag.py:588} INFO - Filling up the DagBag from /home/gnobisp/Documents/floder1/code-challenge/venv/lib/python3.10/site-packages/airflow/example_dags/example_skip_dag.py
[2025-02-03T22:01:14.722-0300] {processor.py:925} INFO - DAG(s) 'example_skip_dag' retrieved from /home/gnobisp/Documents/floder1/code-challenge/venv/lib/python3.10/site-packages/airflow/example_dags/example_skip_dag.py
[2025-02-03T22:01:14.896-0300] {logging_mixin.py:190} INFO - [2025-02-03T22:01:14.891-0300] {dag.py:3239} INFO - Sync 1 DAGs
[2025-02-03T22:01:15.072-0300] {logging_mixin.py:190} INFO - [2025-02-03T22:01:15.071-0300] {dag.py:4180} INFO - Setting next_dagrun for example_skip_dag to 2025-02-03 00:00:00+00:00, run_after=2025-02-04 00:00:00+00:00
[2025-02-03T22:01:16.125-0300] {processor.py:208} INFO - Processing /home/gnobisp/Documents/floder1/code-challenge/venv/lib/python3.10/site-packages/airflow/example_dags/example_skip_dag.py took 1.534 seconds
[2025-02-03T22:14:04.099-0300] {processor.py:186} INFO - Started process (PID=35298) to work on /home/gnobisp/Documents/floder1/code-challenge/venv/lib/python3.10/site-packages/airflow/example_dags/example_skip_dag.py
[2025-02-03T22:14:04.366-0300] {processor.py:914} INFO - Processing file /home/gnobisp/Documents/floder1/code-challenge/venv/lib/python3.10/site-packages/airflow/example_dags/example_skip_dag.py for tasks to queue
[2025-02-03T22:14:04.376-0300] {logging_mixin.py:190} INFO - [2025-02-03T22:14:04.374-0300] {dagbag.py:588} INFO - Filling up the DagBag from /home/gnobisp/Documents/floder1/code-challenge/venv/lib/python3.10/site-packages/airflow/example_dags/example_skip_dag.py
[2025-02-03T22:14:04.419-0300] {processor.py:925} INFO - DAG(s) 'example_skip_dag' retrieved from /home/gnobisp/Documents/floder1/code-challenge/venv/lib/python3.10/site-packages/airflow/example_dags/example_skip_dag.py
[2025-02-03T22:14:04.509-0300] {logging_mixin.py:190} INFO - [2025-02-03T22:14:04.508-0300] {dag.py:3239} INFO - Sync 1 DAGs
[2025-02-03T22:14:04.602-0300] {logging_mixin.py:190} INFO - [2025-02-03T22:14:04.601-0300] {dag.py:4180} INFO - Setting next_dagrun for example_skip_dag to 2025-02-03 00:00:00+00:00, run_after=2025-02-04 00:00:00+00:00
[2025-02-03T22:14:04.935-0300] {processor.py:208} INFO - Processing /home/gnobisp/Documents/floder1/code-challenge/venv/lib/python3.10/site-packages/airflow/example_dags/example_skip_dag.py took 0.864 seconds
[2025-02-03T22:18:35.236-0300] {processor.py:186} INFO - Started process (PID=43027) to work on /home/gnobisp/Documents/floder1/code-challenge/venv/lib/python3.10/site-packages/airflow/example_dags/example_skip_dag.py
[2025-02-03T22:18:35.344-0300] {processor.py:914} INFO - Processing file /home/gnobisp/Documents/floder1/code-challenge/venv/lib/python3.10/site-packages/airflow/example_dags/example_skip_dag.py for tasks to queue
[2025-02-03T22:18:35.354-0300] {logging_mixin.py:190} INFO - [2025-02-03T22:18:35.350-0300] {dagbag.py:588} INFO - Filling up the DagBag from /home/gnobisp/Documents/floder1/code-challenge/venv/lib/python3.10/site-packages/airflow/example_dags/example_skip_dag.py
[2025-02-03T22:18:35.395-0300] {processor.py:925} INFO - DAG(s) 'example_skip_dag' retrieved from /home/gnobisp/Documents/floder1/code-challenge/venv/lib/python3.10/site-packages/airflow/example_dags/example_skip_dag.py
[2025-02-03T22:18:35.485-0300] {logging_mixin.py:190} INFO - [2025-02-03T22:18:35.484-0300] {dag.py:3239} INFO - Sync 1 DAGs
[2025-02-03T22:18:35.584-0300] {logging_mixin.py:190} INFO - [2025-02-03T22:18:35.583-0300] {dag.py:4180} INFO - Setting next_dagrun for example_skip_dag to 2025-02-03 00:00:00+00:00, run_after=2025-02-04 00:00:00+00:00
[2025-02-03T22:18:35.842-0300] {processor.py:208} INFO - Processing /home/gnobisp/Documents/floder1/code-challenge/venv/lib/python3.10/site-packages/airflow/example_dags/example_skip_dag.py took 0.645 seconds
[2025-02-03T22:20:51.768-0300] {processor.py:186} INFO - Started process (PID=46270) to work on /home/gnobisp/Documents/floder1/code-challenge/venv/lib/python3.10/site-packages/airflow/example_dags/example_skip_dag.py
[2025-02-03T22:20:52.591-0300] {processor.py:914} INFO - Processing file /home/gnobisp/Documents/floder1/code-challenge/venv/lib/python3.10/site-packages/airflow/example_dags/example_skip_dag.py for tasks to queue
[2025-02-03T22:20:52.608-0300] {logging_mixin.py:190} INFO - [2025-02-03T22:20:52.606-0300] {dagbag.py:588} INFO - Filling up the DagBag from /home/gnobisp/Documents/floder1/code-challenge/venv/lib/python3.10/site-packages/airflow/example_dags/example_skip_dag.py
[2025-02-03T22:20:52.707-0300] {processor.py:925} INFO - DAG(s) 'example_skip_dag' retrieved from /home/gnobisp/Documents/floder1/code-challenge/venv/lib/python3.10/site-packages/airflow/example_dags/example_skip_dag.py
[2025-02-03T22:20:52.838-0300] {logging_mixin.py:190} INFO - [2025-02-03T22:20:52.836-0300] {dag.py:3239} INFO - Sync 1 DAGs
[2025-02-03T22:20:52.993-0300] {logging_mixin.py:190} INFO - [2025-02-03T22:20:52.992-0300] {dag.py:4180} INFO - Setting next_dagrun for example_skip_dag to 2025-02-03 00:00:00+00:00, run_after=2025-02-04 00:00:00+00:00
[2025-02-03T22:20:54.296-0300] {processor.py:208} INFO - Processing /home/gnobisp/Documents/floder1/code-challenge/venv/lib/python3.10/site-packages/airflow/example_dags/example_skip_dag.py took 2.551 seconds
