[2025-02-03T21:28:06.719-0300] {processor.py:186} INFO - Started process (PID=298496) to work on /home/gnobisp/Documents/floder1/code-challenge/venv/lib/python3.10/site-packages/airflow/example_dags/example_python_operator.py
[2025-02-03T21:28:06.722-0300] {processor.py:914} INFO - Processing file /home/gnobisp/Documents/floder1/code-challenge/venv/lib/python3.10/site-packages/airflow/example_dags/example_python_operator.py for tasks to queue
[2025-02-03T21:28:06.731-0300] {logging_mixin.py:190} INFO - [2025-02-03T21:28:06.729-0300] {dagbag.py:588} INFO - Filling up the DagBag from /home/gnobisp/Documents/floder1/code-challenge/venv/lib/python3.10/site-packages/airflow/example_dags/example_python_operator.py
[2025-02-03T21:28:06.788-0300] {processor.py:925} INFO - DAG(s) 'example_python_operator' retrieved from /home/gnobisp/Documents/floder1/code-challenge/venv/lib/python3.10/site-packages/airflow/example_dags/example_python_operator.py
[2025-02-03T21:28:07.984-0300] {logging_mixin.py:190} INFO - [2025-02-03T21:28:07.982-0300] {override.py:1911} INFO - Created Permission View: can delete on DAG:example_python_operator
[2025-02-03T21:28:08.967-0300] {logging_mixin.py:190} INFO - [2025-02-03T21:28:08.966-0300] {override.py:1911} INFO - Created Permission View: can read on DAG:example_python_operator
[2025-02-03T21:28:09.184-0300] {logging_mixin.py:190} INFO - [2025-02-03T21:28:09.183-0300] {override.py:1911} INFO - Created Permission View: can edit on DAG:example_python_operator
[2025-02-03T21:28:09.596-0300] {logging_mixin.py:190} INFO - [2025-02-03T21:28:09.594-0300] {override.py:1911} INFO - Created Permission View: can create on DAG Run:example_python_operator
[2025-02-03T21:28:09.824-0300] {logging_mixin.py:190} INFO - [2025-02-03T21:28:09.822-0300] {override.py:1911} INFO - Created Permission View: can delete on DAG Run:example_python_operator
[2025-02-03T21:28:09.961-0300] {logging_mixin.py:190} INFO - [2025-02-03T21:28:09.959-0300] {override.py:1911} INFO - Created Permission View: can read on DAG Run:example_python_operator
[2025-02-03T21:28:10.178-0300] {logging_mixin.py:190} INFO - [2025-02-03T21:28:10.176-0300] {override.py:1911} INFO - Created Permission View: menu access on DAG Run:example_python_operator
[2025-02-03T21:28:10.180-0300] {logging_mixin.py:190} INFO - [2025-02-03T21:28:10.179-0300] {dag.py:3239} INFO - Sync 1 DAGs
[2025-02-03T21:28:10.262-0300] {logging_mixin.py:190} INFO - [2025-02-03T21:28:10.261-0300] {dag.py:3262} INFO - Creating ORM DAG for example_python_operator
[2025-02-03T21:28:10.265-0300] {logging_mixin.py:190} INFO - [2025-02-03T21:28:10.264-0300] {dag.py:4180} INFO - Setting next_dagrun for example_python_operator to None, run_after=None
[2025-02-03T21:28:10.577-0300] {processor.py:208} INFO - Processing /home/gnobisp/Documents/floder1/code-challenge/venv/lib/python3.10/site-packages/airflow/example_dags/example_python_operator.py took 3.884 seconds
[2025-02-03T22:18:53.805-0300] {processor.py:186} INFO - Started process (PID=43476) to work on /home/gnobisp/Documents/floder1/code-challenge/venv/lib/python3.10/site-packages/airflow/example_dags/example_python_operator.py
[2025-02-03T22:18:53.808-0300] {processor.py:914} INFO - Processing file /home/gnobisp/Documents/floder1/code-challenge/venv/lib/python3.10/site-packages/airflow/example_dags/example_python_operator.py for tasks to queue
[2025-02-03T22:18:53.818-0300] {logging_mixin.py:190} INFO - [2025-02-03T22:18:53.817-0300] {dagbag.py:588} INFO - Filling up the DagBag from /home/gnobisp/Documents/floder1/code-challenge/venv/lib/python3.10/site-packages/airflow/example_dags/example_python_operator.py
[2025-02-03T22:18:53.872-0300] {processor.py:925} INFO - DAG(s) 'example_python_operator' retrieved from /home/gnobisp/Documents/floder1/code-challenge/venv/lib/python3.10/site-packages/airflow/example_dags/example_python_operator.py
[2025-02-03T22:18:54.391-0300] {logging_mixin.py:190} INFO - [2025-02-03T22:18:54.390-0300] {dag.py:3239} INFO - Sync 1 DAGs
[2025-02-03T22:18:54.450-0300] {logging_mixin.py:190} INFO - [2025-02-03T22:18:54.449-0300] {dag.py:4180} INFO - Setting next_dagrun for example_python_operator to None, run_after=None
[2025-02-03T22:18:55.919-0300] {processor.py:208} INFO - Processing /home/gnobisp/Documents/floder1/code-challenge/venv/lib/python3.10/site-packages/airflow/example_dags/example_python_operator.py took 2.139 seconds
[2025-02-03T22:21:12.358-0300] {processor.py:186} INFO - Started process (PID=46717) to work on /home/gnobisp/Documents/floder1/code-challenge/venv/lib/python3.10/site-packages/airflow/example_dags/example_python_operator.py
[2025-02-03T22:21:12.388-0300] {processor.py:914} INFO - Processing file /home/gnobisp/Documents/floder1/code-challenge/venv/lib/python3.10/site-packages/airflow/example_dags/example_python_operator.py for tasks to queue
[2025-02-03T22:21:12.397-0300] {logging_mixin.py:190} INFO - [2025-02-03T22:21:12.395-0300] {dagbag.py:588} INFO - Filling up the DagBag from /home/gnobisp/Documents/floder1/code-challenge/venv/lib/python3.10/site-packages/airflow/example_dags/example_python_operator.py
[2025-02-03T22:21:12.456-0300] {processor.py:925} INFO - DAG(s) 'example_python_operator' retrieved from /home/gnobisp/Documents/floder1/code-challenge/venv/lib/python3.10/site-packages/airflow/example_dags/example_python_operator.py
[2025-02-03T22:21:12.539-0300] {logging_mixin.py:190} INFO - [2025-02-03T22:21:12.538-0300] {dag.py:3239} INFO - Sync 1 DAGs
[2025-02-03T22:21:12.604-0300] {logging_mixin.py:190} INFO - [2025-02-03T22:21:12.603-0300] {dag.py:4180} INFO - Setting next_dagrun for example_python_operator to None, run_after=None
[2025-02-03T22:21:12.851-0300] {processor.py:208} INFO - Processing /home/gnobisp/Documents/floder1/code-challenge/venv/lib/python3.10/site-packages/airflow/example_dags/example_python_operator.py took 0.531 seconds
