[2025-02-03T21:15:11.575-0300] {processor.py:186} INFO - Started process (PID=276001) to work on /home/gnobisp/Documents/floder1/code-challenge/venv/lib/python3.10/site-packages/airflow/example_dags/tutorial_dag.py
[2025-02-03T21:15:11.578-0300] {processor.py:914} INFO - Processing file /home/gnobisp/Documents/floder1/code-challenge/venv/lib/python3.10/site-packages/airflow/example_dags/tutorial_dag.py for tasks to queue
[2025-02-03T21:15:11.586-0300] {logging_mixin.py:190} INFO - [2025-02-03T21:15:11.584-0300] {dagbag.py:588} INFO - Filling up the DagBag from /home/gnobisp/Documents/floder1/code-challenge/venv/lib/python3.10/site-packages/airflow/example_dags/tutorial_dag.py
[2025-02-03T21:15:11.618-0300] {processor.py:925} INFO - DAG(s) 'tutorial_dag' retrieved from /home/gnobisp/Documents/floder1/code-challenge/venv/lib/python3.10/site-packages/airflow/example_dags/tutorial_dag.py
[2025-02-03T21:15:12.408-0300] {logging_mixin.py:190} INFO - [2025-02-03T21:15:12.406-0300] {override.py:1911} INFO - Created Permission View: can edit on DAG:tutorial_dag
[2025-02-03T21:15:12.543-0300] {logging_mixin.py:190} INFO - [2025-02-03T21:15:12.542-0300] {override.py:1911} INFO - Created Permission View: can read on DAG:tutorial_dag
[2025-02-03T21:15:12.735-0300] {logging_mixin.py:190} INFO - [2025-02-03T21:15:12.733-0300] {override.py:1911} INFO - Created Permission View: can delete on DAG:tutorial_dag
[2025-02-03T21:15:13.261-0300] {logging_mixin.py:190} INFO - [2025-02-03T21:15:13.260-0300] {override.py:1911} INFO - Created Permission View: menu access on DAG Run:tutorial_dag
[2025-02-03T21:15:13.359-0300] {logging_mixin.py:190} INFO - [2025-02-03T21:15:13.358-0300] {override.py:1911} INFO - Created Permission View: can read on DAG Run:tutorial_dag
[2025-02-03T21:15:13.625-0300] {logging_mixin.py:190} INFO - [2025-02-03T21:15:13.624-0300] {override.py:1911} INFO - Created Permission View: can delete on DAG Run:tutorial_dag
[2025-02-03T21:15:14.540-0300] {logging_mixin.py:190} INFO - [2025-02-03T21:15:14.538-0300] {override.py:1911} INFO - Created Permission View: can create on DAG Run:tutorial_dag
[2025-02-03T21:15:14.542-0300] {logging_mixin.py:190} INFO - [2025-02-03T21:15:14.541-0300] {dag.py:3239} INFO - Sync 1 DAGs
[2025-02-03T21:15:14.617-0300] {logging_mixin.py:190} INFO - [2025-02-03T21:15:14.616-0300] {dag.py:3262} INFO - Creating ORM DAG for tutorial_dag
[2025-02-03T21:15:14.620-0300] {logging_mixin.py:190} INFO - [2025-02-03T21:15:14.619-0300] {dag.py:4180} INFO - Setting next_dagrun for tutorial_dag to None, run_after=None
[2025-02-03T21:15:15.046-0300] {processor.py:208} INFO - Processing /home/gnobisp/Documents/floder1/code-challenge/venv/lib/python3.10/site-packages/airflow/example_dags/tutorial_dag.py took 3.496 seconds
[2025-02-03T21:26:50.628-0300] {processor.py:186} INFO - Started process (PID=296670) to work on /home/gnobisp/Documents/floder1/code-challenge/venv/lib/python3.10/site-packages/airflow/example_dags/tutorial_dag.py
[2025-02-03T21:26:50.634-0300] {processor.py:914} INFO - Processing file /home/gnobisp/Documents/floder1/code-challenge/venv/lib/python3.10/site-packages/airflow/example_dags/tutorial_dag.py for tasks to queue
[2025-02-03T21:26:50.642-0300] {logging_mixin.py:190} INFO - [2025-02-03T21:26:50.640-0300] {dagbag.py:588} INFO - Filling up the DagBag from /home/gnobisp/Documents/floder1/code-challenge/venv/lib/python3.10/site-packages/airflow/example_dags/tutorial_dag.py
[2025-02-03T21:26:50.673-0300] {processor.py:925} INFO - DAG(s) 'tutorial_dag' retrieved from /home/gnobisp/Documents/floder1/code-challenge/venv/lib/python3.10/site-packages/airflow/example_dags/tutorial_dag.py
[2025-02-03T21:26:50.797-0300] {logging_mixin.py:190} INFO - [2025-02-03T21:26:50.796-0300] {dag.py:3239} INFO - Sync 1 DAGs
[2025-02-03T21:26:50.859-0300] {logging_mixin.py:190} INFO - [2025-02-03T21:26:50.858-0300] {dag.py:4180} INFO - Setting next_dagrun for tutorial_dag to None, run_after=None
[2025-02-03T21:26:51.137-0300] {processor.py:208} INFO - Processing /home/gnobisp/Documents/floder1/code-challenge/venv/lib/python3.10/site-packages/airflow/example_dags/tutorial_dag.py took 0.538 seconds
[2025-02-03T21:44:49.818-0300] {processor.py:186} INFO - Started process (PID=327227) to work on /home/gnobisp/Documents/floder1/code-challenge/venv/lib/python3.10/site-packages/airflow/example_dags/tutorial_dag.py
[2025-02-03T21:44:50.021-0300] {processor.py:914} INFO - Processing file /home/gnobisp/Documents/floder1/code-challenge/venv/lib/python3.10/site-packages/airflow/example_dags/tutorial_dag.py for tasks to queue
[2025-02-03T21:44:50.048-0300] {logging_mixin.py:190} INFO - [2025-02-03T21:44:50.040-0300] {dagbag.py:588} INFO - Filling up the DagBag from /home/gnobisp/Documents/floder1/code-challenge/venv/lib/python3.10/site-packages/airflow/example_dags/tutorial_dag.py
[2025-02-03T21:44:50.135-0300] {processor.py:925} INFO - DAG(s) 'tutorial_dag' retrieved from /home/gnobisp/Documents/floder1/code-challenge/venv/lib/python3.10/site-packages/airflow/example_dags/tutorial_dag.py
[2025-02-03T21:44:50.243-0300] {logging_mixin.py:190} INFO - [2025-02-03T21:44:50.241-0300] {dag.py:3239} INFO - Sync 1 DAGs
[2025-02-03T21:44:50.306-0300] {logging_mixin.py:190} INFO - [2025-02-03T21:44:50.305-0300] {dag.py:4180} INFO - Setting next_dagrun for tutorial_dag to None, run_after=None
[2025-02-03T21:44:50.732-0300] {processor.py:208} INFO - Processing /home/gnobisp/Documents/floder1/code-challenge/venv/lib/python3.10/site-packages/airflow/example_dags/tutorial_dag.py took 0.944 seconds
[2025-02-03T22:00:41.977-0300] {processor.py:186} INFO - Started process (PID=12691) to work on /home/gnobisp/Documents/floder1/code-challenge/venv/lib/python3.10/site-packages/airflow/example_dags/tutorial_dag.py
[2025-02-03T22:00:42.036-0300] {processor.py:914} INFO - Processing file /home/gnobisp/Documents/floder1/code-challenge/venv/lib/python3.10/site-packages/airflow/example_dags/tutorial_dag.py for tasks to queue
[2025-02-03T22:00:42.086-0300] {logging_mixin.py:190} INFO - [2025-02-03T22:00:42.085-0300] {dagbag.py:588} INFO - Filling up the DagBag from /home/gnobisp/Documents/floder1/code-challenge/venv/lib/python3.10/site-packages/airflow/example_dags/tutorial_dag.py
[2025-02-03T22:00:42.115-0300] {processor.py:925} INFO - DAG(s) 'tutorial_dag' retrieved from /home/gnobisp/Documents/floder1/code-challenge/venv/lib/python3.10/site-packages/airflow/example_dags/tutorial_dag.py
[2025-02-03T22:00:42.204-0300] {logging_mixin.py:190} INFO - [2025-02-03T22:00:42.203-0300] {dag.py:3239} INFO - Sync 1 DAGs
[2025-02-03T22:00:42.263-0300] {logging_mixin.py:190} INFO - [2025-02-03T22:00:42.262-0300] {dag.py:4180} INFO - Setting next_dagrun for tutorial_dag to None, run_after=None
[2025-02-03T22:00:42.547-0300] {processor.py:208} INFO - Processing /home/gnobisp/Documents/floder1/code-challenge/venv/lib/python3.10/site-packages/airflow/example_dags/tutorial_dag.py took 0.594 seconds
[2025-02-03T22:13:34.503-0300] {processor.py:186} INFO - Started process (PID=34497) to work on /home/gnobisp/Documents/floder1/code-challenge/venv/lib/python3.10/site-packages/airflow/example_dags/tutorial_dag.py
[2025-02-03T22:13:34.517-0300] {processor.py:914} INFO - Processing file /home/gnobisp/Documents/floder1/code-challenge/venv/lib/python3.10/site-packages/airflow/example_dags/tutorial_dag.py for tasks to queue
[2025-02-03T22:13:34.525-0300] {logging_mixin.py:190} INFO - [2025-02-03T22:13:34.524-0300] {dagbag.py:588} INFO - Filling up the DagBag from /home/gnobisp/Documents/floder1/code-challenge/venv/lib/python3.10/site-packages/airflow/example_dags/tutorial_dag.py
[2025-02-03T22:13:34.572-0300] {processor.py:925} INFO - DAG(s) 'tutorial_dag' retrieved from /home/gnobisp/Documents/floder1/code-challenge/venv/lib/python3.10/site-packages/airflow/example_dags/tutorial_dag.py
[2025-02-03T22:13:34.655-0300] {logging_mixin.py:190} INFO - [2025-02-03T22:13:34.654-0300] {dag.py:3239} INFO - Sync 1 DAGs
[2025-02-03T22:13:34.716-0300] {logging_mixin.py:190} INFO - [2025-02-03T22:13:34.715-0300] {dag.py:4180} INFO - Setting next_dagrun for tutorial_dag to None, run_after=None
[2025-02-03T22:13:35.043-0300] {processor.py:208} INFO - Processing /home/gnobisp/Documents/floder1/code-challenge/venv/lib/python3.10/site-packages/airflow/example_dags/tutorial_dag.py took 0.570 seconds
[2025-02-03T22:15:53.695-0300] {processor.py:186} INFO - Started process (PID=38542) to work on /home/gnobisp/Documents/floder1/code-challenge/venv/lib/python3.10/site-packages/airflow/example_dags/tutorial_dag.py
[2025-02-03T22:15:53.981-0300] {processor.py:914} INFO - Processing file /home/gnobisp/Documents/floder1/code-challenge/venv/lib/python3.10/site-packages/airflow/example_dags/tutorial_dag.py for tasks to queue
[2025-02-03T22:15:53.996-0300] {logging_mixin.py:190} INFO - [2025-02-03T22:15:53.995-0300] {dagbag.py:588} INFO - Filling up the DagBag from /home/gnobisp/Documents/floder1/code-challenge/venv/lib/python3.10/site-packages/airflow/example_dags/tutorial_dag.py
[2025-02-03T22:15:54.051-0300] {processor.py:925} INFO - DAG(s) 'tutorial_dag' retrieved from /home/gnobisp/Documents/floder1/code-challenge/venv/lib/python3.10/site-packages/airflow/example_dags/tutorial_dag.py
[2025-02-03T22:15:54.145-0300] {logging_mixin.py:190} INFO - [2025-02-03T22:15:54.144-0300] {dag.py:3239} INFO - Sync 1 DAGs
[2025-02-03T22:15:54.203-0300] {logging_mixin.py:190} INFO - [2025-02-03T22:15:54.202-0300] {dag.py:4180} INFO - Setting next_dagrun for tutorial_dag to None, run_after=None
[2025-02-03T22:15:54.369-0300] {processor.py:208} INFO - Processing /home/gnobisp/Documents/floder1/code-challenge/venv/lib/python3.10/site-packages/airflow/example_dags/tutorial_dag.py took 0.697 seconds
[2025-02-03T22:17:57.468-0300] {processor.py:186} INFO - Started process (PID=42011) to work on /home/gnobisp/Documents/floder1/code-challenge/venv/lib/python3.10/site-packages/airflow/example_dags/tutorial_dag.py
[2025-02-03T22:17:58.529-0300] {processor.py:914} INFO - Processing file /home/gnobisp/Documents/floder1/code-challenge/venv/lib/python3.10/site-packages/airflow/example_dags/tutorial_dag.py for tasks to queue
[2025-02-03T22:17:58.540-0300] {logging_mixin.py:190} INFO - [2025-02-03T22:17:58.538-0300] {dagbag.py:588} INFO - Filling up the DagBag from /home/gnobisp/Documents/floder1/code-challenge/venv/lib/python3.10/site-packages/airflow/example_dags/tutorial_dag.py
[2025-02-03T22:17:58.574-0300] {processor.py:925} INFO - DAG(s) 'tutorial_dag' retrieved from /home/gnobisp/Documents/floder1/code-challenge/venv/lib/python3.10/site-packages/airflow/example_dags/tutorial_dag.py
[2025-02-03T22:17:58.665-0300] {logging_mixin.py:190} INFO - [2025-02-03T22:17:58.664-0300] {dag.py:3239} INFO - Sync 1 DAGs
[2025-02-03T22:17:58.775-0300] {logging_mixin.py:190} INFO - [2025-02-03T22:17:58.774-0300] {dag.py:4180} INFO - Setting next_dagrun for tutorial_dag to None, run_after=None
[2025-02-03T22:18:00.204-0300] {processor.py:208} INFO - Processing /home/gnobisp/Documents/floder1/code-challenge/venv/lib/python3.10/site-packages/airflow/example_dags/tutorial_dag.py took 2.761 seconds
[2025-02-03T22:20:23.100-0300] {processor.py:186} INFO - Started process (PID=45380) to work on /home/gnobisp/Documents/floder1/code-challenge/venv/lib/python3.10/site-packages/airflow/example_dags/tutorial_dag.py
[2025-02-03T22:20:23.427-0300] {processor.py:914} INFO - Processing file /home/gnobisp/Documents/floder1/code-challenge/venv/lib/python3.10/site-packages/airflow/example_dags/tutorial_dag.py for tasks to queue
[2025-02-03T22:20:23.464-0300] {logging_mixin.py:190} INFO - [2025-02-03T22:20:23.462-0300] {dagbag.py:588} INFO - Filling up the DagBag from /home/gnobisp/Documents/floder1/code-challenge/venv/lib/python3.10/site-packages/airflow/example_dags/tutorial_dag.py
[2025-02-03T22:20:23.556-0300] {processor.py:925} INFO - DAG(s) 'tutorial_dag' retrieved from /home/gnobisp/Documents/floder1/code-challenge/venv/lib/python3.10/site-packages/airflow/example_dags/tutorial_dag.py
[2025-02-03T22:20:23.770-0300] {logging_mixin.py:190} INFO - [2025-02-03T22:20:23.769-0300] {dag.py:3239} INFO - Sync 1 DAGs
[2025-02-03T22:20:23.902-0300] {logging_mixin.py:190} INFO - [2025-02-03T22:20:23.901-0300] {dag.py:4180} INFO - Setting next_dagrun for tutorial_dag to None, run_after=None
[2025-02-03T22:20:24.199-0300] {processor.py:208} INFO - Processing /home/gnobisp/Documents/floder1/code-challenge/venv/lib/python3.10/site-packages/airflow/example_dags/tutorial_dag.py took 1.156 seconds
