[2025-02-03T21:15:05.734-0300] {processor.py:186} INFO - Started process (PID=275850) to work on /home/gnobisp/Documents/floder1/code-challenge/venv/lib/python3.10/site-packages/airflow/example_dags/tutorial_objectstorage.py
[2025-02-03T21:15:05.736-0300] {processor.py:914} INFO - Processing file /home/gnobisp/Documents/floder1/code-challenge/venv/lib/python3.10/site-packages/airflow/example_dags/tutorial_objectstorage.py for tasks to queue
[2025-02-03T21:15:05.741-0300] {logging_mixin.py:190} INFO - [2025-02-03T21:15:05.740-0300] {dagbag.py:588} INFO - Filling up the DagBag from /home/gnobisp/Documents/floder1/code-challenge/venv/lib/python3.10/site-packages/airflow/example_dags/tutorial_objectstorage.py
[2025-02-03T21:15:05.764-0300] {processor.py:925} INFO - DAG(s) 'tutorial_objectstorage' retrieved from /home/gnobisp/Documents/floder1/code-challenge/venv/lib/python3.10/site-packages/airflow/example_dags/tutorial_objectstorage.py
[2025-02-03T21:15:07.286-0300] {logging_mixin.py:190} INFO - [2025-02-03T21:15:07.285-0300] {override.py:1911} INFO - Created Permission View: can edit on DAG:tutorial_objectstorage
[2025-02-03T21:15:07.498-0300] {logging_mixin.py:190} INFO - [2025-02-03T21:15:07.497-0300] {override.py:1911} INFO - Created Permission View: can read on DAG:tutorial_objectstorage
[2025-02-03T21:15:07.723-0300] {logging_mixin.py:190} INFO - [2025-02-03T21:15:07.722-0300] {override.py:1911} INFO - Created Permission View: can delete on DAG:tutorial_objectstorage
[2025-02-03T21:15:08.141-0300] {logging_mixin.py:190} INFO - [2025-02-03T21:15:08.140-0300] {override.py:1911} INFO - Created Permission View: menu access on DAG Run:tutorial_objectstorage
[2025-02-03T21:15:08.357-0300] {logging_mixin.py:190} INFO - [2025-02-03T21:15:08.356-0300] {override.py:1911} INFO - Created Permission View: can read on DAG Run:tutorial_objectstorage
[2025-02-03T21:15:08.649-0300] {logging_mixin.py:190} INFO - [2025-02-03T21:15:08.645-0300] {override.py:1911} INFO - Created Permission View: can delete on DAG Run:tutorial_objectstorage
[2025-02-03T21:15:09.725-0300] {logging_mixin.py:190} INFO - [2025-02-03T21:15:09.723-0300] {override.py:1911} INFO - Created Permission View: can create on DAG Run:tutorial_objectstorage
[2025-02-03T21:15:09.726-0300] {logging_mixin.py:190} INFO - [2025-02-03T21:15:09.725-0300] {dag.py:3239} INFO - Sync 1 DAGs
[2025-02-03T21:15:09.787-0300] {logging_mixin.py:190} INFO - [2025-02-03T21:15:09.786-0300] {dag.py:3262} INFO - Creating ORM DAG for tutorial_objectstorage
[2025-02-03T21:15:09.790-0300] {logging_mixin.py:190} INFO - [2025-02-03T21:15:09.789-0300] {dag.py:4180} INFO - Setting next_dagrun for tutorial_objectstorage to None, run_after=None
[2025-02-03T21:15:10.047-0300] {processor.py:208} INFO - Processing /home/gnobisp/Documents/floder1/code-challenge/venv/lib/python3.10/site-packages/airflow/example_dags/tutorial_objectstorage.py took 4.328 seconds
[2025-02-03T21:26:48.870-0300] {processor.py:186} INFO - Started process (PID=296628) to work on /home/gnobisp/Documents/floder1/code-challenge/venv/lib/python3.10/site-packages/airflow/example_dags/tutorial_objectstorage.py
[2025-02-03T21:26:48.873-0300] {processor.py:914} INFO - Processing file /home/gnobisp/Documents/floder1/code-challenge/venv/lib/python3.10/site-packages/airflow/example_dags/tutorial_objectstorage.py for tasks to queue
[2025-02-03T21:26:48.881-0300] {logging_mixin.py:190} INFO - [2025-02-03T21:26:48.879-0300] {dagbag.py:588} INFO - Filling up the DagBag from /home/gnobisp/Documents/floder1/code-challenge/venv/lib/python3.10/site-packages/airflow/example_dags/tutorial_objectstorage.py
[2025-02-03T21:26:48.918-0300] {processor.py:925} INFO - DAG(s) 'tutorial_objectstorage' retrieved from /home/gnobisp/Documents/floder1/code-challenge/venv/lib/python3.10/site-packages/airflow/example_dags/tutorial_objectstorage.py
[2025-02-03T21:26:48.998-0300] {logging_mixin.py:190} INFO - [2025-02-03T21:26:48.998-0300] {dag.py:3239} INFO - Sync 1 DAGs
[2025-02-03T21:26:49.053-0300] {logging_mixin.py:190} INFO - [2025-02-03T21:26:49.052-0300] {dag.py:4180} INFO - Setting next_dagrun for tutorial_objectstorage to None, run_after=None
[2025-02-03T21:26:49.354-0300] {processor.py:208} INFO - Processing /home/gnobisp/Documents/floder1/code-challenge/venv/lib/python3.10/site-packages/airflow/example_dags/tutorial_objectstorage.py took 0.508 seconds
[2025-02-03T21:44:46.862-0300] {processor.py:186} INFO - Started process (PID=327155) to work on /home/gnobisp/Documents/floder1/code-challenge/venv/lib/python3.10/site-packages/airflow/example_dags/tutorial_objectstorage.py
[2025-02-03T21:44:46.875-0300] {processor.py:914} INFO - Processing file /home/gnobisp/Documents/floder1/code-challenge/venv/lib/python3.10/site-packages/airflow/example_dags/tutorial_objectstorage.py for tasks to queue
[2025-02-03T21:44:46.883-0300] {logging_mixin.py:190} INFO - [2025-02-03T21:44:46.881-0300] {dagbag.py:588} INFO - Filling up the DagBag from /home/gnobisp/Documents/floder1/code-challenge/venv/lib/python3.10/site-packages/airflow/example_dags/tutorial_objectstorage.py
[2025-02-03T21:44:46.923-0300] {processor.py:925} INFO - DAG(s) 'tutorial_objectstorage' retrieved from /home/gnobisp/Documents/floder1/code-challenge/venv/lib/python3.10/site-packages/airflow/example_dags/tutorial_objectstorage.py
[2025-02-03T21:44:47.018-0300] {logging_mixin.py:190} INFO - [2025-02-03T21:44:47.017-0300] {dag.py:3239} INFO - Sync 1 DAGs
[2025-02-03T21:44:47.084-0300] {logging_mixin.py:190} INFO - [2025-02-03T21:44:47.082-0300] {dag.py:4180} INFO - Setting next_dagrun for tutorial_objectstorage to None, run_after=None
[2025-02-03T21:44:47.332-0300] {processor.py:208} INFO - Processing /home/gnobisp/Documents/floder1/code-challenge/venv/lib/python3.10/site-packages/airflow/example_dags/tutorial_objectstorage.py took 0.496 seconds
[2025-02-03T22:00:40.429-0300] {processor.py:186} INFO - Started process (PID=12649) to work on /home/gnobisp/Documents/floder1/code-challenge/venv/lib/python3.10/site-packages/airflow/example_dags/tutorial_objectstorage.py
[2025-02-03T22:00:40.465-0300] {processor.py:914} INFO - Processing file /home/gnobisp/Documents/floder1/code-challenge/venv/lib/python3.10/site-packages/airflow/example_dags/tutorial_objectstorage.py for tasks to queue
[2025-02-03T22:00:40.473-0300] {logging_mixin.py:190} INFO - [2025-02-03T22:00:40.472-0300] {dagbag.py:588} INFO - Filling up the DagBag from /home/gnobisp/Documents/floder1/code-challenge/venv/lib/python3.10/site-packages/airflow/example_dags/tutorial_objectstorage.py
[2025-02-03T22:00:40.513-0300] {processor.py:925} INFO - DAG(s) 'tutorial_objectstorage' retrieved from /home/gnobisp/Documents/floder1/code-challenge/venv/lib/python3.10/site-packages/airflow/example_dags/tutorial_objectstorage.py
[2025-02-03T22:00:40.602-0300] {logging_mixin.py:190} INFO - [2025-02-03T22:00:40.600-0300] {dag.py:3239} INFO - Sync 1 DAGs
[2025-02-03T22:00:40.665-0300] {logging_mixin.py:190} INFO - [2025-02-03T22:00:40.664-0300] {dag.py:4180} INFO - Setting next_dagrun for tutorial_objectstorage to None, run_after=None
[2025-02-03T22:00:40.996-0300] {processor.py:208} INFO - Processing /home/gnobisp/Documents/floder1/code-challenge/venv/lib/python3.10/site-packages/airflow/example_dags/tutorial_objectstorage.py took 0.592 seconds
[2025-02-03T22:13:32.587-0300] {processor.py:186} INFO - Started process (PID=34410) to work on /home/gnobisp/Documents/floder1/code-challenge/venv/lib/python3.10/site-packages/airflow/example_dags/tutorial_objectstorage.py
[2025-02-03T22:13:32.615-0300] {processor.py:914} INFO - Processing file /home/gnobisp/Documents/floder1/code-challenge/venv/lib/python3.10/site-packages/airflow/example_dags/tutorial_objectstorage.py for tasks to queue
[2025-02-03T22:13:32.625-0300] {logging_mixin.py:190} INFO - [2025-02-03T22:13:32.624-0300] {dagbag.py:588} INFO - Filling up the DagBag from /home/gnobisp/Documents/floder1/code-challenge/venv/lib/python3.10/site-packages/airflow/example_dags/tutorial_objectstorage.py
[2025-02-03T22:13:32.663-0300] {processor.py:925} INFO - DAG(s) 'tutorial_objectstorage' retrieved from /home/gnobisp/Documents/floder1/code-challenge/venv/lib/python3.10/site-packages/airflow/example_dags/tutorial_objectstorage.py
[2025-02-03T22:13:32.761-0300] {logging_mixin.py:190} INFO - [2025-02-03T22:13:32.759-0300] {dag.py:3239} INFO - Sync 1 DAGs
[2025-02-03T22:13:32.824-0300] {logging_mixin.py:190} INFO - [2025-02-03T22:13:32.823-0300] {dag.py:4180} INFO - Setting next_dagrun for tutorial_objectstorage to None, run_after=None
[2025-02-03T22:13:33.122-0300] {processor.py:208} INFO - Processing /home/gnobisp/Documents/floder1/code-challenge/venv/lib/python3.10/site-packages/airflow/example_dags/tutorial_objectstorage.py took 0.559 seconds
[2025-02-03T22:15:51.904-0300] {processor.py:186} INFO - Started process (PID=38439) to work on /home/gnobisp/Documents/floder1/code-challenge/venv/lib/python3.10/site-packages/airflow/example_dags/tutorial_objectstorage.py
[2025-02-03T22:15:51.914-0300] {processor.py:914} INFO - Processing file /home/gnobisp/Documents/floder1/code-challenge/venv/lib/python3.10/site-packages/airflow/example_dags/tutorial_objectstorage.py for tasks to queue
[2025-02-03T22:15:51.927-0300] {logging_mixin.py:190} INFO - [2025-02-03T22:15:51.926-0300] {dagbag.py:588} INFO - Filling up the DagBag from /home/gnobisp/Documents/floder1/code-challenge/venv/lib/python3.10/site-packages/airflow/example_dags/tutorial_objectstorage.py
[2025-02-03T22:15:51.974-0300] {processor.py:925} INFO - DAG(s) 'tutorial_objectstorage' retrieved from /home/gnobisp/Documents/floder1/code-challenge/venv/lib/python3.10/site-packages/airflow/example_dags/tutorial_objectstorage.py
[2025-02-03T22:15:52.074-0300] {logging_mixin.py:190} INFO - [2025-02-03T22:15:52.073-0300] {dag.py:3239} INFO - Sync 1 DAGs
[2025-02-03T22:15:52.136-0300] {logging_mixin.py:190} INFO - [2025-02-03T22:15:52.135-0300] {dag.py:4180} INFO - Setting next_dagrun for tutorial_objectstorage to None, run_after=None
[2025-02-03T22:15:52.368-0300] {processor.py:208} INFO - Processing /home/gnobisp/Documents/floder1/code-challenge/venv/lib/python3.10/site-packages/airflow/example_dags/tutorial_objectstorage.py took 0.494 seconds
[2025-02-03T22:17:55.327-0300] {processor.py:186} INFO - Started process (PID=41953) to work on /home/gnobisp/Documents/floder1/code-challenge/venv/lib/python3.10/site-packages/airflow/example_dags/tutorial_objectstorage.py
[2025-02-03T22:17:55.373-0300] {processor.py:914} INFO - Processing file /home/gnobisp/Documents/floder1/code-challenge/venv/lib/python3.10/site-packages/airflow/example_dags/tutorial_objectstorage.py for tasks to queue
[2025-02-03T22:17:55.385-0300] {logging_mixin.py:190} INFO - [2025-02-03T22:17:55.380-0300] {dagbag.py:588} INFO - Filling up the DagBag from /home/gnobisp/Documents/floder1/code-challenge/venv/lib/python3.10/site-packages/airflow/example_dags/tutorial_objectstorage.py
[2025-02-03T22:17:55.427-0300] {processor.py:925} INFO - DAG(s) 'tutorial_objectstorage' retrieved from /home/gnobisp/Documents/floder1/code-challenge/venv/lib/python3.10/site-packages/airflow/example_dags/tutorial_objectstorage.py
[2025-02-03T22:17:55.518-0300] {logging_mixin.py:190} INFO - [2025-02-03T22:17:55.517-0300] {dag.py:3239} INFO - Sync 1 DAGs
[2025-02-03T22:17:55.577-0300] {logging_mixin.py:190} INFO - [2025-02-03T22:17:55.576-0300] {dag.py:4180} INFO - Setting next_dagrun for tutorial_objectstorage to None, run_after=None
[2025-02-03T22:17:56.081-0300] {processor.py:208} INFO - Processing /home/gnobisp/Documents/floder1/code-challenge/venv/lib/python3.10/site-packages/airflow/example_dags/tutorial_objectstorage.py took 0.783 seconds
[2025-02-03T22:20:17.715-0300] {processor.py:186} INFO - Started process (PID=45284) to work on /home/gnobisp/Documents/floder1/code-challenge/venv/lib/python3.10/site-packages/airflow/example_dags/tutorial_objectstorage.py
[2025-02-03T22:20:17.740-0300] {processor.py:914} INFO - Processing file /home/gnobisp/Documents/floder1/code-challenge/venv/lib/python3.10/site-packages/airflow/example_dags/tutorial_objectstorage.py for tasks to queue
[2025-02-03T22:20:17.780-0300] {logging_mixin.py:190} INFO - [2025-02-03T22:20:17.766-0300] {dagbag.py:588} INFO - Filling up the DagBag from /home/gnobisp/Documents/floder1/code-challenge/venv/lib/python3.10/site-packages/airflow/example_dags/tutorial_objectstorage.py
[2025-02-03T22:20:17.918-0300] {processor.py:925} INFO - DAG(s) 'tutorial_objectstorage' retrieved from /home/gnobisp/Documents/floder1/code-challenge/venv/lib/python3.10/site-packages/airflow/example_dags/tutorial_objectstorage.py
[2025-02-03T22:20:18.243-0300] {logging_mixin.py:190} INFO - [2025-02-03T22:20:18.242-0300] {dag.py:3239} INFO - Sync 1 DAGs
[2025-02-03T22:20:18.474-0300] {logging_mixin.py:190} INFO - [2025-02-03T22:20:18.473-0300] {dag.py:4180} INFO - Setting next_dagrun for tutorial_objectstorage to None, run_after=None
[2025-02-03T22:20:19.462-0300] {processor.py:208} INFO - Processing /home/gnobisp/Documents/floder1/code-challenge/venv/lib/python3.10/site-packages/airflow/example_dags/tutorial_objectstorage.py took 1.827 seconds
