[2025-02-03T21:15:01.750-0300] {processor.py:186} INFO - Started process (PID=275723) to work on /home/gnobisp/Documents/floder1/code-challenge/venv/lib/python3.10/site-packages/airflow/example_dags/tutorial_taskflow_api.py
[2025-02-03T21:15:01.752-0300] {processor.py:914} INFO - Processing file /home/gnobisp/Documents/floder1/code-challenge/venv/lib/python3.10/site-packages/airflow/example_dags/tutorial_taskflow_api.py for tasks to queue
[2025-02-03T21:15:01.772-0300] {logging_mixin.py:190} INFO - [2025-02-03T21:15:01.770-0300] {dagbag.py:588} INFO - Filling up the DagBag from /home/gnobisp/Documents/floder1/code-challenge/venv/lib/python3.10/site-packages/airflow/example_dags/tutorial_taskflow_api.py
[2025-02-03T21:15:01.805-0300] {processor.py:925} INFO - DAG(s) 'tutorial_taskflow_api' retrieved from /home/gnobisp/Documents/floder1/code-challenge/venv/lib/python3.10/site-packages/airflow/example_dags/tutorial_taskflow_api.py
[2025-02-03T21:15:02.544-0300] {logging_mixin.py:190} INFO - [2025-02-03T21:15:02.543-0300] {override.py:1911} INFO - Created Permission View: can edit on DAG:tutorial_taskflow_api
[2025-02-03T21:15:03.005-0300] {logging_mixin.py:190} INFO - [2025-02-03T21:15:03.004-0300] {override.py:1911} INFO - Created Permission View: can read on DAG:tutorial_taskflow_api
[2025-02-03T21:15:03.766-0300] {logging_mixin.py:190} INFO - [2025-02-03T21:15:03.765-0300] {override.py:1911} INFO - Created Permission View: can delete on DAG:tutorial_taskflow_api
[2025-02-03T21:15:04.154-0300] {logging_mixin.py:190} INFO - [2025-02-03T21:15:04.153-0300] {override.py:1911} INFO - Created Permission View: menu access on DAG Run:tutorial_taskflow_api
[2025-02-03T21:15:04.334-0300] {logging_mixin.py:190} INFO - [2025-02-03T21:15:04.332-0300] {override.py:1911} INFO - Created Permission View: can read on DAG Run:tutorial_taskflow_api
[2025-02-03T21:15:04.535-0300] {logging_mixin.py:190} INFO - [2025-02-03T21:15:04.534-0300] {override.py:1911} INFO - Created Permission View: can delete on DAG Run:tutorial_taskflow_api
[2025-02-03T21:15:04.662-0300] {logging_mixin.py:190} INFO - [2025-02-03T21:15:04.661-0300] {override.py:1911} INFO - Created Permission View: can create on DAG Run:tutorial_taskflow_api
[2025-02-03T21:15:04.663-0300] {logging_mixin.py:190} INFO - [2025-02-03T21:15:04.663-0300] {dag.py:3239} INFO - Sync 1 DAGs
[2025-02-03T21:15:04.709-0300] {logging_mixin.py:190} INFO - [2025-02-03T21:15:04.708-0300] {dag.py:3262} INFO - Creating ORM DAG for tutorial_taskflow_api
[2025-02-03T21:15:04.711-0300] {logging_mixin.py:190} INFO - [2025-02-03T21:15:04.710-0300] {dag.py:4180} INFO - Setting next_dagrun for tutorial_taskflow_api to None, run_after=None
[2025-02-03T21:15:04.998-0300] {processor.py:208} INFO - Processing /home/gnobisp/Documents/floder1/code-challenge/venv/lib/python3.10/site-packages/airflow/example_dags/tutorial_taskflow_api.py took 3.274 seconds
[2025-02-03T21:26:45.873-0300] {processor.py:186} INFO - Started process (PID=296511) to work on /home/gnobisp/Documents/floder1/code-challenge/venv/lib/python3.10/site-packages/airflow/example_dags/tutorial_taskflow_api.py
[2025-02-03T21:26:45.877-0300] {processor.py:914} INFO - Processing file /home/gnobisp/Documents/floder1/code-challenge/venv/lib/python3.10/site-packages/airflow/example_dags/tutorial_taskflow_api.py for tasks to queue
[2025-02-03T21:26:45.909-0300] {logging_mixin.py:190} INFO - [2025-02-03T21:26:45.907-0300] {dagbag.py:588} INFO - Filling up the DagBag from /home/gnobisp/Documents/floder1/code-challenge/venv/lib/python3.10/site-packages/airflow/example_dags/tutorial_taskflow_api.py
[2025-02-03T21:26:45.971-0300] {processor.py:925} INFO - DAG(s) 'tutorial_taskflow_api' retrieved from /home/gnobisp/Documents/floder1/code-challenge/venv/lib/python3.10/site-packages/airflow/example_dags/tutorial_taskflow_api.py
[2025-02-03T21:26:46.074-0300] {logging_mixin.py:190} INFO - [2025-02-03T21:26:46.073-0300] {dag.py:3239} INFO - Sync 1 DAGs
[2025-02-03T21:26:46.137-0300] {logging_mixin.py:190} INFO - [2025-02-03T21:26:46.136-0300] {dag.py:4180} INFO - Setting next_dagrun for tutorial_taskflow_api to None, run_after=None
[2025-02-03T21:26:47.619-0300] {processor.py:208} INFO - Processing /home/gnobisp/Documents/floder1/code-challenge/venv/lib/python3.10/site-packages/airflow/example_dags/tutorial_taskflow_api.py took 1.783 seconds
[2025-02-03T21:44:44.825-0300] {processor.py:186} INFO - Started process (PID=327039) to work on /home/gnobisp/Documents/floder1/code-challenge/venv/lib/python3.10/site-packages/airflow/example_dags/tutorial_taskflow_api.py
[2025-02-03T21:44:44.835-0300] {processor.py:914} INFO - Processing file /home/gnobisp/Documents/floder1/code-challenge/venv/lib/python3.10/site-packages/airflow/example_dags/tutorial_taskflow_api.py for tasks to queue
[2025-02-03T21:44:44.877-0300] {logging_mixin.py:190} INFO - [2025-02-03T21:44:44.865-0300] {dagbag.py:588} INFO - Filling up the DagBag from /home/gnobisp/Documents/floder1/code-challenge/venv/lib/python3.10/site-packages/airflow/example_dags/tutorial_taskflow_api.py
[2025-02-03T21:44:44.984-0300] {processor.py:925} INFO - DAG(s) 'tutorial_taskflow_api' retrieved from /home/gnobisp/Documents/floder1/code-challenge/venv/lib/python3.10/site-packages/airflow/example_dags/tutorial_taskflow_api.py
[2025-02-03T21:44:45.244-0300] {logging_mixin.py:190} INFO - [2025-02-03T21:44:45.243-0300] {dag.py:3239} INFO - Sync 1 DAGs
[2025-02-03T21:44:45.311-0300] {logging_mixin.py:190} INFO - [2025-02-03T21:44:45.310-0300] {dag.py:4180} INFO - Setting next_dagrun for tutorial_taskflow_api to None, run_after=None
[2025-02-03T21:44:45.537-0300] {processor.py:208} INFO - Processing /home/gnobisp/Documents/floder1/code-challenge/venv/lib/python3.10/site-packages/airflow/example_dags/tutorial_taskflow_api.py took 0.788 seconds
[2025-02-03T22:00:38.014-0300] {processor.py:186} INFO - Started process (PID=12583) to work on /home/gnobisp/Documents/floder1/code-challenge/venv/lib/python3.10/site-packages/airflow/example_dags/tutorial_taskflow_api.py
[2025-02-03T22:00:38.334-0300] {processor.py:914} INFO - Processing file /home/gnobisp/Documents/floder1/code-challenge/venv/lib/python3.10/site-packages/airflow/example_dags/tutorial_taskflow_api.py for tasks to queue
[2025-02-03T22:00:38.348-0300] {logging_mixin.py:190} INFO - [2025-02-03T22:00:38.343-0300] {dagbag.py:588} INFO - Filling up the DagBag from /home/gnobisp/Documents/floder1/code-challenge/venv/lib/python3.10/site-packages/airflow/example_dags/tutorial_taskflow_api.py
[2025-02-03T22:00:38.391-0300] {processor.py:925} INFO - DAG(s) 'tutorial_taskflow_api' retrieved from /home/gnobisp/Documents/floder1/code-challenge/venv/lib/python3.10/site-packages/airflow/example_dags/tutorial_taskflow_api.py
[2025-02-03T22:00:38.470-0300] {logging_mixin.py:190} INFO - [2025-02-03T22:00:38.469-0300] {dag.py:3239} INFO - Sync 1 DAGs
[2025-02-03T22:00:38.530-0300] {logging_mixin.py:190} INFO - [2025-02-03T22:00:38.529-0300] {dag.py:4180} INFO - Setting next_dagrun for tutorial_taskflow_api to None, run_after=None
[2025-02-03T22:00:38.817-0300] {processor.py:208} INFO - Processing /home/gnobisp/Documents/floder1/code-challenge/venv/lib/python3.10/site-packages/airflow/example_dags/tutorial_taskflow_api.py took 0.829 seconds
[2025-02-03T22:13:29.249-0300] {processor.py:186} INFO - Started process (PID=34365) to work on /home/gnobisp/Documents/floder1/code-challenge/venv/lib/python3.10/site-packages/airflow/example_dags/tutorial_taskflow_api.py
[2025-02-03T22:13:29.281-0300] {processor.py:914} INFO - Processing file /home/gnobisp/Documents/floder1/code-challenge/venv/lib/python3.10/site-packages/airflow/example_dags/tutorial_taskflow_api.py for tasks to queue
[2025-02-03T22:13:29.310-0300] {logging_mixin.py:190} INFO - [2025-02-03T22:13:29.309-0300] {dagbag.py:588} INFO - Filling up the DagBag from /home/gnobisp/Documents/floder1/code-challenge/venv/lib/python3.10/site-packages/airflow/example_dags/tutorial_taskflow_api.py
[2025-02-03T22:13:29.392-0300] {processor.py:925} INFO - DAG(s) 'tutorial_taskflow_api' retrieved from /home/gnobisp/Documents/floder1/code-challenge/venv/lib/python3.10/site-packages/airflow/example_dags/tutorial_taskflow_api.py
[2025-02-03T22:13:29.641-0300] {logging_mixin.py:190} INFO - [2025-02-03T22:13:29.640-0300] {dag.py:3239} INFO - Sync 1 DAGs
[2025-02-03T22:13:29.765-0300] {logging_mixin.py:190} INFO - [2025-02-03T22:13:29.763-0300] {dag.py:4180} INFO - Setting next_dagrun for tutorial_taskflow_api to None, run_after=None
[2025-02-03T22:13:30.171-0300] {processor.py:208} INFO - Processing /home/gnobisp/Documents/floder1/code-challenge/venv/lib/python3.10/site-packages/airflow/example_dags/tutorial_taskflow_api.py took 0.996 seconds
[2025-02-03T22:15:48.621-0300] {processor.py:186} INFO - Started process (PID=38275) to work on /home/gnobisp/Documents/floder1/code-challenge/venv/lib/python3.10/site-packages/airflow/example_dags/tutorial_taskflow_api.py
[2025-02-03T22:15:48.979-0300] {processor.py:914} INFO - Processing file /home/gnobisp/Documents/floder1/code-challenge/venv/lib/python3.10/site-packages/airflow/example_dags/tutorial_taskflow_api.py for tasks to queue
[2025-02-03T22:15:48.999-0300] {logging_mixin.py:190} INFO - [2025-02-03T22:15:48.993-0300] {dagbag.py:588} INFO - Filling up the DagBag from /home/gnobisp/Documents/floder1/code-challenge/venv/lib/python3.10/site-packages/airflow/example_dags/tutorial_taskflow_api.py
[2025-02-03T22:15:49.050-0300] {processor.py:925} INFO - DAG(s) 'tutorial_taskflow_api' retrieved from /home/gnobisp/Documents/floder1/code-challenge/venv/lib/python3.10/site-packages/airflow/example_dags/tutorial_taskflow_api.py
[2025-02-03T22:15:49.170-0300] {logging_mixin.py:190} INFO - [2025-02-03T22:15:49.169-0300] {dag.py:3239} INFO - Sync 1 DAGs
[2025-02-03T22:15:49.230-0300] {logging_mixin.py:190} INFO - [2025-02-03T22:15:49.229-0300] {dag.py:4180} INFO - Setting next_dagrun for tutorial_taskflow_api to None, run_after=None
[2025-02-03T22:15:50.070-0300] {processor.py:208} INFO - Processing /home/gnobisp/Documents/floder1/code-challenge/venv/lib/python3.10/site-packages/airflow/example_dags/tutorial_taskflow_api.py took 1.476 seconds
[2025-02-03T22:17:53.351-0300] {processor.py:186} INFO - Started process (PID=41931) to work on /home/gnobisp/Documents/floder1/code-challenge/venv/lib/python3.10/site-packages/airflow/example_dags/tutorial_taskflow_api.py
[2025-02-03T22:17:53.424-0300] {processor.py:914} INFO - Processing file /home/gnobisp/Documents/floder1/code-challenge/venv/lib/python3.10/site-packages/airflow/example_dags/tutorial_taskflow_api.py for tasks to queue
[2025-02-03T22:17:53.436-0300] {logging_mixin.py:190} INFO - [2025-02-03T22:17:53.435-0300] {dagbag.py:588} INFO - Filling up the DagBag from /home/gnobisp/Documents/floder1/code-challenge/venv/lib/python3.10/site-packages/airflow/example_dags/tutorial_taskflow_api.py
[2025-02-03T22:17:53.473-0300] {processor.py:925} INFO - DAG(s) 'tutorial_taskflow_api' retrieved from /home/gnobisp/Documents/floder1/code-challenge/venv/lib/python3.10/site-packages/airflow/example_dags/tutorial_taskflow_api.py
[2025-02-03T22:17:53.569-0300] {logging_mixin.py:190} INFO - [2025-02-03T22:17:53.568-0300] {dag.py:3239} INFO - Sync 1 DAGs
[2025-02-03T22:17:53.629-0300] {logging_mixin.py:190} INFO - [2025-02-03T22:17:53.628-0300] {dag.py:4180} INFO - Setting next_dagrun for tutorial_taskflow_api to None, run_after=None
[2025-02-03T22:17:54.240-0300] {processor.py:208} INFO - Processing /home/gnobisp/Documents/floder1/code-challenge/venv/lib/python3.10/site-packages/airflow/example_dags/tutorial_taskflow_api.py took 0.921 seconds
[2025-02-03T22:20:14.904-0300] {processor.py:186} INFO - Started process (PID=45234) to work on /home/gnobisp/Documents/floder1/code-challenge/venv/lib/python3.10/site-packages/airflow/example_dags/tutorial_taskflow_api.py
[2025-02-03T22:20:15.118-0300] {processor.py:914} INFO - Processing file /home/gnobisp/Documents/floder1/code-challenge/venv/lib/python3.10/site-packages/airflow/example_dags/tutorial_taskflow_api.py for tasks to queue
[2025-02-03T22:20:15.143-0300] {logging_mixin.py:190} INFO - [2025-02-03T22:20:15.141-0300] {dagbag.py:588} INFO - Filling up the DagBag from /home/gnobisp/Documents/floder1/code-challenge/venv/lib/python3.10/site-packages/airflow/example_dags/tutorial_taskflow_api.py
[2025-02-03T22:20:15.279-0300] {processor.py:925} INFO - DAG(s) 'tutorial_taskflow_api' retrieved from /home/gnobisp/Documents/floder1/code-challenge/venv/lib/python3.10/site-packages/airflow/example_dags/tutorial_taskflow_api.py
[2025-02-03T22:20:15.625-0300] {logging_mixin.py:190} INFO - [2025-02-03T22:20:15.620-0300] {dag.py:3239} INFO - Sync 1 DAGs
[2025-02-03T22:20:15.861-0300] {logging_mixin.py:190} INFO - [2025-02-03T22:20:15.860-0300] {dag.py:4180} INFO - Setting next_dagrun for tutorial_taskflow_api to None, run_after=None
[2025-02-03T22:20:16.466-0300] {processor.py:208} INFO - Processing /home/gnobisp/Documents/floder1/code-challenge/venv/lib/python3.10/site-packages/airflow/example_dags/tutorial_taskflow_api.py took 1.597 seconds
