[2025-02-03T21:14:53.898-0300] {processor.py:186} INFO - Started process (PID=275554) to work on /home/gnobisp/Documents/floder1/code-challenge/venv/lib/python3.10/site-packages/airflow/example_dags/tutorial_taskflow_templates.py
[2025-02-03T21:14:53.900-0300] {processor.py:914} INFO - Processing file /home/gnobisp/Documents/floder1/code-challenge/venv/lib/python3.10/site-packages/airflow/example_dags/tutorial_taskflow_templates.py for tasks to queue
[2025-02-03T21:14:53.907-0300] {logging_mixin.py:190} INFO - [2025-02-03T21:14:53.905-0300] {dagbag.py:588} INFO - Filling up the DagBag from /home/gnobisp/Documents/floder1/code-challenge/venv/lib/python3.10/site-packages/airflow/example_dags/tutorial_taskflow_templates.py
[2025-02-03T21:14:53.978-0300] {processor.py:925} INFO - DAG(s) 'tutorial_taskflow_templates' retrieved from /home/gnobisp/Documents/floder1/code-challenge/venv/lib/python3.10/site-packages/airflow/example_dags/tutorial_taskflow_templates.py
[2025-02-03T21:14:54.629-0300] {logging_mixin.py:190} INFO - [2025-02-03T21:14:54.627-0300] {override.py:1911} INFO - Created Permission View: can edit on DAG:tutorial_taskflow_templates
[2025-02-03T21:14:54.730-0300] {logging_mixin.py:190} INFO - [2025-02-03T21:14:54.729-0300] {override.py:1911} INFO - Created Permission View: can read on DAG:tutorial_taskflow_templates
[2025-02-03T21:14:54.820-0300] {logging_mixin.py:190} INFO - [2025-02-03T21:14:54.819-0300] {override.py:1911} INFO - Created Permission View: can delete on DAG:tutorial_taskflow_templates
[2025-02-03T21:14:55.048-0300] {logging_mixin.py:190} INFO - [2025-02-03T21:14:55.047-0300] {override.py:1911} INFO - Created Permission View: menu access on DAG Run:tutorial_taskflow_templates
[2025-02-03T21:14:55.183-0300] {logging_mixin.py:190} INFO - [2025-02-03T21:14:55.182-0300] {override.py:1911} INFO - Created Permission View: can read on DAG Run:tutorial_taskflow_templates
[2025-02-03T21:14:55.296-0300] {logging_mixin.py:190} INFO - [2025-02-03T21:14:55.295-0300] {override.py:1911} INFO - Created Permission View: can delete on DAG Run:tutorial_taskflow_templates
[2025-02-03T21:14:55.416-0300] {logging_mixin.py:190} INFO - [2025-02-03T21:14:55.415-0300] {override.py:1911} INFO - Created Permission View: can create on DAG Run:tutorial_taskflow_templates
[2025-02-03T21:14:55.417-0300] {logging_mixin.py:190} INFO - [2025-02-03T21:14:55.417-0300] {dag.py:3239} INFO - Sync 1 DAGs
[2025-02-03T21:14:55.463-0300] {logging_mixin.py:190} INFO - [2025-02-03T21:14:55.462-0300] {dag.py:3262} INFO - Creating ORM DAG for tutorial_taskflow_templates
[2025-02-03T21:14:55.499-0300] {logging_mixin.py:190} INFO - [2025-02-03T21:14:55.499-0300] {dag.py:4180} INFO - Setting next_dagrun for tutorial_taskflow_templates to 2025-02-03 00:00:00+00:00, run_after=2025-02-04 00:00:00+00:00
[2025-02-03T21:14:55.771-0300] {processor.py:208} INFO - Processing /home/gnobisp/Documents/floder1/code-challenge/venv/lib/python3.10/site-packages/airflow/example_dags/tutorial_taskflow_templates.py took 1.893 seconds
[2025-02-03T21:26:41.903-0300] {processor.py:186} INFO - Started process (PID=296371) to work on /home/gnobisp/Documents/floder1/code-challenge/venv/lib/python3.10/site-packages/airflow/example_dags/tutorial_taskflow_templates.py
[2025-02-03T21:26:41.906-0300] {processor.py:914} INFO - Processing file /home/gnobisp/Documents/floder1/code-challenge/venv/lib/python3.10/site-packages/airflow/example_dags/tutorial_taskflow_templates.py for tasks to queue
[2025-02-03T21:26:41.913-0300] {logging_mixin.py:190} INFO - [2025-02-03T21:26:41.912-0300] {dagbag.py:588} INFO - Filling up the DagBag from /home/gnobisp/Documents/floder1/code-challenge/venv/lib/python3.10/site-packages/airflow/example_dags/tutorial_taskflow_templates.py
[2025-02-03T21:26:41.984-0300] {processor.py:925} INFO - DAG(s) 'tutorial_taskflow_templates' retrieved from /home/gnobisp/Documents/floder1/code-challenge/venv/lib/python3.10/site-packages/airflow/example_dags/tutorial_taskflow_templates.py
[2025-02-03T21:26:42.069-0300] {logging_mixin.py:190} INFO - [2025-02-03T21:26:42.068-0300] {dag.py:3239} INFO - Sync 1 DAGs
[2025-02-03T21:26:42.169-0300] {logging_mixin.py:190} INFO - [2025-02-03T21:26:42.168-0300] {dag.py:4180} INFO - Setting next_dagrun for tutorial_taskflow_templates to 2025-02-03 00:00:00+00:00, run_after=2025-02-04 00:00:00+00:00
[2025-02-03T21:26:42.425-0300] {processor.py:208} INFO - Processing /home/gnobisp/Documents/floder1/code-challenge/venv/lib/python3.10/site-packages/airflow/example_dags/tutorial_taskflow_templates.py took 0.546 seconds
[2025-02-03T21:32:20.419-0300] {processor.py:186} INFO - Started process (PID=305958) to work on /home/gnobisp/Documents/floder1/code-challenge/venv/lib/python3.10/site-packages/airflow/example_dags/tutorial_taskflow_templates.py
[2025-02-03T21:32:21.063-0300] {processor.py:914} INFO - Processing file /home/gnobisp/Documents/floder1/code-challenge/venv/lib/python3.10/site-packages/airflow/example_dags/tutorial_taskflow_templates.py for tasks to queue
[2025-02-03T21:32:21.218-0300] {logging_mixin.py:190} INFO - [2025-02-03T21:32:21.217-0300] {dagbag.py:588} INFO - Filling up the DagBag from /home/gnobisp/Documents/floder1/code-challenge/venv/lib/python3.10/site-packages/airflow/example_dags/tutorial_taskflow_templates.py
[2025-02-03T21:32:21.301-0300] {processor.py:925} INFO - DAG(s) 'tutorial_taskflow_templates' retrieved from /home/gnobisp/Documents/floder1/code-challenge/venv/lib/python3.10/site-packages/airflow/example_dags/tutorial_taskflow_templates.py
[2025-02-03T21:32:21.379-0300] {logging_mixin.py:190} INFO - [2025-02-03T21:32:21.378-0300] {dag.py:3239} INFO - Sync 1 DAGs
[2025-02-03T21:32:21.487-0300] {logging_mixin.py:190} INFO - [2025-02-03T21:32:21.486-0300] {dag.py:4180} INFO - Setting next_dagrun for tutorial_taskflow_templates to 2025-02-03 00:00:00+00:00, run_after=2025-02-04 00:00:00+00:00
[2025-02-03T21:32:22.140-0300] {processor.py:208} INFO - Processing /home/gnobisp/Documents/floder1/code-challenge/venv/lib/python3.10/site-packages/airflow/example_dags/tutorial_taskflow_templates.py took 1.746 seconds
[2025-02-03T21:44:39.950-0300] {processor.py:186} INFO - Started process (PID=326903) to work on /home/gnobisp/Documents/floder1/code-challenge/venv/lib/python3.10/site-packages/airflow/example_dags/tutorial_taskflow_templates.py
[2025-02-03T21:44:39.981-0300] {processor.py:914} INFO - Processing file /home/gnobisp/Documents/floder1/code-challenge/venv/lib/python3.10/site-packages/airflow/example_dags/tutorial_taskflow_templates.py for tasks to queue
[2025-02-03T21:44:40.007-0300] {logging_mixin.py:190} INFO - [2025-02-03T21:44:40.001-0300] {dagbag.py:588} INFO - Filling up the DagBag from /home/gnobisp/Documents/floder1/code-challenge/venv/lib/python3.10/site-packages/airflow/example_dags/tutorial_taskflow_templates.py
[2025-02-03T21:44:40.163-0300] {processor.py:925} INFO - DAG(s) 'tutorial_taskflow_templates' retrieved from /home/gnobisp/Documents/floder1/code-challenge/venv/lib/python3.10/site-packages/airflow/example_dags/tutorial_taskflow_templates.py
[2025-02-03T21:44:40.346-0300] {logging_mixin.py:190} INFO - [2025-02-03T21:44:40.345-0300] {dag.py:3239} INFO - Sync 1 DAGs
[2025-02-03T21:44:40.601-0300] {logging_mixin.py:190} INFO - [2025-02-03T21:44:40.596-0300] {dag.py:4180} INFO - Setting next_dagrun for tutorial_taskflow_templates to 2025-02-03 00:00:00+00:00, run_after=2025-02-04 00:00:00+00:00
[2025-02-03T21:44:41.406-0300] {processor.py:208} INFO - Processing /home/gnobisp/Documents/floder1/code-challenge/venv/lib/python3.10/site-packages/airflow/example_dags/tutorial_taskflow_templates.py took 1.482 seconds
[2025-02-03T22:00:33.065-0300] {processor.py:186} INFO - Started process (PID=12482) to work on /home/gnobisp/Documents/floder1/code-challenge/venv/lib/python3.10/site-packages/airflow/example_dags/tutorial_taskflow_templates.py
[2025-02-03T22:00:33.092-0300] {processor.py:914} INFO - Processing file /home/gnobisp/Documents/floder1/code-challenge/venv/lib/python3.10/site-packages/airflow/example_dags/tutorial_taskflow_templates.py for tasks to queue
[2025-02-03T22:00:33.110-0300] {logging_mixin.py:190} INFO - [2025-02-03T22:00:33.108-0300] {dagbag.py:588} INFO - Filling up the DagBag from /home/gnobisp/Documents/floder1/code-challenge/venv/lib/python3.10/site-packages/airflow/example_dags/tutorial_taskflow_templates.py
[2025-02-03T22:00:33.303-0300] {processor.py:925} INFO - DAG(s) 'tutorial_taskflow_templates' retrieved from /home/gnobisp/Documents/floder1/code-challenge/venv/lib/python3.10/site-packages/airflow/example_dags/tutorial_taskflow_templates.py
[2025-02-03T22:00:33.600-0300] {logging_mixin.py:190} INFO - [2025-02-03T22:00:33.599-0300] {dag.py:3239} INFO - Sync 1 DAGs
[2025-02-03T22:00:33.763-0300] {logging_mixin.py:190} INFO - [2025-02-03T22:00:33.761-0300] {dag.py:4180} INFO - Setting next_dagrun for tutorial_taskflow_templates to 2025-02-03 00:00:00+00:00, run_after=2025-02-04 00:00:00+00:00
[2025-02-03T22:00:34.018-0300] {processor.py:208} INFO - Processing /home/gnobisp/Documents/floder1/code-challenge/venv/lib/python3.10/site-packages/airflow/example_dags/tutorial_taskflow_templates.py took 1.007 seconds
[2025-02-03T22:13:24.112-0300] {processor.py:186} INFO - Started process (PID=34196) to work on /home/gnobisp/Documents/floder1/code-challenge/venv/lib/python3.10/site-packages/airflow/example_dags/tutorial_taskflow_templates.py
[2025-02-03T22:13:24.127-0300] {processor.py:914} INFO - Processing file /home/gnobisp/Documents/floder1/code-challenge/venv/lib/python3.10/site-packages/airflow/example_dags/tutorial_taskflow_templates.py for tasks to queue
[2025-02-03T22:13:24.137-0300] {logging_mixin.py:190} INFO - [2025-02-03T22:13:24.135-0300] {dagbag.py:588} INFO - Filling up the DagBag from /home/gnobisp/Documents/floder1/code-challenge/venv/lib/python3.10/site-packages/airflow/example_dags/tutorial_taskflow_templates.py
[2025-02-03T22:13:24.236-0300] {processor.py:925} INFO - DAG(s) 'tutorial_taskflow_templates' retrieved from /home/gnobisp/Documents/floder1/code-challenge/venv/lib/python3.10/site-packages/airflow/example_dags/tutorial_taskflow_templates.py
[2025-02-03T22:13:24.384-0300] {logging_mixin.py:190} INFO - [2025-02-03T22:13:24.377-0300] {dag.py:3239} INFO - Sync 1 DAGs
[2025-02-03T22:13:24.494-0300] {logging_mixin.py:190} INFO - [2025-02-03T22:13:24.493-0300] {dag.py:4180} INFO - Setting next_dagrun for tutorial_taskflow_templates to 2025-02-03 00:00:00+00:00, run_after=2025-02-04 00:00:00+00:00
[2025-02-03T22:13:24.788-0300] {processor.py:208} INFO - Processing /home/gnobisp/Documents/floder1/code-challenge/venv/lib/python3.10/site-packages/airflow/example_dags/tutorial_taskflow_templates.py took 0.717 seconds
[2025-02-03T22:15:43.194-0300] {processor.py:186} INFO - Started process (PID=38053) to work on /home/gnobisp/Documents/floder1/code-challenge/venv/lib/python3.10/site-packages/airflow/example_dags/tutorial_taskflow_templates.py
[2025-02-03T22:15:43.199-0300] {processor.py:914} INFO - Processing file /home/gnobisp/Documents/floder1/code-challenge/venv/lib/python3.10/site-packages/airflow/example_dags/tutorial_taskflow_templates.py for tasks to queue
[2025-02-03T22:15:43.209-0300] {logging_mixin.py:190} INFO - [2025-02-03T22:15:43.207-0300] {dagbag.py:588} INFO - Filling up the DagBag from /home/gnobisp/Documents/floder1/code-challenge/venv/lib/python3.10/site-packages/airflow/example_dags/tutorial_taskflow_templates.py
[2025-02-03T22:15:43.326-0300] {processor.py:925} INFO - DAG(s) 'tutorial_taskflow_templates' retrieved from /home/gnobisp/Documents/floder1/code-challenge/venv/lib/python3.10/site-packages/airflow/example_dags/tutorial_taskflow_templates.py
[2025-02-03T22:15:43.442-0300] {logging_mixin.py:190} INFO - [2025-02-03T22:15:43.441-0300] {dag.py:3239} INFO - Sync 1 DAGs
[2025-02-03T22:15:43.537-0300] {logging_mixin.py:190} INFO - [2025-02-03T22:15:43.537-0300] {dag.py:4180} INFO - Setting next_dagrun for tutorial_taskflow_templates to 2025-02-03 00:00:00+00:00, run_after=2025-02-04 00:00:00+00:00
[2025-02-03T22:15:44.215-0300] {processor.py:208} INFO - Processing /home/gnobisp/Documents/floder1/code-challenge/venv/lib/python3.10/site-packages/airflow/example_dags/tutorial_taskflow_templates.py took 1.046 seconds
[2025-02-03T22:17:48.414-0300] {processor.py:186} INFO - Started process (PID=41848) to work on /home/gnobisp/Documents/floder1/code-challenge/venv/lib/python3.10/site-packages/airflow/example_dags/tutorial_taskflow_templates.py
[2025-02-03T22:17:49.235-0300] {processor.py:914} INFO - Processing file /home/gnobisp/Documents/floder1/code-challenge/venv/lib/python3.10/site-packages/airflow/example_dags/tutorial_taskflow_templates.py for tasks to queue
[2025-02-03T22:17:49.245-0300] {logging_mixin.py:190} INFO - [2025-02-03T22:17:49.244-0300] {dagbag.py:588} INFO - Filling up the DagBag from /home/gnobisp/Documents/floder1/code-challenge/venv/lib/python3.10/site-packages/airflow/example_dags/tutorial_taskflow_templates.py
[2025-02-03T22:17:49.329-0300] {processor.py:925} INFO - DAG(s) 'tutorial_taskflow_templates' retrieved from /home/gnobisp/Documents/floder1/code-challenge/venv/lib/python3.10/site-packages/airflow/example_dags/tutorial_taskflow_templates.py
[2025-02-03T22:17:49.431-0300] {logging_mixin.py:190} INFO - [2025-02-03T22:17:49.430-0300] {dag.py:3239} INFO - Sync 1 DAGs
[2025-02-03T22:17:49.533-0300] {logging_mixin.py:190} INFO - [2025-02-03T22:17:49.532-0300] {dag.py:4180} INFO - Setting next_dagrun for tutorial_taskflow_templates to 2025-02-03 00:00:00+00:00, run_after=2025-02-04 00:00:00+00:00
[2025-02-03T22:17:49.935-0300] {processor.py:208} INFO - Processing /home/gnobisp/Documents/floder1/code-challenge/venv/lib/python3.10/site-packages/airflow/example_dags/tutorial_taskflow_templates.py took 1.546 seconds
[2025-02-03T22:20:09.494-0300] {processor.py:186} INFO - Started process (PID=45132) to work on /home/gnobisp/Documents/floder1/code-challenge/venv/lib/python3.10/site-packages/airflow/example_dags/tutorial_taskflow_templates.py
[2025-02-03T22:20:09.513-0300] {processor.py:914} INFO - Processing file /home/gnobisp/Documents/floder1/code-challenge/venv/lib/python3.10/site-packages/airflow/example_dags/tutorial_taskflow_templates.py for tasks to queue
[2025-02-03T22:20:09.527-0300] {logging_mixin.py:190} INFO - [2025-02-03T22:20:09.524-0300] {dagbag.py:588} INFO - Filling up the DagBag from /home/gnobisp/Documents/floder1/code-challenge/venv/lib/python3.10/site-packages/airflow/example_dags/tutorial_taskflow_templates.py
[2025-02-03T22:20:09.602-0300] {processor.py:925} INFO - DAG(s) 'tutorial_taskflow_templates' retrieved from /home/gnobisp/Documents/floder1/code-challenge/venv/lib/python3.10/site-packages/airflow/example_dags/tutorial_taskflow_templates.py
[2025-02-03T22:20:09.670-0300] {logging_mixin.py:190} INFO - [2025-02-03T22:20:09.669-0300] {dag.py:3239} INFO - Sync 1 DAGs
[2025-02-03T22:20:09.858-0300] {logging_mixin.py:190} INFO - [2025-02-03T22:20:09.857-0300] {dag.py:4180} INFO - Setting next_dagrun for tutorial_taskflow_templates to 2025-02-03 00:00:00+00:00, run_after=2025-02-04 00:00:00+00:00
[2025-02-03T22:20:10.884-0300] {processor.py:208} INFO - Processing /home/gnobisp/Documents/floder1/code-challenge/venv/lib/python3.10/site-packages/airflow/example_dags/tutorial_taskflow_templates.py took 1.417 seconds
