[2025-02-03T21:14:57.014-0300] {processor.py:186} INFO - Started process (PID=275615) to work on /home/gnobisp/Documents/floder1/code-challenge/venv/lib/python3.10/site-packages/airflow/example_dags/tutorial_taskflow_api_virtualenv.py
[2025-02-03T21:14:57.016-0300] {processor.py:914} INFO - Processing file /home/gnobisp/Documents/floder1/code-challenge/venv/lib/python3.10/site-packages/airflow/example_dags/tutorial_taskflow_api_virtualenv.py for tasks to queue
[2025-02-03T21:14:57.028-0300] {logging_mixin.py:190} INFO - [2025-02-03T21:14:57.027-0300] {dagbag.py:588} INFO - Filling up the DagBag from /home/gnobisp/Documents/floder1/code-challenge/venv/lib/python3.10/site-packages/airflow/example_dags/tutorial_taskflow_api_virtualenv.py
[2025-02-03T21:14:57.055-0300] {processor.py:925} INFO - DAG(s) 'tutorial_taskflow_api_virtualenv' retrieved from /home/gnobisp/Documents/floder1/code-challenge/venv/lib/python3.10/site-packages/airflow/example_dags/tutorial_taskflow_api_virtualenv.py
[2025-02-03T21:14:57.675-0300] {logging_mixin.py:190} INFO - [2025-02-03T21:14:57.673-0300] {override.py:1911} INFO - Created Permission View: can edit on DAG:tutorial_taskflow_api_virtualenv
[2025-02-03T21:14:58.684-0300] {logging_mixin.py:190} INFO - [2025-02-03T21:14:58.683-0300] {override.py:1911} INFO - Created Permission View: can read on DAG:tutorial_taskflow_api_virtualenv
[2025-02-03T21:14:58.782-0300] {logging_mixin.py:190} INFO - [2025-02-03T21:14:58.781-0300] {override.py:1911} INFO - Created Permission View: can delete on DAG:tutorial_taskflow_api_virtualenv
[2025-02-03T21:14:58.977-0300] {logging_mixin.py:190} INFO - [2025-02-03T21:14:58.975-0300] {override.py:1911} INFO - Created Permission View: menu access on DAG Run:tutorial_taskflow_api_virtualenv
[2025-02-03T21:14:59.091-0300] {logging_mixin.py:190} INFO - [2025-02-03T21:14:59.089-0300] {override.py:1911} INFO - Created Permission View: can read on DAG Run:tutorial_taskflow_api_virtualenv
[2025-02-03T21:14:59.879-0300] {logging_mixin.py:190} INFO - [2025-02-03T21:14:59.877-0300] {override.py:1911} INFO - Created Permission View: can delete on DAG Run:tutorial_taskflow_api_virtualenv
[2025-02-03T21:14:59.991-0300] {logging_mixin.py:190} INFO - [2025-02-03T21:14:59.990-0300] {override.py:1911} INFO - Created Permission View: can create on DAG Run:tutorial_taskflow_api_virtualenv
[2025-02-03T21:14:59.993-0300] {logging_mixin.py:190} INFO - [2025-02-03T21:14:59.992-0300] {dag.py:3239} INFO - Sync 1 DAGs
[2025-02-03T21:15:00.047-0300] {logging_mixin.py:190} INFO - [2025-02-03T21:15:00.046-0300] {dag.py:3262} INFO - Creating ORM DAG for tutorial_taskflow_api_virtualenv
[2025-02-03T21:15:00.050-0300] {logging_mixin.py:190} INFO - [2025-02-03T21:15:00.049-0300] {dag.py:4180} INFO - Setting next_dagrun for tutorial_taskflow_api_virtualenv to None, run_after=None
[2025-02-03T21:15:00.295-0300] {processor.py:208} INFO - Processing /home/gnobisp/Documents/floder1/code-challenge/venv/lib/python3.10/site-packages/airflow/example_dags/tutorial_taskflow_api_virtualenv.py took 3.295 seconds
[2025-02-03T21:26:43.608-0300] {processor.py:186} INFO - Started process (PID=296430) to work on /home/gnobisp/Documents/floder1/code-challenge/venv/lib/python3.10/site-packages/airflow/example_dags/tutorial_taskflow_api_virtualenv.py
[2025-02-03T21:26:43.815-0300] {processor.py:914} INFO - Processing file /home/gnobisp/Documents/floder1/code-challenge/venv/lib/python3.10/site-packages/airflow/example_dags/tutorial_taskflow_api_virtualenv.py for tasks to queue
[2025-02-03T21:26:43.835-0300] {logging_mixin.py:190} INFO - [2025-02-03T21:26:43.832-0300] {dagbag.py:588} INFO - Filling up the DagBag from /home/gnobisp/Documents/floder1/code-challenge/venv/lib/python3.10/site-packages/airflow/example_dags/tutorial_taskflow_api_virtualenv.py
[2025-02-03T21:26:43.891-0300] {processor.py:925} INFO - DAG(s) 'tutorial_taskflow_api_virtualenv' retrieved from /home/gnobisp/Documents/floder1/code-challenge/venv/lib/python3.10/site-packages/airflow/example_dags/tutorial_taskflow_api_virtualenv.py
[2025-02-03T21:26:44.370-0300] {logging_mixin.py:190} INFO - [2025-02-03T21:26:44.369-0300] {dag.py:3239} INFO - Sync 1 DAGs
[2025-02-03T21:26:44.426-0300] {logging_mixin.py:190} INFO - [2025-02-03T21:26:44.424-0300] {dag.py:4180} INFO - Setting next_dagrun for tutorial_taskflow_api_virtualenv to None, run_after=None
[2025-02-03T21:26:44.595-0300] {processor.py:208} INFO - Processing /home/gnobisp/Documents/floder1/code-challenge/venv/lib/python3.10/site-packages/airflow/example_dags/tutorial_taskflow_api_virtualenv.py took 1.011 seconds
[2025-02-03T21:44:43.189-0300] {processor.py:186} INFO - Started process (PID=327011) to work on /home/gnobisp/Documents/floder1/code-challenge/venv/lib/python3.10/site-packages/airflow/example_dags/tutorial_taskflow_api_virtualenv.py
[2025-02-03T21:44:43.192-0300] {processor.py:914} INFO - Processing file /home/gnobisp/Documents/floder1/code-challenge/venv/lib/python3.10/site-packages/airflow/example_dags/tutorial_taskflow_api_virtualenv.py for tasks to queue
[2025-02-03T21:44:43.200-0300] {logging_mixin.py:190} INFO - [2025-02-03T21:44:43.199-0300] {dagbag.py:588} INFO - Filling up the DagBag from /home/gnobisp/Documents/floder1/code-challenge/venv/lib/python3.10/site-packages/airflow/example_dags/tutorial_taskflow_api_virtualenv.py
[2025-02-03T21:44:43.241-0300] {processor.py:925} INFO - DAG(s) 'tutorial_taskflow_api_virtualenv' retrieved from /home/gnobisp/Documents/floder1/code-challenge/venv/lib/python3.10/site-packages/airflow/example_dags/tutorial_taskflow_api_virtualenv.py
[2025-02-03T21:44:43.706-0300] {logging_mixin.py:190} INFO - [2025-02-03T21:44:43.705-0300] {dag.py:3239} INFO - Sync 1 DAGs
[2025-02-03T21:44:43.761-0300] {logging_mixin.py:190} INFO - [2025-02-03T21:44:43.760-0300] {dag.py:4180} INFO - Setting next_dagrun for tutorial_taskflow_api_virtualenv to None, run_after=None
[2025-02-03T21:44:44.057-0300] {processor.py:208} INFO - Processing /home/gnobisp/Documents/floder1/code-challenge/venv/lib/python3.10/site-packages/airflow/example_dags/tutorial_taskflow_api_virtualenv.py took 0.888 seconds
[2025-02-03T22:00:34.886-0300] {processor.py:186} INFO - Started process (PID=12555) to work on /home/gnobisp/Documents/floder1/code-challenge/venv/lib/python3.10/site-packages/airflow/example_dags/tutorial_taskflow_api_virtualenv.py
[2025-02-03T22:00:34.894-0300] {processor.py:914} INFO - Processing file /home/gnobisp/Documents/floder1/code-challenge/venv/lib/python3.10/site-packages/airflow/example_dags/tutorial_taskflow_api_virtualenv.py for tasks to queue
[2025-02-03T22:00:34.905-0300] {logging_mixin.py:190} INFO - [2025-02-03T22:00:34.903-0300] {dagbag.py:588} INFO - Filling up the DagBag from /home/gnobisp/Documents/floder1/code-challenge/venv/lib/python3.10/site-packages/airflow/example_dags/tutorial_taskflow_api_virtualenv.py
[2025-02-03T22:00:34.974-0300] {processor.py:925} INFO - DAG(s) 'tutorial_taskflow_api_virtualenv' retrieved from /home/gnobisp/Documents/floder1/code-challenge/venv/lib/python3.10/site-packages/airflow/example_dags/tutorial_taskflow_api_virtualenv.py
[2025-02-03T22:00:35.902-0300] {logging_mixin.py:190} INFO - [2025-02-03T22:00:35.901-0300] {dag.py:3239} INFO - Sync 1 DAGs
[2025-02-03T22:00:36.080-0300] {logging_mixin.py:190} INFO - [2025-02-03T22:00:36.076-0300] {dag.py:4180} INFO - Setting next_dagrun for tutorial_taskflow_api_virtualenv to None, run_after=None
[2025-02-03T22:00:36.402-0300] {processor.py:208} INFO - Processing /home/gnobisp/Documents/floder1/code-challenge/venv/lib/python3.10/site-packages/airflow/example_dags/tutorial_taskflow_api_virtualenv.py took 1.545 seconds
[2025-02-03T22:13:25.683-0300] {processor.py:186} INFO - Started process (PID=34256) to work on /home/gnobisp/Documents/floder1/code-challenge/venv/lib/python3.10/site-packages/airflow/example_dags/tutorial_taskflow_api_virtualenv.py
[2025-02-03T22:13:25.706-0300] {processor.py:914} INFO - Processing file /home/gnobisp/Documents/floder1/code-challenge/venv/lib/python3.10/site-packages/airflow/example_dags/tutorial_taskflow_api_virtualenv.py for tasks to queue
[2025-02-03T22:13:25.720-0300] {logging_mixin.py:190} INFO - [2025-02-03T22:13:25.719-0300] {dagbag.py:588} INFO - Filling up the DagBag from /home/gnobisp/Documents/floder1/code-challenge/venv/lib/python3.10/site-packages/airflow/example_dags/tutorial_taskflow_api_virtualenv.py
[2025-02-03T22:13:25.779-0300] {processor.py:925} INFO - DAG(s) 'tutorial_taskflow_api_virtualenv' retrieved from /home/gnobisp/Documents/floder1/code-challenge/venv/lib/python3.10/site-packages/airflow/example_dags/tutorial_taskflow_api_virtualenv.py
[2025-02-03T22:13:26.294-0300] {logging_mixin.py:190} INFO - [2025-02-03T22:13:26.293-0300] {dag.py:3239} INFO - Sync 1 DAGs
[2025-02-03T22:13:26.347-0300] {logging_mixin.py:190} INFO - [2025-02-03T22:13:26.346-0300] {dag.py:4180} INFO - Setting next_dagrun for tutorial_taskflow_api_virtualenv to None, run_after=None
[2025-02-03T22:13:27.832-0300] {processor.py:208} INFO - Processing /home/gnobisp/Documents/floder1/code-challenge/venv/lib/python3.10/site-packages/airflow/example_dags/tutorial_taskflow_api_virtualenv.py took 2.173 seconds
[2025-02-03T22:15:45.973-0300] {processor.py:186} INFO - Started process (PID=38164) to work on /home/gnobisp/Documents/floder1/code-challenge/venv/lib/python3.10/site-packages/airflow/example_dags/tutorial_taskflow_api_virtualenv.py
[2025-02-03T22:15:46.001-0300] {processor.py:914} INFO - Processing file /home/gnobisp/Documents/floder1/code-challenge/venv/lib/python3.10/site-packages/airflow/example_dags/tutorial_taskflow_api_virtualenv.py for tasks to queue
[2025-02-03T22:15:46.014-0300] {logging_mixin.py:190} INFO - [2025-02-03T22:15:46.012-0300] {dagbag.py:588} INFO - Filling up the DagBag from /home/gnobisp/Documents/floder1/code-challenge/venv/lib/python3.10/site-packages/airflow/example_dags/tutorial_taskflow_api_virtualenv.py
[2025-02-03T22:15:46.076-0300] {processor.py:925} INFO - DAG(s) 'tutorial_taskflow_api_virtualenv' retrieved from /home/gnobisp/Documents/floder1/code-challenge/venv/lib/python3.10/site-packages/airflow/example_dags/tutorial_taskflow_api_virtualenv.py
[2025-02-03T22:15:46.706-0300] {logging_mixin.py:190} INFO - [2025-02-03T22:15:46.705-0300] {dag.py:3239} INFO - Sync 1 DAGs
[2025-02-03T22:15:46.769-0300] {logging_mixin.py:190} INFO - [2025-02-03T22:15:46.768-0300] {dag.py:4180} INFO - Setting next_dagrun for tutorial_taskflow_api_virtualenv to None, run_after=None
[2025-02-03T22:15:47.974-0300] {processor.py:208} INFO - Processing /home/gnobisp/Documents/floder1/code-challenge/venv/lib/python3.10/site-packages/airflow/example_dags/tutorial_taskflow_api_virtualenv.py took 2.030 seconds
[2025-02-03T22:17:51.358-0300] {processor.py:186} INFO - Started process (PID=41884) to work on /home/gnobisp/Documents/floder1/code-challenge/venv/lib/python3.10/site-packages/airflow/example_dags/tutorial_taskflow_api_virtualenv.py
[2025-02-03T22:17:51.444-0300] {processor.py:914} INFO - Processing file /home/gnobisp/Documents/floder1/code-challenge/venv/lib/python3.10/site-packages/airflow/example_dags/tutorial_taskflow_api_virtualenv.py for tasks to queue
[2025-02-03T22:17:51.454-0300] {logging_mixin.py:190} INFO - [2025-02-03T22:17:51.452-0300] {dagbag.py:588} INFO - Filling up the DagBag from /home/gnobisp/Documents/floder1/code-challenge/venv/lib/python3.10/site-packages/airflow/example_dags/tutorial_taskflow_api_virtualenv.py
[2025-02-03T22:17:51.508-0300] {processor.py:925} INFO - DAG(s) 'tutorial_taskflow_api_virtualenv' retrieved from /home/gnobisp/Documents/floder1/code-challenge/venv/lib/python3.10/site-packages/airflow/example_dags/tutorial_taskflow_api_virtualenv.py
[2025-02-03T22:17:52.052-0300] {logging_mixin.py:190} INFO - [2025-02-03T22:17:52.051-0300] {dag.py:3239} INFO - Sync 1 DAGs
[2025-02-03T22:17:52.107-0300] {logging_mixin.py:190} INFO - [2025-02-03T22:17:52.106-0300] {dag.py:4180} INFO - Setting next_dagrun for tutorial_taskflow_api_virtualenv to None, run_after=None
[2025-02-03T22:17:52.317-0300] {processor.py:208} INFO - Processing /home/gnobisp/Documents/floder1/code-challenge/venv/lib/python3.10/site-packages/airflow/example_dags/tutorial_taskflow_api_virtualenv.py took 0.986 seconds
[2025-02-03T22:20:12.210-0300] {processor.py:186} INFO - Started process (PID=45175) to work on /home/gnobisp/Documents/floder1/code-challenge/venv/lib/python3.10/site-packages/airflow/example_dags/tutorial_taskflow_api_virtualenv.py
[2025-02-03T22:20:12.238-0300] {processor.py:914} INFO - Processing file /home/gnobisp/Documents/floder1/code-challenge/venv/lib/python3.10/site-packages/airflow/example_dags/tutorial_taskflow_api_virtualenv.py for tasks to queue
[2025-02-03T22:20:12.248-0300] {logging_mixin.py:190} INFO - [2025-02-03T22:20:12.245-0300] {dagbag.py:588} INFO - Filling up the DagBag from /home/gnobisp/Documents/floder1/code-challenge/venv/lib/python3.10/site-packages/airflow/example_dags/tutorial_taskflow_api_virtualenv.py
[2025-02-03T22:20:12.336-0300] {processor.py:925} INFO - DAG(s) 'tutorial_taskflow_api_virtualenv' retrieved from /home/gnobisp/Documents/floder1/code-challenge/venv/lib/python3.10/site-packages/airflow/example_dags/tutorial_taskflow_api_virtualenv.py
[2025-02-03T22:20:12.411-0300] {logging_mixin.py:190} INFO - [2025-02-03T22:20:12.410-0300] {dag.py:3239} INFO - Sync 1 DAGs
[2025-02-03T22:20:12.480-0300] {logging_mixin.py:190} INFO - [2025-02-03T22:20:12.479-0300] {dag.py:4180} INFO - Setting next_dagrun for tutorial_taskflow_api_virtualenv to None, run_after=None
[2025-02-03T22:20:13.004-0300] {processor.py:208} INFO - Processing /home/gnobisp/Documents/floder1/code-challenge/venv/lib/python3.10/site-packages/airflow/example_dags/tutorial_taskflow_api_virtualenv.py took 0.820 seconds
