[2025-02-03T21:15:15.540-0300] {processor.py:186} INFO - Started process (PID=276049) to work on /home/gnobisp/Documents/floder1/code-challenge/venv/lib/python3.10/site-packages/airflow/example_dags/tutorial.py
[2025-02-03T21:15:15.542-0300] {processor.py:914} INFO - Processing file /home/gnobisp/Documents/floder1/code-challenge/venv/lib/python3.10/site-packages/airflow/example_dags/tutorial.py for tasks to queue
[2025-02-03T21:15:15.547-0300] {logging_mixin.py:190} INFO - [2025-02-03T21:15:15.546-0300] {dagbag.py:588} INFO - Filling up the DagBag from /home/gnobisp/Documents/floder1/code-challenge/venv/lib/python3.10/site-packages/airflow/example_dags/tutorial.py
[2025-02-03T21:15:15.570-0300] {processor.py:925} INFO - DAG(s) 'tutorial' retrieved from /home/gnobisp/Documents/floder1/code-challenge/venv/lib/python3.10/site-packages/airflow/example_dags/tutorial.py
[2025-02-03T21:15:16.521-0300] {logging_mixin.py:190} INFO - [2025-02-03T21:15:16.514-0300] {override.py:1911} INFO - Created Permission View: can edit on DAG:tutorial
[2025-02-03T21:15:16.722-0300] {logging_mixin.py:190} INFO - [2025-02-03T21:15:16.721-0300] {override.py:1911} INFO - Created Permission View: can read on DAG:tutorial
[2025-02-03T21:15:16.931-0300] {logging_mixin.py:190} INFO - [2025-02-03T21:15:16.930-0300] {override.py:1911} INFO - Created Permission View: can delete on DAG:tutorial
[2025-02-03T21:15:18.255-0300] {logging_mixin.py:190} INFO - [2025-02-03T21:15:18.249-0300] {override.py:1911} INFO - Created Permission View: menu access on DAG Run:tutorial
[2025-02-03T21:15:18.469-0300] {logging_mixin.py:190} INFO - [2025-02-03T21:15:18.467-0300] {override.py:1911} INFO - Created Permission View: can read on DAG Run:tutorial
[2025-02-03T21:15:18.717-0300] {logging_mixin.py:190} INFO - [2025-02-03T21:15:18.715-0300] {override.py:1911} INFO - Created Permission View: can delete on DAG Run:tutorial
[2025-02-03T21:15:18.942-0300] {logging_mixin.py:190} INFO - [2025-02-03T21:15:18.936-0300] {override.py:1911} INFO - Created Permission View: can create on DAG Run:tutorial
[2025-02-03T21:15:18.944-0300] {logging_mixin.py:190} INFO - [2025-02-03T21:15:18.943-0300] {dag.py:3239} INFO - Sync 1 DAGs
[2025-02-03T21:15:19.088-0300] {logging_mixin.py:190} INFO - [2025-02-03T21:15:19.087-0300] {dag.py:3262} INFO - Creating ORM DAG for tutorial
[2025-02-03T21:15:19.136-0300] {logging_mixin.py:190} INFO - [2025-02-03T21:15:19.135-0300] {dag.py:4180} INFO - Setting next_dagrun for tutorial to 2025-02-03 00:00:00+00:00, run_after=2025-02-04 00:00:00+00:00
[2025-02-03T21:15:19.482-0300] {processor.py:208} INFO - Processing /home/gnobisp/Documents/floder1/code-challenge/venv/lib/python3.10/site-packages/airflow/example_dags/tutorial.py took 3.959 seconds
[2025-02-03T21:26:52.640-0300] {processor.py:186} INFO - Started process (PID=296747) to work on /home/gnobisp/Documents/floder1/code-challenge/venv/lib/python3.10/site-packages/airflow/example_dags/tutorial.py
[2025-02-03T21:26:53.322-0300] {processor.py:914} INFO - Processing file /home/gnobisp/Documents/floder1/code-challenge/venv/lib/python3.10/site-packages/airflow/example_dags/tutorial.py for tasks to queue
[2025-02-03T21:26:53.371-0300] {logging_mixin.py:190} INFO - [2025-02-03T21:26:53.361-0300] {dagbag.py:588} INFO - Filling up the DagBag from /home/gnobisp/Documents/floder1/code-challenge/venv/lib/python3.10/site-packages/airflow/example_dags/tutorial.py
[2025-02-03T21:26:53.454-0300] {processor.py:925} INFO - DAG(s) 'tutorial' retrieved from /home/gnobisp/Documents/floder1/code-challenge/venv/lib/python3.10/site-packages/airflow/example_dags/tutorial.py
[2025-02-03T21:26:53.572-0300] {logging_mixin.py:190} INFO - [2025-02-03T21:26:53.571-0300] {dag.py:3239} INFO - Sync 1 DAGs
[2025-02-03T21:26:53.674-0300] {logging_mixin.py:190} INFO - [2025-02-03T21:26:53.673-0300] {dag.py:4180} INFO - Setting next_dagrun for tutorial to 2025-02-03 00:00:00+00:00, run_after=2025-02-04 00:00:00+00:00
[2025-02-03T21:26:54.726-0300] {processor.py:208} INFO - Processing /home/gnobisp/Documents/floder1/code-challenge/venv/lib/python3.10/site-packages/airflow/example_dags/tutorial.py took 2.115 seconds
[2025-02-03T21:44:52.040-0300] {processor.py:186} INFO - Started process (PID=327282) to work on /home/gnobisp/Documents/floder1/code-challenge/venv/lib/python3.10/site-packages/airflow/example_dags/tutorial.py
[2025-02-03T21:44:52.053-0300] {processor.py:914} INFO - Processing file /home/gnobisp/Documents/floder1/code-challenge/venv/lib/python3.10/site-packages/airflow/example_dags/tutorial.py for tasks to queue
[2025-02-03T21:44:52.061-0300] {logging_mixin.py:190} INFO - [2025-02-03T21:44:52.060-0300] {dagbag.py:588} INFO - Filling up the DagBag from /home/gnobisp/Documents/floder1/code-challenge/venv/lib/python3.10/site-packages/airflow/example_dags/tutorial.py
[2025-02-03T21:44:52.095-0300] {processor.py:925} INFO - DAG(s) 'tutorial' retrieved from /home/gnobisp/Documents/floder1/code-challenge/venv/lib/python3.10/site-packages/airflow/example_dags/tutorial.py
[2025-02-03T21:44:52.188-0300] {logging_mixin.py:190} INFO - [2025-02-03T21:44:52.187-0300] {dag.py:3239} INFO - Sync 1 DAGs
[2025-02-03T21:44:52.283-0300] {logging_mixin.py:190} INFO - [2025-02-03T21:44:52.282-0300] {dag.py:4180} INFO - Setting next_dagrun for tutorial to 2025-02-03 00:00:00+00:00, run_after=2025-02-04 00:00:00+00:00
[2025-02-03T21:44:52.581-0300] {processor.py:208} INFO - Processing /home/gnobisp/Documents/floder1/code-challenge/venv/lib/python3.10/site-packages/airflow/example_dags/tutorial.py took 0.565 seconds
[2025-02-03T22:00:44.187-0300] {processor.py:186} INFO - Started process (PID=12758) to work on /home/gnobisp/Documents/floder1/code-challenge/venv/lib/python3.10/site-packages/airflow/example_dags/tutorial.py
[2025-02-03T22:00:44.198-0300] {processor.py:914} INFO - Processing file /home/gnobisp/Documents/floder1/code-challenge/venv/lib/python3.10/site-packages/airflow/example_dags/tutorial.py for tasks to queue
[2025-02-03T22:00:44.210-0300] {logging_mixin.py:190} INFO - [2025-02-03T22:00:44.209-0300] {dagbag.py:588} INFO - Filling up the DagBag from /home/gnobisp/Documents/floder1/code-challenge/venv/lib/python3.10/site-packages/airflow/example_dags/tutorial.py
[2025-02-03T22:00:44.241-0300] {processor.py:925} INFO - DAG(s) 'tutorial' retrieved from /home/gnobisp/Documents/floder1/code-challenge/venv/lib/python3.10/site-packages/airflow/example_dags/tutorial.py
[2025-02-03T22:00:44.333-0300] {logging_mixin.py:190} INFO - [2025-02-03T22:00:44.332-0300] {dag.py:3239} INFO - Sync 1 DAGs
[2025-02-03T22:00:44.454-0300] {logging_mixin.py:190} INFO - [2025-02-03T22:00:44.453-0300] {dag.py:4180} INFO - Setting next_dagrun for tutorial to 2025-02-03 00:00:00+00:00, run_after=2025-02-04 00:00:00+00:00
[2025-02-03T22:00:44.778-0300] {processor.py:208} INFO - Processing /home/gnobisp/Documents/floder1/code-challenge/venv/lib/python3.10/site-packages/airflow/example_dags/tutorial.py took 0.619 seconds
[2025-02-03T22:13:36.309-0300] {processor.py:186} INFO - Started process (PID=34519) to work on /home/gnobisp/Documents/floder1/code-challenge/venv/lib/python3.10/site-packages/airflow/example_dags/tutorial.py
[2025-02-03T22:13:36.330-0300] {processor.py:914} INFO - Processing file /home/gnobisp/Documents/floder1/code-challenge/venv/lib/python3.10/site-packages/airflow/example_dags/tutorial.py for tasks to queue
[2025-02-03T22:13:36.352-0300] {logging_mixin.py:190} INFO - [2025-02-03T22:13:36.346-0300] {dagbag.py:588} INFO - Filling up the DagBag from /home/gnobisp/Documents/floder1/code-challenge/venv/lib/python3.10/site-packages/airflow/example_dags/tutorial.py
[2025-02-03T22:13:36.423-0300] {processor.py:925} INFO - DAG(s) 'tutorial' retrieved from /home/gnobisp/Documents/floder1/code-challenge/venv/lib/python3.10/site-packages/airflow/example_dags/tutorial.py
[2025-02-03T22:13:36.708-0300] {logging_mixin.py:190} INFO - [2025-02-03T22:13:36.707-0300] {dag.py:3239} INFO - Sync 1 DAGs
[2025-02-03T22:13:36.843-0300] {logging_mixin.py:190} INFO - [2025-02-03T22:13:36.842-0300] {dag.py:4180} INFO - Setting next_dagrun for tutorial to 2025-02-03 00:00:00+00:00, run_after=2025-02-04 00:00:00+00:00
[2025-02-03T22:13:37.133-0300] {processor.py:208} INFO - Processing /home/gnobisp/Documents/floder1/code-challenge/venv/lib/python3.10/site-packages/airflow/example_dags/tutorial.py took 0.852 seconds
[2025-02-03T22:15:54.949-0300] {processor.py:186} INFO - Started process (PID=38558) to work on /home/gnobisp/Documents/floder1/code-challenge/venv/lib/python3.10/site-packages/airflow/example_dags/tutorial.py
[2025-02-03T22:15:55.048-0300] {processor.py:914} INFO - Processing file /home/gnobisp/Documents/floder1/code-challenge/venv/lib/python3.10/site-packages/airflow/example_dags/tutorial.py for tasks to queue
[2025-02-03T22:15:55.060-0300] {logging_mixin.py:190} INFO - [2025-02-03T22:15:55.058-0300] {dagbag.py:588} INFO - Filling up the DagBag from /home/gnobisp/Documents/floder1/code-challenge/venv/lib/python3.10/site-packages/airflow/example_dags/tutorial.py
[2025-02-03T22:15:55.110-0300] {processor.py:925} INFO - DAG(s) 'tutorial' retrieved from /home/gnobisp/Documents/floder1/code-challenge/venv/lib/python3.10/site-packages/airflow/example_dags/tutorial.py
[2025-02-03T22:15:55.218-0300] {logging_mixin.py:190} INFO - [2025-02-03T22:15:55.217-0300] {dag.py:3239} INFO - Sync 1 DAGs
[2025-02-03T22:15:55.327-0300] {logging_mixin.py:190} INFO - [2025-02-03T22:15:55.326-0300] {dag.py:4180} INFO - Setting next_dagrun for tutorial to 2025-02-03 00:00:00+00:00, run_after=2025-02-04 00:00:00+00:00
[2025-02-03T22:15:56.060-0300] {processor.py:208} INFO - Processing /home/gnobisp/Documents/floder1/code-challenge/venv/lib/python3.10/site-packages/airflow/example_dags/tutorial.py took 1.147 seconds
[2025-02-03T22:18:01.471-0300] {processor.py:186} INFO - Started process (PID=42082) to work on /home/gnobisp/Documents/floder1/code-challenge/venv/lib/python3.10/site-packages/airflow/example_dags/tutorial.py
[2025-02-03T22:18:01.510-0300] {processor.py:914} INFO - Processing file /home/gnobisp/Documents/floder1/code-challenge/venv/lib/python3.10/site-packages/airflow/example_dags/tutorial.py for tasks to queue
[2025-02-03T22:18:01.519-0300] {logging_mixin.py:190} INFO - [2025-02-03T22:18:01.518-0300] {dagbag.py:588} INFO - Filling up the DagBag from /home/gnobisp/Documents/floder1/code-challenge/venv/lib/python3.10/site-packages/airflow/example_dags/tutorial.py
[2025-02-03T22:18:01.552-0300] {processor.py:925} INFO - DAG(s) 'tutorial' retrieved from /home/gnobisp/Documents/floder1/code-challenge/venv/lib/python3.10/site-packages/airflow/example_dags/tutorial.py
[2025-02-03T22:18:01.641-0300] {logging_mixin.py:190} INFO - [2025-02-03T22:18:01.640-0300] {dag.py:3239} INFO - Sync 1 DAGs
[2025-02-03T22:18:01.732-0300] {logging_mixin.py:190} INFO - [2025-02-03T22:18:01.731-0300] {dag.py:4180} INFO - Setting next_dagrun for tutorial to 2025-02-03 00:00:00+00:00, run_after=2025-02-04 00:00:00+00:00
[2025-02-03T22:18:03.011-0300] {processor.py:208} INFO - Processing /home/gnobisp/Documents/floder1/code-challenge/venv/lib/python3.10/site-packages/airflow/example_dags/tutorial.py took 1.567 seconds
[2025-02-03T22:20:25.597-0300] {processor.py:186} INFO - Started process (PID=45426) to work on /home/gnobisp/Documents/floder1/code-challenge/venv/lib/python3.10/site-packages/airflow/example_dags/tutorial.py
[2025-02-03T22:20:25.605-0300] {processor.py:914} INFO - Processing file /home/gnobisp/Documents/floder1/code-challenge/venv/lib/python3.10/site-packages/airflow/example_dags/tutorial.py for tasks to queue
[2025-02-03T22:20:25.617-0300] {logging_mixin.py:190} INFO - [2025-02-03T22:20:25.615-0300] {dagbag.py:588} INFO - Filling up the DagBag from /home/gnobisp/Documents/floder1/code-challenge/venv/lib/python3.10/site-packages/airflow/example_dags/tutorial.py
[2025-02-03T22:20:25.663-0300] {processor.py:925} INFO - DAG(s) 'tutorial' retrieved from /home/gnobisp/Documents/floder1/code-challenge/venv/lib/python3.10/site-packages/airflow/example_dags/tutorial.py
[2025-02-03T22:20:25.786-0300] {logging_mixin.py:190} INFO - [2025-02-03T22:20:25.783-0300] {dag.py:3239} INFO - Sync 1 DAGs
[2025-02-03T22:20:25.897-0300] {logging_mixin.py:190} INFO - [2025-02-03T22:20:25.896-0300] {dag.py:4180} INFO - Setting next_dagrun for tutorial to 2025-02-03 00:00:00+00:00, run_after=2025-02-04 00:00:00+00:00
[2025-02-03T22:20:26.138-0300] {processor.py:208} INFO - Processing /home/gnobisp/Documents/floder1/code-challenge/venv/lib/python3.10/site-packages/airflow/example_dags/tutorial.py took 0.577 seconds
